#Software: Microsoft Internet Information Services 8.0
#Version: 1.0
#Date: 2019-09-30 15:20:04
#Fields: date time s-ip cs-method cs-uri-stem cs-uri-query s-port cs-username c-ip cs(User-Agent) cs(Referer) sc-status sc-substatus sc-win32-status time-taken
2019-09-30 15:20:03 ::1 GET /WebForm1.aspx - 1431 - ::1 Mozilla/5.0+(Windows+NT+10.0;+Win64;+x64)+AppleWebKit/537.36+(KHTML,+like+Gecko)+Chrome/77.0.3865.90+Safari/537.36 - 200 0 0 3141
2019-09-30 15:20:03 ::1 GET /favicon.ico - 1431 - ::1 Mozilla/5.0+(Windows+NT+10.0;+Win64;+x64)+AppleWebKit/537.36+(KHTML,+like+Gecko)+Chrome/77.0.3865.90+Safari/537.36 http://localhost:1431/WebForm1.aspx 404 0 2 4
2019-09-30 15:20:14 ::1 POST /WebForm1.aspx - 1431 - ::1 Mozilla/5.0+(Windows+NT+10.0;+Win64;+x64)+AppleWebKit/537.36+(KHTML,+like+Gecko)+Chrome/77.0.3865.90+Safari/537.36 http://localhost:1431/WebForm1.aspx 200 0 0 71
2019-09-30 15:20:34 ::1 POST /WebForm1.aspx - 1431 - ::1 Mozilla/5.0+(Windows+NT+10.0;+Win64;+x64)+AppleWebKit/537.36+(KHTML,+like+Gecko)+Chrome/77.0.3865.90+Safari/537.36 http://localhost:1431/WebForm1.aspx 200 0 0 61
2019-09-30 15:21:15 ::1 POST /WebForm1.aspx - 1431 - ::1 Mozilla/5.0+(Windows+NT+10.0;+Win64;+x64)+AppleWebKit/537.36+(KHTML,+like+Gecko)+Chrome/77.0.3865.90+Safari/537.36 http://localhost:1431/WebForm1.aspx 200 0 0 57
#Software: Microsoft Internet Information Services 8.0
#Version: 1.0
#Date: 2019-09-30 15:22:06
#Fields: date time s-ip cs-method cs-uri-stem cs-uri-query s-port cs-username c-ip cs(User-Agent) cs(Referer) sc-status sc-substatus sc-win32-status time-taken
2019-09-30 15:22:06 ::1 GET /WebForm1.aspx - 1431 - ::1 Mozilla/5.0+(Windows+NT+10.0;+Win64;+x64)+AppleWebKit/537.36+(KHTML,+like+Gecko)+Chrome/77.0.3865.90+Safari/537.36 - 200 0 0 1325
2019-09-30 15:22:18 ::1 POST /WebForm1.aspx - 1431 - ::1 Mozilla/5.0+(Windows+NT+10.0;+Win64;+x64)+AppleWebKit/537.36+(KHTML,+like+Gecko)+Chrome/77.0.3865.90+Safari/537.36 http://localhost:1431/WebForm1.aspx 200 0 0 62
#Software: Microsoft Internet Information Services 8.0
#Version: 1.0
#Date: 2019-09-30 15:25:25
#Fields: date time s-ip cs-method cs-uri-stem cs-uri-query s-port cs-username c-ip cs(User-Agent) cs(Referer) sc-status sc-substatus sc-win32-status time-taken
2019-09-30 15:25:25 ::1 GET /WebForm1.aspx - 1431 - ::1 Mozilla/5.0+(Windows+NT+10.0;+Win64;+x64)+AppleWebKit/537.36+(KHTML,+like+Gecko)+Chrome/77.0.3865.90+Safari/537.36 - 200 0 0 2283
2019-09-30 15:25:37 ::1 POST /WebForm1.aspx - 1431 - ::1 Mozilla/5.0+(Windows+NT+10.0;+Win64;+x64)+AppleWebKit/537.36+(KHTML,+like+Gecko)+Chrome/77.0.3865.90+Safari/537.36 http://localhost:1431/WebForm1.aspx 200 0 0 68
#Software: Microsoft Internet Information Services 8.0
#Version: 1.0
#Date: 2019-09-30 15:50:07
#Fields: date time s-ip cs-method cs-uri-stem cs-uri-query s-port cs-username c-ip cs(User-Agent) cs(Referer) sc-status sc-substatus sc-win32-status time-taken
2019-09-30 15:50:07 ::1 GET /WebForm1.aspx - 1431 - ::1 Mozilla/5.0+(Windows+NT+10.0;+Win64;+x64)+AppleWebKit/537.36+(KHTML,+like+Gecko)+Chrome/77.0.3865.90+Safari/537.36 - 200 0 0 1308
2019-09-30 15:50:21 ::1 POST /WebForm1.aspx - 1431 - ::1 Mozilla/5.0+(Windows+NT+10.0;+Win64;+x64)+AppleWebKit/537.36+(KHTML,+like+Gecko)+Chrome/77.0.3865.90+Safari/537.36 http://localhost:1431/WebForm1.aspx 200 0 0 60
2019-09-30 15:50:21 ::1 POST /WebForm1.aspx - 1431 - ::1 Mozilla/5.0+(Windows+NT+10.0;+Win64;+x64)+AppleWebKit/537.36+(KHTML,+like+Gecko)+Chrome/77.0.3865.90+Safari/537.36 http://localhost:1431/WebForm1.aspx 200 0 0 49
2019-09-30 15:50:22 ::1 POST /WebForm1.aspx - 1431 - ::1 Mozilla/5.0+(Windows+NT+10.0;+Win64;+x64)+AppleWebKit/537.36+(KHTML,+like+Gecko)+Chrome/77.0.3865.90+Safari/537.36 http://localhost:1431/WebForm1.aspx 200 0 0 56
2019-09-30 15:50:22 ::1 POST /WebForm1.aspx - 1431 - ::1 Mozilla/5.0+(Windows+NT+10.0;+Win64;+x64)+AppleWebKit/537.36+(KHTML,+like+Gecko)+Chrome/77.0.3865.90+Safari/537.36 http://localhost:1431/WebForm1.aspx 200 0 0 49
#Software: Microsoft Internet Information Services 8.0
#Version: 1.0
#Date: 2019-09-30 15:54:33
#Fields: date time s-ip cs-method cs-uri-stem cs-uri-query s-port cs-username c-ip cs(User-Agent) cs(Referer) sc-status sc-substatus sc-win32-status time-taken
2019-09-30 15:54:33 ::1 GET /WebForm1.aspx - 1431 - ::1 Mozilla/5.0+(Windows+NT+10.0;+Win64;+x64)+AppleWebKit/537.36+(KHTML,+like+Gecko)+Chrome/77.0.3865.90+Safari/537.36 - 200 0 0 2221
2019-09-30 15:54:47 ::1 POST /WebForm1.aspx - 1431 - ::1 Mozilla/5.0+(Windows+NT+10.0;+Win64;+x64)+AppleWebKit/537.36+(KHTML,+like+Gecko)+Chrome/77.0.3865.90+Safari/537.36 http://localhost:1431/WebForm1.aspx 200 0 0 64
#Software: Microsoft Internet Information Services 8.0
#Version: 1.0
#Date: 2019-09-30 15:57:03
#Fields: date time s-ip cs-method cs-uri-stem cs-uri-query s-port cs-username c-ip cs(User-Agent) cs(Referer) sc-status sc-substatus sc-win32-status time-taken
2019-09-30 15:57:03 ::1 GET / - 1431 - ::1 Mozilla/5.0+(Windows+NT+10.0;+Win64;+x64)+AppleWebKit/537.36+(KHTML,+like+Gecko)+Chrome/77.0.3865.90+Safari/537.36 - 403 14 0 1724
#Software: Microsoft Internet Information Services 8.0
#Version: 1.0
#Date: 2019-09-30 15:57:29
#Fields: date time s-ip cs-method cs-uri-stem cs-uri-query s-port cs-username c-ip cs(User-Agent) cs(Referer) sc-status sc-substatus sc-win32-status time-taken
2019-09-30 15:57:29 ::1 GET /WebForm1.aspx - 1431 - ::1 Mozilla/5.0+(Windows+NT+10.0;+Win64;+x64)+AppleWebKit/537.36+(KHTML,+like+Gecko)+Chrome/77.0.3865.90+Safari/537.36 - 200 0 0 2285
2019-09-30 15:57:29 ::1 GET /favicon.ico - 1431 - ::1 Mozilla/5.0+(Windows+NT+10.0;+Win64;+x64)+AppleWebKit/537.36+(KHTML,+like+Gecko)+Chrome/77.0.3865.90+Safari/537.36 http://localhost:1431/WebForm1.aspx 404 0 2 0
2019-09-30 15:57:40 ::1 POST /WebForm1.aspx - 1431 - ::1 Mozilla/5.0+(Windows+NT+10.0;+Win64;+x64)+AppleWebKit/537.36+(KHTML,+like+Gecko)+Chrome/77.0.3865.90+Safari/537.36 http://localhost:1431/WebForm1.aspx 200 0 0 80
2019-09-30 15:57:40 ::1 POST /WebForm1.aspx - 1431 - ::1 Mozilla/5.0+(Windows+NT+10.0;+Win64;+x64)+AppleWebKit/537.36+(KHTML,+like+Gecko)+Chrome/77.0.3865.90+Safari/537.36 http://localhost:1431/WebForm1.aspx 200 0 0 74
2019-09-30 15:57:42 ::1 POST /WebForm1.aspx - 1431 - ::1 Mozilla/5.0+(Windows+NT+10.0;+Win64;+x64)+AppleWebKit/537.36+(KHTML,+like+Gecko)+Chrome/77.0.3865.90+Safari/537.36 http://localhost:1431/WebForm1.aspx 200 0 0 67
