#Software: Microsoft Internet Information Services 8.0
#Version: 1.0
#Date: 2019-09-25 12:59:16
#Fields: date time s-ip cs-method cs-uri-stem cs-uri-query s-port cs-username c-ip cs(User-Agent) cs(Referer) sc-status sc-substatus sc-win32-status time-taken
2019-09-25 12:59:16 ::1 GET /WebForm1.aspx - 1480 - ::1 Mozilla/5.0+(Windows+NT+10.0;+Win64;+x64)+AppleWebKit/537.36+(KHTML,+like+Gecko)+Chrome/76.0.3809.132+Safari/537.36 - 200 0 0 7872
2019-09-25 12:59:16 ::1 GET /favicon.ico - 1480 - ::1 Mozilla/5.0+(Windows+NT+10.0;+Win64;+x64)+AppleWebKit/537.36+(KHTML,+like+Gecko)+Chrome/76.0.3809.132+Safari/537.36 http://localhost:1480/WebForm1.aspx 404 0 2 20
#Software: Microsoft Internet Information Services 8.0
#Version: 1.0
#Date: 2019-09-25 12:59:39
#Fields: date time s-ip cs-method cs-uri-stem cs-uri-query s-port cs-username c-ip cs(User-Agent) cs(Referer) sc-status sc-substatus sc-win32-status time-taken
2019-09-25 12:59:39 ::1 GET /WebForm1.aspx - 1480 - ::1 Mozilla/5.0+(Windows+NT+10.0;+Win64;+x64)+AppleWebKit/537.36+(KHTML,+like+Gecko)+Chrome/76.0.3809.132+Safari/537.36 - 200 0 0 1730
2019-09-25 12:59:39 ::1 GET /favicon.ico - 1480 - ::1 Mozilla/5.0+(Windows+NT+10.0;+Win64;+x64)+AppleWebKit/537.36+(KHTML,+like+Gecko)+Chrome/76.0.3809.132+Safari/537.36 http://localhost:1480/WebForm1.aspx 404 0 2 4
#Software: Microsoft Internet Information Services 8.0
#Version: 1.0
#Date: 2019-09-25 13:33:27
#Fields: date time s-ip cs-method cs-uri-stem cs-uri-query s-port cs-username c-ip cs(User-Agent) cs(Referer) sc-status sc-substatus sc-win32-status time-taken
2019-09-25 13:33:27 ::1 GET /WebForm1.aspx - 1480 - ::1 Mozilla/5.0+(Windows+NT+10.0;+Win64;+x64)+AppleWebKit/537.36+(KHTML,+like+Gecko)+Chrome/76.0.3809.132+Safari/537.36 - 200 0 0 3591
2019-09-25 13:33:27 ::1 GET /favicon.ico - 1480 - ::1 Mozilla/5.0+(Windows+NT+10.0;+Win64;+x64)+AppleWebKit/537.36+(KHTML,+like+Gecko)+Chrome/76.0.3809.132+Safari/537.36 http://localhost:1480/WebForm1.aspx 404 0 2 4
2019-09-25 13:33:32 ::1 POST /WebForm1.aspx - 1480 - ::1 Mozilla/5.0+(Windows+NT+10.0;+Win64;+x64)+AppleWebKit/537.36+(KHTML,+like+Gecko)+Chrome/76.0.3809.132+Safari/537.36 http://localhost:1480/WebForm1.aspx 200 0 0 155
2019-09-25 13:34:57 ::1 POST /WebForm1.aspx - 1480 - ::1 Mozilla/5.0+(Windows+NT+10.0;+Win64;+x64)+AppleWebKit/537.36+(KHTML,+like+Gecko)+Chrome/76.0.3809.132+Safari/537.36 http://localhost:1480/WebForm1.aspx 200 0 64 9779
2019-09-25 13:34:57 ::1 POST /WebForm1.aspx - 1480 - ::1 Mozilla/5.0+(Windows+NT+10.0;+Win64;+x64)+AppleWebKit/537.36+(KHTML,+like+Gecko)+Chrome/76.0.3809.132+Safari/537.36 http://localhost:1480/WebForm1.aspx 200 0 64 11488
2019-09-25 13:34:57 ::1 POST /WebForm1.aspx - 1480 - ::1 Mozilla/5.0+(Windows+NT+10.0;+Win64;+x64)+AppleWebKit/537.36+(KHTML,+like+Gecko)+Chrome/76.0.3809.132+Safari/537.36 http://localhost:1480/WebForm1.aspx 200 0 64 10573
2019-09-25 13:34:57 ::1 POST /WebForm1.aspx - 1480 - ::1 Mozilla/5.0+(Windows+NT+10.0;+Win64;+x64)+AppleWebKit/537.36+(KHTML,+like+Gecko)+Chrome/76.0.3809.132+Safari/537.36 http://localhost:1480/WebForm1.aspx 200 0 64 10825
2019-09-25 13:34:57 ::1 POST /WebForm1.aspx - 1480 - ::1 Mozilla/5.0+(Windows+NT+10.0;+Win64;+x64)+AppleWebKit/537.36+(KHTML,+like+Gecko)+Chrome/76.0.3809.132+Safari/537.36 http://localhost:1480/WebForm1.aspx 200 0 64 10419
2019-09-25 13:34:57 ::1 POST /WebForm1.aspx - 1480 - ::1 Mozilla/5.0+(Windows+NT+10.0;+Win64;+x64)+AppleWebKit/537.36+(KHTML,+like+Gecko)+Chrome/76.0.3809.132+Safari/537.36 http://localhost:1480/WebForm1.aspx 500 0 64 19623
2019-09-25 13:34:57 ::1 POST /WebForm1.aspx - 1480 - ::1 Mozilla/5.0+(Windows+NT+10.0;+Win64;+x64)+AppleWebKit/537.36+(KHTML,+like+Gecko)+Chrome/76.0.3809.132+Safari/537.36 http://localhost:1480/WebForm1.aspx 500 0 64 13419
2019-09-25 13:34:57 ::1 POST /WebForm1.aspx - 1480 - ::1 Mozilla/5.0+(Windows+NT+10.0;+Win64;+x64)+AppleWebKit/537.36+(KHTML,+like+Gecko)+Chrome/76.0.3809.132+Safari/537.36 http://localhost:1480/WebForm1.aspx 500 0 64 13242
2019-09-25 13:34:57 ::1 POST /WebForm1.aspx - 1480 - ::1 Mozilla/5.0+(Windows+NT+10.0;+Win64;+x64)+AppleWebKit/537.36+(KHTML,+like+Gecko)+Chrome/76.0.3809.132+Safari/537.36 http://localhost:1480/WebForm1.aspx 200 0 64 10026
2019-09-25 13:34:57 ::1 POST /WebForm1.aspx - 1480 - ::1 Mozilla/5.0+(Windows+NT+10.0;+Win64;+x64)+AppleWebKit/537.36+(KHTML,+like+Gecko)+Chrome/76.0.3809.132+Safari/537.36 http://localhost:1480/WebForm1.aspx 500 0 64 13713
2019-09-25 13:34:57 ::1 POST /WebForm1.aspx - 1480 - ::1 Mozilla/5.0+(Windows+NT+10.0;+Win64;+x64)+AppleWebKit/537.36+(KHTML,+like+Gecko)+Chrome/76.0.3809.132+Safari/537.36 http://localhost:1480/WebForm1.aspx 500 0 64 63847
2019-09-25 13:34:57 ::1 POST /WebForm1.aspx - 1480 - ::1 Mozilla/5.0+(Windows+NT+10.0;+Win64;+x64)+AppleWebKit/537.36+(KHTML,+like+Gecko)+Chrome/76.0.3809.132+Safari/537.36 http://localhost:1480/WebForm1.aspx 200 0 64 10231
2019-09-25 13:34:57 ::1 POST /WebForm1.aspx - 1480 - ::1 Mozilla/5.0+(Windows+NT+10.0;+Win64;+x64)+AppleWebKit/537.36+(KHTML,+like+Gecko)+Chrome/76.0.3809.132+Safari/537.36 http://localhost:1480/WebForm1.aspx 500 0 64 66117
2019-09-25 13:34:57 ::1 POST /WebForm1.aspx - 1480 - ::1 Mozilla/5.0+(Windows+NT+10.0;+Win64;+x64)+AppleWebKit/537.36+(KHTML,+like+Gecko)+Chrome/76.0.3809.132+Safari/537.36 http://localhost:1480/WebForm1.aspx 500 0 64 19743
#Software: Microsoft Internet Information Services 8.0
#Version: 1.0
#Date: 2019-09-25 13:35:10
#Fields: date time s-ip cs-method cs-uri-stem cs-uri-query s-port cs-username c-ip cs(User-Agent) cs(Referer) sc-status sc-substatus sc-win32-status time-taken
2019-09-25 13:35:10 ::1 GET /WebForm1.aspx - 1480 - ::1 Mozilla/5.0+(Windows+NT+10.0;+Win64;+x64)+AppleWebKit/537.36+(KHTML,+like+Gecko)+Chrome/76.0.3809.132+Safari/537.36 - 200 0 0 1818
2019-09-25 13:35:10 ::1 GET /favicon.ico - 1480 - ::1 Mozilla/5.0+(Windows+NT+10.0;+Win64;+x64)+AppleWebKit/537.36+(KHTML,+like+Gecko)+Chrome/76.0.3809.132+Safari/537.36 http://localhost:1480/WebForm1.aspx 404 0 2 4
2019-09-25 13:35:16 ::1 POST /WebForm1.aspx - 1480 - ::1 Mozilla/5.0+(Windows+NT+10.0;+Win64;+x64)+AppleWebKit/537.36+(KHTML,+like+Gecko)+Chrome/76.0.3809.132+Safari/537.36 http://localhost:1480/WebForm1.aspx 200 0 0 69
2019-09-25 13:35:54 ::1 POST /WebForm1.aspx - 1480 - ::1 Mozilla/5.0+(Windows+NT+10.0;+Win64;+x64)+AppleWebKit/537.36+(KHTML,+like+Gecko)+Chrome/76.0.3809.132+Safari/537.36 http://localhost:1480/WebForm1.aspx 500 0 0 31265
#Software: Microsoft Internet Information Services 8.0
#Version: 1.0
#Date: 2019-09-25 13:36:17
#Fields: date time s-ip cs-method cs-uri-stem cs-uri-query s-port cs-username c-ip cs(User-Agent) cs(Referer) sc-status sc-substatus sc-win32-status time-taken
2019-09-25 13:36:17 ::1 GET /WebForm1.aspx - 1480 - ::1 Mozilla/5.0+(Windows+NT+10.0;+Win64;+x64)+AppleWebKit/537.36+(KHTML,+like+Gecko)+Chrome/76.0.3809.132+Safari/537.36 - 200 0 0 2258
2019-09-25 13:36:19 ::1 POST /WebForm1.aspx - 1480 - ::1 Mozilla/5.0+(Windows+NT+10.0;+Win64;+x64)+AppleWebKit/537.36+(KHTML,+like+Gecko)+Chrome/76.0.3809.132+Safari/537.36 http://localhost:1480/WebForm1.aspx 200 0 0 67
2019-09-25 13:36:45 ::1 POST /WebForm1.aspx - 1480 - ::1 Mozilla/5.0+(Windows+NT+10.0;+Win64;+x64)+AppleWebKit/537.36+(KHTML,+like+Gecko)+Chrome/76.0.3809.132+Safari/537.36 http://localhost:1480/WebForm1.aspx 500 0 0 9015
#Software: Microsoft Internet Information Services 8.0
#Version: 1.0
#Date: 2019-09-25 13:40:33
#Fields: date time s-ip cs-method cs-uri-stem cs-uri-query s-port cs-username c-ip cs(User-Agent) cs(Referer) sc-status sc-substatus sc-win32-status time-taken
2019-09-25 13:40:33 ::1 GET /WebForm1.aspx - 1480 - ::1 Mozilla/5.0+(Windows+NT+10.0;+Win64;+x64)+AppleWebKit/537.36+(KHTML,+like+Gecko)+Chrome/76.0.3809.132+Safari/537.36 - 500 0 0 2382
#Software: Microsoft Internet Information Services 8.0
#Version: 1.0
#Date: 2019-09-25 13:40:59
#Fields: date time s-ip cs-method cs-uri-stem cs-uri-query s-port cs-username c-ip cs(User-Agent) cs(Referer) sc-status sc-substatus sc-win32-status time-taken
2019-09-25 13:40:59 ::1 GET /WebForm1.aspx - 1480 - ::1 Mozilla/5.0+(Windows+NT+10.0;+Win64;+x64)+AppleWebKit/537.36+(KHTML,+like+Gecko)+Chrome/76.0.3809.132+Safari/537.36 - 500 0 0 2638
2019-09-25 13:40:59 ::1 GET /favicon.ico - 1480 - ::1 Mozilla/5.0+(Windows+NT+10.0;+Win64;+x64)+AppleWebKit/537.36+(KHTML,+like+Gecko)+Chrome/76.0.3809.132+Safari/537.36 http://localhost:1480/WebForm1.aspx 404 0 2 5
#Software: Microsoft Internet Information Services 8.0
#Version: 1.0
#Date: 2019-09-25 13:41:38
#Fields: date time s-ip cs-method cs-uri-stem cs-uri-query s-port cs-username c-ip cs(User-Agent) cs(Referer) sc-status sc-substatus sc-win32-status time-taken
2019-09-25 13:41:38 ::1 GET /WebForm1.aspx - 1480 - ::1 Mozilla/5.0+(Windows+NT+10.0;+Win64;+x64)+AppleWebKit/537.36+(KHTML,+like+Gecko)+Chrome/76.0.3809.132+Safari/537.36 - 500 0 0 2831
2019-09-25 13:41:38 ::1 GET /favicon.ico - 1480 - ::1 Mozilla/5.0+(Windows+NT+10.0;+Win64;+x64)+AppleWebKit/537.36+(KHTML,+like+Gecko)+Chrome/76.0.3809.132+Safari/537.36 http://localhost:1480/WebForm1.aspx 404 0 2 2
#Software: Microsoft Internet Information Services 8.0
#Version: 1.0
#Date: 2019-09-25 13:47:28
#Fields: date time s-ip cs-method cs-uri-stem cs-uri-query s-port cs-username c-ip cs(User-Agent) cs(Referer) sc-status sc-substatus sc-win32-status time-taken
2019-09-25 13:47:28 ::1 GET /WebForm1.aspx - 1480 - ::1 Mozilla/5.0+(Windows+NT+10.0;+Win64;+x64)+AppleWebKit/537.36+(KHTML,+like+Gecko)+Chrome/76.0.3809.132+Safari/537.36 - 500 0 0 2732
2019-09-25 13:47:28 ::1 GET /favicon.ico - 1480 - ::1 Mozilla/5.0+(Windows+NT+10.0;+Win64;+x64)+AppleWebKit/537.36+(KHTML,+like+Gecko)+Chrome/76.0.3809.132+Safari/537.36 http://localhost:1480/WebForm1.aspx 404 0 2 4
#Software: Microsoft Internet Information Services 8.0
#Version: 1.0
#Date: 2019-09-25 13:49:27
#Fields: date time s-ip cs-method cs-uri-stem cs-uri-query s-port cs-username c-ip cs(User-Agent) cs(Referer) sc-status sc-substatus sc-win32-status time-taken
2019-09-25 13:49:27 ::1 GET /WebForm1.aspx - 1480 - ::1 Mozilla/5.0+(Windows+NT+10.0;+Win64;+x64)+AppleWebKit/537.36+(KHTML,+like+Gecko)+Chrome/76.0.3809.132+Safari/537.36 - 500 0 0 2715
2019-09-25 13:49:27 ::1 GET /favicon.ico - 1480 - ::1 Mozilla/5.0+(Windows+NT+10.0;+Win64;+x64)+AppleWebKit/537.36+(KHTML,+like+Gecko)+Chrome/76.0.3809.132+Safari/537.36 http://localhost:1480/WebForm1.aspx 404 0 2 7
#Software: Microsoft Internet Information Services 8.0
#Version: 1.0
#Date: 2019-09-25 13:52:18
#Fields: date time s-ip cs-method cs-uri-stem cs-uri-query s-port cs-username c-ip cs(User-Agent) cs(Referer) sc-status sc-substatus sc-win32-status time-taken
2019-09-25 13:52:18 ::1 GET /WebForm1.aspx - 1480 - ::1 Mozilla/5.0+(Windows+NT+10.0;+Win64;+x64)+AppleWebKit/537.36+(KHTML,+like+Gecko)+Chrome/76.0.3809.132+Safari/537.36 - 200 0 0 3052
2019-09-25 13:52:18 ::1 GET /favicon.ico - 1480 - ::1 Mozilla/5.0+(Windows+NT+10.0;+Win64;+x64)+AppleWebKit/537.36+(KHTML,+like+Gecko)+Chrome/76.0.3809.132+Safari/537.36 http://localhost:1480/WebForm1.aspx 404 0 2 3
2019-09-25 13:52:21 ::1 POST /WebForm1.aspx - 1480 - ::1 Mozilla/5.0+(Windows+NT+10.0;+Win64;+x64)+AppleWebKit/537.36+(KHTML,+like+Gecko)+Chrome/76.0.3809.132+Safari/537.36 http://localhost:1480/WebForm1.aspx 200 0 0 98
2019-09-25 13:52:39 ::1 POST /WebForm1.aspx - 1480 - ::1 Mozilla/5.0+(Windows+NT+10.0;+Win64;+x64)+AppleWebKit/537.36+(KHTML,+like+Gecko)+Chrome/76.0.3809.132+Safari/537.36 http://localhost:1480/WebForm1.aspx 500 0 0 8847
#Software: Microsoft Internet Information Services 8.0
#Version: 1.0
#Date: 2019-09-25 13:57:37
#Fields: date time s-ip cs-method cs-uri-stem cs-uri-query s-port cs-username c-ip cs(User-Agent) cs(Referer) sc-status sc-substatus sc-win32-status time-taken
2019-09-25 13:57:37 ::1 GET /WebForm1.aspx - 1480 - ::1 Mozilla/5.0+(Windows+NT+10.0;+Win64;+x64)+AppleWebKit/537.36+(KHTML,+like+Gecko)+Chrome/76.0.3809.132+Safari/537.36 - 200 0 0 2150
2019-09-25 14:05:00 ::1 POST /WebForm1.aspx - 1480 - ::1 Mozilla/5.0+(Windows+NT+10.0;+Win64;+x64)+AppleWebKit/537.36+(KHTML,+like+Gecko)+Chrome/76.0.3809.132+Safari/537.36 http://localhost:1480/WebForm1.aspx 200 0 0 77
2019-09-25 14:05:17 ::1 POST /WebForm1.aspx - 1480 - ::1 Mozilla/5.0+(Windows+NT+10.0;+Win64;+x64)+AppleWebKit/537.36+(KHTML,+like+Gecko)+Chrome/76.0.3809.132+Safari/537.36 http://localhost:1480/WebForm1.aspx 500 0 0 15550
#Software: Microsoft Internet Information Services 8.0
#Version: 1.0
#Date: 2019-09-25 14:05:48
#Fields: date time s-ip cs-method cs-uri-stem cs-uri-query s-port cs-username c-ip cs(User-Agent) cs(Referer) sc-status sc-substatus sc-win32-status time-taken
2019-09-25 14:05:48 ::1 GET /WebForm1.aspx - 1480 - ::1 Mozilla/5.0+(Windows+NT+10.0;+Win64;+x64)+AppleWebKit/537.36+(KHTML,+like+Gecko)+Chrome/76.0.3809.132+Safari/537.36 - 200 0 0 2091
2019-09-25 14:05:52 ::1 POST /WebForm1.aspx - 1480 - ::1 Mozilla/5.0+(Windows+NT+10.0;+Win64;+x64)+AppleWebKit/537.36+(KHTML,+like+Gecko)+Chrome/76.0.3809.132+Safari/537.36 http://localhost:1480/WebForm1.aspx 200 0 0 71
2019-09-25 14:06:39 ::1 POST /WebForm1.aspx - 1480 - ::1 Mozilla/5.0+(Windows+NT+10.0;+Win64;+x64)+AppleWebKit/537.36+(KHTML,+like+Gecko)+Chrome/76.0.3809.132+Safari/537.36 http://localhost:1480/WebForm1.aspx 500 0 0 45999
#Software: Microsoft Internet Information Services 8.0
#Version: 1.0
#Date: 2019-09-25 14:08:36
#Fields: date time s-ip cs-method cs-uri-stem cs-uri-query s-port cs-username c-ip cs(User-Agent) cs(Referer) sc-status sc-substatus sc-win32-status time-taken
2019-09-25 14:08:36 ::1 GET /WebForm1.aspx - 1480 - ::1 Mozilla/5.0+(Windows+NT+10.0;+Win64;+x64)+AppleWebKit/537.36+(KHTML,+like+Gecko)+Chrome/76.0.3809.132+Safari/537.36 - 200 0 0 2029
2019-09-25 14:08:41 ::1 POST /WebForm1.aspx - 1480 - ::1 Mozilla/5.0+(Windows+NT+10.0;+Win64;+x64)+AppleWebKit/537.36+(KHTML,+like+Gecko)+Chrome/76.0.3809.132+Safari/537.36 http://localhost:1480/WebForm1.aspx 200 0 0 73
2019-09-25 14:09:32 ::1 POST /WebForm1.aspx - 1480 - ::1 Mozilla/5.0+(Windows+NT+10.0;+Win64;+x64)+AppleWebKit/537.36+(KHTML,+like+Gecko)+Chrome/76.0.3809.132+Safari/537.36 http://localhost:1480/WebForm1.aspx 500 0 0 48285
#Software: Microsoft Internet Information Services 8.0
#Version: 1.0
#Date: 2019-09-25 14:10:32
#Fields: date time s-ip cs-method cs-uri-stem cs-uri-query s-port cs-username c-ip cs(User-Agent) cs(Referer) sc-status sc-substatus sc-win32-status time-taken
2019-09-25 14:10:32 ::1 GET /WebForm1.aspx - 1480 - ::1 Mozilla/5.0+(Windows+NT+10.0;+Win64;+x64)+AppleWebKit/537.36+(KHTML,+like+Gecko)+Chrome/76.0.3809.132+Safari/537.36 - 200 0 0 1814
2019-09-25 14:10:32 ::1 GET /favicon.ico - 1480 - ::1 Mozilla/5.0+(Windows+NT+10.0;+Win64;+x64)+AppleWebKit/537.36+(KHTML,+like+Gecko)+Chrome/76.0.3809.132+Safari/537.36 http://localhost:1480/WebForm1.aspx 404 0 2 3
2019-09-25 14:10:36 ::1 POST /WebForm1.aspx - 1480 - ::1 Mozilla/5.0+(Windows+NT+10.0;+Win64;+x64)+AppleWebKit/537.36+(KHTML,+like+Gecko)+Chrome/76.0.3809.132+Safari/537.36 http://localhost:1480/WebForm1.aspx 200 0 0 147
2019-09-25 14:10:38 ::1 POST /WebForm1.aspx - 1480 - ::1 Mozilla/5.0+(Windows+NT+10.0;+Win64;+x64)+AppleWebKit/537.36+(KHTML,+like+Gecko)+Chrome/76.0.3809.132+Safari/537.36 http://localhost:1480/WebForm1.aspx 200 0 0 56
2019-09-25 14:10:41 ::1 POST /WebForm1.aspx - 1480 - ::1 Mozilla/5.0+(Windows+NT+10.0;+Win64;+x64)+AppleWebKit/537.36+(KHTML,+like+Gecko)+Chrome/76.0.3809.132+Safari/537.36 http://localhost:1480/WebForm1.aspx 200 0 0 54
2019-09-25 14:10:43 ::1 POST /WebForm1.aspx - 1480 - ::1 Mozilla/5.0+(Windows+NT+10.0;+Win64;+x64)+AppleWebKit/537.36+(KHTML,+like+Gecko)+Chrome/76.0.3809.132+Safari/537.36 http://localhost:1480/WebForm1.aspx 200 0 0 53
2019-09-25 14:10:45 ::1 POST /WebForm1.aspx - 1480 - ::1 Mozilla/5.0+(Windows+NT+10.0;+Win64;+x64)+AppleWebKit/537.36+(KHTML,+like+Gecko)+Chrome/76.0.3809.132+Safari/537.36 http://localhost:1480/WebForm1.aspx 200 0 0 51
2019-09-25 14:10:52 ::1 POST /WebForm1.aspx - 1480 - ::1 Mozilla/5.0+(Windows+NT+10.0;+Win64;+x64)+AppleWebKit/537.36+(KHTML,+like+Gecko)+Chrome/76.0.3809.132+Safari/537.36 http://localhost:1480/WebForm1.aspx 200 0 0 55
2019-09-25 14:10:54 ::1 POST /WebForm1.aspx - 1480 - ::1 Mozilla/5.0+(Windows+NT+10.0;+Win64;+x64)+AppleWebKit/537.36+(KHTML,+like+Gecko)+Chrome/76.0.3809.132+Safari/537.36 http://localhost:1480/WebForm1.aspx 200 0 0 48
2019-09-25 14:11:10 ::1 POST /WebForm1.aspx - 1480 - ::1 Mozilla/5.0+(Windows+NT+10.0;+Win64;+x64)+AppleWebKit/537.36+(KHTML,+like+Gecko)+Chrome/76.0.3809.132+Safari/537.36 http://localhost:1480/WebForm1.aspx 500 0 0 12428
#Software: Microsoft Internet Information Services 8.0
#Version: 1.0
#Date: 2019-09-25 14:12:24
#Fields: date time s-ip cs-method cs-uri-stem cs-uri-query s-port cs-username c-ip cs(User-Agent) cs(Referer) sc-status sc-substatus sc-win32-status time-taken
2019-09-25 14:12:24 ::1 GET /WebForm1.aspx - 1480 - ::1 Mozilla/5.0+(Windows+NT+10.0;+Win64;+x64)+AppleWebKit/537.36+(KHTML,+like+Gecko)+Chrome/76.0.3809.132+Safari/537.36 - 200 0 0 1196
2019-09-25 14:12:28 ::1 POST /WebForm1.aspx - 1480 - ::1 Mozilla/5.0+(Windows+NT+10.0;+Win64;+x64)+AppleWebKit/537.36+(KHTML,+like+Gecko)+Chrome/76.0.3809.132+Safari/537.36 http://localhost:1480/WebForm1.aspx 200 0 0 60
2019-09-25 14:12:40 ::1 POST /WebForm1.aspx - 1480 - ::1 Mozilla/5.0+(Windows+NT+10.0;+Win64;+x64)+AppleWebKit/537.36+(KHTML,+like+Gecko)+Chrome/76.0.3809.132+Safari/537.36 http://localhost:1480/WebForm1.aspx 500 0 0 11046
#Software: Microsoft Internet Information Services 8.0
#Version: 1.0
#Date: 2019-09-25 14:13:21
#Fields: date time s-ip cs-method cs-uri-stem cs-uri-query s-port cs-username c-ip cs(User-Agent) cs(Referer) sc-status sc-substatus sc-win32-status time-taken
2019-09-25 14:13:21 ::1 GET /WebForm1.aspx - 1480 - ::1 Mozilla/5.0+(Windows+NT+10.0;+Win64;+x64)+AppleWebKit/537.36+(KHTML,+like+Gecko)+Chrome/76.0.3809.132+Safari/537.36 - 200 0 0 2562
2019-09-25 14:13:21 ::1 GET /favicon.ico - 1480 - ::1 Mozilla/5.0+(Windows+NT+10.0;+Win64;+x64)+AppleWebKit/537.36+(KHTML,+like+Gecko)+Chrome/76.0.3809.132+Safari/537.36 http://localhost:1480/WebForm1.aspx 404 0 2 4
2019-09-25 14:13:23 ::1 POST /WebForm1.aspx - 1480 - ::1 Mozilla/5.0+(Windows+NT+10.0;+Win64;+x64)+AppleWebKit/537.36+(KHTML,+like+Gecko)+Chrome/76.0.3809.132+Safari/537.36 http://localhost:1480/WebForm1.aspx 200 0 0 91
2019-09-25 14:13:32 ::1 POST /WebForm1.aspx - 1480 - ::1 Mozilla/5.0+(Windows+NT+10.0;+Win64;+x64)+AppleWebKit/537.36+(KHTML,+like+Gecko)+Chrome/76.0.3809.132+Safari/537.36 http://localhost:1480/WebForm1.aspx 500 0 0 8042
