#Software: Microsoft Internet Information Services 8.0
#Version: 1.0
#Date: 2019-09-27 12:21:00
#Fields: date time s-ip cs-method cs-uri-stem cs-uri-query s-port cs-username c-ip cs(User-Agent) cs(Referer) sc-status sc-substatus sc-win32-status time-taken
2019-09-27 12:21:00 ::1 GET /WebForm1.aspx - 1446 - ::1 Mozilla/5.0+(Windows+NT+10.0;+Win64;+x64)+AppleWebKit/537.36+(KHTML,+like+Gecko)+Chrome/77.0.3865.90+Safari/537.36 - 200 0 0 2938
2019-09-27 12:21:00 ::1 GET /favicon.ico - 1446 - ::1 Mozilla/5.0+(Windows+NT+10.0;+Win64;+x64)+AppleWebKit/537.36+(KHTML,+like+Gecko)+Chrome/77.0.3865.90+Safari/537.36 http://localhost:1446/WebForm1.aspx 404 0 2 8
#Software: Microsoft Internet Information Services 8.0
#Version: 1.0
#Date: 2019-09-27 12:43:34
#Fields: date time s-ip cs-method cs-uri-stem cs-uri-query s-port cs-username c-ip cs(User-Agent) cs(Referer) sc-status sc-substatus sc-win32-status time-taken
2019-09-27 12:43:34 ::1 GET /WebForm1.aspx - 1446 - ::1 Mozilla/5.0+(Windows+NT+10.0;+Win64;+x64)+AppleWebKit/537.36+(KHTML,+like+Gecko)+Chrome/77.0.3865.90+Safari/537.36 - 200 0 0 2652
2019-09-27 12:43:34 ::1 GET /favicon.ico - 1446 - ::1 Mozilla/5.0+(Windows+NT+10.0;+Win64;+x64)+AppleWebKit/537.36+(KHTML,+like+Gecko)+Chrome/77.0.3865.90+Safari/537.36 http://localhost:1446/WebForm1.aspx 404 0 2 3
2019-09-27 12:43:40 ::1 POST /WebForm1.aspx - 1446 - ::1 Mozilla/5.0+(Windows+NT+10.0;+Win64;+x64)+AppleWebKit/537.36+(KHTML,+like+Gecko)+Chrome/77.0.3865.90+Safari/537.36 http://localhost:1446/WebForm1.aspx 200 0 0 102
2019-09-27 12:43:42 ::1 POST /WebForm1.aspx - 1446 - ::1 Mozilla/5.0+(Windows+NT+10.0;+Win64;+x64)+AppleWebKit/537.36+(KHTML,+like+Gecko)+Chrome/77.0.3865.90+Safari/537.36 http://localhost:1446/WebForm1.aspx 200 0 0 164
2019-09-27 12:43:42 ::1 POST /WebForm1.aspx - 1446 - ::1 Mozilla/5.0+(Windows+NT+10.0;+Win64;+x64)+AppleWebKit/537.36+(KHTML,+like+Gecko)+Chrome/77.0.3865.90+Safari/537.36 http://localhost:1446/WebForm1.aspx 200 0 0 66
2019-09-27 12:43:44 ::1 POST /WebForm1.aspx - 1446 - ::1 Mozilla/5.0+(Windows+NT+10.0;+Win64;+x64)+AppleWebKit/537.36+(KHTML,+like+Gecko)+Chrome/77.0.3865.90+Safari/537.36 http://localhost:1446/WebForm1.aspx 200 0 0 48
2019-09-27 12:43:44 ::1 POST /WebForm1.aspx - 1446 - ::1 Mozilla/5.0+(Windows+NT+10.0;+Win64;+x64)+AppleWebKit/537.36+(KHTML,+like+Gecko)+Chrome/77.0.3865.90+Safari/537.36 http://localhost:1446/WebForm1.aspx 200 0 0 48
2019-09-27 12:43:47 ::1 POST /WebForm1.aspx - 1446 - ::1 Mozilla/5.0+(Windows+NT+10.0;+Win64;+x64)+AppleWebKit/537.36+(KHTML,+like+Gecko)+Chrome/77.0.3865.90+Safari/537.36 http://localhost:1446/WebForm1.aspx 200 0 0 57
2019-09-27 12:43:47 ::1 POST /WebForm1.aspx - 1446 - ::1 Mozilla/5.0+(Windows+NT+10.0;+Win64;+x64)+AppleWebKit/537.36+(KHTML,+like+Gecko)+Chrome/77.0.3865.90+Safari/537.36 http://localhost:1446/WebForm1.aspx 200 0 0 136
#Software: Microsoft Internet Information Services 8.0
#Version: 1.0
#Date: 2019-09-27 12:45:08
#Fields: date time s-ip cs-method cs-uri-stem cs-uri-query s-port cs-username c-ip cs(User-Agent) cs(Referer) sc-status sc-substatus sc-win32-status time-taken
2019-09-27 12:45:08 ::1 GET /WebForm1.aspx - 1446 - ::1 Mozilla/5.0+(Windows+NT+10.0;+Win64;+x64)+AppleWebKit/537.36+(KHTML,+like+Gecko)+Chrome/77.0.3865.90+Safari/537.36 - 200 0 0 1568
2019-09-27 12:45:08 ::1 GET /favicon.ico - 1446 - ::1 Mozilla/5.0+(Windows+NT+10.0;+Win64;+x64)+AppleWebKit/537.36+(KHTML,+like+Gecko)+Chrome/77.0.3865.90+Safari/537.36 http://localhost:1446/WebForm1.aspx 404 0 2 4
2019-09-27 12:45:11 ::1 POST /WebForm1.aspx - 1446 - ::1 Mozilla/5.0+(Windows+NT+10.0;+Win64;+x64)+AppleWebKit/537.36+(KHTML,+like+Gecko)+Chrome/77.0.3865.90+Safari/537.36 http://localhost:1446/WebForm1.aspx 200 0 0 187
2019-09-27 12:45:13 ::1 POST /WebForm1.aspx - 1446 - ::1 Mozilla/5.0+(Windows+NT+10.0;+Win64;+x64)+AppleWebKit/537.36+(KHTML,+like+Gecko)+Chrome/77.0.3865.90+Safari/537.36 http://localhost:1446/WebForm1.aspx 200 0 0 46
2019-09-27 12:45:14 ::1 POST /WebForm1.aspx - 1446 - ::1 Mozilla/5.0+(Windows+NT+10.0;+Win64;+x64)+AppleWebKit/537.36+(KHTML,+like+Gecko)+Chrome/77.0.3865.90+Safari/537.36 http://localhost:1446/WebForm1.aspx 200 0 0 48
#Software: Microsoft Internet Information Services 8.0
#Version: 1.0
#Date: 2019-09-27 12:47:23
#Fields: date time s-ip cs-method cs-uri-stem cs-uri-query s-port cs-username c-ip cs(User-Agent) cs(Referer) sc-status sc-substatus sc-win32-status time-taken
2019-09-27 12:47:23 ::1 GET /WebForm1.aspx - 1446 - ::1 Mozilla/5.0+(Windows+NT+10.0;+Win64;+x64)+AppleWebKit/537.36+(KHTML,+like+Gecko)+Chrome/77.0.3865.90+Safari/537.36 - 200 0 0 1590
2019-09-27 12:47:23 ::1 GET /favicon.ico - 1446 - ::1 Mozilla/5.0+(Windows+NT+10.0;+Win64;+x64)+AppleWebKit/537.36+(KHTML,+like+Gecko)+Chrome/77.0.3865.90+Safari/537.36 http://localhost:1446/WebForm1.aspx 404 0 2 3
#Software: Microsoft Internet Information Services 8.0
#Version: 1.0
#Date: 2019-09-27 12:47:35
#Fields: date time s-ip cs-method cs-uri-stem cs-uri-query s-port cs-username c-ip cs(User-Agent) cs(Referer) sc-status sc-substatus sc-win32-status time-taken
2019-09-27 12:47:35 ::1 GET /WebForm1.aspx - 1446 - ::1 Mozilla/5.0+(Windows+NT+10.0;+Win64;+x64)+AppleWebKit/537.36+(KHTML,+like+Gecko)+Chrome/77.0.3865.90+Safari/537.36 - 200 0 0 1618
2019-09-27 12:47:35 ::1 GET /favicon.ico - 1446 - ::1 Mozilla/5.0+(Windows+NT+10.0;+Win64;+x64)+AppleWebKit/537.36+(KHTML,+like+Gecko)+Chrome/77.0.3865.90+Safari/537.36 http://localhost:1446/WebForm1.aspx 404 0 2 4
2019-09-27 12:47:38 ::1 POST /WebForm1.aspx - 1446 - ::1 Mozilla/5.0+(Windows+NT+10.0;+Win64;+x64)+AppleWebKit/537.36+(KHTML,+like+Gecko)+Chrome/77.0.3865.90+Safari/537.36 http://localhost:1446/WebForm1.aspx 200 0 0 71
2019-09-27 12:47:38 ::1 POST /WebForm1.aspx - 1446 - ::1 Mozilla/5.0+(Windows+NT+10.0;+Win64;+x64)+AppleWebKit/537.36+(KHTML,+like+Gecko)+Chrome/77.0.3865.90+Safari/537.36 http://localhost:1446/WebForm1.aspx 200 0 0 51
2019-09-27 12:47:39 ::1 POST /WebForm1.aspx - 1446 - ::1 Mozilla/5.0+(Windows+NT+10.0;+Win64;+x64)+AppleWebKit/537.36+(KHTML,+like+Gecko)+Chrome/77.0.3865.90+Safari/537.36 http://localhost:1446/WebForm1.aspx 200 0 0 64
2019-09-27 12:47:39 ::1 POST /WebForm1.aspx - 1446 - ::1 Mozilla/5.0+(Windows+NT+10.0;+Win64;+x64)+AppleWebKit/537.36+(KHTML,+like+Gecko)+Chrome/77.0.3865.90+Safari/537.36 http://localhost:1446/WebForm1.aspx 200 0 0 40
2019-09-27 12:47:40 ::1 POST /WebForm1.aspx - 1446 - ::1 Mozilla/5.0+(Windows+NT+10.0;+Win64;+x64)+AppleWebKit/537.36+(KHTML,+like+Gecko)+Chrome/77.0.3865.90+Safari/537.36 http://localhost:1446/WebForm1.aspx 200 0 0 50
2019-09-27 12:47:40 ::1 POST /WebForm1.aspx - 1446 - ::1 Mozilla/5.0+(Windows+NT+10.0;+Win64;+x64)+AppleWebKit/537.36+(KHTML,+like+Gecko)+Chrome/77.0.3865.90+Safari/537.36 http://localhost:1446/WebForm1.aspx 200 0 0 48
2019-09-27 12:47:42 ::1 POST /WebForm1.aspx - 1446 - ::1 Mozilla/5.0+(Windows+NT+10.0;+Win64;+x64)+AppleWebKit/537.36+(KHTML,+like+Gecko)+Chrome/77.0.3865.90+Safari/537.36 http://localhost:1446/WebForm1.aspx 200 0 0 47
2019-09-27 12:47:42 ::1 POST /WebForm1.aspx - 1446 - ::1 Mozilla/5.0+(Windows+NT+10.0;+Win64;+x64)+AppleWebKit/537.36+(KHTML,+like+Gecko)+Chrome/77.0.3865.90+Safari/537.36 http://localhost:1446/WebForm1.aspx 200 0 0 52
2019-09-27 12:47:42 ::1 POST /WebForm1.aspx - 1446 - ::1 Mozilla/5.0+(Windows+NT+10.0;+Win64;+x64)+AppleWebKit/537.36+(KHTML,+like+Gecko)+Chrome/77.0.3865.90+Safari/537.36 http://localhost:1446/WebForm1.aspx 200 0 0 50
#Software: Microsoft Internet Information Services 8.0
#Version: 1.0
#Date: 2019-09-27 12:48:47
#Fields: date time s-ip cs-method cs-uri-stem cs-uri-query s-port cs-username c-ip cs(User-Agent) cs(Referer) sc-status sc-substatus sc-win32-status time-taken
2019-09-27 12:48:47 ::1 GET /WebForm1.aspx - 1446 - ::1 Mozilla/5.0+(Windows+NT+10.0;+Win64;+x64)+AppleWebKit/537.36+(KHTML,+like+Gecko)+Chrome/77.0.3865.90+Safari/537.36 - 200 0 0 2706
2019-09-27 12:48:47 ::1 GET /favicon.ico - 1446 - ::1 Mozilla/5.0+(Windows+NT+10.0;+Win64;+x64)+AppleWebKit/537.36+(KHTML,+like+Gecko)+Chrome/77.0.3865.90+Safari/537.36 http://localhost:1446/WebForm1.aspx 404 0 2 4
2019-09-27 12:49:24 ::1 POST /WebForm1.aspx - 1446 - ::1 Mozilla/5.0+(Windows+NT+10.0;+Win64;+x64)+AppleWebKit/537.36+(KHTML,+like+Gecko)+Chrome/77.0.3865.90+Safari/537.36 http://localhost:1446/WebForm1.aspx 500 0 64 33602
2019-09-27 12:49:24 ::1 POST /WebForm1.aspx - 1446 - ::1 Mozilla/5.0+(Windows+NT+10.0;+Win64;+x64)+AppleWebKit/537.36+(KHTML,+like+Gecko)+Chrome/77.0.3865.90+Safari/537.36 http://localhost:1446/WebForm1.aspx 500 0 64 33873
2019-09-27 12:49:24 ::1 POST /WebForm1.aspx - 1446 - ::1 Mozilla/5.0+(Windows+NT+10.0;+Win64;+x64)+AppleWebKit/537.36+(KHTML,+like+Gecko)+Chrome/77.0.3865.90+Safari/537.36 http://localhost:1446/WebForm1.aspx 500 0 0 33415
#Software: Microsoft Internet Information Services 8.0
#Version: 1.0
#Date: 2019-09-27 12:49:42
#Fields: date time s-ip cs-method cs-uri-stem cs-uri-query s-port cs-username c-ip cs(User-Agent) cs(Referer) sc-status sc-substatus sc-win32-status time-taken
2019-09-27 12:49:42 ::1 GET /WebForm1.aspx - 1446 - ::1 Mozilla/5.0+(Windows+NT+10.0;+Win64;+x64)+AppleWebKit/537.36+(KHTML,+like+Gecko)+Chrome/77.0.3865.90+Safari/537.36 - 200 0 0 2309
2019-09-27 12:50:02 ::1 POST /WebForm1.aspx - 1446 - ::1 Mozilla/5.0+(Windows+NT+10.0;+Win64;+x64)+AppleWebKit/537.36+(KHTML,+like+Gecko)+Chrome/77.0.3865.90+Safari/537.36 http://localhost:1446/WebForm1.aspx 500 0 0 16391
2019-09-27 12:50:02 ::1 POST /WebForm1.aspx - 1446 - ::1 Mozilla/5.0+(Windows+NT+10.0;+Win64;+x64)+AppleWebKit/537.36+(KHTML,+like+Gecko)+Chrome/77.0.3865.90+Safari/537.36 http://localhost:1446/WebForm1.aspx 500 0 64 17211
#Software: Microsoft Internet Information Services 8.0
#Version: 1.0
#Date: 2019-09-27 12:58:04
#Fields: date time s-ip cs-method cs-uri-stem cs-uri-query s-port cs-username c-ip cs(User-Agent) cs(Referer) sc-status sc-substatus sc-win32-status time-taken
2019-09-27 12:58:04 ::1 GET /WebForm1.aspx - 1446 - ::1 Mozilla/5.0+(Windows+NT+10.0;+Win64;+x64)+AppleWebKit/537.36+(KHTML,+like+Gecko)+Chrome/77.0.3865.90+Safari/537.36 - 200 0 0 2332
#Software: Microsoft Internet Information Services 8.0
#Version: 1.0
#Date: 2019-09-27 12:58:21
#Fields: date time s-ip cs-method cs-uri-stem cs-uri-query s-port cs-username c-ip cs(User-Agent) cs(Referer) sc-status sc-substatus sc-win32-status time-taken
2019-09-27 12:58:21 ::1 GET /WebForm1.aspx - 1446 - ::1 Mozilla/5.0+(Windows+NT+10.0;+Win64;+x64)+AppleWebKit/537.36+(KHTML,+like+Gecko)+Chrome/77.0.3865.90+Safari/537.36 - 200 0 0 1785
2019-09-27 12:58:21 ::1 GET /favicon.ico - 1446 - ::1 Mozilla/5.0+(Windows+NT+10.0;+Win64;+x64)+AppleWebKit/537.36+(KHTML,+like+Gecko)+Chrome/77.0.3865.90+Safari/537.36 http://localhost:1446/WebForm1.aspx 404 0 2 0
2019-09-27 12:59:43 ::1 POST /WebForm1.aspx - 1446 - ::1 Mozilla/5.0+(Windows+NT+10.0;+Win64;+x64)+AppleWebKit/537.36+(KHTML,+like+Gecko)+Chrome/77.0.3865.90+Safari/537.36 http://localhost:1446/WebForm1.aspx 500 0 0 78489
#Software: Microsoft Internet Information Services 8.0
#Version: 1.0
#Date: 2019-09-27 13:00:19
#Fields: date time s-ip cs-method cs-uri-stem cs-uri-query s-port cs-username c-ip cs(User-Agent) cs(Referer) sc-status sc-substatus sc-win32-status time-taken
2019-09-27 13:00:19 ::1 GET /WebForm1.aspx - 1446 - ::1 Mozilla/5.0+(Windows+NT+10.0;+Win64;+x64)+AppleWebKit/537.36+(KHTML,+like+Gecko)+Chrome/77.0.3865.90+Safari/537.36 - 200 0 0 2328
2019-09-27 13:00:41 ::1 POST /WebForm1.aspx - 1446 - ::1 Mozilla/5.0+(Windows+NT+10.0;+Win64;+x64)+AppleWebKit/537.36+(KHTML,+like+Gecko)+Chrome/77.0.3865.90+Safari/537.36 http://localhost:1446/WebForm1.aspx 500 0 0 18148
#Software: Microsoft Internet Information Services 8.0
#Version: 1.0
#Date: 2019-09-27 13:01:16
#Fields: date time s-ip cs-method cs-uri-stem cs-uri-query s-port cs-username c-ip cs(User-Agent) cs(Referer) sc-status sc-substatus sc-win32-status time-taken
2019-09-27 13:01:16 ::1 GET /WebForm1.aspx - 1446 - ::1 Mozilla/5.0+(Windows+NT+10.0;+Win64;+x64)+AppleWebKit/537.36+(KHTML,+like+Gecko)+Chrome/77.0.3865.90+Safari/537.36 - 200 0 0 2241
2019-09-27 13:01:18 ::1 POST /WebForm1.aspx - 1446 - ::1 Mozilla/5.0+(Windows+NT+10.0;+Win64;+x64)+AppleWebKit/537.36+(KHTML,+like+Gecko)+Chrome/77.0.3865.90+Safari/537.36 http://localhost:1446/WebForm1.aspx 200 0 0 73
2019-09-27 13:01:26 ::1 POST /WebForm1.aspx - 1446 - ::1 Mozilla/5.0+(Windows+NT+10.0;+Win64;+x64)+AppleWebKit/537.36+(KHTML,+like+Gecko)+Chrome/77.0.3865.90+Safari/537.36 http://localhost:1446/WebForm1.aspx 200 0 0 76
2019-09-27 13:01:29 ::1 POST /WebForm1.aspx - 1446 - ::1 Mozilla/5.0+(Windows+NT+10.0;+Win64;+x64)+AppleWebKit/537.36+(KHTML,+like+Gecko)+Chrome/77.0.3865.90+Safari/537.36 http://localhost:1446/WebForm1.aspx 200 0 0 75
2019-09-27 13:02:21 ::1 POST /WebForm1.aspx - 1446 - ::1 Mozilla/5.0+(Windows+NT+10.0;+Win64;+x64)+AppleWebKit/537.36+(KHTML,+like+Gecko)+Chrome/77.0.3865.90+Safari/537.36 http://localhost:1446/WebForm1.aspx 500 0 0 22345
#Software: Microsoft Internet Information Services 8.0
#Version: 1.0
#Date: 2019-09-27 13:03:17
#Fields: date time s-ip cs-method cs-uri-stem cs-uri-query s-port cs-username c-ip cs(User-Agent) cs(Referer) sc-status sc-substatus sc-win32-status time-taken
2019-09-27 13:03:17 ::1 GET /WebForm1.aspx - 1446 - ::1 Mozilla/5.0+(Windows+NT+10.0;+Win64;+x64)+AppleWebKit/537.36+(KHTML,+like+Gecko)+Chrome/77.0.3865.90+Safari/537.36 - 200 0 0 2391
2019-09-27 13:03:24 ::1 POST /WebForm1.aspx - 1446 - ::1 Mozilla/5.0+(Windows+NT+10.0;+Win64;+x64)+AppleWebKit/537.36+(KHTML,+like+Gecko)+Chrome/77.0.3865.90+Safari/537.36 http://localhost:1446/WebForm1.aspx 200 0 0 72
2019-09-27 13:03:27 ::1 POST /WebForm1.aspx - 1446 - ::1 Mozilla/5.0+(Windows+NT+10.0;+Win64;+x64)+AppleWebKit/537.36+(KHTML,+like+Gecko)+Chrome/77.0.3865.90+Safari/537.36 http://localhost:1446/WebForm1.aspx 200 0 0 71
2019-09-27 13:04:43 ::1 POST /WebForm1.aspx - 1446 - ::1 Mozilla/5.0+(Windows+NT+10.0;+Win64;+x64)+AppleWebKit/537.36+(KHTML,+like+Gecko)+Chrome/77.0.3865.90+Safari/537.36 http://localhost:1446/WebForm1.aspx 500 0 64 63353
2019-09-27 13:04:43 ::1 POST /WebForm1.aspx - 1446 - ::1 Mozilla/5.0+(Windows+NT+10.0;+Win64;+x64)+AppleWebKit/537.36+(KHTML,+like+Gecko)+Chrome/77.0.3865.90+Safari/537.36 http://localhost:1446/WebForm1.aspx 500 0 64 12565
2019-09-27 13:04:43 ::1 POST /WebForm1.aspx - 1446 - ::1 Mozilla/5.0+(Windows+NT+10.0;+Win64;+x64)+AppleWebKit/537.36+(KHTML,+like+Gecko)+Chrome/77.0.3865.90+Safari/537.36 http://localhost:1446/WebForm1.aspx 500 0 64 11123
2019-09-27 13:04:43 ::1 POST /WebForm1.aspx - 1446 - ::1 Mozilla/5.0+(Windows+NT+10.0;+Win64;+x64)+AppleWebKit/537.36+(KHTML,+like+Gecko)+Chrome/77.0.3865.90+Safari/537.36 http://localhost:1446/WebForm1.aspx 500 0 64 10897
2019-09-27 13:04:43 ::1 POST /WebForm1.aspx - 1446 - ::1 Mozilla/5.0+(Windows+NT+10.0;+Win64;+x64)+AppleWebKit/537.36+(KHTML,+like+Gecko)+Chrome/77.0.3865.90+Safari/537.36 http://localhost:1446/WebForm1.aspx 500 0 64 10695
2019-09-27 13:04:43 ::1 POST /WebForm1.aspx - 1446 - ::1 Mozilla/5.0+(Windows+NT+10.0;+Win64;+x64)+AppleWebKit/537.36+(KHTML,+like+Gecko)+Chrome/77.0.3865.90+Safari/537.36 http://localhost:1446/WebForm1.aspx 500 0 64 7390
#Software: Microsoft Internet Information Services 8.0
#Version: 1.0
#Date: 2019-09-27 13:04:48
#Fields: date time s-ip cs-method cs-uri-stem cs-uri-query s-port cs-username c-ip cs(User-Agent) cs(Referer) sc-status sc-substatus sc-win32-status time-taken
2019-09-27 13:04:48 ::1 GET /WebForm1.aspx - 1446 - ::1 Mozilla/5.0+(Windows+NT+10.0;+Win64;+x64)+AppleWebKit/537.36+(KHTML,+like+Gecko)+Chrome/77.0.3865.90+Safari/537.36 - 200 0 0 1732
2019-09-27 13:04:48 ::1 GET /favicon.ico - 1446 - ::1 Mozilla/5.0+(Windows+NT+10.0;+Win64;+x64)+AppleWebKit/537.36+(KHTML,+like+Gecko)+Chrome/77.0.3865.90+Safari/537.36 http://localhost:1446/WebForm1.aspx 404 0 2 4
2019-09-27 13:04:50 ::1 POST /WebForm1.aspx - 1446 - ::1 Mozilla/5.0+(Windows+NT+10.0;+Win64;+x64)+AppleWebKit/537.36+(KHTML,+like+Gecko)+Chrome/77.0.3865.90+Safari/537.36 http://localhost:1446/WebForm1.aspx 200 0 0 78
2019-09-27 13:06:14 ::1 POST /WebForm1.aspx - 1446 - ::1 Mozilla/5.0+(Windows+NT+10.0;+Win64;+x64)+AppleWebKit/537.36+(KHTML,+like+Gecko)+Chrome/77.0.3865.90+Safari/537.36 http://localhost:1446/WebForm1.aspx 500 0 0 70850
#Software: Microsoft Internet Information Services 8.0
#Version: 1.0
#Date: 2019-09-27 13:06:30
#Fields: date time s-ip cs-method cs-uri-stem cs-uri-query s-port cs-username c-ip cs(User-Agent) cs(Referer) sc-status sc-substatus sc-win32-status time-taken
2019-09-27 13:06:30 ::1 GET /WebForm1.aspx - 1446 - ::1 Mozilla/5.0+(Windows+NT+10.0;+Win64;+x64)+AppleWebKit/537.36+(KHTML,+like+Gecko)+Chrome/77.0.3865.90+Safari/537.36 - 200 0 0 2397
2019-09-27 13:06:32 ::1 POST /WebForm1.aspx - 1446 - ::1 Mozilla/5.0+(Windows+NT+10.0;+Win64;+x64)+AppleWebKit/537.36+(KHTML,+like+Gecko)+Chrome/77.0.3865.90+Safari/537.36 http://localhost:1446/WebForm1.aspx 200 0 0 76
2019-09-27 13:07:37 ::1 POST /WebForm1.aspx - 1446 - ::1 Mozilla/5.0+(Windows+NT+10.0;+Win64;+x64)+AppleWebKit/537.36+(KHTML,+like+Gecko)+Chrome/77.0.3865.90+Safari/537.36 http://localhost:1446/WebForm1.aspx 500 0 0 53818
