#Software: Microsoft Internet Information Services 8.0
#Version: 1.0
#Date: 2019-11-24 02:00:55
#Fields: date time s-ip cs-method cs-uri-stem cs-uri-query s-port cs-username c-ip cs(User-Agent) cs(Referer) sc-status sc-substatus sc-win32-status time-taken
2019-11-24 02:00:55 ::1 GET /WebForm1.aspx - 20293 - ::1 Mozilla/5.0+(Windows+NT+10.0;+Win64;+x64)+AppleWebKit/537.36+(KHTML,+like+Gecko)+Chrome/78.0.3904.87+Safari/537.36 - 200 0 0 3099
2019-11-24 02:00:55 ::1 GET /favicon.ico - 20293 - ::1 Mozilla/5.0+(Windows+NT+10.0;+Win64;+x64)+AppleWebKit/537.36+(KHTML,+like+Gecko)+Chrome/78.0.3904.87+Safari/537.36 http://localhost:20293/WebForm1.aspx 404 0 2 3
#Software: Microsoft Internet Information Services 8.0
#Version: 1.0
#Date: 2019-11-24 02:21:15
#Fields: date time s-ip cs-method cs-uri-stem cs-uri-query s-port cs-username c-ip cs(User-Agent) cs(Referer) sc-status sc-substatus sc-win32-status time-taken
2019-11-24 02:21:15 ::1 GET /WebForm1.aspx - 20293 - ::1 Mozilla/5.0+(Windows+NT+10.0;+Win64;+x64)+AppleWebKit/537.36+(KHTML,+like+Gecko)+Chrome/78.0.3904.87+Safari/537.36 - 200 0 0 3137
2019-11-24 02:21:15 ::1 GET /favicon.ico - 20293 - ::1 Mozilla/5.0+(Windows+NT+10.0;+Win64;+x64)+AppleWebKit/537.36+(KHTML,+like+Gecko)+Chrome/78.0.3904.87+Safari/537.36 http://localhost:20293/WebForm1.aspx 404 0 2 4
2019-11-24 02:21:18 ::1 POST /WebForm1.aspx - 20293 - ::1 Mozilla/5.0+(Windows+NT+10.0;+Win64;+x64)+AppleWebKit/537.36+(KHTML,+like+Gecko)+Chrome/78.0.3904.87+Safari/537.36 http://localhost:20293/WebForm1.aspx 200 0 0 275
2019-11-24 02:21:20 ::1 POST /WebForm1.aspx - 20293 - ::1 Mozilla/5.0+(Windows+NT+10.0;+Win64;+x64)+AppleWebKit/537.36+(KHTML,+like+Gecko)+Chrome/78.0.3904.87+Safari/537.36 http://localhost:20293/WebForm1.aspx 200 0 0 100
2019-11-24 02:21:21 ::1 POST /WebForm1.aspx - 20293 - ::1 Mozilla/5.0+(Windows+NT+10.0;+Win64;+x64)+AppleWebKit/537.36+(KHTML,+like+Gecko)+Chrome/78.0.3904.87+Safari/537.36 http://localhost:20293/WebForm1.aspx 200 0 0 74
2019-11-24 02:21:21 ::1 POST /WebForm1.aspx - 20293 - ::1 Mozilla/5.0+(Windows+NT+10.0;+Win64;+x64)+AppleWebKit/537.36+(KHTML,+like+Gecko)+Chrome/78.0.3904.87+Safari/537.36 http://localhost:20293/WebForm1.aspx 200 0 0 97
#Software: Microsoft Internet Information Services 8.0
#Version: 1.0
#Date: 2019-11-24 02:22:47
#Fields: date time s-ip cs-method cs-uri-stem cs-uri-query s-port cs-username c-ip cs(User-Agent) cs(Referer) sc-status sc-substatus sc-win32-status time-taken
2019-11-24 02:22:47 ::1 GET /WebForm1.aspx - 20293 - ::1 Mozilla/5.0+(Windows+NT+10.0;+Win64;+x64)+AppleWebKit/537.36+(KHTML,+like+Gecko)+Chrome/78.0.3904.87+Safari/537.36 - 200 0 0 3365
2019-11-24 02:22:47 ::1 GET /favicon.ico - 20293 - ::1 Mozilla/5.0+(Windows+NT+10.0;+Win64;+x64)+AppleWebKit/537.36+(KHTML,+like+Gecko)+Chrome/78.0.3904.87+Safari/537.36 http://localhost:20293/WebForm1.aspx 404 0 2 4
2019-11-24 02:22:50 ::1 POST /WebForm1.aspx - 20293 - ::1 Mozilla/5.0+(Windows+NT+10.0;+Win64;+x64)+AppleWebKit/537.36+(KHTML,+like+Gecko)+Chrome/78.0.3904.87+Safari/537.36 http://localhost:20293/WebForm1.aspx 200 0 0 152
2019-11-24 02:22:53 ::1 POST /WebForm1.aspx - 20293 - ::1 Mozilla/5.0+(Windows+NT+10.0;+Win64;+x64)+AppleWebKit/537.36+(KHTML,+like+Gecko)+Chrome/78.0.3904.87+Safari/537.36 http://localhost:20293/WebForm1.aspx 200 0 0 95
#Software: Microsoft Internet Information Services 8.0
#Version: 1.0
#Date: 2019-11-24 04:00:01
#Fields: date time s-ip cs-method cs-uri-stem cs-uri-query s-port cs-username c-ip cs(User-Agent) cs(Referer) sc-status sc-substatus sc-win32-status time-taken
2019-11-24 04:00:01 ::1 GET /WebForm1.aspx - 20293 - ::1 Mozilla/5.0+(Windows+NT+10.0;+Win64;+x64)+AppleWebKit/537.36+(KHTML,+like+Gecko)+Chrome/78.0.3904.87+Safari/537.36 - 200 0 0 3043
2019-11-24 04:00:01 ::1 GET /favicon.ico - 20293 - ::1 Mozilla/5.0+(Windows+NT+10.0;+Win64;+x64)+AppleWebKit/537.36+(KHTML,+like+Gecko)+Chrome/78.0.3904.87+Safari/537.36 http://localhost:20293/WebForm1.aspx 404 0 2 4
2019-11-24 04:00:06 ::1 POST /WebForm1.aspx - 20293 - ::1 Mozilla/5.0+(Windows+NT+10.0;+Win64;+x64)+AppleWebKit/537.36+(KHTML,+like+Gecko)+Chrome/78.0.3904.87+Safari/537.36 http://localhost:20293/WebForm1.aspx 200 0 0 71
2019-11-24 04:00:12 ::1 POST /WebForm1.aspx - 20293 - ::1 Mozilla/5.0+(Windows+NT+10.0;+Win64;+x64)+AppleWebKit/537.36+(KHTML,+like+Gecko)+Chrome/78.0.3904.87+Safari/537.36 http://localhost:20293/WebForm1.aspx 500 0 0 423
#Software: Microsoft Internet Information Services 8.0
#Version: 1.0
#Date: 2019-11-24 04:15:21
#Fields: date time s-ip cs-method cs-uri-stem cs-uri-query s-port cs-username c-ip cs(User-Agent) cs(Referer) sc-status sc-substatus sc-win32-status time-taken
2019-11-24 04:15:21 ::1 GET /WebForm1.aspx - 20293 - ::1 Mozilla/5.0+(Windows+NT+10.0;+Win64;+x64)+AppleWebKit/537.36+(KHTML,+like+Gecko)+Chrome/78.0.3904.87+Safari/537.36 - 200 0 0 2969
2019-11-24 04:15:21 ::1 GET /favicon.ico - 20293 - ::1 Mozilla/5.0+(Windows+NT+10.0;+Win64;+x64)+AppleWebKit/537.36+(KHTML,+like+Gecko)+Chrome/78.0.3904.87+Safari/537.36 http://localhost:20293/WebForm1.aspx 404 0 2 5
2019-11-24 04:15:30 ::1 POST /WebForm1.aspx - 20293 - ::1 Mozilla/5.0+(Windows+NT+10.0;+Win64;+x64)+AppleWebKit/537.36+(KHTML,+like+Gecko)+Chrome/78.0.3904.87+Safari/537.36 http://localhost:20293/WebForm1.aspx 200 0 0 78
2019-11-24 04:15:56 ::1 POST /WebForm1.aspx - 20293 - ::1 Mozilla/5.0+(Windows+NT+10.0;+Win64;+x64)+AppleWebKit/537.36+(KHTML,+like+Gecko)+Chrome/78.0.3904.87+Safari/537.36 http://localhost:20293/WebForm1.aspx 200 0 0 82
2019-11-24 04:17:09 ::1 POST /WebForm1.aspx - 20293 - ::1 Mozilla/5.0+(Windows+NT+10.0;+Win64;+x64)+AppleWebKit/537.36+(KHTML,+like+Gecko)+Chrome/78.0.3904.87+Safari/537.36 http://localhost:20293/WebForm1.aspx 500 0 0 63713
#Software: Microsoft Internet Information Services 8.0
#Version: 1.0
#Date: 2019-11-24 04:17:38
#Fields: date time s-ip cs-method cs-uri-stem cs-uri-query s-port cs-username c-ip cs(User-Agent) cs(Referer) sc-status sc-substatus sc-win32-status time-taken
2019-11-24 04:17:38 ::1 GET /WebForm1.aspx - 20293 - ::1 Mozilla/5.0+(Windows+NT+10.0;+Win64;+x64)+AppleWebKit/537.36+(KHTML,+like+Gecko)+Chrome/78.0.3904.87+Safari/537.36 - 200 0 0 2584
2019-11-24 04:17:43 ::1 POST /WebForm1.aspx - 20293 - ::1 Mozilla/5.0+(Windows+NT+10.0;+Win64;+x64)+AppleWebKit/537.36+(KHTML,+like+Gecko)+Chrome/78.0.3904.87+Safari/537.36 http://localhost:20293/WebForm1.aspx 200 0 0 92
2019-11-24 04:18:47 ::1 POST /WebForm1.aspx - 20293 - ::1 Mozilla/5.0+(Windows+NT+10.0;+Win64;+x64)+AppleWebKit/537.36+(KHTML,+like+Gecko)+Chrome/78.0.3904.87+Safari/537.36 http://localhost:20293/WebForm1.aspx 500 0 0 56851
#Software: Microsoft Internet Information Services 8.0
#Version: 1.0
#Date: 2019-11-24 04:19:02
#Fields: date time s-ip cs-method cs-uri-stem cs-uri-query s-port cs-username c-ip cs(User-Agent) cs(Referer) sc-status sc-substatus sc-win32-status time-taken
2019-11-24 04:19:02 ::1 GET /WebForm1.aspx - 20293 - ::1 Mozilla/5.0+(Windows+NT+10.0;+Win64;+x64)+AppleWebKit/537.36+(KHTML,+like+Gecko)+Chrome/78.0.3904.87+Safari/537.36 - 200 0 0 2646
2019-11-24 04:19:06 ::1 POST /WebForm1.aspx - 20293 - ::1 Mozilla/5.0+(Windows+NT+10.0;+Win64;+x64)+AppleWebKit/537.36+(KHTML,+like+Gecko)+Chrome/78.0.3904.87+Safari/537.36 http://localhost:20293/WebForm1.aspx 200 0 0 75
2019-11-24 04:19:39 ::1 POST /WebForm1.aspx - 20293 - ::1 Mozilla/5.0+(Windows+NT+10.0;+Win64;+x64)+AppleWebKit/537.36+(KHTML,+like+Gecko)+Chrome/78.0.3904.87+Safari/537.36 http://localhost:20293/WebForm1.aspx 500 0 0 27754
#Software: Microsoft Internet Information Services 8.0
#Version: 1.0
#Date: 2019-11-24 04:19:57
#Fields: date time s-ip cs-method cs-uri-stem cs-uri-query s-port cs-username c-ip cs(User-Agent) cs(Referer) sc-status sc-substatus sc-win32-status time-taken
2019-11-24 04:19:57 ::1 GET /WebForm1.aspx - 20293 - ::1 Mozilla/5.0+(Windows+NT+10.0;+Win64;+x64)+AppleWebKit/537.36+(KHTML,+like+Gecko)+Chrome/78.0.3904.87+Safari/537.36 - 200 0 0 2136
2019-11-24 04:19:57 ::1 GET /favicon.ico - 20293 - ::1 Mozilla/5.0+(Windows+NT+10.0;+Win64;+x64)+AppleWebKit/537.36+(KHTML,+like+Gecko)+Chrome/78.0.3904.87+Safari/537.36 http://localhost:20293/WebForm1.aspx 404 0 2 5
2019-11-24 04:20:01 ::1 POST /WebForm1.aspx - 20293 - ::1 Mozilla/5.0+(Windows+NT+10.0;+Win64;+x64)+AppleWebKit/537.36+(KHTML,+like+Gecko)+Chrome/78.0.3904.87+Safari/537.36 http://localhost:20293/WebForm1.aspx 200 0 0 76
2019-11-24 04:20:04 ::1 POST /WebForm1.aspx - 20293 - ::1 Mozilla/5.0+(Windows+NT+10.0;+Win64;+x64)+AppleWebKit/537.36+(KHTML,+like+Gecko)+Chrome/78.0.3904.87+Safari/537.36 http://localhost:20293/WebForm1.aspx 200 0 0 81
2019-11-24 04:20:44 ::1 POST /WebForm1.aspx - 20293 - ::1 Mozilla/5.0+(Windows+NT+10.0;+Win64;+x64)+AppleWebKit/537.36+(KHTML,+like+Gecko)+Chrome/78.0.3904.87+Safari/537.36 http://localhost:20293/WebForm1.aspx 500 0 64 38648
2019-11-24 04:20:44 ::1 POST /WebForm1.aspx - 20293 - ::1 Mozilla/5.0+(Windows+NT+10.0;+Win64;+x64)+AppleWebKit/537.36+(KHTML,+like+Gecko)+Chrome/78.0.3904.87+Safari/537.36 http://localhost:20293/WebForm1.aspx 200 0 64 6953
2019-11-24 04:20:44 ::1 POST /WebForm1.aspx - 20293 - ::1 Mozilla/5.0+(Windows+NT+10.0;+Win64;+x64)+AppleWebKit/537.36+(KHTML,+like+Gecko)+Chrome/78.0.3904.87+Safari/537.36 http://localhost:20293/WebForm1.aspx 200 0 64 9159
#Software: Microsoft Internet Information Services 8.0
#Version: 1.0
#Date: 2019-11-24 04:20:54
#Fields: date time s-ip cs-method cs-uri-stem cs-uri-query s-port cs-username c-ip cs(User-Agent) cs(Referer) sc-status sc-substatus sc-win32-status time-taken
2019-11-24 04:20:54 ::1 GET /WebForm1.aspx - 20293 - ::1 Mozilla/5.0+(Windows+NT+10.0;+Win64;+x64)+AppleWebKit/537.36+(KHTML,+like+Gecko)+Chrome/78.0.3904.87+Safari/537.36 - 200 0 0 1967
2019-11-24 04:20:54 ::1 GET /favicon.ico - 20293 - ::1 Mozilla/5.0+(Windows+NT+10.0;+Win64;+x64)+AppleWebKit/537.36+(KHTML,+like+Gecko)+Chrome/78.0.3904.87+Safari/537.36 http://localhost:20293/WebForm1.aspx 404 0 2 3
2019-11-24 04:20:57 ::1 POST /WebForm1.aspx - 20293 - ::1 Mozilla/5.0+(Windows+NT+10.0;+Win64;+x64)+AppleWebKit/537.36+(KHTML,+like+Gecko)+Chrome/78.0.3904.87+Safari/537.36 http://localhost:20293/WebForm1.aspx 200 0 0 83
2019-11-24 04:22:48 ::1 POST /WebForm1.aspx - 20293 - ::1 Mozilla/5.0+(Windows+NT+10.0;+Win64;+x64)+AppleWebKit/537.36+(KHTML,+like+Gecko)+Chrome/78.0.3904.87+Safari/537.36 http://localhost:20293/WebForm1.aspx 500 0 0 95601
#Software: Microsoft Internet Information Services 8.0
#Version: 1.0
#Date: 2019-11-24 04:23:12
#Fields: date time s-ip cs-method cs-uri-stem cs-uri-query s-port cs-username c-ip cs(User-Agent) cs(Referer) sc-status sc-substatus sc-win32-status time-taken
2019-11-24 04:23:12 ::1 GET /WebForm1.aspx - 20293 - ::1 Mozilla/5.0+(Windows+NT+10.0;+Win64;+x64)+AppleWebKit/537.36+(KHTML,+like+Gecko)+Chrome/78.0.3904.87+Safari/537.36 - 200 0 0 2425
2019-11-24 04:23:15 ::1 POST /WebForm1.aspx - 20293 - ::1 Mozilla/5.0+(Windows+NT+10.0;+Win64;+x64)+AppleWebKit/537.36+(KHTML,+like+Gecko)+Chrome/78.0.3904.87+Safari/537.36 http://localhost:20293/WebForm1.aspx 200 0 0 82
2019-11-24 04:23:26 ::1 POST /WebForm1.aspx - 20293 - ::1 Mozilla/5.0+(Windows+NT+10.0;+Win64;+x64)+AppleWebKit/537.36+(KHTML,+like+Gecko)+Chrome/78.0.3904.87+Safari/537.36 http://localhost:20293/WebForm1.aspx 200 0 0 107
2019-11-24 04:23:35 ::1 POST /WebForm1.aspx - 20293 - ::1 Mozilla/5.0+(Windows+NT+10.0;+Win64;+x64)+AppleWebKit/537.36+(KHTML,+like+Gecko)+Chrome/78.0.3904.87+Safari/537.36 http://localhost:20293/WebForm1.aspx 200 0 0 64
2019-11-24 04:23:38 ::1 POST /WebForm1.aspx - 20293 - ::1 Mozilla/5.0+(Windows+NT+10.0;+Win64;+x64)+AppleWebKit/537.36+(KHTML,+like+Gecko)+Chrome/78.0.3904.87+Safari/537.36 http://localhost:20293/WebForm1.aspx 500 0 0 171
#Software: Microsoft Internet Information Services 8.0
#Version: 1.0
#Date: 2019-11-24 04:25:42
#Fields: date time s-ip cs-method cs-uri-stem cs-uri-query s-port cs-username c-ip cs(User-Agent) cs(Referer) sc-status sc-substatus sc-win32-status time-taken
2019-11-24 04:25:42 ::1 GET /WebForm1.aspx - 20293 - ::1 Mozilla/5.0+(Windows+NT+10.0;+Win64;+x64)+AppleWebKit/537.36+(KHTML,+like+Gecko)+Chrome/78.0.3904.87+Safari/537.36 - 200 0 0 3532
2019-11-24 04:25:42 ::1 GET /favicon.ico - 20293 - ::1 Mozilla/5.0+(Windows+NT+10.0;+Win64;+x64)+AppleWebKit/537.36+(KHTML,+like+Gecko)+Chrome/78.0.3904.87+Safari/537.36 http://localhost:20293/WebForm1.aspx 404 0 2 4
2019-11-24 04:25:45 ::1 POST /WebForm1.aspx - 20293 - ::1 Mozilla/5.0+(Windows+NT+10.0;+Win64;+x64)+AppleWebKit/537.36+(KHTML,+like+Gecko)+Chrome/78.0.3904.87+Safari/537.36 http://localhost:20293/WebForm1.aspx 200 0 0 76
2019-11-24 04:25:47 ::1 POST /WebForm1.aspx - 20293 - ::1 Mozilla/5.0+(Windows+NT+10.0;+Win64;+x64)+AppleWebKit/537.36+(KHTML,+like+Gecko)+Chrome/78.0.3904.87+Safari/537.36 http://localhost:20293/WebForm1.aspx 200 0 0 77
#Software: Microsoft Internet Information Services 8.0
#Version: 1.0
#Date: 2019-11-24 04:49:24
#Fields: date time s-ip cs-method cs-uri-stem cs-uri-query s-port cs-username c-ip cs(User-Agent) cs(Referer) sc-status sc-substatus sc-win32-status time-taken
2019-11-24 04:49:24 ::1 GET /WebForm1.aspx - 20293 - ::1 Mozilla/5.0+(Windows+NT+10.0;+Win64;+x64)+AppleWebKit/537.36+(KHTML,+like+Gecko)+Chrome/78.0.3904.87+Safari/537.36 - 200 0 0 2703
2019-11-24 04:49:24 ::1 GET /favicon.ico - 20293 - ::1 Mozilla/5.0+(Windows+NT+10.0;+Win64;+x64)+AppleWebKit/537.36+(KHTML,+like+Gecko)+Chrome/78.0.3904.87+Safari/537.36 http://localhost:20293/WebForm1.aspx 404 0 2 3
2019-11-24 04:50:26 ::1 POST /WebForm1.aspx - 20293 - ::1 Mozilla/5.0+(Windows+NT+10.0;+Win64;+x64)+AppleWebKit/537.36+(KHTML,+like+Gecko)+Chrome/78.0.3904.87+Safari/537.36 http://localhost:20293/WebForm1.aspx 500 0 0 36590
#Software: Microsoft Internet Information Services 8.0
#Version: 1.0
#Date: 2019-11-24 04:50:39
#Fields: date time s-ip cs-method cs-uri-stem cs-uri-query s-port cs-username c-ip cs(User-Agent) cs(Referer) sc-status sc-substatus sc-win32-status time-taken
2019-11-24 04:50:39 ::1 GET /WebForm1.aspx - 20293 - ::1 Mozilla/5.0+(Windows+NT+10.0;+Win64;+x64)+AppleWebKit/537.36+(KHTML,+like+Gecko)+Chrome/78.0.3904.87+Safari/537.36 - 200 0 0 2328
2019-11-24 04:50:51 ::1 POST /WebForm1.aspx - 20293 - ::1 Mozilla/5.0+(Windows+NT+10.0;+Win64;+x64)+AppleWebKit/537.36+(KHTML,+like+Gecko)+Chrome/78.0.3904.87+Safari/537.36 http://localhost:20293/WebForm1.aspx 200 0 0 148
#Software: Microsoft Internet Information Services 8.0
#Version: 1.0
#Date: 2019-11-24 04:53:57
#Fields: date time s-ip cs-method cs-uri-stem cs-uri-query s-port cs-username c-ip cs(User-Agent) cs(Referer) sc-status sc-substatus sc-win32-status time-taken
2019-11-24 04:53:57 ::1 GET /WebForm1.aspx - 20293 - ::1 Mozilla/5.0+(Windows+NT+10.0;+Win64;+x64)+AppleWebKit/537.36+(KHTML,+like+Gecko)+Chrome/78.0.3904.87+Safari/537.36 - 200 0 0 1911
2019-11-24 04:53:57 ::1 GET /favicon.ico - 20293 - ::1 Mozilla/5.0+(Windows+NT+10.0;+Win64;+x64)+AppleWebKit/537.36+(KHTML,+like+Gecko)+Chrome/78.0.3904.87+Safari/537.36 http://localhost:20293/WebForm1.aspx 404 0 2 2
2019-11-24 04:54:11 ::1 POST /WebForm1.aspx - 20293 - ::1 Mozilla/5.0+(Windows+NT+10.0;+Win64;+x64)+AppleWebKit/537.36+(KHTML,+like+Gecko)+Chrome/78.0.3904.87+Safari/537.36 http://localhost:20293/WebForm1.aspx 200 0 0 278
2019-11-24 04:54:26 ::1 POST /WebForm1.aspx - 20293 - ::1 Mozilla/5.0+(Windows+NT+10.0;+Win64;+x64)+AppleWebKit/537.36+(KHTML,+like+Gecko)+Chrome/78.0.3904.87+Safari/537.36 http://localhost:20293/WebForm1.aspx 200 0 0 62
#Software: Microsoft Internet Information Services 8.0
#Version: 1.0
#Date: 2019-11-24 04:56:59
#Fields: date time s-ip cs-method cs-uri-stem cs-uri-query s-port cs-username c-ip cs(User-Agent) cs(Referer) sc-status sc-substatus sc-win32-status time-taken
2019-11-24 04:56:59 ::1 GET /WebForm1.aspx - 20293 - ::1 Mozilla/5.0+(Windows+NT+10.0;+Win64;+x64)+AppleWebKit/537.36+(KHTML,+like+Gecko)+Chrome/78.0.3904.87+Safari/537.36 - 200 0 0 3316
2019-11-24 04:56:59 ::1 GET /favicon.ico - 20293 - ::1 Mozilla/5.0+(Windows+NT+10.0;+Win64;+x64)+AppleWebKit/537.36+(KHTML,+like+Gecko)+Chrome/78.0.3904.87+Safari/537.36 http://localhost:20293/WebForm1.aspx 404 0 2 4
#Software: Microsoft Internet Information Services 8.0
#Version: 1.0
#Date: 2019-11-24 05:03:34
#Fields: date time s-ip cs-method cs-uri-stem cs-uri-query s-port cs-username c-ip cs(User-Agent) cs(Referer) sc-status sc-substatus sc-win32-status time-taken
2019-11-24 05:03:34 ::1 GET /WebForm1.aspx - 20293 - ::1 Mozilla/5.0+(Windows+NT+10.0;+Win64;+x64)+AppleWebKit/537.36+(KHTML,+like+Gecko)+Chrome/78.0.3904.87+Safari/537.36 - 200 0 0 2688
2019-11-24 05:03:34 ::1 GET /favicon.ico - 20293 - ::1 Mozilla/5.0+(Windows+NT+10.0;+Win64;+x64)+AppleWebKit/537.36+(KHTML,+like+Gecko)+Chrome/78.0.3904.87+Safari/537.36 http://localhost:20293/WebForm1.aspx 404 0 2 6
2019-11-24 05:03:38 ::1 POST /WebForm1.aspx - 20293 - ::1 Mozilla/5.0+(Windows+NT+10.0;+Win64;+x64)+AppleWebKit/537.36+(KHTML,+like+Gecko)+Chrome/78.0.3904.87+Safari/537.36 http://localhost:20293/WebForm1.aspx 200 0 0 83
2019-11-24 05:03:42 ::1 POST /WebForm1.aspx - 20293 - ::1 Mozilla/5.0+(Windows+NT+10.0;+Win64;+x64)+AppleWebKit/537.36+(KHTML,+like+Gecko)+Chrome/78.0.3904.87+Safari/537.36 http://localhost:20293/WebForm1.aspx 200 0 0 70
2019-11-24 05:03:45 ::1 POST /WebForm1.aspx - 20293 - ::1 Mozilla/5.0+(Windows+NT+10.0;+Win64;+x64)+AppleWebKit/537.36+(KHTML,+like+Gecko)+Chrome/78.0.3904.87+Safari/537.36 http://localhost:20293/WebForm1.aspx 200 0 0 68
#Software: Microsoft Internet Information Services 8.0
#Version: 1.0
#Date: 2019-11-24 05:20:31
#Fields: date time s-ip cs-method cs-uri-stem cs-uri-query s-port cs-username c-ip cs(User-Agent) cs(Referer) sc-status sc-substatus sc-win32-status time-taken
2019-11-24 05:20:31 ::1 GET /WebForm1.aspx - 20293 - ::1 Mozilla/5.0+(Windows+NT+10.0;+Win64;+x64)+AppleWebKit/537.36+(KHTML,+like+Gecko)+Chrome/78.0.3904.87+Safari/537.36 - 200 0 0 2780
2019-11-24 05:20:31 ::1 GET /favicon.ico - 20293 - ::1 Mozilla/5.0+(Windows+NT+10.0;+Win64;+x64)+AppleWebKit/537.36+(KHTML,+like+Gecko)+Chrome/78.0.3904.87+Safari/537.36 http://localhost:20293/WebForm1.aspx 404 0 2 3
#Software: Microsoft Internet Information Services 8.0
#Version: 1.0
#Date: 2019-11-24 05:22:14
#Fields: date time s-ip cs-method cs-uri-stem cs-uri-query s-port cs-username c-ip cs(User-Agent) cs(Referer) sc-status sc-substatus sc-win32-status time-taken
2019-11-24 05:22:14 ::1 GET /WebForm1.aspx - 20293 - ::1 Mozilla/5.0+(Windows+NT+10.0;+Win64;+x64)+AppleWebKit/537.36+(KHTML,+like+Gecko)+Chrome/78.0.3904.87+Safari/537.36 - 200 0 0 3628
2019-11-24 05:22:14 ::1 GET /favicon.ico - 20293 - ::1 Mozilla/5.0+(Windows+NT+10.0;+Win64;+x64)+AppleWebKit/537.36+(KHTML,+like+Gecko)+Chrome/78.0.3904.87+Safari/537.36 http://localhost:20293/WebForm1.aspx 404 0 2 3
2019-11-24 05:22:20 ::1 POST /WebForm1.aspx - 20293 - ::1 Mozilla/5.0+(Windows+NT+10.0;+Win64;+x64)+AppleWebKit/537.36+(KHTML,+like+Gecko)+Chrome/78.0.3904.87+Safari/537.36 http://localhost:20293/WebForm1.aspx 200 0 0 81
2019-11-24 05:22:23 ::1 POST /WebForm1.aspx - 20293 - ::1 Mozilla/5.0+(Windows+NT+10.0;+Win64;+x64)+AppleWebKit/537.36+(KHTML,+like+Gecko)+Chrome/78.0.3904.87+Safari/537.36 http://localhost:20293/WebForm1.aspx 200 0 0 108
2019-11-24 05:22:25 ::1 POST /WebForm1.aspx - 20293 - ::1 Mozilla/5.0+(Windows+NT+10.0;+Win64;+x64)+AppleWebKit/537.36+(KHTML,+like+Gecko)+Chrome/78.0.3904.87+Safari/537.36 http://localhost:20293/WebForm1.aspx 200 0 0 71
#Software: Microsoft Internet Information Services 8.0
#Version: 1.0
#Date: 2019-11-24 05:39:53
#Fields: date time s-ip cs-method cs-uri-stem cs-uri-query s-port cs-username c-ip cs(User-Agent) cs(Referer) sc-status sc-substatus sc-win32-status time-taken
2019-11-24 05:39:53 ::1 GET /WebForm1.aspx - 20293 - ::1 Mozilla/5.0+(Windows+NT+10.0;+Win64;+x64)+AppleWebKit/537.36+(KHTML,+like+Gecko)+Chrome/78.0.3904.87+Safari/537.36 - 200 0 0 3038
2019-11-24 05:39:53 ::1 GET /favicon.ico - 20293 - ::1 Mozilla/5.0+(Windows+NT+10.0;+Win64;+x64)+AppleWebKit/537.36+(KHTML,+like+Gecko)+Chrome/78.0.3904.87+Safari/537.36 http://localhost:20293/WebForm1.aspx 404 0 2 3
2019-11-24 05:40:00 ::1 POST /WebForm1.aspx - 20293 - ::1 Mozilla/5.0+(Windows+NT+10.0;+Win64;+x64)+AppleWebKit/537.36+(KHTML,+like+Gecko)+Chrome/78.0.3904.87+Safari/537.36 http://localhost:20293/WebForm1.aspx 200 0 0 81
2019-11-24 05:40:12 ::1 POST /WebForm1.aspx - 20293 - ::1 Mozilla/5.0+(Windows+NT+10.0;+Win64;+x64)+AppleWebKit/537.36+(KHTML,+like+Gecko)+Chrome/78.0.3904.87+Safari/537.36 http://localhost:20293/WebForm1.aspx 200 0 0 205
