#Software: Microsoft Internet Information Services 8.0
#Version: 1.0
#Date: 2017-11-26 05:48:47
#Fields: date time s-ip cs-method cs-uri-stem cs-uri-query s-port cs-username c-ip cs(User-Agent) cs(Referer) sc-status sc-substatus sc-win32-status time-taken
2017-11-26 05:48:47 ::1 GET / - 1282 - ::1 Mozilla/5.0+(Windows+NT+10.0;+Win64;+x64)+AppleWebKit/537.36+(KHTML,+like+Gecko)+Chrome/62.0.3202.94+Safari/537.36 - 404 0 0 4624
2017-11-26 05:48:47 ::1 GET /favicon.ico - 1282 - ::1 Mozilla/5.0+(Windows+NT+10.0;+Win64;+x64)+AppleWebKit/537.36+(KHTML,+like+Gecko)+Chrome/62.0.3202.94+Safari/537.36 http://localhost:1282/ 200 0 0 20
2017-11-26 05:49:16 ::1 GET /Home/CountiresIndex - 1282 - ::1 Mozilla/5.0+(Windows+NT+10.0;+Win64;+x64)+AppleWebKit/537.36+(KHTML,+like+Gecko)+Chrome/62.0.3202.94+Safari/537.36 - 404 0 0 52
2017-11-26 05:50:00 ::1 GET /Home/CountiesIndex - 1282 - ::1 Mozilla/5.0+(Windows+NT+10.0;+Win64;+x64)+AppleWebKit/537.36+(KHTML,+like+Gecko)+Chrome/62.0.3202.94+Safari/537.36 - 200 0 0 28577
2017-11-26 05:50:00 ::1 GET /Scripts/modernizr-2.5.3.js - 1282 - ::1 Mozilla/5.0+(Windows+NT+10.0;+Win64;+x64)+AppleWebKit/537.36+(KHTML,+like+Gecko)+Chrome/62.0.3202.94+Safari/537.36 http://localhost:1282/Home/CountiesIndex 200 0 0 36
2017-11-26 05:50:00 ::1 GET /Content/site.css - 1282 - ::1 Mozilla/5.0+(Windows+NT+10.0;+Win64;+x64)+AppleWebKit/537.36+(KHTML,+like+Gecko)+Chrome/62.0.3202.94+Safari/537.36 http://localhost:1282/Home/CountiesIndex 200 0 0 74
2017-11-26 05:50:00 ::1 GET /Scripts/jquery-1.7.1.js - 1282 - ::1 Mozilla/5.0+(Windows+NT+10.0;+Win64;+x64)+AppleWebKit/537.36+(KHTML,+like+Gecko)+Chrome/62.0.3202.94+Safari/537.36 http://localhost:1282/Home/CountiesIndex 200 0 0 170
2017-11-26 05:50:00 ::1 GET /Images/accent.png - 1282 - ::1 Mozilla/5.0+(Windows+NT+10.0;+Win64;+x64)+AppleWebKit/537.36+(KHTML,+like+Gecko)+Chrome/62.0.3202.94+Safari/537.36 http://localhost:1282/Content/site.css 200 0 0 0
#Software: Microsoft Internet Information Services 8.0
#Version: 1.0
#Date: 2017-11-26 05:55:13
#Fields: date time s-ip cs-method cs-uri-stem cs-uri-query s-port cs-username c-ip cs(User-Agent) cs(Referer) sc-status sc-substatus sc-win32-status time-taken
2017-11-26 05:55:13 ::1 GET / - 1282 - ::1 Mozilla/5.0+(Windows+NT+10.0;+Win64;+x64)+AppleWebKit/537.36+(KHTML,+like+Gecko)+Chrome/62.0.3202.94+Safari/537.36 - 200 0 0 13239
2017-11-26 05:55:13 ::1 GET /Scripts/modernizr-2.5.3.js - 1282 - ::1 Mozilla/5.0+(Windows+NT+10.0;+Win64;+x64)+AppleWebKit/537.36+(KHTML,+like+Gecko)+Chrome/62.0.3202.94+Safari/537.36 http://localhost:1282/ 304 0 0 16
2017-11-26 05:55:13 ::1 GET /Content/site.css - 1282 - ::1 Mozilla/5.0+(Windows+NT+10.0;+Win64;+x64)+AppleWebKit/537.36+(KHTML,+like+Gecko)+Chrome/62.0.3202.94+Safari/537.36 http://localhost:1282/ 304 0 0 16
2017-11-26 05:55:13 ::1 GET /Scripts/jquery-1.7.1.js - 1282 - ::1 Mozilla/5.0+(Windows+NT+10.0;+Win64;+x64)+AppleWebKit/537.36+(KHTML,+like+Gecko)+Chrome/62.0.3202.94+Safari/537.36 http://localhost:1282/ 304 0 0 28
2017-11-26 05:55:13 ::1 GET /Images/heroAccent.png - 1282 - ::1 Mozilla/5.0+(Windows+NT+10.0;+Win64;+x64)+AppleWebKit/537.36+(KHTML,+like+Gecko)+Chrome/62.0.3202.94+Safari/537.36 http://localhost:1282/Content/site.css 200 0 0 12
2017-11-26 05:55:13 ::1 GET /Images/orderedList1.png - 1282 - ::1 Mozilla/5.0+(Windows+NT+10.0;+Win64;+x64)+AppleWebKit/537.36+(KHTML,+like+Gecko)+Chrome/62.0.3202.94+Safari/537.36 http://localhost:1282/Content/site.css 200 0 0 12
2017-11-26 05:55:13 ::1 GET /Images/orderedList2.png - 1282 - ::1 Mozilla/5.0+(Windows+NT+10.0;+Win64;+x64)+AppleWebKit/537.36+(KHTML,+like+Gecko)+Chrome/62.0.3202.94+Safari/537.36 http://localhost:1282/Content/site.css 200 0 0 16
2017-11-26 05:55:13 ::1 GET /Images/orderedList3.png - 1282 - ::1 Mozilla/5.0+(Windows+NT+10.0;+Win64;+x64)+AppleWebKit/537.36+(KHTML,+like+Gecko)+Chrome/62.0.3202.94+Safari/537.36 http://localhost:1282/Content/site.css 200 0 0 28
2017-11-26 05:55:40 ::1 GET /Cascade/Index - 1282 - ::1 Mozilla/5.0+(Windows+NT+10.0;+Win64;+x64)+AppleWebKit/537.36+(KHTML,+like+Gecko)+Chrome/62.0.3202.94+Safari/537.36 - 500 0 0 13971
#Software: Microsoft Internet Information Services 8.0
#Version: 1.0
#Date: 2017-11-26 06:02:03
#Fields: date time s-ip cs-method cs-uri-stem cs-uri-query s-port cs-username c-ip cs(User-Agent) cs(Referer) sc-status sc-substatus sc-win32-status time-taken
2017-11-26 06:02:03 ::1 GET / - 1282 - ::1 Mozilla/5.0+(Windows+NT+10.0;+Win64;+x64)+AppleWebKit/537.36+(KHTML,+like+Gecko)+Chrome/62.0.3202.94+Safari/537.36 - 200 0 0 3443
2017-11-26 06:02:03 ::1 GET /Scripts/modernizr-2.5.3.js - 1282 - ::1 Mozilla/5.0+(Windows+NT+10.0;+Win64;+x64)+AppleWebKit/537.36+(KHTML,+like+Gecko)+Chrome/62.0.3202.94+Safari/537.36 http://localhost:1282/ 304 0 0 8
2017-11-26 06:02:03 ::1 GET /Content/site.css - 1282 - ::1 Mozilla/5.0+(Windows+NT+10.0;+Win64;+x64)+AppleWebKit/537.36+(KHTML,+like+Gecko)+Chrome/62.0.3202.94+Safari/537.36 http://localhost:1282/ 304 0 0 8
2017-11-26 06:02:03 ::1 GET /Scripts/jquery-1.7.1.js - 1282 - ::1 Mozilla/5.0+(Windows+NT+10.0;+Win64;+x64)+AppleWebKit/537.36+(KHTML,+like+Gecko)+Chrome/62.0.3202.94+Safari/537.36 http://localhost:1282/ 304 0 0 8
2017-11-26 06:02:03 ::1 GET /Images/orderedList1.png - 1282 - ::1 Mozilla/5.0+(Windows+NT+10.0;+Win64;+x64)+AppleWebKit/537.36+(KHTML,+like+Gecko)+Chrome/62.0.3202.94+Safari/537.36 http://localhost:1282/Content/site.css 304 0 0 4
2017-11-26 06:02:03 ::1 GET /Images/heroAccent.png - 1282 - ::1 Mozilla/5.0+(Windows+NT+10.0;+Win64;+x64)+AppleWebKit/537.36+(KHTML,+like+Gecko)+Chrome/62.0.3202.94+Safari/537.36 http://localhost:1282/Content/site.css 304 0 0 4
2017-11-26 06:02:03 ::1 GET /Images/orderedList2.png - 1282 - ::1 Mozilla/5.0+(Windows+NT+10.0;+Win64;+x64)+AppleWebKit/537.36+(KHTML,+like+Gecko)+Chrome/62.0.3202.94+Safari/537.36 http://localhost:1282/Content/site.css 304 0 0 32
2017-11-26 06:02:03 ::1 GET /Images/orderedList3.png - 1282 - ::1 Mozilla/5.0+(Windows+NT+10.0;+Win64;+x64)+AppleWebKit/537.36+(KHTML,+like+Gecko)+Chrome/62.0.3202.94+Safari/537.36 http://localhost:1282/Content/site.css 304 0 0 40
2017-11-26 06:02:54 ::1 GET /Cascade/Index - 1282 - ::1 Mozilla/5.0+(Windows+NT+10.0;+Win64;+x64)+AppleWebKit/537.36+(KHTML,+like+Gecko)+Chrome/62.0.3202.94+Safari/537.36 - 500 0 0 39516
#Software: Microsoft Internet Information Services 8.0
#Version: 1.0
#Date: 2017-11-26 06:04:12
#Fields: date time s-ip cs-method cs-uri-stem cs-uri-query s-port cs-username c-ip cs(User-Agent) cs(Referer) sc-status sc-substatus sc-win32-status time-taken
2017-11-26 06:04:12 ::1 GET / - 1282 - ::1 Mozilla/5.0+(Windows+NT+10.0;+Win64;+x64)+AppleWebKit/537.36+(KHTML,+like+Gecko)+Chrome/62.0.3202.94+Safari/537.36 - 200 0 0 3355
2017-11-26 06:04:26 ::1 GET /Cascade/Index - 1282 - ::1 Mozilla/5.0+(Windows+NT+10.0;+Win64;+x64)+AppleWebKit/537.36+(KHTML,+like+Gecko)+Chrome/62.0.3202.94+Safari/537.36 - 200 0 0 1937
2017-11-26 06:04:26 ::1 GET /Images/accent.png - 1282 - ::1 Mozilla/5.0+(Windows+NT+10.0;+Win64;+x64)+AppleWebKit/537.36+(KHTML,+like+Gecko)+Chrome/62.0.3202.94+Safari/537.36 http://localhost:1282/Content/site.css 304 0 0 3
#Software: Microsoft Internet Information Services 8.0
#Version: 1.0
#Date: 2017-11-26 06:05:49
#Fields: date time s-ip cs-method cs-uri-stem cs-uri-query s-port cs-username c-ip cs(User-Agent) cs(Referer) sc-status sc-substatus sc-win32-status time-taken
2017-11-26 06:05:49 ::1 GET / - 1282 - ::1 Mozilla/5.0+(Windows+NT+10.0;+Win64;+x64)+AppleWebKit/537.36+(KHTML,+like+Gecko)+Chrome/62.0.3202.94+Safari/537.36 - 200 0 0 3251
2017-11-26 06:05:55 ::1 GET /Cascade/Index - 1282 - ::1 Mozilla/5.0+(Windows+NT+10.0;+Win64;+x64)+AppleWebKit/537.36+(KHTML,+like+Gecko)+Chrome/62.0.3202.94+Safari/537.36 - 200 0 0 1927
#Software: Microsoft Internet Information Services 8.0
#Version: 1.0
#Date: 2017-11-26 06:30:56
#Fields: date time s-ip cs-method cs-uri-stem cs-uri-query s-port cs-username c-ip cs(User-Agent) cs(Referer) sc-status sc-substatus sc-win32-status time-taken
2017-11-26 06:30:56 ::1 GET / - 1282 - ::1 Mozilla/5.0+(Windows+NT+10.0;+Win64;+x64)+AppleWebKit/537.36+(KHTML,+like+Gecko)+Chrome/62.0.3202.94+Safari/537.36 - 200 0 0 7444
2017-11-26 06:30:56 ::1 GET /Content/site.css - 1282 - ::1 Mozilla/5.0+(Windows+NT+10.0;+Win64;+x64)+AppleWebKit/537.36+(KHTML,+like+Gecko)+Chrome/62.0.3202.94+Safari/537.36 http://localhost:1282/ 304 0 0 8
2017-11-26 06:30:56 ::1 GET /Scripts/modernizr-2.5.3.js - 1282 - ::1 Mozilla/5.0+(Windows+NT+10.0;+Win64;+x64)+AppleWebKit/537.36+(KHTML,+like+Gecko)+Chrome/62.0.3202.94+Safari/537.36 http://localhost:1282/ 304 0 0 8
2017-11-26 06:30:56 ::1 GET /Scripts/jquery-1.7.1.js - 1282 - ::1 Mozilla/5.0+(Windows+NT+10.0;+Win64;+x64)+AppleWebKit/537.36+(KHTML,+like+Gecko)+Chrome/62.0.3202.94+Safari/537.36 http://localhost:1282/ 304 0 0 16
2017-11-26 06:30:56 ::1 GET /Home/CountiesIndex - 1282 - ::1 Mozilla/5.0+(Windows+NT+10.0;+Win64;+x64)+AppleWebKit/537.36+(KHTML,+like+Gecko)+Chrome/62.0.3202.94+Safari/537.36 - 404 0 0 92
2017-11-26 06:30:56 ::1 GET /Images/orderedList1.png - 1282 - ::1 Mozilla/5.0+(Windows+NT+10.0;+Win64;+x64)+AppleWebKit/537.36+(KHTML,+like+Gecko)+Chrome/62.0.3202.94+Safari/537.36 http://localhost:1282/Content/site.css 304 0 0 3
2017-11-26 06:30:56 ::1 GET /Images/heroAccent.png - 1282 - ::1 Mozilla/5.0+(Windows+NT+10.0;+Win64;+x64)+AppleWebKit/537.36+(KHTML,+like+Gecko)+Chrome/62.0.3202.94+Safari/537.36 http://localhost:1282/Content/site.css 304 0 0 3
2017-11-26 06:30:56 ::1 GET /Images/orderedList3.png - 1282 - ::1 Mozilla/5.0+(Windows+NT+10.0;+Win64;+x64)+AppleWebKit/537.36+(KHTML,+like+Gecko)+Chrome/62.0.3202.94+Safari/537.36 http://localhost:1282/Content/site.css 304 0 0 3
2017-11-26 06:30:56 ::1 GET /Images/orderedList2.png - 1282 - ::1 Mozilla/5.0+(Windows+NT+10.0;+Win64;+x64)+AppleWebKit/537.36+(KHTML,+like+Gecko)+Chrome/62.0.3202.94+Safari/537.36 http://localhost:1282/Content/site.css 304 0 0 3
2017-11-26 06:31:00 ::1 GET /Home/CountiesIndex - 1282 - ::1 Mozilla/5.0+(Windows+NT+10.0;+Win64;+x64)+AppleWebKit/537.36+(KHTML,+like+Gecko)+Chrome/62.0.3202.94+Safari/537.36 - 404 0 0 36
2017-11-26 06:31:09 ::1 GET /Home/CountiesIndex - 1282 - ::1 Mozilla/5.0+(Windows+NT+10.0;+Win64;+x64)+AppleWebKit/537.36+(KHTML,+like+Gecko)+Chrome/62.0.3202.94+Safari/537.36 - 404 0 0 52
2017-11-26 06:31:21 ::1 GET /Home/CountiesIndex - 1282 - ::1 Mozilla/5.0+(Windows+NT+10.0;+Win64;+x64)+AppleWebKit/537.36+(KHTML,+like+Gecko)+Chrome/62.0.3202.94+Safari/537.36 - 404 0 0 50
#Software: Microsoft Internet Information Services 8.0
#Version: 1.0
#Date: 2017-11-26 06:31:58
#Fields: date time s-ip cs-method cs-uri-stem cs-uri-query s-port cs-username c-ip cs(User-Agent) cs(Referer) sc-status sc-substatus sc-win32-status time-taken
2017-11-26 06:31:58 ::1 GET /Home/CountiesIndex - 1282 - ::1 Mozilla/5.0+(Windows+NT+10.0;+Win64;+x64)+AppleWebKit/537.36+(KHTML,+like+Gecko)+Chrome/62.0.3202.94+Safari/537.36 - 404 0 0 575
2017-11-26 06:32:02 ::1 GET / - 1282 - ::1 Mozilla/5.0+(Windows+NT+10.0;+Win64;+x64)+AppleWebKit/537.36+(KHTML,+like+Gecko)+Chrome/62.0.3202.94+Safari/537.36 - 200 0 0 7458
2017-11-26 06:32:02 ::1 GET /Home/CountiesIndex - 1282 - ::1 Mozilla/5.0+(Windows+NT+10.0;+Win64;+x64)+AppleWebKit/537.36+(KHTML,+like+Gecko)+Chrome/62.0.3202.94+Safari/537.36 - 404 0 0 60
2017-11-26 06:32:37 ::1 GET /Home/CountiesIndex - 1282 - ::1 Mozilla/5.0+(Windows+NT+10.0;+Win64;+x64)+AppleWebKit/537.36+(KHTML,+like+Gecko)+Chrome/62.0.3202.94+Safari/537.36 - 404 0 0 52
2017-11-26 06:32:41 ::1 GET /Home/CountiesIndex - 1282 - ::1 Mozilla/5.0+(Windows+NT+10.0;+Win64;+x64)+AppleWebKit/537.36+(KHTML,+like+Gecko)+Chrome/62.0.3202.94+Safari/537.36 - 404 0 0 52
2017-11-26 06:33:03 ::1 GET /Home/Index - 1282 - ::1 Mozilla/5.0+(Windows+NT+10.0;+Win64;+x64)+AppleWebKit/537.36+(KHTML,+like+Gecko)+Chrome/62.0.3202.94+Safari/537.36 - 200 0 0 7
2017-11-26 06:33:16 ::1 GET /Cascade/Index - 1282 - ::1 Mozilla/5.0+(Windows+NT+10.0;+Win64;+x64)+AppleWebKit/537.36+(KHTML,+like+Gecko)+Chrome/62.0.3202.94+Safari/537.36 - 500 0 0 684
2017-11-26 06:36:56 ::1 GET /Cascade/Index - 1282 - ::1 Mozilla/5.0+(Windows+NT+10.0;+Win64;+x64)+AppleWebKit/537.36+(KHTML,+like+Gecko)+Chrome/62.0.3202.94+Safari/537.36 - 500 0 0 244
#Software: Microsoft Internet Information Services 8.0
#Version: 1.0
#Date: 2017-11-26 06:37:37
#Fields: date time s-ip cs-method cs-uri-stem cs-uri-query s-port cs-username c-ip cs(User-Agent) cs(Referer) sc-status sc-substatus sc-win32-status time-taken
2017-11-26 06:37:37 ::1 GET / - 1282 - ::1 Mozilla/5.0+(Windows+NT+10.0;+Win64;+x64)+AppleWebKit/537.36+(KHTML,+like+Gecko)+Chrome/62.0.3202.94+Safari/537.36 - 200 0 0 3043
2017-11-26 06:37:45 ::1 GET /Cascade/Index - 1282 - ::1 Mozilla/5.0+(Windows+NT+10.0;+Win64;+x64)+AppleWebKit/537.36+(KHTML,+like+Gecko)+Chrome/62.0.3202.94+Safari/537.36 - 500 0 0 1423
2017-11-26 06:37:56 ::1 GET /Cascade/Index - 1282 - ::1 Mozilla/5.0+(Windows+NT+10.0;+Win64;+x64)+AppleWebKit/537.36+(KHTML,+like+Gecko)+Chrome/62.0.3202.94+Safari/537.36 - 500 0 0 204
2017-11-26 06:39:29 ::1 GET /Cascade/Index - 1282 - ::1 Mozilla/5.0+(Windows+NT+10.0;+Win64;+x64)+AppleWebKit/537.36+(KHTML,+like+Gecko)+Chrome/62.0.3202.94+Safari/537.36 - 500 0 0 190
2017-11-26 06:39:37 ::1 GET /Cascade/Index - 1282 - ::1 Mozilla/5.0+(Windows+NT+10.0;+Win64;+x64)+AppleWebKit/537.36+(KHTML,+like+Gecko)+Chrome/62.0.3202.94+Safari/537.36 - 500 0 0 232
#Software: Microsoft Internet Information Services 8.0
#Version: 1.0
#Date: 2017-11-26 06:40:00
#Fields: date time s-ip cs-method cs-uri-stem cs-uri-query s-port cs-username c-ip cs(User-Agent) cs(Referer) sc-status sc-substatus sc-win32-status time-taken
2017-11-26 06:40:00 ::1 GET / - 1282 - ::1 Mozilla/5.0+(Windows+NT+10.0;+Win64;+x64)+AppleWebKit/537.36+(KHTML,+like+Gecko)+Chrome/62.0.3202.94+Safari/537.36 - 200 0 0 3261
2017-11-26 06:40:00 ::1 GET /Scripts/modernizr-2.5.3.js - 1282 - ::1 Mozilla/5.0+(Windows+NT+10.0;+Win64;+x64)+AppleWebKit/537.36+(KHTML,+like+Gecko)+Chrome/62.0.3202.94+Safari/537.36 http://localhost:1282/ 304 0 0 7
2017-11-26 06:40:00 ::1 GET /Scripts/jquery-1.7.1.js - 1282 - ::1 Mozilla/5.0+(Windows+NT+10.0;+Win64;+x64)+AppleWebKit/537.36+(KHTML,+like+Gecko)+Chrome/62.0.3202.94+Safari/537.36 http://localhost:1282/ 304 0 0 7
2017-11-26 06:40:00 ::1 GET /Content/site.css - 1282 - ::1 Mozilla/5.0+(Windows+NT+10.0;+Win64;+x64)+AppleWebKit/537.36+(KHTML,+like+Gecko)+Chrome/62.0.3202.94+Safari/537.36 http://localhost:1282/ 304 0 0 7
2017-11-26 06:40:00 ::1 GET /Images/orderedList1.png - 1282 - ::1 Mozilla/5.0+(Windows+NT+10.0;+Win64;+x64)+AppleWebKit/537.36+(KHTML,+like+Gecko)+Chrome/62.0.3202.94+Safari/537.36 http://localhost:1282/Content/site.css 304 0 0 4
2017-11-26 06:40:00 ::1 GET /Images/heroAccent.png - 1282 - ::1 Mozilla/5.0+(Windows+NT+10.0;+Win64;+x64)+AppleWebKit/537.36+(KHTML,+like+Gecko)+Chrome/62.0.3202.94+Safari/537.36 http://localhost:1282/Content/site.css 304 0 0 4
2017-11-26 06:40:00 ::1 GET /Images/orderedList2.png - 1282 - ::1 Mozilla/5.0+(Windows+NT+10.0;+Win64;+x64)+AppleWebKit/537.36+(KHTML,+like+Gecko)+Chrome/62.0.3202.94+Safari/537.36 http://localhost:1282/Content/site.css 304 0 0 20
2017-11-26 06:40:00 ::1 GET /Images/orderedList3.png - 1282 - ::1 Mozilla/5.0+(Windows+NT+10.0;+Win64;+x64)+AppleWebKit/537.36+(KHTML,+like+Gecko)+Chrome/62.0.3202.94+Safari/537.36 http://localhost:1282/Content/site.css 304 0 0 36
2017-11-26 06:40:12 ::1 GET /Cascade/Index - 1282 - ::1 Mozilla/5.0+(Windows+NT+10.0;+Win64;+x64)+AppleWebKit/537.36+(KHTML,+like+Gecko)+Chrome/62.0.3202.94+Safari/537.36 - 500 0 0 1455
#Software: Microsoft Internet Information Services 8.0
#Version: 1.0
#Date: 2017-11-26 06:44:12
#Fields: date time s-ip cs-method cs-uri-stem cs-uri-query s-port cs-username c-ip cs(User-Agent) cs(Referer) sc-status sc-substatus sc-win32-status time-taken
2017-11-26 06:44:12 ::1 GET / - 1282 - ::1 Mozilla/5.0+(Windows+NT+10.0;+Win64;+x64)+AppleWebKit/537.36+(KHTML,+like+Gecko)+Chrome/62.0.3202.94+Safari/537.36 - 200 0 0 7531
2017-11-26 06:44:16 ::1 GET /Cascade/Index - 1282 - ::1 Mozilla/5.0+(Windows+NT+10.0;+Win64;+x64)+AppleWebKit/537.36+(KHTML,+like+Gecko)+Chrome/62.0.3202.94+Safari/537.36 - 500 0 0 819
2017-11-26 06:44:24 ::1 GET /Cascade/Index - 1282 - ::1 Mozilla/5.0+(Windows+NT+10.0;+Win64;+x64)+AppleWebKit/537.36+(KHTML,+like+Gecko)+Chrome/62.0.3202.94+Safari/537.36 - 500 0 0 253
2017-11-26 06:44:38 ::1 GET /Cascade/Index - 1282 - ::1 Mozilla/5.0+(Windows+NT+10.0;+Win64;+x64)+AppleWebKit/537.36+(KHTML,+like+Gecko)+Chrome/62.0.3202.94+Safari/537.36 - 500 0 0 244
#Software: Microsoft Internet Information Services 8.0
#Version: 1.0
#Date: 2017-11-26 06:48:39
#Fields: date time s-ip cs-method cs-uri-stem cs-uri-query s-port cs-username c-ip cs(User-Agent) cs(Referer) sc-status sc-substatus sc-win32-status time-taken
2017-11-26 06:48:39 ::1 GET / - 1282 - ::1 Mozilla/5.0+(Windows+NT+10.0;+Win64;+x64)+AppleWebKit/537.36+(KHTML,+like+Gecko)+Chrome/62.0.3202.94+Safari/537.36 - 200 0 0 3275
2017-11-26 06:48:44 ::1 GET /Cascade/Index - 1282 - ::1 Mozilla/5.0+(Windows+NT+10.0;+Win64;+x64)+AppleWebKit/537.36+(KHTML,+like+Gecko)+Chrome/62.0.3202.94+Safari/537.36 - 500 0 0 1449
#Software: Microsoft Internet Information Services 8.0
#Version: 1.0
#Date: 2017-11-26 07:14:17
#Fields: date time s-ip cs-method cs-uri-stem cs-uri-query s-port cs-username c-ip cs(User-Agent) cs(Referer) sc-status sc-substatus sc-win32-status time-taken
2017-11-26 07:14:17 ::1 GET /Cascade/Index - 1282 - ::1 Mozilla/5.0+(Windows+NT+10.0;+Win64;+x64)+AppleWebKit/537.36+(KHTML,+like+Gecko)+Chrome/62.0.3202.94+Safari/537.36 - 500 0 0 49463
2017-11-26 07:14:17 ::1 GET / - 1282 - ::1 Mozilla/5.0+(Windows+NT+10.0;+Win64;+x64)+AppleWebKit/537.36+(KHTML,+like+Gecko)+Chrome/62.0.3202.94+Safari/537.36 - 200 0 64 55717
#Software: Microsoft Internet Information Services 8.0
#Version: 1.0
#Date: 2017-11-26 07:32:44
#Fields: date time s-ip cs-method cs-uri-stem cs-uri-query s-port cs-username c-ip cs(User-Agent) cs(Referer) sc-status sc-substatus sc-win32-status time-taken
2017-11-26 07:32:44 ::1 GET / - 1282 - ::1 Mozilla/5.0+(Windows+NT+10.0;+Win64;+x64)+AppleWebKit/537.36+(KHTML,+like+Gecko)+Chrome/62.0.3202.94+Safari/537.36 - 200 0 0 7846
2017-11-26 07:32:44 ::1 GET /Scripts/modernizr-2.5.3.js - 1282 - ::1 Mozilla/5.0+(Windows+NT+10.0;+Win64;+x64)+AppleWebKit/537.36+(KHTML,+like+Gecko)+Chrome/62.0.3202.94+Safari/537.36 http://localhost:1282/ 304 0 0 17
2017-11-26 07:32:44 ::1 GET /Content/site.css - 1282 - ::1 Mozilla/5.0+(Windows+NT+10.0;+Win64;+x64)+AppleWebKit/537.36+(KHTML,+like+Gecko)+Chrome/62.0.3202.94+Safari/537.36 http://localhost:1282/ 304 0 0 17
2017-11-26 07:32:44 ::1 GET /Scripts/jquery-1.7.1.js - 1282 - ::1 Mozilla/5.0+(Windows+NT+10.0;+Win64;+x64)+AppleWebKit/537.36+(KHTML,+like+Gecko)+Chrome/62.0.3202.94+Safari/537.36 http://localhost:1282/ 304 0 0 21
2017-11-26 07:32:44 ::1 GET /Images/heroAccent.png - 1282 - ::1 Mozilla/5.0+(Windows+NT+10.0;+Win64;+x64)+AppleWebKit/537.36+(KHTML,+like+Gecko)+Chrome/62.0.3202.94+Safari/537.36 http://localhost:1282/Content/site.css 304 0 0 11
2017-11-26 07:32:44 ::1 GET /Images/orderedList1.png - 1282 - ::1 Mozilla/5.0+(Windows+NT+10.0;+Win64;+x64)+AppleWebKit/537.36+(KHTML,+like+Gecko)+Chrome/62.0.3202.94+Safari/537.36 http://localhost:1282/Content/site.css 304 0 0 11
2017-11-26 07:32:44 ::1 GET /Images/orderedList2.png - 1282 - ::1 Mozilla/5.0+(Windows+NT+10.0;+Win64;+x64)+AppleWebKit/537.36+(KHTML,+like+Gecko)+Chrome/62.0.3202.94+Safari/537.36 http://localhost:1282/Content/site.css 304 0 0 32
2017-11-26 07:32:44 ::1 GET /Images/orderedList3.png - 1282 - ::1 Mozilla/5.0+(Windows+NT+10.0;+Win64;+x64)+AppleWebKit/537.36+(KHTML,+like+Gecko)+Chrome/62.0.3202.94+Safari/537.36 http://localhost:1282/Content/site.css 304 0 0 50
2017-11-26 07:33:20 ::1 GET /Cascade/Index - 1282 - ::1 Mozilla/5.0+(Windows+NT+10.0;+Win64;+x64)+AppleWebKit/537.36+(KHTML,+like+Gecko)+Chrome/62.0.3202.94+Safari/537.36 - 500 0 0 3368
2017-11-26 07:33:20 ::1 GET /favicon.ico - 1282 - ::1 Mozilla/5.0+(Windows+NT+10.0;+Win64;+x64)+AppleWebKit/537.36+(KHTML,+like+Gecko)+Chrome/62.0.3202.94+Safari/537.36 http://localhost:1282/Cascade/Index 200 0 0 23
#Software: Microsoft Internet Information Services 8.0
#Version: 1.0
#Date: 2017-11-26 07:35:22
#Fields: date time s-ip cs-method cs-uri-stem cs-uri-query s-port cs-username c-ip cs(User-Agent) cs(Referer) sc-status sc-substatus sc-win32-status time-taken
2017-11-26 07:35:22 ::1 GET / - 1282 - ::1 Mozilla/5.0+(Windows+NT+10.0;+Win64;+x64)+AppleWebKit/537.36+(KHTML,+like+Gecko)+Chrome/62.0.3202.94+Safari/537.36 - 200 0 0 3460
2017-11-26 07:35:22 ::1 GET /Scripts/modernizr-2.5.3.js - 1282 - ::1 Mozilla/5.0+(Windows+NT+10.0;+Win64;+x64)+AppleWebKit/537.36+(KHTML,+like+Gecko)+Chrome/62.0.3202.94+Safari/537.36 http://localhost:1282/ 200 0 0 45
2017-11-26 07:35:22 ::1 GET /Content/site.css - 1282 - ::1 Mozilla/5.0+(Windows+NT+10.0;+Win64;+x64)+AppleWebKit/537.36+(KHTML,+like+Gecko)+Chrome/62.0.3202.94+Safari/537.36 http://localhost:1282/ 200 0 0 48
2017-11-26 07:35:22 ::1 GET /Scripts/jquery-1.7.1.js - 1282 - ::1 Mozilla/5.0+(Windows+NT+10.0;+Win64;+x64)+AppleWebKit/537.36+(KHTML,+like+Gecko)+Chrome/62.0.3202.94+Safari/537.36 http://localhost:1282/ 200 0 0 138
2017-11-26 07:35:22 ::1 GET /Images/heroAccent.png - 1282 - ::1 Mozilla/5.0+(Windows+NT+10.0;+Win64;+x64)+AppleWebKit/537.36+(KHTML,+like+Gecko)+Chrome/62.0.3202.94+Safari/537.36 http://localhost:1282/Content/site.css 200 0 0 2
2017-11-26 07:35:22 ::1 GET /Images/orderedList1.png - 1282 - ::1 Mozilla/5.0+(Windows+NT+10.0;+Win64;+x64)+AppleWebKit/537.36+(KHTML,+like+Gecko)+Chrome/62.0.3202.94+Safari/537.36 http://localhost:1282/Content/site.css 200 0 0 3
2017-11-26 07:35:22 ::1 GET /Images/orderedList3.png - 1282 - ::1 Mozilla/5.0+(Windows+NT+10.0;+Win64;+x64)+AppleWebKit/537.36+(KHTML,+like+Gecko)+Chrome/62.0.3202.94+Safari/537.36 http://localhost:1282/Content/site.css 200 0 0 99
2017-11-26 07:35:22 ::1 GET /Images/orderedList2.png - 1282 - ::1 Mozilla/5.0+(Windows+NT+10.0;+Win64;+x64)+AppleWebKit/537.36+(KHTML,+like+Gecko)+Chrome/62.0.3202.94+Safari/537.36 http://localhost:1282/Content/site.css 200 0 0 114
2017-11-26 07:35:31 ::1 GET /Cascade/Index - 1282 - ::1 Mozilla/5.0+(Windows+NT+10.0;+Win64;+x64)+AppleWebKit/537.36+(KHTML,+like+Gecko)+Chrome/62.0.3202.94+Safari/537.36 - 500 0 0 3331
#Software: Microsoft Internet Information Services 8.0
#Version: 1.0
#Date: 2017-11-26 10:24:18
#Fields: date time s-ip cs-method cs-uri-stem cs-uri-query s-port cs-username c-ip cs(User-Agent) cs(Referer) sc-status sc-substatus sc-win32-status time-taken
2017-11-26 10:24:18 ::1 GET / - 1282 - ::1 Mozilla/5.0+(Windows+NT+10.0;+Win64;+x64)+AppleWebKit/537.36+(KHTML,+like+Gecko)+Chrome/62.0.3202.94+Safari/537.36 - 200 0 0 7698
2017-11-26 10:24:18 ::1 GET /Content/site.css - 1282 - ::1 Mozilla/5.0+(Windows+NT+10.0;+Win64;+x64)+AppleWebKit/537.36+(KHTML,+like+Gecko)+Chrome/62.0.3202.94+Safari/537.36 http://localhost:1282/ 304 0 0 11
2017-11-26 10:24:18 ::1 GET /Scripts/modernizr-2.5.3.js - 1282 - ::1 Mozilla/5.0+(Windows+NT+10.0;+Win64;+x64)+AppleWebKit/537.36+(KHTML,+like+Gecko)+Chrome/62.0.3202.94+Safari/537.36 http://localhost:1282/ 304 0 0 16
2017-11-26 10:24:18 ::1 GET /Scripts/jquery-1.7.1.js - 1282 - ::1 Mozilla/5.0+(Windows+NT+10.0;+Win64;+x64)+AppleWebKit/537.36+(KHTML,+like+Gecko)+Chrome/62.0.3202.94+Safari/537.36 http://localhost:1282/ 304 0 0 19
2017-11-26 10:24:18 ::1 GET /Images/heroAccent.png - 1282 - ::1 Mozilla/5.0+(Windows+NT+10.0;+Win64;+x64)+AppleWebKit/537.36+(KHTML,+like+Gecko)+Chrome/62.0.3202.94+Safari/537.36 http://localhost:1282/Content/site.css 304 0 0 8
2017-11-26 10:24:18 ::1 GET /Images/orderedList1.png - 1282 - ::1 Mozilla/5.0+(Windows+NT+10.0;+Win64;+x64)+AppleWebKit/537.36+(KHTML,+like+Gecko)+Chrome/62.0.3202.94+Safari/537.36 http://localhost:1282/Content/site.css 304 0 0 8
2017-11-26 10:24:18 ::1 GET /Images/orderedList3.png - 1282 - ::1 Mozilla/5.0+(Windows+NT+10.0;+Win64;+x64)+AppleWebKit/537.36+(KHTML,+like+Gecko)+Chrome/62.0.3202.94+Safari/537.36 http://localhost:1282/Content/site.css 304 0 0 36
2017-11-26 10:24:18 ::1 GET /Images/orderedList2.png - 1282 - ::1 Mozilla/5.0+(Windows+NT+10.0;+Win64;+x64)+AppleWebKit/537.36+(KHTML,+like+Gecko)+Chrome/62.0.3202.94+Safari/537.36 http://localhost:1282/Content/site.css 304 0 0 56
2017-11-26 10:24:30 ::1 GET /Cascade/Index - 1282 - ::1 Mozilla/5.0+(Windows+NT+10.0;+Win64;+x64)+AppleWebKit/537.36+(KHTML,+like+Gecko)+Chrome/62.0.3202.94+Safari/537.36 - 500 0 0 3622
#Software: Microsoft Internet Information Services 8.0
#Version: 1.0
#Date: 2017-11-26 10:25:36
#Fields: date time s-ip cs-method cs-uri-stem cs-uri-query s-port cs-username c-ip cs(User-Agent) cs(Referer) sc-status sc-substatus sc-win32-status time-taken
2017-11-26 10:25:36 ::1 GET /Cascade/Index - 1282 - ::1 Mozilla/5.0+(Windows+NT+10.0;+Win64;+x64)+AppleWebKit/537.36+(KHTML,+like+Gecko)+Chrome/62.0.3202.94+Safari/537.36 - 200 0 0 6656
2017-11-26 10:25:36 ::1 GET / - 1282 - ::1 Mozilla/5.0+(Windows+NT+10.0;+Win64;+x64)+AppleWebKit/537.36+(KHTML,+like+Gecko)+Chrome/62.0.3202.94+Safari/537.36 - 200 0 0 10942
2017-11-26 10:25:36 ::1 GET /Images/accent.png - 1282 - ::1 Mozilla/5.0+(Windows+NT+10.0;+Win64;+x64)+AppleWebKit/537.36+(KHTML,+like+Gecko)+Chrome/62.0.3202.94+Safari/537.36 http://localhost:1282/Content/site.css 200 0 0 8
#Software: Microsoft Internet Information Services 8.0
#Version: 1.0
#Date: 2017-11-26 13:27:54
#Fields: date time s-ip cs-method cs-uri-stem cs-uri-query s-port cs-username c-ip cs(User-Agent) cs(Referer) sc-status sc-substatus sc-win32-status time-taken
2017-11-26 13:27:54 ::1 GET / - 1282 - ::1 Mozilla/5.0+(Windows+NT+10.0;+Win64;+x64)+AppleWebKit/537.36+(KHTML,+like+Gecko)+Chrome/62.0.3202.94+Safari/537.36 - 200 0 0 7467
2017-11-26 13:27:54 ::1 GET /Content/site.css - 1282 - ::1 Mozilla/5.0+(Windows+NT+10.0;+Win64;+x64)+AppleWebKit/537.36+(KHTML,+like+Gecko)+Chrome/62.0.3202.94+Safari/537.36 http://localhost:1282/ 304 0 0 12
2017-11-26 13:27:54 ::1 GET /Scripts/jquery-1.7.1.js - 1282 - ::1 Mozilla/5.0+(Windows+NT+10.0;+Win64;+x64)+AppleWebKit/537.36+(KHTML,+like+Gecko)+Chrome/62.0.3202.94+Safari/537.36 http://localhost:1282/ 304 0 0 12
2017-11-26 13:27:54 ::1 GET /Scripts/modernizr-2.5.3.js - 1282 - ::1 Mozilla/5.0+(Windows+NT+10.0;+Win64;+x64)+AppleWebKit/537.36+(KHTML,+like+Gecko)+Chrome/62.0.3202.94+Safari/537.36 http://localhost:1282/ 304 0 0 12
2017-11-26 13:27:54 ::1 GET /Images/heroAccent.png - 1282 - ::1 Mozilla/5.0+(Windows+NT+10.0;+Win64;+x64)+AppleWebKit/537.36+(KHTML,+like+Gecko)+Chrome/62.0.3202.94+Safari/537.36 http://localhost:1282/Content/site.css 304 0 0 4
2017-11-26 13:27:54 ::1 GET /Images/orderedList1.png - 1282 - ::1 Mozilla/5.0+(Windows+NT+10.0;+Win64;+x64)+AppleWebKit/537.36+(KHTML,+like+Gecko)+Chrome/62.0.3202.94+Safari/537.36 http://localhost:1282/Content/site.css 304 0 0 8
2017-11-26 13:27:54 ::1 GET /Images/orderedList2.png - 1282 - ::1 Mozilla/5.0+(Windows+NT+10.0;+Win64;+x64)+AppleWebKit/537.36+(KHTML,+like+Gecko)+Chrome/62.0.3202.94+Safari/537.36 http://localhost:1282/Content/site.css 304 0 0 12
2017-11-26 13:27:54 ::1 GET /Images/orderedList3.png - 1282 - ::1 Mozilla/5.0+(Windows+NT+10.0;+Win64;+x64)+AppleWebKit/537.36+(KHTML,+like+Gecko)+Chrome/62.0.3202.94+Safari/537.36 http://localhost:1282/Content/site.css 304 0 0 32
2017-11-26 13:28:13 ::1 GET /Cascade/Index - 1282 - ::1 Mozilla/5.0+(Windows+NT+10.0;+Win64;+x64)+AppleWebKit/537.36+(KHTML,+like+Gecko)+Chrome/62.0.3202.94+Safari/537.36 - 500 0 0 14564
#Software: Microsoft Internet Information Services 8.0
#Version: 1.0
#Date: 2017-11-26 13:31:52
#Fields: date time s-ip cs-method cs-uri-stem cs-uri-query s-port cs-username c-ip cs(User-Agent) cs(Referer) sc-status sc-substatus sc-win32-status time-taken
2017-11-26 13:31:52 ::1 GET / - 1282 - ::1 Mozilla/5.0+(Windows+NT+10.0;+Win64;+x64)+AppleWebKit/537.36+(KHTML,+like+Gecko)+Chrome/62.0.3202.94+Safari/537.36 - 200 0 0 3457
2017-11-26 13:32:11 ::1 GET /Cascade/Index - 1282 - ::1 Mozilla/5.0+(Windows+NT+10.0;+Win64;+x64)+AppleWebKit/537.36+(KHTML,+like+Gecko)+Chrome/62.0.3202.94+Safari/537.36 - 500 0 0 15167
#Software: Microsoft Internet Information Services 8.0
#Version: 1.0
#Date: 2017-11-26 13:33:43
#Fields: date time s-ip cs-method cs-uri-stem cs-uri-query s-port cs-username c-ip cs(User-Agent) cs(Referer) sc-status sc-substatus sc-win32-status time-taken
2017-11-26 13:33:43 ::1 GET / - 1282 - ::1 Mozilla/5.0+(Windows+NT+10.0;+Win64;+x64)+AppleWebKit/537.36+(KHTML,+like+Gecko)+Chrome/62.0.3202.94+Safari/537.36 - 200 0 0 3024
2017-11-26 13:33:54 ::1 GET /Cascade/Index - 1282 - ::1 Mozilla/5.0+(Windows+NT+10.0;+Win64;+x64)+AppleWebKit/537.36+(KHTML,+like+Gecko)+Chrome/62.0.3202.94+Safari/537.36 - 200 0 0 2125
2017-11-26 13:33:54 ::1 GET /Images/accent.png - 1282 - ::1 Mozilla/5.0+(Windows+NT+10.0;+Win64;+x64)+AppleWebKit/537.36+(KHTML,+like+Gecko)+Chrome/62.0.3202.94+Safari/537.36 http://localhost:1282/Content/site.css 304 0 0 8
2017-11-26 13:33:54 ::1 GET /Scripts/jquery-1.7.1.min.js - 1282 - ::1 Mozilla/5.0+(Windows+NT+10.0;+Win64;+x64)+AppleWebKit/537.36+(KHTML,+like+Gecko)+Chrome/62.0.3202.94+Safari/537.36 http://localhost:1282/Cascade/Index 200 0 0 100
2017-11-26 13:33:58 ::1 GET /Cascade/GetStatesByCountryId CountryId=1&_=1511703238321 1282 - ::1 Mozilla/5.0+(Windows+NT+10.0;+Win64;+x64)+AppleWebKit/537.36+(KHTML,+like+Gecko)+Chrome/62.0.3202.94+Safari/537.36 http://localhost:1282/Cascade/Index 200 0 0 275
2017-11-26 13:34:04 ::1 GET /Cascade/GetStatesByCountryId CountryId=2&_=1511703244251 1282 - ::1 Mozilla/5.0+(Windows+NT+10.0;+Win64;+x64)+AppleWebKit/537.36+(KHTML,+like+Gecko)+Chrome/62.0.3202.94+Safari/537.36 http://localhost:1282/Cascade/Index 200 0 0 20
2017-11-26 13:34:08 ::1 GET /Cascade/GetStatesByCountryId CountryId=3&_=1511703248591 1282 - ::1 Mozilla/5.0+(Windows+NT+10.0;+Win64;+x64)+AppleWebKit/537.36+(KHTML,+like+Gecko)+Chrome/62.0.3202.94+Safari/537.36 http://localhost:1282/Cascade/Index 200 0 0 16
2017-11-26 13:34:16 ::1 GET /Cascade/GetStatesByCountryId CountryId=2&_=1511703256675 1282 - ::1 Mozilla/5.0+(Windows+NT+10.0;+Win64;+x64)+AppleWebKit/537.36+(KHTML,+like+Gecko)+Chrome/62.0.3202.94+Safari/537.36 http://localhost:1282/Cascade/Index 200 0 0 16
2017-11-26 13:34:20 ::1 GET /Cascade/GetStatesByCountryId CountryId=Selects+items&_=1511703260855 1282 - ::1 Mozilla/5.0+(Windows+NT+10.0;+Win64;+x64)+AppleWebKit/537.36+(KHTML,+like+Gecko)+Chrome/62.0.3202.94+Safari/537.36 http://localhost:1282/Cascade/Index 200 0 0 16
2017-11-26 13:34:24 ::1 GET /Cascade/GetStatesByCountryId CountryId=1&_=1511703264440 1282 - ::1 Mozilla/5.0+(Windows+NT+10.0;+Win64;+x64)+AppleWebKit/537.36+(KHTML,+like+Gecko)+Chrome/62.0.3202.94+Safari/537.36 http://localhost:1282/Cascade/Index 200 0 0 16
#Software: Microsoft Internet Information Services 8.0
#Version: 1.0
#Date: 2017-11-26 13:36:31
#Fields: date time s-ip cs-method cs-uri-stem cs-uri-query s-port cs-username c-ip cs(User-Agent) cs(Referer) sc-status sc-substatus sc-win32-status time-taken
2017-11-26 13:36:31 ::1 GET / - 1282 - ::1 Mozilla/5.0+(Windows+NT+10.0;+Win64;+x64)+AppleWebKit/537.36+(KHTML,+like+Gecko)+Chrome/62.0.3202.94+Safari/537.36 - 200 0 0 3112
2017-11-26 13:36:37 ::1 GET /Cascade/Index - 1282 - ::1 Mozilla/5.0+(Windows+NT+10.0;+Win64;+x64)+AppleWebKit/537.36+(KHTML,+like+Gecko)+Chrome/62.0.3202.94+Safari/537.36 - 200 0 0 1927
2017-11-26 13:36:41 ::1 GET /Cascade/GetStatesByCountryId CountryId=1&_=1511703401505 1282 - ::1 Mozilla/5.0+(Windows+NT+10.0;+Win64;+x64)+AppleWebKit/537.36+(KHTML,+like+Gecko)+Chrome/62.0.3202.94+Safari/537.36 http://localhost:1282/Cascade/Index 200 0 0 67
2017-11-26 13:36:47 ::1 GET /Cascade/GetStatesByCountryId CountryId=2&_=1511703407333 1282 - ::1 Mozilla/5.0+(Windows+NT+10.0;+Win64;+x64)+AppleWebKit/537.36+(KHTML,+like+Gecko)+Chrome/62.0.3202.94+Safari/537.36 http://localhost:1282/Cascade/Index 200 0 0 20
2017-11-26 13:36:50 ::1 GET /Cascade/GetStatesByCountryId CountryId=1&_=1511703410849 1282 - ::1 Mozilla/5.0+(Windows+NT+10.0;+Win64;+x64)+AppleWebKit/537.36+(KHTML,+like+Gecko)+Chrome/62.0.3202.94+Safari/537.36 http://localhost:1282/Cascade/Index 200 0 0 20
2017-11-26 13:37:39 ::1 GET /Cascade/Index - 1282 - ::1 Mozilla/5.0+(Windows+NT+10.0;+Win64;+x64)+AppleWebKit/537.36+(KHTML,+like+Gecko)+Chrome/62.0.3202.94+Safari/537.36 - 200 0 0 1072
2017-11-26 13:37:42 ::1 GET /Cascade/GetStatesByCountryId CountryId=1&_=1511703462338 1282 - ::1 Mozilla/5.0+(Windows+NT+10.0;+Win64;+x64)+AppleWebKit/537.36+(KHTML,+like+Gecko)+Chrome/62.0.3202.94+Safari/537.36 http://localhost:1282/Cascade/Index 200 0 0 19
2017-11-26 13:37:46 ::1 GET /Cascade/GetStatesByCountryId CountryId=Selects+items&_=1511703466392 1282 - ::1 Mozilla/5.0+(Windows+NT+10.0;+Win64;+x64)+AppleWebKit/537.36+(KHTML,+like+Gecko)+Chrome/62.0.3202.94+Safari/537.36 http://localhost:1282/Cascade/Index 200 0 0 20
2017-11-26 13:37:49 ::1 GET /Cascade/GetStatesByCountryId CountryId=2&_=1511703469302 1282 - ::1 Mozilla/5.0+(Windows+NT+10.0;+Win64;+x64)+AppleWebKit/537.36+(KHTML,+like+Gecko)+Chrome/62.0.3202.94+Safari/537.36 http://localhost:1282/Cascade/Index 200 0 0 16
2017-11-26 13:37:53 ::1 GET /Cascade/GetStatesByCountryId CountryId=Selects+items&_=1511703473583 1282 - ::1 Mozilla/5.0+(Windows+NT+10.0;+Win64;+x64)+AppleWebKit/537.36+(KHTML,+like+Gecko)+Chrome/62.0.3202.94+Safari/537.36 http://localhost:1282/Cascade/Index 200 0 0 19
2017-11-26 13:37:55 ::1 GET /Cascade/GetStatesByCountryId CountryId=1&_=1511703475689 1282 - ::1 Mozilla/5.0+(Windows+NT+10.0;+Win64;+x64)+AppleWebKit/537.36+(KHTML,+like+Gecko)+Chrome/62.0.3202.94+Safari/537.36 http://localhost:1282/Cascade/Index 200 0 0 20
#Software: Microsoft Internet Information Services 8.0
#Version: 1.0
#Date: 2017-11-26 13:45:56
#Fields: date time s-ip cs-method cs-uri-stem cs-uri-query s-port cs-username c-ip cs(User-Agent) cs(Referer) sc-status sc-substatus sc-win32-status time-taken
2017-11-26 13:45:56 ::1 GET / - 1282 - ::1 Mozilla/5.0+(Windows+NT+10.0;+Win64;+x64)+AppleWebKit/537.36+(KHTML,+like+Gecko)+Chrome/62.0.3202.94+Safari/537.36 - 200 0 0 3118
2017-11-26 13:46:01 ::1 GET /Cascade/Index - 1282 - ::1 Mozilla/5.0+(Windows+NT+10.0;+Win64;+x64)+AppleWebKit/537.36+(KHTML,+like+Gecko)+Chrome/62.0.3202.94+Safari/537.36 - 200 0 0 2029
2017-11-26 13:46:08 ::1 GET /Cascade/GetStatesByCountryId CountryId=1&_=1511703968071 1282 - ::1 Mozilla/5.0+(Windows+NT+10.0;+Win64;+x64)+AppleWebKit/537.36+(KHTML,+like+Gecko)+Chrome/62.0.3202.94+Safari/537.36 http://localhost:1282/Cascade/Index 200 0 0 60
2017-11-26 13:46:13 ::1 GET /Cascade/GetStatesByCountryId CountryId=Selects+items&_=1511703972996 1282 - ::1 Mozilla/5.0+(Windows+NT+10.0;+Win64;+x64)+AppleWebKit/537.36+(KHTML,+like+Gecko)+Chrome/62.0.3202.94+Safari/537.36 http://localhost:1282/Cascade/Index 200 0 0 19
2017-11-26 13:46:18 ::1 GET /Cascade/GetStatesByCountryId CountryId=1&_=1511703978246 1282 - ::1 Mozilla/5.0+(Windows+NT+10.0;+Win64;+x64)+AppleWebKit/537.36+(KHTML,+like+Gecko)+Chrome/62.0.3202.94+Safari/537.36 http://localhost:1282/Cascade/Index 200 0 0 19
2017-11-26 13:46:36 ::1 GET /Cascade/GetStatesByCountryId CountryId=2&_=1511703996514 1282 - ::1 Mozilla/5.0+(Windows+NT+10.0;+Win64;+x64)+AppleWebKit/537.36+(KHTML,+like+Gecko)+Chrome/62.0.3202.94+Safari/537.36 http://localhost:1282/Cascade/Index 200 0 0 19
2017-11-26 13:46:38 ::1 GET /Cascade/GetStatesByCountryId CountryId=1&_=1511703998749 1282 - ::1 Mozilla/5.0+(Windows+NT+10.0;+Win64;+x64)+AppleWebKit/537.36+(KHTML,+like+Gecko)+Chrome/62.0.3202.94+Safari/537.36 http://localhost:1282/Cascade/Index 200 0 0 19
2017-11-26 13:46:47 ::1 GET /Cascade/GetStatesByCountryId CountryId=Selects+items&_=1511704007207 1282 - ::1 Mozilla/5.0+(Windows+NT+10.0;+Win64;+x64)+AppleWebKit/537.36+(KHTML,+like+Gecko)+Chrome/62.0.3202.94+Safari/537.36 http://localhost:1282/Cascade/Index 200 0 0 19
#Software: Microsoft Internet Information Services 8.0
#Version: 1.0
#Date: 2017-11-26 13:47:34
#Fields: date time s-ip cs-method cs-uri-stem cs-uri-query s-port cs-username c-ip cs(User-Agent) cs(Referer) sc-status sc-substatus sc-win32-status time-taken
2017-11-26 13:47:34 ::1 GET / - 1282 - ::1 Mozilla/5.0+(Windows+NT+10.0;+Win64;+x64)+AppleWebKit/537.36+(KHTML,+like+Gecko)+Chrome/62.0.3202.94+Safari/537.36 - 200 0 0 8176
2017-11-26 13:47:34 ::1 GET /Cascade/Index - 1282 - ::1 Mozilla/5.0+(Windows+NT+10.0;+Win64;+x64)+AppleWebKit/537.36+(KHTML,+like+Gecko)+Chrome/62.0.3202.94+Safari/537.36 - 200 0 0 2250
2017-11-26 13:47:37 ::1 GET /Cascade/GetStatesByCountryId CountryId=1&_=1511704057822 1282 - ::1 Mozilla/5.0+(Windows+NT+10.0;+Win64;+x64)+AppleWebKit/537.36+(KHTML,+like+Gecko)+Chrome/62.0.3202.94+Safari/537.36 http://localhost:1282/Cascade/Index 200 0 0 95
2017-11-26 13:47:44 ::1 GET /Cascade/GetStatesByCountryId CountryId=Selects+items&_=1511704064776 1282 - ::1 Mozilla/5.0+(Windows+NT+10.0;+Win64;+x64)+AppleWebKit/537.36+(KHTML,+like+Gecko)+Chrome/62.0.3202.94+Safari/537.36 http://localhost:1282/Cascade/Index 200 0 0 19
2017-11-26 13:47:47 ::1 GET /Cascade/GetStatesByCountryId CountryId=2&_=1511704067244 1282 - ::1 Mozilla/5.0+(Windows+NT+10.0;+Win64;+x64)+AppleWebKit/537.36+(KHTML,+like+Gecko)+Chrome/62.0.3202.94+Safari/537.36 http://localhost:1282/Cascade/Index 200 0 0 20
2017-11-26 13:48:06 ::1 GET /Cascade/Index - 1282 - ::1 Mozilla/5.0+(Windows+NT+10.0;+Win64;+x64)+AppleWebKit/537.36+(KHTML,+like+Gecko)+Chrome/62.0.3202.94+Safari/537.36 - 200 0 0 24
2017-11-26 13:48:06 ::1 GET /Content/site.css - 1282 - ::1 Mozilla/5.0+(Windows+NT+10.0;+Win64;+x64)+AppleWebKit/537.36+(KHTML,+like+Gecko)+Chrome/62.0.3202.94+Safari/537.36 http://localhost:1282/Cascade/Index 200 0 0 54
2017-11-26 13:48:06 ::1 GET /Scripts/modernizr-2.5.3.js - 1282 - ::1 Mozilla/5.0+(Windows+NT+10.0;+Win64;+x64)+AppleWebKit/537.36+(KHTML,+like+Gecko)+Chrome/62.0.3202.94+Safari/537.36 http://localhost:1282/Cascade/Index 200 0 0 70
2017-11-26 13:48:06 ::1 GET /Scripts/jquery-1.7.1.min.js - 1282 - ::1 Mozilla/5.0+(Windows+NT+10.0;+Win64;+x64)+AppleWebKit/537.36+(KHTML,+like+Gecko)+Chrome/62.0.3202.94+Safari/537.36 http://localhost:1282/Cascade/Index 200 0 0 82
2017-11-26 13:48:06 ::1 GET /Scripts/jquery-1.7.1.js - 1282 - ::1 Mozilla/5.0+(Windows+NT+10.0;+Win64;+x64)+AppleWebKit/537.36+(KHTML,+like+Gecko)+Chrome/62.0.3202.94+Safari/537.36 http://localhost:1282/Cascade/Index 200 0 0 118
2017-11-26 13:48:06 ::1 GET /Images/accent.png - 1282 - ::1 Mozilla/5.0+(Windows+NT+10.0;+Win64;+x64)+AppleWebKit/537.36+(KHTML,+like+Gecko)+Chrome/62.0.3202.94+Safari/537.36 http://localhost:1282/Content/site.css 200 0 0 4
2017-11-26 13:48:09 ::1 GET /Cascade/GetStatesByCountryId CountryId=1&_=1511704089929 1282 - ::1 Mozilla/5.0+(Windows+NT+10.0;+Win64;+x64)+AppleWebKit/537.36+(KHTML,+like+Gecko)+Chrome/62.0.3202.94+Safari/537.36 http://localhost:1282/Cascade/Index 200 0 0 19
2017-11-26 13:48:15 ::1 GET /Cascade/GetStatesByCountryId CountryId=Selects+items&_=1511704095969 1282 - ::1 Mozilla/5.0+(Windows+NT+10.0;+Win64;+x64)+AppleWebKit/537.36+(KHTML,+like+Gecko)+Chrome/62.0.3202.94+Safari/537.36 http://localhost:1282/Cascade/Index 200 0 0 20
2017-11-26 13:48:18 ::1 GET /Cascade/GetStatesByCountryId CountryId=1&_=1511704098031 1282 - ::1 Mozilla/5.0+(Windows+NT+10.0;+Win64;+x64)+AppleWebKit/537.36+(KHTML,+like+Gecko)+Chrome/62.0.3202.94+Safari/537.36 http://localhost:1282/Cascade/Index 200 0 0 19
2017-11-26 13:48:21 ::1 GET /Cascade/GetStatesByCountryId CountryId=2&_=1511704101509 1282 - ::1 Mozilla/5.0+(Windows+NT+10.0;+Win64;+x64)+AppleWebKit/537.36+(KHTML,+like+Gecko)+Chrome/62.0.3202.94+Safari/537.36 http://localhost:1282/Cascade/Index 200 0 0 20
2017-11-26 13:48:24 ::1 GET /Cascade/GetStatesByCountryId CountryId=3&_=1511704104163 1282 - ::1 Mozilla/5.0+(Windows+NT+10.0;+Win64;+x64)+AppleWebKit/537.36+(KHTML,+like+Gecko)+Chrome/62.0.3202.94+Safari/537.36 http://localhost:1282/Cascade/Index 200 0 0 20
2017-11-26 13:48:26 ::1 GET /Cascade/GetStatesByCountryId CountryId=Selects+items&_=1511704106205 1282 - ::1 Mozilla/5.0+(Windows+NT+10.0;+Win64;+x64)+AppleWebKit/537.36+(KHTML,+like+Gecko)+Chrome/62.0.3202.94+Safari/537.36 http://localhost:1282/Cascade/Index 200 0 0 20
2017-11-26 13:48:35 ::1 GET /Cascade/GetStatesByCountryId CountryId=1&_=1511704115715 1282 - ::1 Mozilla/5.0+(Windows+NT+10.0;+Win64;+x64)+AppleWebKit/537.36+(KHTML,+like+Gecko)+Chrome/62.0.3202.94+Safari/537.36 http://localhost:1282/Cascade/Index 200 0 0 20
2017-11-26 13:54:49 ::1 GET /Cascade/Index - 1282 - ::1 Mozilla/5.0+(Windows+NT+10.0;+Win64;+x64)+AppleWebKit/537.36+(KHTML,+like+Gecko)+Chrome/62.0.3202.94+Safari/537.36 - 200 0 0 1111
2017-11-26 13:54:52 ::1 GET /Cascade/GetStatesByCountryId CountryId=1&_=1511704492710 1282 - ::1 Mozilla/5.0+(Windows+NT+10.0;+Win64;+x64)+AppleWebKit/537.36+(KHTML,+like+Gecko)+Chrome/62.0.3202.94+Safari/537.36 http://localhost:1282/Cascade/Index 200 0 0 19
2017-11-26 13:54:55 ::1 GET /Cascade/GetStatesByCountryId CountryId=2&_=1511704495199 1282 - ::1 Mozilla/5.0+(Windows+NT+10.0;+Win64;+x64)+AppleWebKit/537.36+(KHTML,+like+Gecko)+Chrome/62.0.3202.94+Safari/537.36 http://localhost:1282/Cascade/Index 200 0 0 20
2017-11-26 13:54:57 ::1 GET /Cascade/GetStatesByCountryId CountryId=Selects+items&_=1511704497050 1282 - ::1 Mozilla/5.0+(Windows+NT+10.0;+Win64;+x64)+AppleWebKit/537.36+(KHTML,+like+Gecko)+Chrome/62.0.3202.94+Safari/537.36 http://localhost:1282/Cascade/Index 200 0 0 20
2017-11-26 13:55:01 ::1 GET /Cascade/GetStatesByCountryId CountryId=1&_=1511704501479 1282 - ::1 Mozilla/5.0+(Windows+NT+10.0;+Win64;+x64)+AppleWebKit/537.36+(KHTML,+like+Gecko)+Chrome/62.0.3202.94+Safari/537.36 http://localhost:1282/Cascade/Index 200 0 0 20
2017-11-26 13:55:07 ::1 GET /Cascade/GetStatesByCountryId CountryId=2&_=1511704507082 1282 - ::1 Mozilla/5.0+(Windows+NT+10.0;+Win64;+x64)+AppleWebKit/537.36+(KHTML,+like+Gecko)+Chrome/62.0.3202.94+Safari/537.36 http://localhost:1282/Cascade/Index 200 0 0 20
2017-11-26 13:55:10 ::1 GET /Cascade/GetStatesByCountryId CountryId=3&_=1511704510184 1282 - ::1 Mozilla/5.0+(Windows+NT+10.0;+Win64;+x64)+AppleWebKit/537.36+(KHTML,+like+Gecko)+Chrome/62.0.3202.94+Safari/537.36 http://localhost:1282/Cascade/Index 200 0 0 24
2017-11-26 13:56:08 ::1 GET /Cascade/Index - 1282 - ::1 Mozilla/5.0+(Windows+NT+10.0;+Win64;+x64)+AppleWebKit/537.36+(KHTML,+like+Gecko)+Chrome/62.0.3202.94+Safari/537.36 - 200 0 0 23
2017-11-26 13:56:11 ::1 GET /Cascade/GetStatesByCountryId CountryId=3&_=1511704571917 1282 - ::1 Mozilla/5.0+(Windows+NT+10.0;+Win64;+x64)+AppleWebKit/537.36+(KHTML,+like+Gecko)+Chrome/62.0.3202.94+Safari/537.36 http://localhost:1282/Cascade/Index 200 0 0 19
2017-11-26 13:56:19 ::1 GET /Cascade/GetStatesByCountryId CountryId=Selects+items&_=1511704579239 1282 - ::1 Mozilla/5.0+(Windows+NT+10.0;+Win64;+x64)+AppleWebKit/537.36+(KHTML,+like+Gecko)+Chrome/62.0.3202.94+Safari/537.36 http://localhost:1282/Cascade/Index 200 0 0 19
2017-11-26 13:56:22 ::1 GET /Cascade/GetStatesByCountryId CountryId=1&_=1511704582837 1282 - ::1 Mozilla/5.0+(Windows+NT+10.0;+Win64;+x64)+AppleWebKit/537.36+(KHTML,+like+Gecko)+Chrome/62.0.3202.94+Safari/537.36 http://localhost:1282/Cascade/Index 200 0 0 20
2017-11-26 13:57:07 ::1 GET /Cascade/Index - 1282 - ::1 Mozilla/5.0+(Windows+NT+10.0;+Win64;+x64)+AppleWebKit/537.36+(KHTML,+like+Gecko)+Chrome/62.0.3202.94+Safari/537.36 - 200 0 0 24
2017-11-26 13:57:11 ::1 GET /Cascade/GetStatesByCountryId CountryId=3&_=1511704631931 1282 - ::1 Mozilla/5.0+(Windows+NT+10.0;+Win64;+x64)+AppleWebKit/537.36+(KHTML,+like+Gecko)+Chrome/62.0.3202.94+Safari/537.36 http://localhost:1282/Cascade/Index 200 0 0 19
2017-11-26 13:57:16 ::1 GET /Cascade/GetStatesByCountryId CountryId=Selects+items&_=1511704636733 1282 - ::1 Mozilla/5.0+(Windows+NT+10.0;+Win64;+x64)+AppleWebKit/537.36+(KHTML,+like+Gecko)+Chrome/62.0.3202.94+Safari/537.36 http://localhost:1282/Cascade/Index 200 0 0 20
2017-11-26 13:57:20 ::1 GET /Cascade/GetStatesByCountryId CountryId=1&_=1511704640397 1282 - ::1 Mozilla/5.0+(Windows+NT+10.0;+Win64;+x64)+AppleWebKit/537.36+(KHTML,+like+Gecko)+Chrome/62.0.3202.94+Safari/537.36 http://localhost:1282/Cascade/Index 200 0 0 20
#Software: Microsoft Internet Information Services 8.0
#Version: 1.0
#Date: 2017-11-26 14:00:48
#Fields: date time s-ip cs-method cs-uri-stem cs-uri-query s-port cs-username c-ip cs(User-Agent) cs(Referer) sc-status sc-substatus sc-win32-status time-taken
2017-11-26 14:00:48 ::1 GET /Cascade/Index - 1282 - ::1 Mozilla/5.0+(Windows+NT+10.0;+Win64;+x64)+AppleWebKit/537.36+(KHTML,+like+Gecko)+Chrome/62.0.3202.94+Safari/537.36 - 500 0 0 284
2017-11-26 14:00:51 ::1 GET / - 1282 - ::1 Mozilla/5.0+(Windows+NT+10.0;+Win64;+x64)+AppleWebKit/537.36+(KHTML,+like+Gecko)+Chrome/62.0.3202.94+Safari/537.36 - 200 0 64 7965
2017-11-26 14:00:55 ::1 GET /Cascade/Index - 1282 - ::1 Mozilla/5.0+(Windows+NT+10.0;+Win64;+x64)+AppleWebKit/537.36+(KHTML,+like+Gecko)+Chrome/62.0.3202.94+Safari/537.36 - 500 0 0 181
#Software: Microsoft Internet Information Services 8.0
#Version: 1.0
#Date: 2017-11-26 14:01:36
#Fields: date time s-ip cs-method cs-uri-stem cs-uri-query s-port cs-username c-ip cs(User-Agent) cs(Referer) sc-status sc-substatus sc-win32-status time-taken
2017-11-26 14:01:36 ::1 GET /Cascade/Index - 1282 - ::1 Mozilla/5.0+(Windows+NT+10.0;+Win64;+x64)+AppleWebKit/537.36+(KHTML,+like+Gecko)+Chrome/62.0.3202.94+Safari/537.36 - 200 0 0 5507
2017-11-26 14:01:36 ::1 GET / - 1282 - ::1 Mozilla/5.0+(Windows+NT+10.0;+Win64;+x64)+AppleWebKit/537.36+(KHTML,+like+Gecko)+Chrome/62.0.3202.94+Safari/537.36 - 200 0 0 8700
2017-11-26 14:01:39 ::1 GET /Cascade/GetStatesByCountryId CountryId=1&_=1511704899544 1282 - ::1 Mozilla/5.0+(Windows+NT+10.0;+Win64;+x64)+AppleWebKit/537.36+(KHTML,+like+Gecko)+Chrome/62.0.3202.94+Safari/537.36 http://localhost:1282/Cascade/Index 200 0 0 48
2017-11-26 14:01:44 ::1 GET /Cascade/GetStatesByCountryId CountryId=2&_=1511704904262 1282 - ::1 Mozilla/5.0+(Windows+NT+10.0;+Win64;+x64)+AppleWebKit/537.36+(KHTML,+like+Gecko)+Chrome/62.0.3202.94+Safari/537.36 http://localhost:1282/Cascade/Index 200 0 0 20
2017-11-26 14:01:47 ::1 GET /Cascade/GetStatesByCountryId CountryId=3&_=1511704907223 1282 - ::1 Mozilla/5.0+(Windows+NT+10.0;+Win64;+x64)+AppleWebKit/537.36+(KHTML,+like+Gecko)+Chrome/62.0.3202.94+Safari/537.36 http://localhost:1282/Cascade/Index 200 0 0 16
#Software: Microsoft Internet Information Services 8.0
#Version: 1.0
#Date: 2017-11-26 14:04:41
#Fields: date time s-ip cs-method cs-uri-stem cs-uri-query s-port cs-username c-ip cs(User-Agent) cs(Referer) sc-status sc-substatus sc-win32-status time-taken
2017-11-26 14:04:41 ::1 GET /Cascade/Index - 1282 - ::1 Mozilla/5.0+(Windows+NT+10.0;+Win64;+x64)+AppleWebKit/537.36+(KHTML,+like+Gecko)+Chrome/62.0.3202.94+Safari/537.36 - 200 0 0 2317
2017-11-26 14:04:41 ::1 GET / - 1282 - ::1 Mozilla/5.0+(Windows+NT+10.0;+Win64;+x64)+AppleWebKit/537.36+(KHTML,+like+Gecko)+Chrome/62.0.3202.94+Safari/537.36 - 200 0 0 8319
2017-11-26 14:04:41 ::1 GET /favicon.ico - 1282 - ::1 Mozilla/5.0+(Windows+NT+10.0;+Win64;+x64)+AppleWebKit/537.36+(KHTML,+like+Gecko)+Chrome/62.0.3202.94+Safari/537.36 http://localhost:1282/Cascade/Index 200 0 0 28
2017-11-26 14:04:43 ::1 GET /Cascade/GetStatesByCountryId CountryId=1&_=1511705083488 1282 - ::1 Mozilla/5.0+(Windows+NT+10.0;+Win64;+x64)+AppleWebKit/537.36+(KHTML,+like+Gecko)+Chrome/62.0.3202.94+Safari/537.36 http://localhost:1282/Cascade/Index 200 0 0 103
2017-11-26 14:04:48 ::1 GET /Cascade/GetStatesByCountryId CountryId=3&_=1511705088313 1282 - ::1 Mozilla/5.0+(Windows+NT+10.0;+Win64;+x64)+AppleWebKit/537.36+(KHTML,+like+Gecko)+Chrome/62.0.3202.94+Safari/537.36 http://localhost:1282/Cascade/Index 200 0 0 20
#Software: Microsoft Internet Information Services 8.0
#Version: 1.0
#Date: 2017-11-26 14:06:27
#Fields: date time s-ip cs-method cs-uri-stem cs-uri-query s-port cs-username c-ip cs(User-Agent) cs(Referer) sc-status sc-substatus sc-win32-status time-taken
2017-11-26 14:06:27 ::1 GET /Cascade/Index - 1282 - ::1 Mozilla/5.0+(Windows+NT+10.0;+Win64;+x64)+AppleWebKit/537.36+(KHTML,+like+Gecko)+Chrome/62.0.3202.94+Safari/537.36 - 200 0 0 1963
2017-11-26 14:06:27 ::1 GET / - 1282 - ::1 Mozilla/5.0+(Windows+NT+10.0;+Win64;+x64)+AppleWebKit/537.36+(KHTML,+like+Gecko)+Chrome/62.0.3202.94+Safari/537.36 - 200 0 0 8093
2017-11-26 14:06:31 ::1 GET /Cascade/GetStatesByCountryId CountryId=1&_=1511705191048 1282 - ::1 Mozilla/5.0+(Windows+NT+10.0;+Win64;+x64)+AppleWebKit/537.36+(KHTML,+like+Gecko)+Chrome/62.0.3202.94+Safari/537.36 http://localhost:1282/Cascade/Index 200 0 0 48
#Software: Microsoft Internet Information Services 8.0
#Version: 1.0
#Date: 2017-11-26 14:14:32
#Fields: date time s-ip cs-method cs-uri-stem cs-uri-query s-port cs-username c-ip cs(User-Agent) cs(Referer) sc-status sc-substatus sc-win32-status time-taken
2017-11-26 14:14:32 ::1 GET / - 1282 - ::1 Mozilla/5.0+(Windows+NT+10.0;+Win64;+x64)+AppleWebKit/537.36+(KHTML,+like+Gecko)+Chrome/62.0.3202.94+Safari/537.36 - 200 0 64 8910
2017-11-26 14:14:32 ::1 GET /Cascade/Index - 1282 - ::1 Mozilla/5.0+(Windows+NT+10.0;+Win64;+x64)+AppleWebKit/537.36+(KHTML,+like+Gecko)+Chrome/62.0.3202.94+Safari/537.36 - 200 0 0 4375
2017-11-26 14:14:35 ::1 GET /Cascade/GetStatesByCountryId CountryId=1&_=1511705675227 1282 - ::1 Mozilla/5.0+(Windows+NT+10.0;+Win64;+x64)+AppleWebKit/537.36+(KHTML,+like+Gecko)+Chrome/62.0.3202.94+Safari/537.36 http://localhost:1282/Cascade/Index 200 0 0 44
2017-11-26 14:14:39 ::1 GET /Cascade/GetStatesByCountryId CountryId=2&_=1511705679590 1282 - ::1 Mozilla/5.0+(Windows+NT+10.0;+Win64;+x64)+AppleWebKit/537.36+(KHTML,+like+Gecko)+Chrome/62.0.3202.94+Safari/537.36 http://localhost:1282/Cascade/Index 200 0 0 22
2017-11-26 14:14:43 ::1 GET /Cascade/GetStatesByCountryId CountryId=1&_=1511705683418 1282 - ::1 Mozilla/5.0+(Windows+NT+10.0;+Win64;+x64)+AppleWebKit/537.36+(KHTML,+like+Gecko)+Chrome/62.0.3202.94+Safari/537.36 http://localhost:1282/Cascade/Index 200 0 0 17
2017-11-26 14:15:07 ::1 GET /Cascade/Index - 1282 - ::1 Mozilla/5.0+(Windows+NT+10.0;+Win64;+x64)+AppleWebKit/537.36+(KHTML,+like+Gecko)+Chrome/62.0.3202.94+Safari/537.36 - 200 0 0 1070
2017-11-26 14:15:09 ::1 GET /Cascade/GetStatesByCountryId CountryId=1&_=1511705709747 1282 - ::1 Mozilla/5.0+(Windows+NT+10.0;+Win64;+x64)+AppleWebKit/537.36+(KHTML,+like+Gecko)+Chrome/62.0.3202.94+Safari/537.36 http://localhost:1282/Cascade/Index 200 0 0 19
2017-11-26 14:18:08 ::1 GET / - 1282 - ::1 Mozilla/5.0+(Windows+NT+10.0;+Win64;+x64)+AppleWebKit/537.36+(KHTML,+like+Gecko)+Chrome/62.0.3202.94+Safari/537.36 - 200 0 0 19
2017-11-26 14:18:08 ::1 GET /Content/site.css - 1282 - ::1 Mozilla/5.0+(Windows+NT+10.0;+Win64;+x64)+AppleWebKit/537.36+(KHTML,+like+Gecko)+Chrome/62.0.3202.94+Safari/537.36 http://localhost:1282/ 304 0 0 10
2017-11-26 14:18:08 ::1 GET /Scripts/modernizr-2.5.3.js - 1282 - ::1 Mozilla/5.0+(Windows+NT+10.0;+Win64;+x64)+AppleWebKit/537.36+(KHTML,+like+Gecko)+Chrome/62.0.3202.94+Safari/537.36 http://localhost:1282/ 304 0 0 9
2017-11-26 14:18:08 ::1 GET /Scripts/jquery-1.7.1.js - 1282 - ::1 Mozilla/5.0+(Windows+NT+10.0;+Win64;+x64)+AppleWebKit/537.36+(KHTML,+like+Gecko)+Chrome/62.0.3202.94+Safari/537.36 http://localhost:1282/ 304 0 0 14
2017-11-26 14:18:08 ::1 GET /Images/heroAccent.png - 1282 - ::1 Mozilla/5.0+(Windows+NT+10.0;+Win64;+x64)+AppleWebKit/537.36+(KHTML,+like+Gecko)+Chrome/62.0.3202.94+Safari/537.36 http://localhost:1282/Content/site.css 304 0 0 5
2017-11-26 14:18:08 ::1 GET /Images/orderedList1.png - 1282 - ::1 Mozilla/5.0+(Windows+NT+10.0;+Win64;+x64)+AppleWebKit/537.36+(KHTML,+like+Gecko)+Chrome/62.0.3202.94+Safari/537.36 http://localhost:1282/Content/site.css 304 0 0 9
2017-11-26 14:18:08 ::1 GET /Images/orderedList2.png - 1282 - ::1 Mozilla/5.0+(Windows+NT+10.0;+Win64;+x64)+AppleWebKit/537.36+(KHTML,+like+Gecko)+Chrome/62.0.3202.94+Safari/537.36 http://localhost:1282/Content/site.css 304 0 0 23
2017-11-26 14:18:08 ::1 GET /Images/orderedList3.png - 1282 - ::1 Mozilla/5.0+(Windows+NT+10.0;+Win64;+x64)+AppleWebKit/537.36+(KHTML,+like+Gecko)+Chrome/62.0.3202.94+Safari/537.36 http://localhost:1282/Content/site.css 304 0 0 30
#Software: Microsoft Internet Information Services 8.0
#Version: 1.0
#Date: 2017-11-26 16:11:06
#Fields: date time s-ip cs-method cs-uri-stem cs-uri-query s-port cs-username c-ip cs(User-Agent) cs(Referer) sc-status sc-substatus sc-win32-status time-taken
2017-11-26 16:11:06 ::1 GET /Cascade/Index - 1282 - ::1 Mozilla/5.0+(Windows+NT+10.0;+Win64;+x64)+AppleWebKit/537.36+(KHTML,+like+Gecko)+Chrome/62.0.3202.94+Safari/537.36 - 200 0 0 3514
2017-11-26 16:11:06 ::1 GET / - 1282 - ::1 Mozilla/5.0+(Windows+NT+10.0;+Win64;+x64)+AppleWebKit/537.36+(KHTML,+like+Gecko)+Chrome/62.0.3202.94+Safari/537.36 - 200 0 64 8596
2017-11-26 16:11:06 ::1 GET /Content/site.css - 1282 - ::1 Mozilla/5.0+(Windows+NT+10.0;+Win64;+x64)+AppleWebKit/537.36+(KHTML,+like+Gecko)+Chrome/62.0.3202.94+Safari/537.36 http://localhost:1282/Cascade/Index 304 0 0 12
2017-11-26 16:11:06 ::1 GET /Scripts/modernizr-2.5.3.js - 1282 - ::1 Mozilla/5.0+(Windows+NT+10.0;+Win64;+x64)+AppleWebKit/537.36+(KHTML,+like+Gecko)+Chrome/62.0.3202.94+Safari/537.36 http://localhost:1282/Cascade/Index 304 0 0 24
2017-11-26 16:11:06 ::1 GET /Scripts/jquery-1.7.1.js - 1282 - ::1 Mozilla/5.0+(Windows+NT+10.0;+Win64;+x64)+AppleWebKit/537.36+(KHTML,+like+Gecko)+Chrome/62.0.3202.94+Safari/537.36 http://localhost:1282/Cascade/Index 304 0 0 24
2017-11-26 16:11:06 ::1 GET /Scripts/jquery-1.7.1.min.js - 1282 - ::1 Mozilla/5.0+(Windows+NT+10.0;+Win64;+x64)+AppleWebKit/537.36+(KHTML,+like+Gecko)+Chrome/62.0.3202.94+Safari/537.36 http://localhost:1282/Cascade/Index 304 0 0 184
2017-11-26 16:11:06 ::1 GET /Images/accent.png - 1282 - ::1 Mozilla/5.0+(Windows+NT+10.0;+Win64;+x64)+AppleWebKit/537.36+(KHTML,+like+Gecko)+Chrome/62.0.3202.94+Safari/537.36 http://localhost:1282/Content/site.css 304 0 0 3
2017-11-26 16:11:10 ::1 GET /Cascade/GetStatesByCountryId CountryId=1&_=1511712670086 1282 - ::1 Mozilla/5.0+(Windows+NT+10.0;+Win64;+x64)+AppleWebKit/537.36+(KHTML,+like+Gecko)+Chrome/62.0.3202.94+Safari/537.36 http://localhost:1282/Cascade/Index 200 0 0 48
2017-11-26 16:11:16 ::1 GET /Cascade/GetStatesByCountryId CountryId=Selects+items&_=1511712676264 1282 - ::1 Mozilla/5.0+(Windows+NT+10.0;+Win64;+x64)+AppleWebKit/537.36+(KHTML,+like+Gecko)+Chrome/62.0.3202.94+Safari/537.36 http://localhost:1282/Cascade/Index 200 0 0 20
#Software: Microsoft Internet Information Services 8.0
#Version: 1.0
#Date: 2017-11-26 16:13:24
#Fields: date time s-ip cs-method cs-uri-stem cs-uri-query s-port cs-username c-ip cs(User-Agent) cs(Referer) sc-status sc-substatus sc-win32-status time-taken
2017-11-26 16:13:24 ::1 GET / - 1282 - ::1 Mozilla/5.0+(Windows+NT+10.0;+Win64;+x64)+AppleWebKit/537.36+(KHTML,+like+Gecko)+Chrome/62.0.3202.94+Safari/537.36 - 200 0 64 7707
2017-11-26 16:13:25 ::1 GET /Cascade/Index - 1282 - ::1 Mozilla/5.0+(Windows+NT+10.0;+Win64;+x64)+AppleWebKit/537.36+(KHTML,+like+Gecko)+Chrome/62.0.3202.94+Safari/537.36 - 200 0 0 1280
2017-11-26 16:13:29 ::1 GET /Cascade/GetStatesByCountryId CountryId=1&_=1511712809743 1282 - ::1 Mozilla/5.0+(Windows+NT+10.0;+Win64;+x64)+AppleWebKit/537.36+(KHTML,+like+Gecko)+Chrome/62.0.3202.94+Safari/537.36 http://localhost:1282/Cascade/Index 200 0 0 48
2017-11-26 16:13:34 ::1 GET /Cascade/GetStatesByCountryId CountryId=Selects+items&_=1511712814914 1282 - ::1 Mozilla/5.0+(Windows+NT+10.0;+Win64;+x64)+AppleWebKit/537.36+(KHTML,+like+Gecko)+Chrome/62.0.3202.94+Safari/537.36 http://localhost:1282/Cascade/Index 200 0 0 20
2017-11-26 16:13:37 ::1 GET /Cascade/GetStatesByCountryId CountryId=3&_=1511712817187 1282 - ::1 Mozilla/5.0+(Windows+NT+10.0;+Win64;+x64)+AppleWebKit/537.36+(KHTML,+like+Gecko)+Chrome/62.0.3202.94+Safari/537.36 http://localhost:1282/Cascade/Index 200 0 0 16
2017-11-26 16:13:41 ::1 GET /Cascade/GetStatesByCountryId CountryId=Selects+items&_=1511712821336 1282 - ::1 Mozilla/5.0+(Windows+NT+10.0;+Win64;+x64)+AppleWebKit/537.36+(KHTML,+like+Gecko)+Chrome/62.0.3202.94+Safari/537.36 http://localhost:1282/Cascade/Index 200 0 0 16
