#Software: Microsoft Internet Information Services 8.0
#Version: 1.0
#Date: 2017-11-27 16:02:45
#Fields: date time s-ip cs-method cs-uri-stem cs-uri-query s-port cs-username c-ip cs(User-Agent) cs(Referer) sc-status sc-substatus sc-win32-status time-taken
2017-11-27 16:02:45 ::1 GET / - 1282 - ::1 Mozilla/5.0+(Windows+NT+10.0;+Win64;+x64)+AppleWebKit/537.36+(KHTML,+like+Gecko)+Chrome/62.0.3202.94+Safari/537.36 - 200 0 0 15734
2017-11-27 16:02:45 ::1 GET /Scripts/jquery-1.7.1.js - 1282 - ::1 Mozilla/5.0+(Windows+NT+10.0;+Win64;+x64)+AppleWebKit/537.36+(KHTML,+like+Gecko)+Chrome/62.0.3202.94+Safari/537.36 http://localhost:1282/ 304 0 0 16
2017-11-27 16:02:45 ::1 GET /Content/site.css - 1282 - ::1 Mozilla/5.0+(Windows+NT+10.0;+Win64;+x64)+AppleWebKit/537.36+(KHTML,+like+Gecko)+Chrome/62.0.3202.94+Safari/537.36 http://localhost:1282/ 304 0 0 16
2017-11-27 16:02:45 ::1 GET /Scripts/modernizr-2.5.3.js - 1282 - ::1 Mozilla/5.0+(Windows+NT+10.0;+Win64;+x64)+AppleWebKit/537.36+(KHTML,+like+Gecko)+Chrome/62.0.3202.94+Safari/537.36 http://localhost:1282/ 304 0 0 17
2017-11-27 16:02:45 ::1 GET /Images/heroAccent.png - 1282 - ::1 Mozilla/5.0+(Windows+NT+10.0;+Win64;+x64)+AppleWebKit/537.36+(KHTML,+like+Gecko)+Chrome/62.0.3202.94+Safari/537.36 http://localhost:1282/Content/site.css 304 0 0 5
2017-11-27 16:02:45 ::1 GET /Images/orderedList1.png - 1282 - ::1 Mozilla/5.0+(Windows+NT+10.0;+Win64;+x64)+AppleWebKit/537.36+(KHTML,+like+Gecko)+Chrome/62.0.3202.94+Safari/537.36 http://localhost:1282/Content/site.css 304 0 0 5
2017-11-27 16:02:45 ::1 GET /Images/orderedList2.png - 1282 - ::1 Mozilla/5.0+(Windows+NT+10.0;+Win64;+x64)+AppleWebKit/537.36+(KHTML,+like+Gecko)+Chrome/62.0.3202.94+Safari/537.36 http://localhost:1282/Content/site.css 304 0 0 20
2017-11-27 16:02:45 ::1 GET /Images/orderedList3.png - 1282 - ::1 Mozilla/5.0+(Windows+NT+10.0;+Win64;+x64)+AppleWebKit/537.36+(KHTML,+like+Gecko)+Chrome/62.0.3202.94+Safari/537.36 http://localhost:1282/Content/site.css 304 0 0 26
2017-11-27 16:02:55 ::1 GET /Cascade/Index - 1282 - ::1 Mozilla/5.0+(Windows+NT+10.0;+Win64;+x64)+AppleWebKit/537.36+(KHTML,+like+Gecko)+Chrome/62.0.3202.94+Safari/537.36 - 200 0 0 3312
2017-11-27 16:02:55 ::1 GET /Images/accent.png - 1282 - ::1 Mozilla/5.0+(Windows+NT+10.0;+Win64;+x64)+AppleWebKit/537.36+(KHTML,+like+Gecko)+Chrome/62.0.3202.94+Safari/537.36 http://localhost:1282/Content/site.css 304 0 0 3
2017-11-27 16:02:55 ::1 GET /Scripts/jquery-1.7.1.min.js - 1282 - ::1 Mozilla/5.0+(Windows+NT+10.0;+Win64;+x64)+AppleWebKit/537.36+(KHTML,+like+Gecko)+Chrome/62.0.3202.94+Safari/537.36 http://localhost:1282/Cascade/Index 304 0 0 236
2017-11-27 16:03:01 ::1 GET /Cascade/GetStatesByCountryId CountryId=1&_=1511798580821 1282 - ::1 Mozilla/5.0+(Windows+NT+10.0;+Win64;+x64)+AppleWebKit/537.36+(KHTML,+like+Gecko)+Chrome/62.0.3202.94+Safari/537.36 http://localhost:1282/Cascade/Index 200 0 0 235
2017-11-27 16:03:38 ::1 GET /Cascade/Index - 1282 - ::1 Mozilla/5.0+(Windows+NT+10.0;+Win64;+x64)+AppleWebKit/537.36+(KHTML,+like+Gecko)+Chrome/62.0.3202.94+Safari/537.36 - 200 0 0 1258
2017-11-27 16:03:40 ::1 GET /Cascade/GetStatesByCountryId CountryId=1&_=1511798620779 1282 - ::1 Mozilla/5.0+(Windows+NT+10.0;+Win64;+x64)+AppleWebKit/537.36+(KHTML,+like+Gecko)+Chrome/62.0.3202.94+Safari/537.36 http://localhost:1282/Cascade/Index 200 0 0 21
2017-11-27 16:03:53 ::1 GET /Cascade/GetStatesByCountryId CountryId=2&_=1511798633031 1282 - ::1 Mozilla/5.0+(Windows+NT+10.0;+Win64;+x64)+AppleWebKit/537.36+(KHTML,+like+Gecko)+Chrome/62.0.3202.94+Safari/537.36 http://localhost:1282/Cascade/Index 200 0 0 19
2017-11-27 16:05:57 ::1 GET /Cascade/Index - 1282 - ::1 Mozilla/5.0+(Windows+NT+10.0;+Win64;+x64)+AppleWebKit/537.36+(KHTML,+like+Gecko)+Chrome/62.0.3202.94+Safari/537.36 - 200 0 0 1771
2017-11-27 16:06:00 ::1 GET /Cascade/GetStatesByCountryId CountryId=1&_=1511798760794 1282 - ::1 Mozilla/5.0+(Windows+NT+10.0;+Win64;+x64)+AppleWebKit/537.36+(KHTML,+like+Gecko)+Chrome/62.0.3202.94+Safari/537.36 http://localhost:1282/Cascade/Index 200 0 0 24
2017-11-27 16:06:07 ::1 GET /Cascade/GetStatesByCountryId CountryId=2&_=1511798767863 1282 - ::1 Mozilla/5.0+(Windows+NT+10.0;+Win64;+x64)+AppleWebKit/537.36+(KHTML,+like+Gecko)+Chrome/62.0.3202.94+Safari/537.36 http://localhost:1282/Cascade/Index 200 0 0 19
#Software: Microsoft Internet Information Services 8.0
#Version: 1.0
#Date: 2017-11-27 16:14:29
#Fields: date time s-ip cs-method cs-uri-stem cs-uri-query s-port cs-username c-ip cs(User-Agent) cs(Referer) sc-status sc-substatus sc-win32-status time-taken
2017-11-27 16:14:29 ::1 GET /Cascade/Index - 1282 - ::1 Mozilla/5.0+(Windows+NT+10.0;+Win64;+x64)+AppleWebKit/537.36+(KHTML,+like+Gecko)+Chrome/62.0.3202.94+Safari/537.36 - 500 0 0 49260
2017-11-27 16:14:30 ::1 GET / - 1282 - ::1 Mozilla/5.0+(Windows+NT+10.0;+Win64;+x64)+AppleWebKit/537.36+(KHTML,+like+Gecko)+Chrome/62.0.3202.94+Safari/537.36 - 200 0 64 56526
#Software: Microsoft Internet Information Services 8.0
#Version: 1.0
#Date: 2017-11-27 16:15:36
#Fields: date time s-ip cs-method cs-uri-stem cs-uri-query s-port cs-username c-ip cs(User-Agent) cs(Referer) sc-status sc-substatus sc-win32-status time-taken
2017-11-27 16:15:36 ::1 GET /Cascade/Index - 1282 - ::1 Mozilla/5.0+(Windows+NT+10.0;+Win64;+x64)+AppleWebKit/537.36+(KHTML,+like+Gecko)+Chrome/62.0.3202.94+Safari/537.36 - 500 0 0 17574
2017-11-27 16:15:37 ::1 GET / - 1282 - ::1 Mozilla/5.0+(Windows+NT+10.0;+Win64;+x64)+AppleWebKit/537.36+(KHTML,+like+Gecko)+Chrome/62.0.3202.94+Safari/537.36 - 200 0 64 23760
#Software: Microsoft Internet Information Services 8.0
#Version: 1.0
#Date: 2017-11-27 16:16:42
#Fields: date time s-ip cs-method cs-uri-stem cs-uri-query s-port cs-username c-ip cs(User-Agent) cs(Referer) sc-status sc-substatus sc-win32-status time-taken
2017-11-27 16:16:42 ::1 GET / - 1282 - ::1 Mozilla/5.0+(Windows+NT+10.0;+Win64;+x64)+AppleWebKit/537.36+(KHTML,+like+Gecko)+Chrome/62.0.3202.94+Safari/537.36 - 200 0 64 8124
2017-11-27 16:16:42 ::1 GET /Cascade/Index - 1282 - ::1 Mozilla/5.0+(Windows+NT+10.0;+Win64;+x64)+AppleWebKit/537.36+(KHTML,+like+Gecko)+Chrome/62.0.3202.94+Safari/537.36 - 200 0 0 2451
2017-11-27 16:16:47 ::1 GET /Cascade/GetStatesByCountryId CountryId=2&_=1511799407617 1282 - ::1 Mozilla/5.0+(Windows+NT+10.0;+Win64;+x64)+AppleWebKit/537.36+(KHTML,+like+Gecko)+Chrome/62.0.3202.94+Safari/537.36 http://localhost:1282/Cascade/Index 200 0 0 53
