#Software: Microsoft Internet Information Services 8.0
#Version: 1.0
#Date: 2018-02-26 16:28:00
#Fields: date time s-ip cs-method cs-uri-stem cs-uri-query s-port cs-username c-ip cs(User-Agent) cs(Referer) sc-status sc-substatus sc-win32-status time-taken
2018-02-26 16:28:00 ::1 GET / - 1282 - ::1 Mozilla/5.0+(Windows+NT+10.0;+Win64;+x64)+AppleWebKit/537.36+(KHTML,+like+Gecko)+Chrome/64.0.3282.186+Safari/537.36 - 200 0 0 24569
2018-02-26 16:28:00 ::1 GET /Content/site.css - 1282 - ::1 Mozilla/5.0+(Windows+NT+10.0;+Win64;+x64)+AppleWebKit/537.36+(KHTML,+like+Gecko)+Chrome/64.0.3282.186+Safari/537.36 http://localhost:1282/ 200 0 0 127
2018-02-26 16:28:00 ::1 GET /Scripts/modernizr-2.5.3.js - 1282 - ::1 Mozilla/5.0+(Windows+NT+10.0;+Win64;+x64)+AppleWebKit/537.36+(KHTML,+like+Gecko)+Chrome/64.0.3282.186+Safari/537.36 http://localhost:1282/ 200 0 0 134
2018-02-26 16:28:00 ::1 GET /Scripts/jquery-1.7.1.js - 1282 - ::1 Mozilla/5.0+(Windows+NT+10.0;+Win64;+x64)+AppleWebKit/537.36+(KHTML,+like+Gecko)+Chrome/64.0.3282.186+Safari/537.36 http://localhost:1282/ 200 0 0 169
2018-02-26 16:28:02 ::1 GET /Images/heroAccent.png - 1282 - ::1 Mozilla/5.0+(Windows+NT+10.0;+Win64;+x64)+AppleWebKit/537.36+(KHTML,+like+Gecko)+Chrome/64.0.3282.186+Safari/537.36 http://localhost:1282/Content/site.css 200 0 0 5
2018-02-26 16:28:02 ::1 GET /Images/orderedList1.png - 1282 - ::1 Mozilla/5.0+(Windows+NT+10.0;+Win64;+x64)+AppleWebKit/537.36+(KHTML,+like+Gecko)+Chrome/64.0.3282.186+Safari/537.36 http://localhost:1282/Content/site.css 200 0 0 5
2018-02-26 16:28:02 ::1 GET /Images/orderedList3.png - 1282 - ::1 Mozilla/5.0+(Windows+NT+10.0;+Win64;+x64)+AppleWebKit/537.36+(KHTML,+like+Gecko)+Chrome/64.0.3282.186+Safari/537.36 http://localhost:1282/Content/site.css 200 0 0 19
2018-02-26 16:28:02 ::1 GET /Images/orderedList2.png - 1282 - ::1 Mozilla/5.0+(Windows+NT+10.0;+Win64;+x64)+AppleWebKit/537.36+(KHTML,+like+Gecko)+Chrome/64.0.3282.186+Safari/537.36 http://localhost:1282/Content/site.css 200 0 0 26
2018-02-26 16:28:02 ::1 GET /favicon.ico - 1282 - ::1 Mozilla/5.0+(Windows+NT+10.0;+Win64;+x64)+AppleWebKit/537.36+(KHTML,+like+Gecko)+Chrome/64.0.3282.186+Safari/537.36 http://localhost:1282/ 200 0 0 26
2018-02-26 16:32:56 ::1 GET /cascade/index - 1282 - ::1 Mozilla/5.0+(Windows+NT+10.0;+Win64;+x64)+AppleWebKit/537.36+(KHTML,+like+Gecko)+Chrome/64.0.3282.186+Safari/537.36 - 200 0 0 30939
2018-02-26 16:32:56 ::1 GET /Images/accent.png - 1282 - ::1 Mozilla/5.0+(Windows+NT+10.0;+Win64;+x64)+AppleWebKit/537.36+(KHTML,+like+Gecko)+Chrome/64.0.3282.186+Safari/537.36 http://localhost:1282/Content/site.css 200 0 0 6
2018-02-26 16:32:56 ::1 GET /Scripts/jquery-1.7.1.min.js - 1282 - ::1 Mozilla/5.0+(Windows+NT+10.0;+Win64;+x64)+AppleWebKit/537.36+(KHTML,+like+Gecko)+Chrome/64.0.3282.186+Safari/537.36 http://localhost:1282/cascade/index 200 0 0 648
2018-02-26 16:34:46 ::1 GET /Cascade/GetStatesByCountryId CountryId=2 1282 - ::1 Mozilla/5.0+(Windows+NT+10.0;+Win64;+x64)+AppleWebKit/537.36+(KHTML,+like+Gecko)+Chrome/64.0.3282.186+Safari/537.36 http://localhost:1282/cascade/index 200 0 0 105560
2018-02-26 16:35:36 ::1 GET /Cascade/GetStatesByCountryId CountryId=3 1282 - ::1 Mozilla/5.0+(Windows+NT+10.0;+Win64;+x64)+AppleWebKit/537.36+(KHTML,+like+Gecko)+Chrome/64.0.3282.186+Safari/537.36 http://localhost:1282/cascade/index 200 0 0 39094
2018-02-26 16:35:42 ::1 GET /Cascade/GetStatesByCountryId CountryId=1 1282 - ::1 Mozilla/5.0+(Windows+NT+10.0;+Win64;+x64)+AppleWebKit/537.36+(KHTML,+like+Gecko)+Chrome/64.0.3282.186+Safari/537.36 http://localhost:1282/cascade/index 200 0 0 22
#Software: Microsoft Internet Information Services 8.0
#Version: 1.0
#Date: 2018-02-26 16:38:12
#Fields: date time s-ip cs-method cs-uri-stem cs-uri-query s-port cs-username c-ip cs(User-Agent) cs(Referer) sc-status sc-substatus sc-win32-status time-taken
2018-02-26 16:38:12 ::1 GET / - 1282 - ::1 Mozilla/5.0+(Windows+NT+10.0;+Win64;+x64)+AppleWebKit/537.36+(KHTML,+like+Gecko)+Chrome/64.0.3282.186+Safari/537.36 - 200 0 64 13217
2018-02-26 16:38:12 ::1 GET /cascade/index - 1282 - ::1 Mozilla/5.0+(Windows+NT+10.0;+Win64;+x64)+AppleWebKit/537.36+(KHTML,+like+Gecko)+Chrome/64.0.3282.186+Safari/537.36 - 200 0 0 2806
2018-02-26 16:38:15 ::1 GET /Cascade/GetStatesByCountryId CountryId=1 1282 - ::1 Mozilla/5.0+(Windows+NT+10.0;+Win64;+x64)+AppleWebKit/537.36+(KHTML,+like+Gecko)+Chrome/64.0.3282.186+Safari/537.36 http://localhost:1282/cascade/index 200 0 0 49
2018-02-26 16:38:20 ::1 GET /Cascade/GetStatesByCountryId CountryId=3 1282 - ::1 Mozilla/5.0+(Windows+NT+10.0;+Win64;+x64)+AppleWebKit/537.36+(KHTML,+like+Gecko)+Chrome/64.0.3282.186+Safari/537.36 http://localhost:1282/cascade/index 200 0 0 23
2018-02-26 16:38:27 ::1 GET /Cascade/GetStatesByCountryId CountryId=2 1282 - ::1 Mozilla/5.0+(Windows+NT+10.0;+Win64;+x64)+AppleWebKit/537.36+(KHTML,+like+Gecko)+Chrome/64.0.3282.186+Safari/537.36 http://localhost:1282/cascade/index 200 0 0 22
#Software: Microsoft Internet Information Services 8.0
#Version: 1.0
#Date: 2018-02-26 16:58:59
#Fields: date time s-ip cs-method cs-uri-stem cs-uri-query s-port cs-username c-ip cs(User-Agent) cs(Referer) sc-status sc-substatus sc-win32-status time-taken
2018-02-26 16:58:59 ::1 GET / - 1282 - ::1 Mozilla/5.0+(Windows+NT+10.0;+Win64;+x64)+AppleWebKit/537.36+(KHTML,+like+Gecko)+Chrome/64.0.3282.186+Safari/537.36 - 200 0 64 9085
2018-02-26 16:58:59 ::1 GET /cascade/index - 1282 - ::1 Mozilla/5.0+(Windows+NT+10.0;+Win64;+x64)+AppleWebKit/537.36+(KHTML,+like+Gecko)+Chrome/64.0.3282.186+Safari/537.36 - 200 0 0 3084
2018-02-26 16:59:02 ::1 GET /Cascade/GetStatesByCountryId CountryId=1 1282 - ::1 Mozilla/5.0+(Windows+NT+10.0;+Win64;+x64)+AppleWebKit/537.36+(KHTML,+like+Gecko)+Chrome/64.0.3282.186+Safari/537.36 http://localhost:1282/cascade/index 200 0 0 48
2018-02-26 16:59:06 ::1 GET /Cascade/GetStatesByCountryId CountryId=3 1282 - ::1 Mozilla/5.0+(Windows+NT+10.0;+Win64;+x64)+AppleWebKit/537.36+(KHTML,+like+Gecko)+Chrome/64.0.3282.186+Safari/537.36 http://localhost:1282/cascade/index 200 0 0 20
2018-02-26 16:59:12 ::1 GET /Cascade/GetStatesByCountryId CountryId=2 1282 - ::1 Mozilla/5.0+(Windows+NT+10.0;+Win64;+x64)+AppleWebKit/537.36+(KHTML,+like+Gecko)+Chrome/64.0.3282.186+Safari/537.36 http://localhost:1282/cascade/index 200 0 0 20
