#Software: Microsoft Internet Information Services 8.0
#Version: 1.0
#Date: 2019-10-05 08:32:36
#Fields: date time s-ip cs-method cs-uri-stem cs-uri-query s-port cs-username c-ip cs(User-Agent) cs(Referer) sc-status sc-substatus sc-win32-status time-taken
2019-10-05 08:32:36 ::1 GET /WebForm1.aspx - 14985 - ::1 Mozilla/5.0+(Windows+NT+10.0;+Win64;+x64)+AppleWebKit/537.36+(KHTML,+like+Gecko)+Chrome/77.0.3865.90+Safari/537.36 - 200 0 0 3077
2019-10-05 08:32:36 ::1 GET /favicon.ico - 14985 - ::1 Mozilla/5.0+(Windows+NT+10.0;+Win64;+x64)+AppleWebKit/537.36+(KHTML,+like+Gecko)+Chrome/77.0.3865.90+Safari/537.36 http://localhost:14985/WebForm1.aspx 404 0 2 5
2019-10-05 08:33:02 ::1 POST /WebForm1.aspx - 14985 - ::1 Mozilla/5.0+(Windows+NT+10.0;+Win64;+x64)+AppleWebKit/537.36+(KHTML,+like+Gecko)+Chrome/77.0.3865.90+Safari/537.36 http://localhost:14985/WebForm1.aspx 500 0 0 14509
#Software: Microsoft Internet Information Services 8.0
#Version: 1.0
#Date: 2019-10-05 08:33:14
#Fields: date time s-ip cs-method cs-uri-stem cs-uri-query s-port cs-username c-ip cs(User-Agent) cs(Referer) sc-status sc-substatus sc-win32-status time-taken
2019-10-05 08:33:14 ::1 GET /WebForm1.aspx - 14985 - ::1 Mozilla/5.0+(Windows+NT+10.0;+Win64;+x64)+AppleWebKit/537.36+(KHTML,+like+Gecko)+Chrome/77.0.3865.90+Safari/537.36 - 200 0 0 2245
2019-10-05 08:33:25 ::1 POST /WebForm1.aspx - 14985 - ::1 Mozilla/5.0+(Windows+NT+10.0;+Win64;+x64)+AppleWebKit/537.36+(KHTML,+like+Gecko)+Chrome/77.0.3865.90+Safari/537.36 http://localhost:14985/WebForm1.aspx 200 0 0 231
2019-10-05 08:33:59 ::1 POST /WebForm1.aspx - 14985 - ::1 Mozilla/5.0+(Windows+NT+10.0;+Win64;+x64)+AppleWebKit/537.36+(KHTML,+like+Gecko)+Chrome/77.0.3865.90+Safari/537.36 http://localhost:14985/WebForm1.aspx 200 0 0 85
#Software: Microsoft Internet Information Services 8.0
#Version: 1.0
#Date: 2019-10-05 08:44:00
#Fields: date time s-ip cs-method cs-uri-stem cs-uri-query s-port cs-username c-ip cs(User-Agent) cs(Referer) sc-status sc-substatus sc-win32-status time-taken
2019-10-05 08:44:00 ::1 GET /WebForm1.aspx - 14985 - ::1 Mozilla/5.0+(Windows+NT+10.0;+Win64;+x64)+AppleWebKit/537.36+(KHTML,+like+Gecko)+Chrome/77.0.3865.90+Safari/537.36 - 200 0 0 2377
2019-10-05 08:44:23 ::1 POST /WebForm1.aspx - 14985 - ::1 Mozilla/5.0+(Windows+NT+10.0;+Win64;+x64)+AppleWebKit/537.36+(KHTML,+like+Gecko)+Chrome/77.0.3865.90+Safari/537.36 http://localhost:14985/WebForm1.aspx 200 0 0 70
2019-10-05 08:44:24 ::1 POST /WebForm1.aspx - 14985 - ::1 Mozilla/5.0+(Windows+NT+10.0;+Win64;+x64)+AppleWebKit/537.36+(KHTML,+like+Gecko)+Chrome/77.0.3865.90+Safari/537.36 http://localhost:14985/WebForm1.aspx 200 0 0 52
2019-10-05 08:44:24 ::1 POST /WebForm1.aspx - 14985 - ::1 Mozilla/5.0+(Windows+NT+10.0;+Win64;+x64)+AppleWebKit/537.36+(KHTML,+like+Gecko)+Chrome/77.0.3865.90+Safari/537.36 http://localhost:14985/WebForm1.aspx 200 0 0 70
2019-10-05 08:44:41 ::1 POST /WebForm1.aspx - 14985 - ::1 Mozilla/5.0+(Windows+NT+10.0;+Win64;+x64)+AppleWebKit/537.36+(KHTML,+like+Gecko)+Chrome/77.0.3865.90+Safari/537.36 http://localhost:14985/WebForm1.aspx 200 0 0 55
2019-10-05 08:44:41 ::1 POST /WebForm1.aspx - 14985 - ::1 Mozilla/5.0+(Windows+NT+10.0;+Win64;+x64)+AppleWebKit/537.36+(KHTML,+like+Gecko)+Chrome/77.0.3865.90+Safari/537.36 http://localhost:14985/WebForm1.aspx 200 0 0 55
2019-10-05 08:46:08 ::1 POST /WebForm1.aspx - 14985 - ::1 Mozilla/5.0+(Windows+NT+10.0;+Win64;+x64)+AppleWebKit/537.36+(KHTML,+like+Gecko)+Chrome/77.0.3865.90+Safari/537.36 http://localhost:14985/WebForm1.aspx 200 0 0 52
#Software: Microsoft Internet Information Services 8.0
#Version: 1.0
#Date: 2019-10-05 08:47:12
#Fields: date time s-ip cs-method cs-uri-stem cs-uri-query s-port cs-username c-ip cs(User-Agent) cs(Referer) sc-status sc-substatus sc-win32-status time-taken
2019-10-05 08:47:12 ::1 GET /WebForm1.aspx - 14985 - ::1 Mozilla/5.0+(Windows+NT+10.0;+Win64;+x64)+AppleWebKit/537.36+(KHTML,+like+Gecko)+Chrome/77.0.3865.90+Safari/537.36 - 200 0 0 1247
2019-10-05 08:47:37 ::1 POST /WebForm1.aspx - 14985 - ::1 Mozilla/5.0+(Windows+NT+10.0;+Win64;+x64)+AppleWebKit/537.36+(KHTML,+like+Gecko)+Chrome/77.0.3865.90+Safari/537.36 http://localhost:14985/WebForm1.aspx 200 0 0 56
2019-10-05 08:47:37 ::1 POST /WebForm1.aspx - 14985 - ::1 Mozilla/5.0+(Windows+NT+10.0;+Win64;+x64)+AppleWebKit/537.36+(KHTML,+like+Gecko)+Chrome/77.0.3865.90+Safari/537.36 http://localhost:14985/WebForm1.aspx 200 0 0 43
2019-10-05 08:47:37 ::1 POST /WebForm1.aspx - 14985 - ::1 Mozilla/5.0+(Windows+NT+10.0;+Win64;+x64)+AppleWebKit/537.36+(KHTML,+like+Gecko)+Chrome/77.0.3865.90+Safari/537.36 http://localhost:14985/WebForm1.aspx 200 0 0 43
2019-10-05 08:47:37 ::1 POST /WebForm1.aspx - 14985 - ::1 Mozilla/5.0+(Windows+NT+10.0;+Win64;+x64)+AppleWebKit/537.36+(KHTML,+like+Gecko)+Chrome/77.0.3865.90+Safari/537.36 http://localhost:14985/WebForm1.aspx 200 0 0 39
2019-10-05 08:47:39 ::1 POST /WebForm1.aspx - 14985 - ::1 Mozilla/5.0+(Windows+NT+10.0;+Win64;+x64)+AppleWebKit/537.36+(KHTML,+like+Gecko)+Chrome/77.0.3865.90+Safari/537.36 http://localhost:14985/WebForm1.aspx 200 0 0 44
#Software: Microsoft Internet Information Services 8.0
#Version: 1.0
#Date: 2019-10-05 08:48:57
#Fields: date time s-ip cs-method cs-uri-stem cs-uri-query s-port cs-username c-ip cs(User-Agent) cs(Referer) sc-status sc-substatus sc-win32-status time-taken
2019-10-05 08:48:57 ::1 GET /WebForm1.aspx - 14985 - ::1 Mozilla/5.0+(Windows+NT+10.0;+Win64;+x64)+AppleWebKit/537.36+(KHTML,+like+Gecko)+Chrome/77.0.3865.90+Safari/537.36 - 200 0 0 2515
2019-10-05 08:48:57 ::1 GET /favicon.ico - 14985 - ::1 Mozilla/5.0+(Windows+NT+10.0;+Win64;+x64)+AppleWebKit/537.36+(KHTML,+like+Gecko)+Chrome/77.0.3865.90+Safari/537.36 http://localhost:14985/WebForm1.aspx 404 0 2 4
2019-10-05 08:49:13 ::1 POST /WebForm1.aspx - 14985 - ::1 Mozilla/5.0+(Windows+NT+10.0;+Win64;+x64)+AppleWebKit/537.36+(KHTML,+like+Gecko)+Chrome/77.0.3865.90+Safari/537.36 http://localhost:14985/WebForm1.aspx 200 0 0 62
2019-10-05 08:49:14 ::1 POST /WebForm1.aspx - 14985 - ::1 Mozilla/5.0+(Windows+NT+10.0;+Win64;+x64)+AppleWebKit/537.36+(KHTML,+like+Gecko)+Chrome/77.0.3865.90+Safari/537.36 http://localhost:14985/WebForm1.aspx 200 0 0 70
#Software: Microsoft Internet Information Services 8.0
#Version: 1.0
#Date: 2019-10-05 09:34:25
#Fields: date time s-ip cs-method cs-uri-stem cs-uri-query s-port cs-username c-ip cs(User-Agent) cs(Referer) sc-status sc-substatus sc-win32-status time-taken
2019-10-05 09:34:25 ::1 GET /WebForm1.aspx - 14985 - ::1 Mozilla/5.0+(Windows+NT+10.0;+Win64;+x64)+AppleWebKit/537.36+(KHTML,+like+Gecko)+Chrome/77.0.3865.90+Safari/537.36 - 200 0 0 2447
2019-10-05 09:34:31 ::1 POST /WebForm1.aspx - 14985 - ::1 Mozilla/5.0+(Windows+NT+10.0;+Win64;+x64)+AppleWebKit/537.36+(KHTML,+like+Gecko)+Chrome/77.0.3865.90+Safari/537.36 http://localhost:14985/WebForm1.aspx 200 0 0 103
2019-10-05 09:34:33 ::1 POST /WebForm1.aspx - 14985 - ::1 Mozilla/5.0+(Windows+NT+10.0;+Win64;+x64)+AppleWebKit/537.36+(KHTML,+like+Gecko)+Chrome/77.0.3865.90+Safari/537.36 http://localhost:14985/WebForm1.aspx 200 0 0 81
2019-10-05 09:35:01 ::1 POST /WebForm1.aspx - 14985 - ::1 Mozilla/5.0+(Windows+NT+10.0;+Win64;+x64)+AppleWebKit/537.36+(KHTML,+like+Gecko)+Chrome/77.0.3865.90+Safari/537.36 http://localhost:14985/WebForm1.aspx 200 0 0 52
2019-10-05 09:35:03 ::1 POST /WebForm1.aspx - 14985 - ::1 Mozilla/5.0+(Windows+NT+10.0;+Win64;+x64)+AppleWebKit/537.36+(KHTML,+like+Gecko)+Chrome/77.0.3865.90+Safari/537.36 http://localhost:14985/WebForm1.aspx 200 0 0 122
2019-10-05 09:35:03 ::1 POST /WebForm1.aspx - 14985 - ::1 Mozilla/5.0+(Windows+NT+10.0;+Win64;+x64)+AppleWebKit/537.36+(KHTML,+like+Gecko)+Chrome/77.0.3865.90+Safari/537.36 http://localhost:14985/WebForm1.aspx 200 0 0 45
2019-10-05 09:35:04 ::1 POST /WebForm1.aspx - 14985 - ::1 Mozilla/5.0+(Windows+NT+10.0;+Win64;+x64)+AppleWebKit/537.36+(KHTML,+like+Gecko)+Chrome/77.0.3865.90+Safari/537.36 http://localhost:14985/WebForm1.aspx 200 0 0 53
2019-10-05 09:35:08 ::1 POST /WebForm1.aspx - 14985 - ::1 Mozilla/5.0+(Windows+NT+10.0;+Win64;+x64)+AppleWebKit/537.36+(KHTML,+like+Gecko)+Chrome/77.0.3865.90+Safari/537.36 http://localhost:14985/WebForm1.aspx 200 0 0 66
2019-10-05 09:35:09 ::1 POST /WebForm1.aspx - 14985 - ::1 Mozilla/5.0+(Windows+NT+10.0;+Win64;+x64)+AppleWebKit/537.36+(KHTML,+like+Gecko)+Chrome/77.0.3865.90+Safari/537.36 http://localhost:14985/WebForm1.aspx 200 0 0 80
2019-10-05 09:36:00 ::1 POST /WebForm1.aspx - 14985 - ::1 Mozilla/5.0+(Windows+NT+10.0;+Win64;+x64)+AppleWebKit/537.36+(KHTML,+like+Gecko)+Chrome/77.0.3865.90+Safari/537.36 http://localhost:14985/WebForm1.aspx 500 0 64 49866
2019-10-05 09:36:00 ::1 POST /WebForm1.aspx - 14985 - ::1 Mozilla/5.0+(Windows+NT+10.0;+Win64;+x64)+AppleWebKit/537.36+(KHTML,+like+Gecko)+Chrome/77.0.3865.90+Safari/537.36 http://localhost:14985/WebForm1.aspx 500 0 0 49198
#Software: Microsoft Internet Information Services 8.0
#Version: 1.0
#Date: 2019-10-05 09:36:54
#Fields: date time s-ip cs-method cs-uri-stem cs-uri-query s-port cs-username c-ip cs(User-Agent) cs(Referer) sc-status sc-substatus sc-win32-status time-taken
2019-10-05 09:36:54 ::1 GET /WebForm1.aspx - 14985 - ::1 Mozilla/5.0+(Windows+NT+10.0;+Win64;+x64)+AppleWebKit/537.36+(KHTML,+like+Gecko)+Chrome/77.0.3865.90+Safari/537.36 - 200 0 0 2219
2019-10-05 09:37:09 ::1 POST /WebForm1.aspx - 14985 - ::1 Mozilla/5.0+(Windows+NT+10.0;+Win64;+x64)+AppleWebKit/537.36+(KHTML,+like+Gecko)+Chrome/77.0.3865.90+Safari/537.36 http://localhost:14985/WebForm1.aspx 500 0 0 9336
#Software: Microsoft Internet Information Services 8.0
#Version: 1.0
#Date: 2019-10-05 09:39:22
#Fields: date time s-ip cs-method cs-uri-stem cs-uri-query s-port cs-username c-ip cs(User-Agent) cs(Referer) sc-status sc-substatus sc-win32-status time-taken
2019-10-05 09:39:22 ::1 GET /WebForm1.aspx - 14985 - ::1 Mozilla/5.0+(Windows+NT+10.0;+Win64;+x64)+AppleWebKit/537.36+(KHTML,+like+Gecko)+Chrome/77.0.3865.90+Safari/537.36 - 200 0 0 1384
2019-10-05 09:40:00 ::1 POST /WebForm1.aspx - 14985 - ::1 Mozilla/5.0+(Windows+NT+10.0;+Win64;+x64)+AppleWebKit/537.36+(KHTML,+like+Gecko)+Chrome/77.0.3865.90+Safari/537.36 http://localhost:14985/WebForm1.aspx 500 0 0 35300
2019-10-05 09:40:00 ::1 POST /WebForm1.aspx - 14985 - ::1 Mozilla/5.0+(Windows+NT+10.0;+Win64;+x64)+AppleWebKit/537.36+(KHTML,+like+Gecko)+Chrome/77.0.3865.90+Safari/537.36 http://localhost:14985/WebForm1.aspx 500 0 64 35683
#Software: Microsoft Internet Information Services 8.0
#Version: 1.0
#Date: 2019-10-05 09:41:36
#Fields: date time s-ip cs-method cs-uri-stem cs-uri-query s-port cs-username c-ip cs(User-Agent) cs(Referer) sc-status sc-substatus sc-win32-status time-taken
2019-10-05 09:41:36 ::1 GET /WebForm1.aspx - 14985 - ::1 Mozilla/5.0+(Windows+NT+10.0;+Win64;+x64)+AppleWebKit/537.36+(KHTML,+like+Gecko)+Chrome/77.0.3865.90+Safari/537.36 - 200 0 0 1229
2019-10-05 09:41:53 ::1 POST /WebForm1.aspx - 14985 - ::1 Mozilla/5.0+(Windows+NT+10.0;+Win64;+x64)+AppleWebKit/537.36+(KHTML,+like+Gecko)+Chrome/77.0.3865.90+Safari/537.36 http://localhost:14985/WebForm1.aspx 200 0 0 56
2019-10-05 09:41:53 ::1 POST /WebForm1.aspx - 14985 - ::1 Mozilla/5.0+(Windows+NT+10.0;+Win64;+x64)+AppleWebKit/537.36+(KHTML,+like+Gecko)+Chrome/77.0.3865.90+Safari/537.36 http://localhost:14985/WebForm1.aspx 200 0 0 74
2019-10-05 09:41:54 ::1 POST /WebForm1.aspx - 14985 - ::1 Mozilla/5.0+(Windows+NT+10.0;+Win64;+x64)+AppleWebKit/537.36+(KHTML,+like+Gecko)+Chrome/77.0.3865.90+Safari/537.36 http://localhost:14985/WebForm1.aspx 200 0 0 41
2019-10-05 09:41:54 ::1 POST /WebForm1.aspx - 14985 - ::1 Mozilla/5.0+(Windows+NT+10.0;+Win64;+x64)+AppleWebKit/537.36+(KHTML,+like+Gecko)+Chrome/77.0.3865.90+Safari/537.36 http://localhost:14985/WebForm1.aspx 200 0 0 44
2019-10-05 09:41:55 ::1 POST /WebForm1.aspx - 14985 - ::1 Mozilla/5.0+(Windows+NT+10.0;+Win64;+x64)+AppleWebKit/537.36+(KHTML,+like+Gecko)+Chrome/77.0.3865.90+Safari/537.36 http://localhost:14985/WebForm1.aspx 200 0 0 47
2019-10-05 09:41:55 ::1 POST /WebForm1.aspx - 14985 - ::1 Mozilla/5.0+(Windows+NT+10.0;+Win64;+x64)+AppleWebKit/537.36+(KHTML,+like+Gecko)+Chrome/77.0.3865.90+Safari/537.36 http://localhost:14985/WebForm1.aspx 200 0 0 46
2019-10-05 09:42:00 ::1 POST /WebForm1.aspx - 14985 - ::1 Mozilla/5.0+(Windows+NT+10.0;+Win64;+x64)+AppleWebKit/537.36+(KHTML,+like+Gecko)+Chrome/77.0.3865.90+Safari/537.36 http://localhost:14985/WebForm1.aspx 200 0 0 43
2019-10-05 09:42:53 ::1 POST /WebForm1.aspx - 14985 - ::1 Mozilla/5.0+(Windows+NT+10.0;+Win64;+x64)+AppleWebKit/537.36+(KHTML,+like+Gecko)+Chrome/77.0.3865.90+Safari/537.36 http://localhost:14985/WebForm1.aspx 500 0 0 46983
#Software: Microsoft Internet Information Services 8.0
#Version: 1.0
#Date: 2019-10-05 09:43:24
#Fields: date time s-ip cs-method cs-uri-stem cs-uri-query s-port cs-username c-ip cs(User-Agent) cs(Referer) sc-status sc-substatus sc-win32-status time-taken
2019-10-05 09:43:24 ::1 GET /WebForm1.aspx - 14985 - ::1 Mozilla/5.0+(Windows+NT+10.0;+Win64;+x64)+AppleWebKit/537.36+(KHTML,+like+Gecko)+Chrome/77.0.3865.90+Safari/537.36 - 200 0 0 2332
2019-10-05 09:43:35 ::1 POST /WebForm1.aspx - 14985 - ::1 Mozilla/5.0+(Windows+NT+10.0;+Win64;+x64)+AppleWebKit/537.36+(KHTML,+like+Gecko)+Chrome/77.0.3865.90+Safari/537.36 http://localhost:14985/WebForm1.aspx 500 0 0 8370
#Software: Microsoft Internet Information Services 8.0
#Version: 1.0
#Date: 2019-10-05 09:45:00
#Fields: date time s-ip cs-method cs-uri-stem cs-uri-query s-port cs-username c-ip cs(User-Agent) cs(Referer) sc-status sc-substatus sc-win32-status time-taken
2019-10-05 09:45:00 ::1 GET /WebForm1.aspx - 14985 - ::1 Mozilla/5.0+(Windows+NT+10.0;+Win64;+x64)+AppleWebKit/537.36+(KHTML,+like+Gecko)+Chrome/77.0.3865.90+Safari/537.36 - 200 0 0 71727
#Software: Microsoft Internet Information Services 8.0
#Version: 1.0
#Date: 2019-10-05 09:46:06
#Fields: date time s-ip cs-method cs-uri-stem cs-uri-query s-port cs-username c-ip cs(User-Agent) cs(Referer) sc-status sc-substatus sc-win32-status time-taken
2019-10-05 09:46:06 ::1 GET /WebForm1.aspx - 14985 - ::1 Mozilla/5.0+(Windows+NT+10.0;+Win64;+x64)+AppleWebKit/537.36+(KHTML,+like+Gecko)+Chrome/77.0.3865.90+Safari/537.36 - 500 0 0 6392
2019-10-05 09:46:06 ::1 GET /favicon.ico - 14985 - ::1 Mozilla/5.0+(Windows+NT+10.0;+Win64;+x64)+AppleWebKit/537.36+(KHTML,+like+Gecko)+Chrome/77.0.3865.90+Safari/537.36 http://localhost:14985/WebForm1.aspx 404 0 2 4
#Software: Microsoft Internet Information Services 8.0
#Version: 1.0
#Date: 2019-10-05 09:46:16
#Fields: date time s-ip cs-method cs-uri-stem cs-uri-query s-port cs-username c-ip cs(User-Agent) cs(Referer) sc-status sc-substatus sc-win32-status time-taken
2019-10-05 09:46:16 ::1 GET /WebForm1.aspx - 14985 - ::1 Mozilla/5.0+(Windows+NT+10.0;+Win64;+x64)+AppleWebKit/537.36+(KHTML,+like+Gecko)+Chrome/77.0.3865.90+Safari/537.36 - 200 0 0 1456
2019-10-05 09:46:19 ::1 POST /WebForm1.aspx - 14985 - ::1 Mozilla/5.0+(Windows+NT+10.0;+Win64;+x64)+AppleWebKit/537.36+(KHTML,+like+Gecko)+Chrome/77.0.3865.90+Safari/537.36 http://localhost:14985/WebForm1.aspx 200 0 0 88
2019-10-05 09:46:20 ::1 POST /WebForm1.aspx - 14985 - ::1 Mozilla/5.0+(Windows+NT+10.0;+Win64;+x64)+AppleWebKit/537.36+(KHTML,+like+Gecko)+Chrome/77.0.3865.90+Safari/537.36 http://localhost:14985/WebForm1.aspx 200 0 0 71
2019-10-05 09:46:20 ::1 POST /WebForm1.aspx - 14985 - ::1 Mozilla/5.0+(Windows+NT+10.0;+Win64;+x64)+AppleWebKit/537.36+(KHTML,+like+Gecko)+Chrome/77.0.3865.90+Safari/537.36 http://localhost:14985/WebForm1.aspx 200 0 0 80
2019-10-05 09:46:22 ::1 POST /WebForm1.aspx - 14985 - ::1 Mozilla/5.0+(Windows+NT+10.0;+Win64;+x64)+AppleWebKit/537.36+(KHTML,+like+Gecko)+Chrome/77.0.3865.90+Safari/537.36 http://localhost:14985/WebForm1.aspx 200 0 0 60
2019-10-05 09:46:27 ::1 POST /WebForm1.aspx - 14985 - ::1 Mozilla/5.0+(Windows+NT+10.0;+Win64;+x64)+AppleWebKit/537.36+(KHTML,+like+Gecko)+Chrome/77.0.3865.90+Safari/537.36 http://localhost:14985/WebForm1.aspx 200 0 0 61
2019-10-05 09:46:27 ::1 POST /WebForm1.aspx - 14985 - ::1 Mozilla/5.0+(Windows+NT+10.0;+Win64;+x64)+AppleWebKit/537.36+(KHTML,+like+Gecko)+Chrome/77.0.3865.90+Safari/537.36 http://localhost:14985/WebForm1.aspx 200 0 0 52
2019-10-05 09:46:28 ::1 POST /WebForm1.aspx - 14985 - ::1 Mozilla/5.0+(Windows+NT+10.0;+Win64;+x64)+AppleWebKit/537.36+(KHTML,+like+Gecko)+Chrome/77.0.3865.90+Safari/537.36 http://localhost:14985/WebForm1.aspx 200 0 0 46
2019-10-05 09:46:28 ::1 POST /WebForm1.aspx - 14985 - ::1 Mozilla/5.0+(Windows+NT+10.0;+Win64;+x64)+AppleWebKit/537.36+(KHTML,+like+Gecko)+Chrome/77.0.3865.90+Safari/537.36 http://localhost:14985/WebForm1.aspx 200 0 0 48
#Software: Microsoft Internet Information Services 8.0
#Version: 1.0
#Date: 2019-10-05 09:46:46
#Fields: date time s-ip cs-method cs-uri-stem cs-uri-query s-port cs-username c-ip cs(User-Agent) cs(Referer) sc-status sc-substatus sc-win32-status time-taken
2019-10-05 09:46:46 ::1 GET /WebForm1.aspx - 14985 - ::1 Mozilla/5.0+(Windows+NT+10.0;+Win64;+x64)+AppleWebKit/537.36+(KHTML,+like+Gecko)+Chrome/77.0.3865.90+Safari/537.36 - 200 0 0 1762
2019-10-05 09:46:46 ::1 GET /favicon.ico - 14985 - ::1 Mozilla/5.0+(Windows+NT+10.0;+Win64;+x64)+AppleWebKit/537.36+(KHTML,+like+Gecko)+Chrome/77.0.3865.90+Safari/537.36 http://localhost:14985/WebForm1.aspx 404 0 2 4
2019-10-05 09:47:07 ::1 POST /WebForm1.aspx - 14985 - ::1 Mozilla/5.0+(Windows+NT+10.0;+Win64;+x64)+AppleWebKit/537.36+(KHTML,+like+Gecko)+Chrome/77.0.3865.90+Safari/537.36 http://localhost:14985/WebForm1.aspx 200 0 0 61
2019-10-05 09:47:07 ::1 POST /WebForm1.aspx - 14985 - ::1 Mozilla/5.0+(Windows+NT+10.0;+Win64;+x64)+AppleWebKit/537.36+(KHTML,+like+Gecko)+Chrome/77.0.3865.90+Safari/537.36 http://localhost:14985/WebForm1.aspx 200 0 0 70
2019-10-05 09:47:14 ::1 POST /WebForm1.aspx - 14985 - ::1 Mozilla/5.0+(Windows+NT+10.0;+Win64;+x64)+AppleWebKit/537.36+(KHTML,+like+Gecko)+Chrome/77.0.3865.90+Safari/537.36 http://localhost:14985/WebForm1.aspx 200 0 0 95
2019-10-05 09:47:19 ::1 POST /WebForm1.aspx - 14985 - ::1 Mozilla/5.0+(Windows+NT+10.0;+Win64;+x64)+AppleWebKit/537.36+(KHTML,+like+Gecko)+Chrome/77.0.3865.90+Safari/537.36 http://localhost:14985/WebForm1.aspx 200 0 0 47
2019-10-05 09:47:23 ::1 POST /WebForm1.aspx - 14985 - ::1 Mozilla/5.0+(Windows+NT+10.0;+Win64;+x64)+AppleWebKit/537.36+(KHTML,+like+Gecko)+Chrome/77.0.3865.90+Safari/537.36 http://localhost:14985/WebForm1.aspx 200 0 0 63
2019-10-05 09:47:25 ::1 POST /WebForm1.aspx - 14985 - ::1 Mozilla/5.0+(Windows+NT+10.0;+Win64;+x64)+AppleWebKit/537.36+(KHTML,+like+Gecko)+Chrome/77.0.3865.90+Safari/537.36 http://localhost:14985/WebForm1.aspx 200 0 0 57
2019-10-05 09:47:27 ::1 POST /WebForm1.aspx - 14985 - ::1 Mozilla/5.0+(Windows+NT+10.0;+Win64;+x64)+AppleWebKit/537.36+(KHTML,+like+Gecko)+Chrome/77.0.3865.90+Safari/537.36 http://localhost:14985/WebForm1.aspx 200 0 0 58
2019-10-05 09:47:27 ::1 POST /WebForm1.aspx - 14985 - ::1 Mozilla/5.0+(Windows+NT+10.0;+Win64;+x64)+AppleWebKit/537.36+(KHTML,+like+Gecko)+Chrome/77.0.3865.90+Safari/537.36 http://localhost:14985/WebForm1.aspx 200 0 0 55
2019-10-05 09:47:27 ::1 POST /WebForm1.aspx - 14985 - ::1 Mozilla/5.0+(Windows+NT+10.0;+Win64;+x64)+AppleWebKit/537.36+(KHTML,+like+Gecko)+Chrome/77.0.3865.90+Safari/537.36 http://localhost:14985/WebForm1.aspx 200 0 0 60
2019-10-05 09:47:28 ::1 POST /WebForm1.aspx - 14985 - ::1 Mozilla/5.0+(Windows+NT+10.0;+Win64;+x64)+AppleWebKit/537.36+(KHTML,+like+Gecko)+Chrome/77.0.3865.90+Safari/537.36 http://localhost:14985/WebForm1.aspx 200 0 0 57
