#Software: Microsoft Internet Information Services 8.0
#Version: 1.0
#Date: 2019-10-04 13:46:46
#Fields: date time s-ip cs-method cs-uri-stem cs-uri-query s-port cs-username c-ip cs(User-Agent) cs(Referer) sc-status sc-substatus sc-win32-status time-taken
2019-10-04 13:46:46 ::1 GET /login.aspx - 1912 - ::1 Mozilla/5.0+(Windows+NT+10.0;+Win64;+x64)+AppleWebKit/537.36+(KHTML,+like+Gecko)+Chrome/77.0.3865.90+Safari/537.36 - 500 0 0 2693
2019-10-04 13:46:46 ::1 GET /favicon.ico - 1912 - ::1 Mozilla/5.0+(Windows+NT+10.0;+Win64;+x64)+AppleWebKit/537.36+(KHTML,+like+Gecko)+Chrome/77.0.3865.90+Safari/537.36 http://localhost:1912/login.aspx 404 0 2 4
#Software: Microsoft Internet Information Services 8.0
#Version: 1.0
#Date: 2019-10-04 13:47:03
#Fields: date time s-ip cs-method cs-uri-stem cs-uri-query s-port cs-username c-ip cs(User-Agent) cs(Referer) sc-status sc-substatus sc-win32-status time-taken
2019-10-04 13:47:03 ::1 GET /login.aspx - 1912 - ::1 Mozilla/5.0+(Windows+NT+10.0;+Win64;+x64)+AppleWebKit/537.36+(KHTML,+like+Gecko)+Chrome/77.0.3865.90+Safari/537.36 - 500 0 0 2059
2019-10-04 13:47:03 ::1 GET /favicon.ico - 1912 - ::1 Mozilla/5.0+(Windows+NT+10.0;+Win64;+x64)+AppleWebKit/537.36+(KHTML,+like+Gecko)+Chrome/77.0.3865.90+Safari/537.36 http://localhost:1912/login.aspx 404 0 2 3
#Software: Microsoft Internet Information Services 8.0
#Version: 1.0
#Date: 2019-10-04 13:47:30
#Fields: date time s-ip cs-method cs-uri-stem cs-uri-query s-port cs-username c-ip cs(User-Agent) cs(Referer) sc-status sc-substatus sc-win32-status time-taken
2019-10-04 13:47:30 ::1 GET /login.aspx - 1912 - ::1 Mozilla/5.0+(Windows+NT+10.0;+Win64;+x64)+AppleWebKit/537.36+(KHTML,+like+Gecko)+Chrome/77.0.3865.90+Safari/537.36 - 200 0 0 1417
2019-10-04 13:47:30 ::1 GET /WebResource.axd d=Vz49bRchC3SJR5Ff54qvchwX-HkSRFzzxmTfQuyCyzToK1JuMhsebUvE_fxmzO56QOG-1soaikGDVe0aWUW8eogBUWSuXkz6X8g-GlCX0jc1&t=636480529623431523 1912 - ::1 Mozilla/5.0+(Windows+NT+10.0;+Win64;+x64)+AppleWebKit/537.36+(KHTML,+like+Gecko)+Chrome/77.0.3865.90+Safari/537.36 http://localhost:1912/login.aspx 200 0 0 108
2019-10-04 13:47:30 ::1 GET /WebResource.axd d=_rHv5_HoE5Sz8rz7Ref1P2QJJO-ry_jjEZIkXxGdrn2bZXbBAXAKp7BTG1ogfWlG6l8Q-spnCttY5ufTDGnQyg-79nCzudtEZ-F7CtGJ5uo1&t=636480529623431523 1912 - ::1 Mozilla/5.0+(Windows+NT+10.0;+Win64;+x64)+AppleWebKit/537.36+(KHTML,+like+Gecko)+Chrome/77.0.3865.90+Safari/537.36 http://localhost:1912/login.aspx 200 0 0 108
2019-10-04 13:47:30 ::1 GET /favicon.ico - 1912 - ::1 Mozilla/5.0+(Windows+NT+10.0;+Win64;+x64)+AppleWebKit/537.36+(KHTML,+like+Gecko)+Chrome/77.0.3865.90+Safari/537.36 http://localhost:1912/login.aspx 404 0 2 4
2019-10-04 13:47:59 ::1 POST /login.aspx - 1912 - ::1 Mozilla/5.0+(Windows+NT+10.0;+Win64;+x64)+AppleWebKit/537.36+(KHTML,+like+Gecko)+Chrome/77.0.3865.90+Safari/537.36 http://localhost:1912/login.aspx 302 0 0 283
2019-10-04 13:47:59 ::1 GET /success.aspx - 1912 - ::1 Mozilla/5.0+(Windows+NT+10.0;+Win64;+x64)+AppleWebKit/537.36+(KHTML,+like+Gecko)+Chrome/77.0.3865.90+Safari/537.36 http://localhost:1912/login.aspx 200 0 0 60
#Software: Microsoft Internet Information Services 8.0
#Version: 1.0
#Date: 2019-10-04 13:48:18
#Fields: date time s-ip cs-method cs-uri-stem cs-uri-query s-port cs-username c-ip cs(User-Agent) cs(Referer) sc-status sc-substatus sc-win32-status time-taken
2019-10-04 13:48:18 ::1 GET /login.aspx - 1912 - ::1 Mozilla/5.0+(Windows+NT+10.0;+Win64;+x64)+AppleWebKit/537.36+(KHTML,+like+Gecko)+Chrome/77.0.3865.90+Safari/537.36 - 200 0 0 1318
2019-10-04 13:48:18 ::1 GET /favicon.ico - 1912 - ::1 Mozilla/5.0+(Windows+NT+10.0;+Win64;+x64)+AppleWebKit/537.36+(KHTML,+like+Gecko)+Chrome/77.0.3865.90+Safari/537.36 http://localhost:1912/login.aspx 404 0 2 12
2019-10-04 13:48:38 ::1 POST /login.aspx - 1912 - ::1 Mozilla/5.0+(Windows+NT+10.0;+Win64;+x64)+AppleWebKit/537.36+(KHTML,+like+Gecko)+Chrome/77.0.3865.90+Safari/537.36 http://localhost:1912/login.aspx 200 0 0 203
#Software: Microsoft Internet Information Services 8.0
#Version: 1.0
#Date: 2019-10-04 13:57:07
#Fields: date time s-ip cs-method cs-uri-stem cs-uri-query s-port cs-username c-ip cs(User-Agent) cs(Referer) sc-status sc-substatus sc-win32-status time-taken
2019-10-04 13:57:07 ::1 GET /login.aspx - 1912 - ::1 Mozilla/5.0+(Windows+NT+10.0;+Win64;+x64)+AppleWebKit/537.36+(KHTML,+like+Gecko)+Chrome/77.0.3865.90+Safari/537.36 - 302 0 0 2516
2019-10-04 13:57:07 ::1 GET /login.aspx - 1912 - ::1 Mozilla/5.0+(Windows+NT+10.0;+Win64;+x64)+AppleWebKit/537.36+(KHTML,+like+Gecko)+Chrome/77.0.3865.90+Safari/537.36 - 302 0 0 80
2019-10-04 13:57:07 ::1 GET /login.aspx - 1912 - ::1 Mozilla/5.0+(Windows+NT+10.0;+Win64;+x64)+AppleWebKit/537.36+(KHTML,+like+Gecko)+Chrome/77.0.3865.90+Safari/537.36 - 302 0 0 63
2019-10-04 13:57:07 ::1 GET /login.aspx - 1912 - ::1 Mozilla/5.0+(Windows+NT+10.0;+Win64;+x64)+AppleWebKit/537.36+(KHTML,+like+Gecko)+Chrome/77.0.3865.90+Safari/537.36 - 302 0 0 65
2019-10-04 13:57:07 ::1 GET /login.aspx - 1912 - ::1 Mozilla/5.0+(Windows+NT+10.0;+Win64;+x64)+AppleWebKit/537.36+(KHTML,+like+Gecko)+Chrome/77.0.3865.90+Safari/537.36 - 302 0 0 68
2019-10-04 13:57:07 ::1 GET /login.aspx - 1912 - ::1 Mozilla/5.0+(Windows+NT+10.0;+Win64;+x64)+AppleWebKit/537.36+(KHTML,+like+Gecko)+Chrome/77.0.3865.90+Safari/537.36 - 302 0 0 72
2019-10-04 13:57:07 ::1 GET /login.aspx - 1912 - ::1 Mozilla/5.0+(Windows+NT+10.0;+Win64;+x64)+AppleWebKit/537.36+(KHTML,+like+Gecko)+Chrome/77.0.3865.90+Safari/537.36 - 302 0 0 71
2019-10-04 13:57:07 ::1 GET /login.aspx - 1912 - ::1 Mozilla/5.0+(Windows+NT+10.0;+Win64;+x64)+AppleWebKit/537.36+(KHTML,+like+Gecko)+Chrome/77.0.3865.90+Safari/537.36 - 302 0 0 68
2019-10-04 13:57:07 ::1 GET /login.aspx - 1912 - ::1 Mozilla/5.0+(Windows+NT+10.0;+Win64;+x64)+AppleWebKit/537.36+(KHTML,+like+Gecko)+Chrome/77.0.3865.90+Safari/537.36 - 302 0 0 60
2019-10-04 13:57:07 ::1 GET /login.aspx - 1912 - ::1 Mozilla/5.0+(Windows+NT+10.0;+Win64;+x64)+AppleWebKit/537.36+(KHTML,+like+Gecko)+Chrome/77.0.3865.90+Safari/537.36 - 302 0 0 72
2019-10-04 13:57:07 ::1 GET /login.aspx - 1912 - ::1 Mozilla/5.0+(Windows+NT+10.0;+Win64;+x64)+AppleWebKit/537.36+(KHTML,+like+Gecko)+Chrome/77.0.3865.90+Safari/537.36 - 302 0 0 72
2019-10-04 13:57:07 ::1 GET /login.aspx - 1912 - ::1 Mozilla/5.0+(Windows+NT+10.0;+Win64;+x64)+AppleWebKit/537.36+(KHTML,+like+Gecko)+Chrome/77.0.3865.90+Safari/537.36 - 302 0 0 74
2019-10-04 13:57:07 ::1 GET /login.aspx - 1912 - ::1 Mozilla/5.0+(Windows+NT+10.0;+Win64;+x64)+AppleWebKit/537.36+(KHTML,+like+Gecko)+Chrome/77.0.3865.90+Safari/537.36 - 302 0 0 76
2019-10-04 13:57:07 ::1 GET /login.aspx - 1912 - ::1 Mozilla/5.0+(Windows+NT+10.0;+Win64;+x64)+AppleWebKit/537.36+(KHTML,+like+Gecko)+Chrome/77.0.3865.90+Safari/537.36 - 302 0 0 63
2019-10-04 13:57:07 ::1 GET /login.aspx - 1912 - ::1 Mozilla/5.0+(Windows+NT+10.0;+Win64;+x64)+AppleWebKit/537.36+(KHTML,+like+Gecko)+Chrome/77.0.3865.90+Safari/537.36 - 302 0 0 56
2019-10-04 13:57:08 ::1 GET /login.aspx - 1912 - ::1 Mozilla/5.0+(Windows+NT+10.0;+Win64;+x64)+AppleWebKit/537.36+(KHTML,+like+Gecko)+Chrome/77.0.3865.90+Safari/537.36 - 302 0 0 56
2019-10-04 13:57:08 ::1 GET /login.aspx - 1912 - ::1 Mozilla/5.0+(Windows+NT+10.0;+Win64;+x64)+AppleWebKit/537.36+(KHTML,+like+Gecko)+Chrome/77.0.3865.90+Safari/537.36 - 302 0 0 56
2019-10-04 13:57:08 ::1 GET /login.aspx - 1912 - ::1 Mozilla/5.0+(Windows+NT+10.0;+Win64;+x64)+AppleWebKit/537.36+(KHTML,+like+Gecko)+Chrome/77.0.3865.90+Safari/537.36 - 302 0 0 57
2019-10-04 13:57:08 ::1 GET /login.aspx - 1912 - ::1 Mozilla/5.0+(Windows+NT+10.0;+Win64;+x64)+AppleWebKit/537.36+(KHTML,+like+Gecko)+Chrome/77.0.3865.90+Safari/537.36 - 302 0 0 60
2019-10-04 13:57:08 ::1 GET /login.aspx - 1912 - ::1 Mozilla/5.0+(Windows+NT+10.0;+Win64;+x64)+AppleWebKit/537.36+(KHTML,+like+Gecko)+Chrome/77.0.3865.90+Safari/537.36 - 302 0 0 67
#Software: Microsoft Internet Information Services 8.0
#Version: 1.0
#Date: 2019-10-04 13:57:21
#Fields: date time s-ip cs-method cs-uri-stem cs-uri-query s-port cs-username c-ip cs(User-Agent) cs(Referer) sc-status sc-substatus sc-win32-status time-taken
2019-10-04 13:57:21 ::1 GET /login.aspx - 1912 - ::1 Mozilla/5.0+(Windows+NT+10.0;+Win64;+x64)+AppleWebKit/537.36+(KHTML,+like+Gecko)+Chrome/77.0.3865.90+Safari/537.36 - 302 0 0 1173
2019-10-04 13:57:21 ::1 GET /login.aspx - 1912 - ::1 Mozilla/5.0+(Windows+NT+10.0;+Win64;+x64)+AppleWebKit/537.36+(KHTML,+like+Gecko)+Chrome/77.0.3865.90+Safari/537.36 - 302 0 0 69
2019-10-04 13:57:21 ::1 GET /login.aspx - 1912 - ::1 Mozilla/5.0+(Windows+NT+10.0;+Win64;+x64)+AppleWebKit/537.36+(KHTML,+like+Gecko)+Chrome/77.0.3865.90+Safari/537.36 - 302 0 0 64
2019-10-04 13:57:21 ::1 GET /login.aspx - 1912 - ::1 Mozilla/5.0+(Windows+NT+10.0;+Win64;+x64)+AppleWebKit/537.36+(KHTML,+like+Gecko)+Chrome/77.0.3865.90+Safari/537.36 - 302 0 0 60
2019-10-04 13:57:21 ::1 GET /login.aspx - 1912 - ::1 Mozilla/5.0+(Windows+NT+10.0;+Win64;+x64)+AppleWebKit/537.36+(KHTML,+like+Gecko)+Chrome/77.0.3865.90+Safari/537.36 - 302 0 0 76
2019-10-04 13:57:21 ::1 GET /login.aspx - 1912 - ::1 Mozilla/5.0+(Windows+NT+10.0;+Win64;+x64)+AppleWebKit/537.36+(KHTML,+like+Gecko)+Chrome/77.0.3865.90+Safari/537.36 - 302 0 0 52
2019-10-04 13:57:21 ::1 GET /login.aspx - 1912 - ::1 Mozilla/5.0+(Windows+NT+10.0;+Win64;+x64)+AppleWebKit/537.36+(KHTML,+like+Gecko)+Chrome/77.0.3865.90+Safari/537.36 - 302 0 0 56
2019-10-04 13:57:21 ::1 GET /login.aspx - 1912 - ::1 Mozilla/5.0+(Windows+NT+10.0;+Win64;+x64)+AppleWebKit/537.36+(KHTML,+like+Gecko)+Chrome/77.0.3865.90+Safari/537.36 - 302 0 0 39
2019-10-04 13:57:21 ::1 GET /login.aspx - 1912 - ::1 Mozilla/5.0+(Windows+NT+10.0;+Win64;+x64)+AppleWebKit/537.36+(KHTML,+like+Gecko)+Chrome/77.0.3865.90+Safari/537.36 - 302 0 0 51
2019-10-04 13:57:21 ::1 GET /login.aspx - 1912 - ::1 Mozilla/5.0+(Windows+NT+10.0;+Win64;+x64)+AppleWebKit/537.36+(KHTML,+like+Gecko)+Chrome/77.0.3865.90+Safari/537.36 - 302 0 0 48
2019-10-04 13:57:21 ::1 GET /login.aspx - 1912 - ::1 Mozilla/5.0+(Windows+NT+10.0;+Win64;+x64)+AppleWebKit/537.36+(KHTML,+like+Gecko)+Chrome/77.0.3865.90+Safari/537.36 - 302 0 0 44
2019-10-04 13:57:21 ::1 GET /login.aspx - 1912 - ::1 Mozilla/5.0+(Windows+NT+10.0;+Win64;+x64)+AppleWebKit/537.36+(KHTML,+like+Gecko)+Chrome/77.0.3865.90+Safari/537.36 - 302 0 0 44
2019-10-04 13:57:21 ::1 GET /login.aspx - 1912 - ::1 Mozilla/5.0+(Windows+NT+10.0;+Win64;+x64)+AppleWebKit/537.36+(KHTML,+like+Gecko)+Chrome/77.0.3865.90+Safari/537.36 - 302 0 0 45
2019-10-04 13:57:21 ::1 GET /login.aspx - 1912 - ::1 Mozilla/5.0+(Windows+NT+10.0;+Win64;+x64)+AppleWebKit/537.36+(KHTML,+like+Gecko)+Chrome/77.0.3865.90+Safari/537.36 - 302 0 0 43
2019-10-04 13:57:21 ::1 GET /login.aspx - 1912 - ::1 Mozilla/5.0+(Windows+NT+10.0;+Win64;+x64)+AppleWebKit/537.36+(KHTML,+like+Gecko)+Chrome/77.0.3865.90+Safari/537.36 - 302 0 0 47
2019-10-04 13:57:21 ::1 GET /login.aspx - 1912 - ::1 Mozilla/5.0+(Windows+NT+10.0;+Win64;+x64)+AppleWebKit/537.36+(KHTML,+like+Gecko)+Chrome/77.0.3865.90+Safari/537.36 - 302 0 0 48
2019-10-04 13:57:21 ::1 GET /login.aspx - 1912 - ::1 Mozilla/5.0+(Windows+NT+10.0;+Win64;+x64)+AppleWebKit/537.36+(KHTML,+like+Gecko)+Chrome/77.0.3865.90+Safari/537.36 - 302 0 0 47
2019-10-04 13:57:21 ::1 GET /login.aspx - 1912 - ::1 Mozilla/5.0+(Windows+NT+10.0;+Win64;+x64)+AppleWebKit/537.36+(KHTML,+like+Gecko)+Chrome/77.0.3865.90+Safari/537.36 - 302 0 0 44
2019-10-04 13:57:21 ::1 GET /login.aspx - 1912 - ::1 Mozilla/5.0+(Windows+NT+10.0;+Win64;+x64)+AppleWebKit/537.36+(KHTML,+like+Gecko)+Chrome/77.0.3865.90+Safari/537.36 - 302 0 0 44
2019-10-04 13:57:22 ::1 GET /login.aspx - 1912 - ::1 Mozilla/5.0+(Windows+NT+10.0;+Win64;+x64)+AppleWebKit/537.36+(KHTML,+like+Gecko)+Chrome/77.0.3865.90+Safari/537.36 - 302 0 0 48
#Software: Microsoft Internet Information Services 8.0
#Version: 1.0
#Date: 2019-10-04 13:57:43
#Fields: date time s-ip cs-method cs-uri-stem cs-uri-query s-port cs-username c-ip cs(User-Agent) cs(Referer) sc-status sc-substatus sc-win32-status time-taken
2019-10-04 13:57:43 ::1 GET /login.aspx - 1912 - ::1 Mozilla/5.0+(Windows+NT+10.0;+Win64;+x64)+AppleWebKit/537.36+(KHTML,+like+Gecko)+Chrome/77.0.3865.90+Safari/537.36 - 302 0 0 1153
2019-10-04 13:57:43 ::1 GET /login.aspx - 1912 - ::1 Mozilla/5.0+(Windows+NT+10.0;+Win64;+x64)+AppleWebKit/537.36+(KHTML,+like+Gecko)+Chrome/77.0.3865.90+Safari/537.36 - 302 0 0 80
2019-10-04 13:57:43 ::1 GET /login.aspx - 1912 - ::1 Mozilla/5.0+(Windows+NT+10.0;+Win64;+x64)+AppleWebKit/537.36+(KHTML,+like+Gecko)+Chrome/77.0.3865.90+Safari/537.36 - 302 0 0 72
2019-10-04 13:57:43 ::1 GET /login.aspx - 1912 - ::1 Mozilla/5.0+(Windows+NT+10.0;+Win64;+x64)+AppleWebKit/537.36+(KHTML,+like+Gecko)+Chrome/77.0.3865.90+Safari/537.36 - 302 0 0 64
2019-10-04 13:57:43 ::1 GET /login.aspx - 1912 - ::1 Mozilla/5.0+(Windows+NT+10.0;+Win64;+x64)+AppleWebKit/537.36+(KHTML,+like+Gecko)+Chrome/77.0.3865.90+Safari/537.36 - 302 0 0 56
2019-10-04 13:57:43 ::1 GET /login.aspx - 1912 - ::1 Mozilla/5.0+(Windows+NT+10.0;+Win64;+x64)+AppleWebKit/537.36+(KHTML,+like+Gecko)+Chrome/77.0.3865.90+Safari/537.36 - 302 0 0 60
2019-10-04 13:57:43 ::1 GET /login.aspx - 1912 - ::1 Mozilla/5.0+(Windows+NT+10.0;+Win64;+x64)+AppleWebKit/537.36+(KHTML,+like+Gecko)+Chrome/77.0.3865.90+Safari/537.36 - 302 0 0 44
2019-10-04 13:57:43 ::1 GET /login.aspx - 1912 - ::1 Mozilla/5.0+(Windows+NT+10.0;+Win64;+x64)+AppleWebKit/537.36+(KHTML,+like+Gecko)+Chrome/77.0.3865.90+Safari/537.36 - 302 0 0 43
2019-10-04 13:57:43 ::1 GET /login.aspx - 1912 - ::1 Mozilla/5.0+(Windows+NT+10.0;+Win64;+x64)+AppleWebKit/537.36+(KHTML,+like+Gecko)+Chrome/77.0.3865.90+Safari/537.36 - 302 0 0 48
2019-10-04 13:57:43 ::1 GET /login.aspx - 1912 - ::1 Mozilla/5.0+(Windows+NT+10.0;+Win64;+x64)+AppleWebKit/537.36+(KHTML,+like+Gecko)+Chrome/77.0.3865.90+Safari/537.36 - 302 0 0 48
2019-10-04 13:57:43 ::1 GET /login.aspx - 1912 - ::1 Mozilla/5.0+(Windows+NT+10.0;+Win64;+x64)+AppleWebKit/537.36+(KHTML,+like+Gecko)+Chrome/77.0.3865.90+Safari/537.36 - 302 0 0 48
2019-10-04 13:57:43 ::1 GET /login.aspx - 1912 - ::1 Mozilla/5.0+(Windows+NT+10.0;+Win64;+x64)+AppleWebKit/537.36+(KHTML,+like+Gecko)+Chrome/77.0.3865.90+Safari/537.36 - 302 0 0 60
2019-10-04 13:57:43 ::1 GET /login.aspx - 1912 - ::1 Mozilla/5.0+(Windows+NT+10.0;+Win64;+x64)+AppleWebKit/537.36+(KHTML,+like+Gecko)+Chrome/77.0.3865.90+Safari/537.36 - 302 0 0 48
2019-10-04 13:57:43 ::1 GET /login.aspx - 1912 - ::1 Mozilla/5.0+(Windows+NT+10.0;+Win64;+x64)+AppleWebKit/537.36+(KHTML,+like+Gecko)+Chrome/77.0.3865.90+Safari/537.36 - 302 0 0 46
2019-10-04 13:57:43 ::1 GET /login.aspx - 1912 - ::1 Mozilla/5.0+(Windows+NT+10.0;+Win64;+x64)+AppleWebKit/537.36+(KHTML,+like+Gecko)+Chrome/77.0.3865.90+Safari/537.36 - 302 0 0 48
2019-10-04 13:57:43 ::1 GET /login.aspx - 1912 - ::1 Mozilla/5.0+(Windows+NT+10.0;+Win64;+x64)+AppleWebKit/537.36+(KHTML,+like+Gecko)+Chrome/77.0.3865.90+Safari/537.36 - 302 0 0 52
2019-10-04 13:57:43 ::1 GET /login.aspx - 1912 - ::1 Mozilla/5.0+(Windows+NT+10.0;+Win64;+x64)+AppleWebKit/537.36+(KHTML,+like+Gecko)+Chrome/77.0.3865.90+Safari/537.36 - 302 0 0 55
2019-10-04 13:57:44 ::1 GET /login.aspx - 1912 - ::1 Mozilla/5.0+(Windows+NT+10.0;+Win64;+x64)+AppleWebKit/537.36+(KHTML,+like+Gecko)+Chrome/77.0.3865.90+Safari/537.36 - 302 0 0 54
2019-10-04 13:57:44 ::1 GET /login.aspx - 1912 - ::1 Mozilla/5.0+(Windows+NT+10.0;+Win64;+x64)+AppleWebKit/537.36+(KHTML,+like+Gecko)+Chrome/77.0.3865.90+Safari/537.36 - 302 0 0 52
2019-10-04 13:57:44 ::1 GET /login.aspx - 1912 - ::1 Mozilla/5.0+(Windows+NT+10.0;+Win64;+x64)+AppleWebKit/537.36+(KHTML,+like+Gecko)+Chrome/77.0.3865.90+Safari/537.36 - 302 0 0 44
#Software: Microsoft Internet Information Services 8.0
#Version: 1.0
#Date: 2019-10-04 13:58:19
#Fields: date time s-ip cs-method cs-uri-stem cs-uri-query s-port cs-username c-ip cs(User-Agent) cs(Referer) sc-status sc-substatus sc-win32-status time-taken
2019-10-04 13:58:19 ::1 GET /login.aspx - 1912 - ::1 Mozilla/5.0+(Windows+NT+10.0;+Win64;+x64)+AppleWebKit/537.36+(KHTML,+like+Gecko)+Chrome/77.0.3865.90+Safari/537.36 - 200 0 0 2255
2019-10-04 13:58:19 ::1 GET /favicon.ico - 1912 - ::1 Mozilla/5.0+(Windows+NT+10.0;+Win64;+x64)+AppleWebKit/537.36+(KHTML,+like+Gecko)+Chrome/77.0.3865.90+Safari/537.36 http://localhost:1912/login.aspx 404 0 2 0
2019-10-04 13:58:33 ::1 POST /login.aspx - 1912 - ::1 Mozilla/5.0+(Windows+NT+10.0;+Win64;+x64)+AppleWebKit/537.36+(KHTML,+like+Gecko)+Chrome/77.0.3865.90+Safari/537.36 http://localhost:1912/login.aspx 200 0 0 130
2019-10-04 13:58:39 ::1 POST /login.aspx - 1912 - ::1 Mozilla/5.0+(Windows+NT+10.0;+Win64;+x64)+AppleWebKit/537.36+(KHTML,+like+Gecko)+Chrome/77.0.3865.90+Safari/537.36 http://localhost:1912/login.aspx 302 0 0 120
2019-10-04 13:58:39 ::1 GET /success.aspx - 1912 - ::1 Mozilla/5.0+(Windows+NT+10.0;+Win64;+x64)+AppleWebKit/537.36+(KHTML,+like+Gecko)+Chrome/77.0.3865.90+Safari/537.36 http://localhost:1912/login.aspx 200 0 0 38
#Software: Microsoft Internet Information Services 8.0
#Version: 1.0
#Date: 2019-10-04 13:59:00
#Fields: date time s-ip cs-method cs-uri-stem cs-uri-query s-port cs-username c-ip cs(User-Agent) cs(Referer) sc-status sc-substatus sc-win32-status time-taken
2019-10-04 13:59:00 ::1 GET /login.aspx - 1912 - ::1 Mozilla/5.0+(Windows+NT+10.0;+Win64;+x64)+AppleWebKit/537.36+(KHTML,+like+Gecko)+Chrome/77.0.3865.90+Safari/537.36 - 302 0 0 2018
2019-10-04 13:59:00 ::1 GET /login.aspx - 1912 - ::1 Mozilla/5.0+(Windows+NT+10.0;+Win64;+x64)+AppleWebKit/537.36+(KHTML,+like+Gecko)+Chrome/77.0.3865.90+Safari/537.36 - 302 0 0 79
2019-10-04 13:59:00 ::1 GET /login.aspx - 1912 - ::1 Mozilla/5.0+(Windows+NT+10.0;+Win64;+x64)+AppleWebKit/537.36+(KHTML,+like+Gecko)+Chrome/77.0.3865.90+Safari/537.36 - 302 0 0 66
2019-10-04 13:59:00 ::1 GET /login.aspx - 1912 - ::1 Mozilla/5.0+(Windows+NT+10.0;+Win64;+x64)+AppleWebKit/537.36+(KHTML,+like+Gecko)+Chrome/77.0.3865.90+Safari/537.36 - 302 0 0 67
2019-10-04 13:59:00 ::1 GET /login.aspx - 1912 - ::1 Mozilla/5.0+(Windows+NT+10.0;+Win64;+x64)+AppleWebKit/537.36+(KHTML,+like+Gecko)+Chrome/77.0.3865.90+Safari/537.36 - 302 0 0 57
2019-10-04 13:59:00 ::1 GET /login.aspx - 1912 - ::1 Mozilla/5.0+(Windows+NT+10.0;+Win64;+x64)+AppleWebKit/537.36+(KHTML,+like+Gecko)+Chrome/77.0.3865.90+Safari/537.36 - 302 0 0 56
2019-10-04 13:59:00 ::1 GET /login.aspx - 1912 - ::1 Mozilla/5.0+(Windows+NT+10.0;+Win64;+x64)+AppleWebKit/537.36+(KHTML,+like+Gecko)+Chrome/77.0.3865.90+Safari/537.36 - 302 0 0 60
2019-10-04 13:59:00 ::1 GET /login.aspx - 1912 - ::1 Mozilla/5.0+(Windows+NT+10.0;+Win64;+x64)+AppleWebKit/537.36+(KHTML,+like+Gecko)+Chrome/77.0.3865.90+Safari/537.36 - 302 0 0 60
2019-10-04 13:59:00 ::1 GET /login.aspx - 1912 - ::1 Mozilla/5.0+(Windows+NT+10.0;+Win64;+x64)+AppleWebKit/537.36+(KHTML,+like+Gecko)+Chrome/77.0.3865.90+Safari/537.36 - 302 0 0 55
2019-10-04 13:59:00 ::1 GET /login.aspx - 1912 - ::1 Mozilla/5.0+(Windows+NT+10.0;+Win64;+x64)+AppleWebKit/537.36+(KHTML,+like+Gecko)+Chrome/77.0.3865.90+Safari/537.36 - 302 0 0 64
2019-10-04 13:59:00 ::1 GET /login.aspx - 1912 - ::1 Mozilla/5.0+(Windows+NT+10.0;+Win64;+x64)+AppleWebKit/537.36+(KHTML,+like+Gecko)+Chrome/77.0.3865.90+Safari/537.36 - 302 0 0 60
2019-10-04 13:59:00 ::1 GET /login.aspx - 1912 - ::1 Mozilla/5.0+(Windows+NT+10.0;+Win64;+x64)+AppleWebKit/537.36+(KHTML,+like+Gecko)+Chrome/77.0.3865.90+Safari/537.36 - 302 0 0 64
2019-10-04 13:59:00 ::1 GET /login.aspx - 1912 - ::1 Mozilla/5.0+(Windows+NT+10.0;+Win64;+x64)+AppleWebKit/537.36+(KHTML,+like+Gecko)+Chrome/77.0.3865.90+Safari/537.36 - 302 0 0 59
2019-10-04 13:59:00 ::1 GET /login.aspx - 1912 - ::1 Mozilla/5.0+(Windows+NT+10.0;+Win64;+x64)+AppleWebKit/537.36+(KHTML,+like+Gecko)+Chrome/77.0.3865.90+Safari/537.36 - 302 0 0 58
2019-10-04 13:59:00 ::1 GET /login.aspx - 1912 - ::1 Mozilla/5.0+(Windows+NT+10.0;+Win64;+x64)+AppleWebKit/537.36+(KHTML,+like+Gecko)+Chrome/77.0.3865.90+Safari/537.36 - 302 0 0 60
2019-10-04 13:59:00 ::1 GET /login.aspx - 1912 - ::1 Mozilla/5.0+(Windows+NT+10.0;+Win64;+x64)+AppleWebKit/537.36+(KHTML,+like+Gecko)+Chrome/77.0.3865.90+Safari/537.36 - 302 0 0 60
2019-10-04 13:59:01 ::1 GET /login.aspx - 1912 - ::1 Mozilla/5.0+(Windows+NT+10.0;+Win64;+x64)+AppleWebKit/537.36+(KHTML,+like+Gecko)+Chrome/77.0.3865.90+Safari/537.36 - 302 0 0 56
2019-10-04 13:59:01 ::1 GET /login.aspx - 1912 - ::1 Mozilla/5.0+(Windows+NT+10.0;+Win64;+x64)+AppleWebKit/537.36+(KHTML,+like+Gecko)+Chrome/77.0.3865.90+Safari/537.36 - 302 0 0 59
2019-10-04 13:59:01 ::1 GET /login.aspx - 1912 - ::1 Mozilla/5.0+(Windows+NT+10.0;+Win64;+x64)+AppleWebKit/537.36+(KHTML,+like+Gecko)+Chrome/77.0.3865.90+Safari/537.36 - 302 0 0 58
2019-10-04 13:59:01 ::1 GET /login.aspx - 1912 - ::1 Mozilla/5.0+(Windows+NT+10.0;+Win64;+x64)+AppleWebKit/537.36+(KHTML,+like+Gecko)+Chrome/77.0.3865.90+Safari/537.36 - 302 0 0 59
#Software: Microsoft Internet Information Services 8.0
#Version: 1.0
#Date: 2019-10-04 14:03:04
#Fields: date time s-ip cs-method cs-uri-stem cs-uri-query s-port cs-username c-ip cs(User-Agent) cs(Referer) sc-status sc-substatus sc-win32-status time-taken
2019-10-04 14:03:04 ::1 GET / - 1912 - ::1 Mozilla/5.0+(Windows+NT+10.0;+Win64;+x64)+AppleWebKit/537.36+(KHTML,+like+Gecko)+Chrome/77.0.3865.90+Safari/537.36 - 500 19 50 25
2019-10-04 14:03:04 ::1 GET /favicon.ico - 1912 - ::1 Mozilla/5.0+(Windows+NT+10.0;+Win64;+x64)+AppleWebKit/537.36+(KHTML,+like+Gecko)+Chrome/77.0.3865.90+Safari/537.36 http://localhost:1912/ 500 19 50 14
#Software: Microsoft Internet Information Services 8.0
#Version: 1.0
#Date: 2019-10-04 14:03:20
#Fields: date time s-ip cs-method cs-uri-stem cs-uri-query s-port cs-username c-ip cs(User-Agent) cs(Referer) sc-status sc-substatus sc-win32-status time-taken
2019-10-04 14:03:20 ::1 GET /login.aspx - 1912 - ::1 Mozilla/5.0+(Windows+NT+10.0;+Win64;+x64)+AppleWebKit/537.36+(KHTML,+like+Gecko)+Chrome/77.0.3865.90+Safari/537.36 - 500 19 50 19
2019-10-04 14:03:20 ::1 GET /favicon.ico - 1912 - ::1 Mozilla/5.0+(Windows+NT+10.0;+Win64;+x64)+AppleWebKit/537.36+(KHTML,+like+Gecko)+Chrome/77.0.3865.90+Safari/537.36 http://localhost:1912/login.aspx 500 19 50 1
#Software: Microsoft Internet Information Services 8.0
#Version: 1.0
#Date: 2019-10-04 14:04:13
#Fields: date time s-ip cs-method cs-uri-stem cs-uri-query s-port cs-username c-ip cs(User-Agent) cs(Referer) sc-status sc-substatus sc-win32-status time-taken
2019-10-04 14:04:13 ::1 GET /login.aspx - 1912 - ::1 Mozilla/5.0+(Windows+NT+10.0;+Win64;+x64)+AppleWebKit/537.36+(KHTML,+like+Gecko)+Chrome/77.0.3865.90+Safari/537.36 - 500 19 50 12
2019-10-04 14:04:13 ::1 GET /favicon.ico - 1912 - ::1 Mozilla/5.0+(Windows+NT+10.0;+Win64;+x64)+AppleWebKit/537.36+(KHTML,+like+Gecko)+Chrome/77.0.3865.90+Safari/537.36 http://localhost:1912/login.aspx 500 19 50 2
#Software: Microsoft Internet Information Services 8.0
#Version: 1.0
#Date: 2019-10-04 14:04:36
#Fields: date time s-ip cs-method cs-uri-stem cs-uri-query s-port cs-username c-ip cs(User-Agent) cs(Referer) sc-status sc-substatus sc-win32-status time-taken
2019-10-04 14:04:36 ::1 GET /login.aspx - 1912 - ::1 Mozilla/5.0+(Windows+NT+10.0;+Win64;+x64)+AppleWebKit/537.36+(KHTML,+like+Gecko)+Chrome/77.0.3865.90+Safari/537.36 - 500 19 50 24
2019-10-04 14:04:36 ::1 GET /favicon.ico - 1912 - ::1 Mozilla/5.0+(Windows+NT+10.0;+Win64;+x64)+AppleWebKit/537.36+(KHTML,+like+Gecko)+Chrome/77.0.3865.90+Safari/537.36 http://localhost:1912/login.aspx 500 19 50 2
#Software: Microsoft Internet Information Services 8.0
#Version: 1.0
#Date: 2019-10-04 14:05:09
#Fields: date time s-ip cs-method cs-uri-stem cs-uri-query s-port cs-username c-ip cs(User-Agent) cs(Referer) sc-status sc-substatus sc-win32-status time-taken
2019-10-04 14:05:09 ::1 GET /login.aspx - 1912 - ::1 Mozilla/5.0+(Windows+NT+10.0;+Win64;+x64)+AppleWebKit/537.36+(KHTML,+like+Gecko)+Chrome/77.0.3865.90+Safari/537.36 - 500 19 50 35
2019-10-04 14:05:09 ::1 GET /favicon.ico - 1912 - ::1 Mozilla/5.0+(Windows+NT+10.0;+Win64;+x64)+AppleWebKit/537.36+(KHTML,+like+Gecko)+Chrome/77.0.3865.90+Safari/537.36 http://localhost:1912/login.aspx 500 19 50 4
#Software: Microsoft Internet Information Services 8.0
#Version: 1.0
#Date: 2019-10-04 14:06:20
#Fields: date time s-ip cs-method cs-uri-stem cs-uri-query s-port cs-username c-ip cs(User-Agent) cs(Referer) sc-status sc-substatus sc-win32-status time-taken
2019-10-04 14:06:20 ::1 GET /login.aspx - 1912 - ::1 Mozilla/5.0+(Windows+NT+10.0;+Win64;+x64)+AppleWebKit/537.36+(KHTML,+like+Gecko)+Chrome/77.0.3865.90+Safari/537.36 - 500 19 50 17
2019-10-04 14:06:20 ::1 GET /favicon.ico - 1912 - ::1 Mozilla/5.0+(Windows+NT+10.0;+Win64;+x64)+AppleWebKit/537.36+(KHTML,+like+Gecko)+Chrome/77.0.3865.90+Safari/537.36 http://localhost:1912/login.aspx 500 19 50 1
#Software: Microsoft Internet Information Services 8.0
#Version: 1.0
#Date: 2019-10-04 14:07:03
#Fields: date time s-ip cs-method cs-uri-stem cs-uri-query s-port cs-username c-ip cs(User-Agent) cs(Referer) sc-status sc-substatus sc-win32-status time-taken
2019-10-04 14:07:03 ::1 GET /login.aspx - 1912 - ::1 Mozilla/5.0+(Windows+NT+10.0;+Win64;+x64)+AppleWebKit/537.36+(KHTML,+like+Gecko)+Chrome/77.0.3865.90+Safari/537.36 - 302 0 0 2082
2019-10-04 14:07:03 ::1 GET /login.aspx - 1912 - ::1 Mozilla/5.0+(Windows+NT+10.0;+Win64;+x64)+AppleWebKit/537.36+(KHTML,+like+Gecko)+Chrome/77.0.3865.90+Safari/537.36 - 302 0 0 76
2019-10-04 14:07:03 ::1 GET /login.aspx - 1912 - ::1 Mozilla/5.0+(Windows+NT+10.0;+Win64;+x64)+AppleWebKit/537.36+(KHTML,+like+Gecko)+Chrome/77.0.3865.90+Safari/537.36 - 302 0 0 67
2019-10-04 14:07:03 ::1 GET /login.aspx - 1912 - ::1 Mozilla/5.0+(Windows+NT+10.0;+Win64;+x64)+AppleWebKit/537.36+(KHTML,+like+Gecko)+Chrome/77.0.3865.90+Safari/537.36 - 302 0 0 72
2019-10-04 14:07:03 ::1 GET /login.aspx - 1912 - ::1 Mozilla/5.0+(Windows+NT+10.0;+Win64;+x64)+AppleWebKit/537.36+(KHTML,+like+Gecko)+Chrome/77.0.3865.90+Safari/537.36 - 302 0 0 68
2019-10-04 14:07:03 ::1 GET /login.aspx - 1912 - ::1 Mozilla/5.0+(Windows+NT+10.0;+Win64;+x64)+AppleWebKit/537.36+(KHTML,+like+Gecko)+Chrome/77.0.3865.90+Safari/537.36 - 302 0 0 64
2019-10-04 14:07:03 ::1 GET /login.aspx - 1912 - ::1 Mozilla/5.0+(Windows+NT+10.0;+Win64;+x64)+AppleWebKit/537.36+(KHTML,+like+Gecko)+Chrome/77.0.3865.90+Safari/537.36 - 302 0 0 63
2019-10-04 14:07:03 ::1 GET /login.aspx - 1912 - ::1 Mozilla/5.0+(Windows+NT+10.0;+Win64;+x64)+AppleWebKit/537.36+(KHTML,+like+Gecko)+Chrome/77.0.3865.90+Safari/537.36 - 302 0 0 75
2019-10-04 14:07:03 ::1 GET /login.aspx - 1912 - ::1 Mozilla/5.0+(Windows+NT+10.0;+Win64;+x64)+AppleWebKit/537.36+(KHTML,+like+Gecko)+Chrome/77.0.3865.90+Safari/537.36 - 302 0 0 62
2019-10-04 14:07:03 ::1 GET /login.aspx - 1912 - ::1 Mozilla/5.0+(Windows+NT+10.0;+Win64;+x64)+AppleWebKit/537.36+(KHTML,+like+Gecko)+Chrome/77.0.3865.90+Safari/537.36 - 302 0 0 68
2019-10-04 14:07:03 ::1 GET /login.aspx - 1912 - ::1 Mozilla/5.0+(Windows+NT+10.0;+Win64;+x64)+AppleWebKit/537.36+(KHTML,+like+Gecko)+Chrome/77.0.3865.90+Safari/537.36 - 302 0 0 64
2019-10-04 14:07:03 ::1 GET /login.aspx - 1912 - ::1 Mozilla/5.0+(Windows+NT+10.0;+Win64;+x64)+AppleWebKit/537.36+(KHTML,+like+Gecko)+Chrome/77.0.3865.90+Safari/537.36 - 302 0 0 64
2019-10-04 14:07:03 ::1 GET /login.aspx - 1912 - ::1 Mozilla/5.0+(Windows+NT+10.0;+Win64;+x64)+AppleWebKit/537.36+(KHTML,+like+Gecko)+Chrome/77.0.3865.90+Safari/537.36 - 302 0 0 64
2019-10-04 14:07:03 ::1 GET /login.aspx - 1912 - ::1 Mozilla/5.0+(Windows+NT+10.0;+Win64;+x64)+AppleWebKit/537.36+(KHTML,+like+Gecko)+Chrome/77.0.3865.90+Safari/537.36 - 302 0 0 62
2019-10-04 14:07:03 ::1 GET /login.aspx - 1912 - ::1 Mozilla/5.0+(Windows+NT+10.0;+Win64;+x64)+AppleWebKit/537.36+(KHTML,+like+Gecko)+Chrome/77.0.3865.90+Safari/537.36 - 302 0 0 63
2019-10-04 14:07:04 ::1 GET /login.aspx - 1912 - ::1 Mozilla/5.0+(Windows+NT+10.0;+Win64;+x64)+AppleWebKit/537.36+(KHTML,+like+Gecko)+Chrome/77.0.3865.90+Safari/537.36 - 302 0 0 59
2019-10-04 14:07:04 ::1 GET /login.aspx - 1912 - ::1 Mozilla/5.0+(Windows+NT+10.0;+Win64;+x64)+AppleWebKit/537.36+(KHTML,+like+Gecko)+Chrome/77.0.3865.90+Safari/537.36 - 302 0 0 60
2019-10-04 14:07:04 ::1 GET /login.aspx - 1912 - ::1 Mozilla/5.0+(Windows+NT+10.0;+Win64;+x64)+AppleWebKit/537.36+(KHTML,+like+Gecko)+Chrome/77.0.3865.90+Safari/537.36 - 302 0 0 60
2019-10-04 14:07:04 ::1 GET /login.aspx - 1912 - ::1 Mozilla/5.0+(Windows+NT+10.0;+Win64;+x64)+AppleWebKit/537.36+(KHTML,+like+Gecko)+Chrome/77.0.3865.90+Safari/537.36 - 302 0 0 56
2019-10-04 14:07:04 ::1 GET /login.aspx - 1912 - ::1 Mozilla/5.0+(Windows+NT+10.0;+Win64;+x64)+AppleWebKit/537.36+(KHTML,+like+Gecko)+Chrome/77.0.3865.90+Safari/537.36 - 302 0 0 56
#Software: Microsoft Internet Information Services 8.0
#Version: 1.0
#Date: 2019-10-04 14:10:17
#Fields: date time s-ip cs-method cs-uri-stem cs-uri-query s-port cs-username c-ip cs(User-Agent) cs(Referer) sc-status sc-substatus sc-win32-status time-taken
2019-10-04 14:10:17 ::1 GET / - 1912 - ::1 Mozilla/5.0+(Windows+NT+10.0;+Win64;+x64)+AppleWebKit/537.36+(KHTML,+like+Gecko)+Chrome/77.0.3865.90+Safari/537.36 - 500 0 0 1350
2019-10-04 14:10:17 ::1 GET /favicon.ico - 1912 - ::1 Mozilla/5.0+(Windows+NT+10.0;+Win64;+x64)+AppleWebKit/537.36+(KHTML,+like+Gecko)+Chrome/77.0.3865.90+Safari/537.36 http://localhost:1912/ 404 0 2 11
#Software: Microsoft Internet Information Services 8.0
#Version: 1.0
#Date: 2019-10-04 14:11:39
#Fields: date time s-ip cs-method cs-uri-stem cs-uri-query s-port cs-username c-ip cs(User-Agent) cs(Referer) sc-status sc-substatus sc-win32-status time-taken
2019-10-04 14:11:39 ::1 GET / - 1912 - ::1 Mozilla/5.0+(Windows+NT+10.0;+Win64;+x64)+AppleWebKit/537.36+(KHTML,+like+Gecko)+Chrome/77.0.3865.90+Safari/537.36 - 500 0 0 1095
2019-10-04 14:11:39 ::1 GET /favicon.ico - 1912 - ::1 Mozilla/5.0+(Windows+NT+10.0;+Win64;+x64)+AppleWebKit/537.36+(KHTML,+like+Gecko)+Chrome/77.0.3865.90+Safari/537.36 http://localhost:1912/ 404 0 2 12
#Software: Microsoft Internet Information Services 8.0
#Version: 1.0
#Date: 2019-10-04 14:15:45
#Fields: date time s-ip cs-method cs-uri-stem cs-uri-query s-port cs-username c-ip cs(User-Agent) cs(Referer) sc-status sc-substatus sc-win32-status time-taken
2019-10-04 14:15:45 ::1 GET / - 1912 - ::1 Mozilla/5.0+(Windows+NT+10.0;+Win64;+x64)+AppleWebKit/537.36+(KHTML,+like+Gecko)+Chrome/77.0.3865.90+Safari/537.36 - 500 19 50 5
2019-10-04 14:15:45 ::1 GET /favicon.ico - 1912 - ::1 Mozilla/5.0+(Windows+NT+10.0;+Win64;+x64)+AppleWebKit/537.36+(KHTML,+like+Gecko)+Chrome/77.0.3865.90+Safari/537.36 http://localhost:1912/ 500 19 50 7
#Software: Microsoft Internet Information Services 8.0
#Version: 1.0
#Date: 2019-10-04 14:16:30
#Fields: date time s-ip cs-method cs-uri-stem cs-uri-query s-port cs-username c-ip cs(User-Agent) cs(Referer) sc-status sc-substatus sc-win32-status time-taken
2019-10-04 14:16:30 ::1 GET / - 1912 - ::1 Mozilla/5.0+(Windows+NT+10.0;+Win64;+x64)+AppleWebKit/537.36+(KHTML,+like+Gecko)+Chrome/77.0.3865.90+Safari/537.36 - 403 14 0 1060
2019-10-04 14:16:30 ::1 GET /favicon.ico - 1912 - ::1 Mozilla/5.0+(Windows+NT+10.0;+Win64;+x64)+AppleWebKit/537.36+(KHTML,+like+Gecko)+Chrome/77.0.3865.90+Safari/537.36 http://localhost:1912/ 404 0 2 4
#Software: Microsoft Internet Information Services 8.0
#Version: 1.0
#Date: 2019-10-04 14:19:13
#Fields: date time s-ip cs-method cs-uri-stem cs-uri-query s-port cs-username c-ip cs(User-Agent) cs(Referer) sc-status sc-substatus sc-win32-status time-taken
2019-10-04 14:19:13 ::1 GET /success.aspx - 1912 - ::1 Mozilla/5.0+(Windows+NT+10.0;+Win64;+x64)+AppleWebKit/537.36+(KHTML,+like+Gecko)+Chrome/77.0.3865.90+Safari/537.36 - 302 0 0 2124
2019-10-04 14:19:13 ::1 GET /login.aspx - 1912 - ::1 Mozilla/5.0+(Windows+NT+10.0;+Win64;+x64)+AppleWebKit/537.36+(KHTML,+like+Gecko)+Chrome/77.0.3865.90+Safari/537.36 - 200 0 0 124
2019-10-04 14:19:13 ::1 GET /favicon.ico - 1912 - ::1 Mozilla/5.0+(Windows+NT+10.0;+Win64;+x64)+AppleWebKit/537.36+(KHTML,+like+Gecko)+Chrome/77.0.3865.90+Safari/537.36 http://localhost:1912/login.aspx 404 0 2 8
2019-10-04 14:19:25 ::1 POST /login.aspx - 1912 - ::1 Mozilla/5.0+(Windows+NT+10.0;+Win64;+x64)+AppleWebKit/537.36+(KHTML,+like+Gecko)+Chrome/77.0.3865.90+Safari/537.36 http://localhost:1912/login.aspx 302 0 0 162
2019-10-04 14:19:25 ::1 GET /success.aspx - 1912 - ::1 Mozilla/5.0+(Windows+NT+10.0;+Win64;+x64)+AppleWebKit/537.36+(KHTML,+like+Gecko)+Chrome/77.0.3865.90+Safari/537.36 http://localhost:1912/login.aspx 200 0 0 16
#Software: Microsoft Internet Information Services 8.0
#Version: 1.0
#Date: 2019-10-04 14:25:09
#Fields: date time s-ip cs-method cs-uri-stem cs-uri-query s-port cs-username c-ip cs(User-Agent) cs(Referer) sc-status sc-substatus sc-win32-status time-taken
2019-10-04 14:25:09 ::1 GET /success.aspx - 1912 - ::1 Mozilla/5.0+(Windows+NT+10.0;+Win64;+x64)+AppleWebKit/537.36+(KHTML,+like+Gecko)+Chrome/77.0.3865.90+Safari/537.36 - 302 0 0 2052
2019-10-04 14:25:09 ::1 GET /login.aspx - 1912 - ::1 Mozilla/5.0+(Windows+NT+10.0;+Win64;+x64)+AppleWebKit/537.36+(KHTML,+like+Gecko)+Chrome/77.0.3865.90+Safari/537.36 - 200 0 0 108
2019-10-04 14:25:09 ::1 GET /favicon.ico - 1912 - ::1 Mozilla/5.0+(Windows+NT+10.0;+Win64;+x64)+AppleWebKit/537.36+(KHTML,+like+Gecko)+Chrome/77.0.3865.90+Safari/537.36 http://localhost:1912/login.aspx 404 0 2 4
2019-10-04 14:25:36 ::1 POST /login.aspx - 1912 - ::1 Mozilla/5.0+(Windows+NT+10.0;+Win64;+x64)+AppleWebKit/537.36+(KHTML,+like+Gecko)+Chrome/77.0.3865.90+Safari/537.36 http://localhost:1912/login.aspx 302 0 0 163
2019-10-04 14:25:36 ::1 GET /success.aspx - 1912 - ::1 Mozilla/5.0+(Windows+NT+10.0;+Win64;+x64)+AppleWebKit/537.36+(KHTML,+like+Gecko)+Chrome/77.0.3865.90+Safari/537.36 http://localhost:1912/login.aspx 200 0 0 23
#Software: Microsoft Internet Information Services 8.0
#Version: 1.0
#Date: 2019-10-04 14:27:05
#Fields: date time s-ip cs-method cs-uri-stem cs-uri-query s-port cs-username c-ip cs(User-Agent) cs(Referer) sc-status sc-substatus sc-win32-status time-taken
2019-10-04 14:27:05 ::1 GET /success.aspx - 1912 - ::1 Mozilla/5.0+(Windows+NT+10.0;+Win64;+x64)+AppleWebKit/537.36+(KHTML,+like+Gecko)+Chrome/77.0.3865.90+Safari/537.36 - 302 0 0 1977
2019-10-04 14:27:05 ::1 GET /login.aspx - 1912 - ::1 Mozilla/5.0+(Windows+NT+10.0;+Win64;+x64)+AppleWebKit/537.36+(KHTML,+like+Gecko)+Chrome/77.0.3865.90+Safari/537.36 - 200 0 0 111
2019-10-04 14:27:05 ::1 GET /favicon.ico - 1912 - ::1 Mozilla/5.0+(Windows+NT+10.0;+Win64;+x64)+AppleWebKit/537.36+(KHTML,+like+Gecko)+Chrome/77.0.3865.90+Safari/537.36 http://localhost:1912/login.aspx 404 0 2 2
2019-10-04 14:27:14 ::1 POST /login.aspx - 1912 - ::1 Mozilla/5.0+(Windows+NT+10.0;+Win64;+x64)+AppleWebKit/537.36+(KHTML,+like+Gecko)+Chrome/77.0.3865.90+Safari/537.36 http://localhost:1912/login.aspx 302 0 0 181
2019-10-04 14:27:14 ::1 GET /success.aspx - 1912 - ::1 Mozilla/5.0+(Windows+NT+10.0;+Win64;+x64)+AppleWebKit/537.36+(KHTML,+like+Gecko)+Chrome/77.0.3865.90+Safari/537.36 http://localhost:1912/login.aspx 200 0 0 22
#Software: Microsoft Internet Information Services 8.0
#Version: 1.0
#Date: 2019-10-04 14:29:29
#Fields: date time s-ip cs-method cs-uri-stem cs-uri-query s-port cs-username c-ip cs(User-Agent) cs(Referer) sc-status sc-substatus sc-win32-status time-taken
2019-10-04 14:29:29 ::1 GET /success.aspx - 1912 - ::1 Mozilla/5.0+(Windows+NT+10.0;+Win64;+x64)+AppleWebKit/537.36+(KHTML,+like+Gecko)+Chrome/77.0.3865.90+Safari/537.36 - 302 0 0 2010
2019-10-04 14:29:29 ::1 GET /login.aspx - 1912 - ::1 Mozilla/5.0+(Windows+NT+10.0;+Win64;+x64)+AppleWebKit/537.36+(KHTML,+like+Gecko)+Chrome/77.0.3865.90+Safari/537.36 - 200 0 0 107
2019-10-04 14:29:29 ::1 GET /favicon.ico - 1912 - ::1 Mozilla/5.0+(Windows+NT+10.0;+Win64;+x64)+AppleWebKit/537.36+(KHTML,+like+Gecko)+Chrome/77.0.3865.90+Safari/537.36 http://localhost:1912/login.aspx 404 0 2 3
