#Software: Microsoft Internet Information Services 8.0
#Version: 1.0
#Date: 2019-09-09 02:10:24
#Fields: date time s-ip cs-method cs-uri-stem cs-uri-query s-port cs-username c-ip cs(User-Agent) cs(Referer) sc-status sc-substatus sc-win32-status time-taken
2019-09-09 02:10:24 ::1 GET /WebForm1.aspx - 1318 - ::1 Mozilla/5.0+(Windows+NT+10.0;+Win64;+x64)+AppleWebKit/537.36+(KHTML,+like+Gecko)+Chrome/76.0.3809.132+Safari/537.36 - 200 0 0 8291
2019-09-09 02:10:24 ::1 GET /favicon.ico - 1318 - ::1 Mozilla/5.0+(Windows+NT+10.0;+Win64;+x64)+AppleWebKit/537.36+(KHTML,+like+Gecko)+Chrome/76.0.3809.132+Safari/537.36 http://localhost:1318/WebForm1.aspx 200 0 0 52
2019-09-09 02:10:45 ::1 POST /WebForm1.aspx - 1318 - ::1 Mozilla/5.0+(Windows+NT+10.0;+Win64;+x64)+AppleWebKit/537.36+(KHTML,+like+Gecko)+Chrome/76.0.3809.132+Safari/537.36 http://localhost:1318/WebForm1.aspx 500 0 0 661
2019-09-09 02:12:25 ::1 POST /WebForm1.aspx - 1318 - ::1 Mozilla/5.0+(Windows+NT+10.0;+Win64;+x64)+AppleWebKit/537.36+(KHTML,+like+Gecko)+Chrome/76.0.3809.132+Safari/537.36 http://localhost:1318/WebForm1.aspx 500 0 0 11
2019-09-09 02:12:48 ::1 GET /WebForm1.aspx - 1318 - ::1 Mozilla/5.0+(Windows+NT+10.0;+Win64;+x64)+AppleWebKit/537.36+(KHTML,+like+Gecko)+Chrome/76.0.3809.132+Safari/537.36 - 200 0 0 32
2019-09-09 02:12:58 ::1 POST /WebForm1.aspx - 1318 - ::1 Mozilla/5.0+(Windows+NT+10.0;+Win64;+x64)+AppleWebKit/537.36+(KHTML,+like+Gecko)+Chrome/76.0.3809.132+Safari/537.36 http://localhost:1318/WebForm1.aspx 500 0 0 7
#Software: Microsoft Internet Information Services 8.0
#Version: 1.0
#Date: 2019-09-09 02:16:32
#Fields: date time s-ip cs-method cs-uri-stem cs-uri-query s-port cs-username c-ip cs(User-Agent) cs(Referer) sc-status sc-substatus sc-win32-status time-taken
2019-09-09 02:16:32 ::1 GET /WebForm1.aspx - 1318 - ::1 Mozilla/5.0+(Windows+NT+10.0;+Win64;+x64)+AppleWebKit/537.36+(KHTML,+like+Gecko)+Chrome/76.0.3809.132+Safari/537.36 - 200 0 0 7869
2019-09-09 02:19:01 ::1 POST /WebForm1.aspx - 1318 - ::1 Mozilla/5.0+(Windows+NT+10.0;+Win64;+x64)+AppleWebKit/537.36+(KHTML,+like+Gecko)+Chrome/76.0.3809.132+Safari/537.36 http://localhost:1318/WebForm1.aspx 500 0 0 142087
2019-09-09 02:19:30 ::1 GET /WebForm1.aspx - 1318 - ::1 Mozilla/5.0+(Windows+NT+10.0;+Win64;+x64)+AppleWebKit/537.36+(KHTML,+like+Gecko)+Chrome/76.0.3809.132+Safari/537.36 - 200 0 0 22
2019-09-09 02:19:40 ::1 POST /WebForm1.aspx - 1318 - ::1 Mozilla/5.0+(Windows+NT+10.0;+Win64;+x64)+AppleWebKit/537.36+(KHTML,+like+Gecko)+Chrome/76.0.3809.132+Safari/537.36 http://localhost:1318/WebForm1.aspx 500 0 0 7
#Software: Microsoft Internet Information Services 8.0
#Version: 1.0
#Date: 2019-09-09 02:22:21
#Fields: date time s-ip cs-method cs-uri-stem cs-uri-query s-port cs-username c-ip cs(User-Agent) cs(Referer) sc-status sc-substatus sc-win32-status time-taken
2019-09-09 02:22:21 ::1 GET /WebForm1.aspx - 1318 - ::1 Mozilla/5.0+(Windows+NT+10.0;+Win64;+x64)+AppleWebKit/537.36+(KHTML,+like+Gecko)+Chrome/76.0.3809.132+Safari/537.36 - 200 0 0 5552
2019-09-09 02:23:08 ::1 POST /WebForm1.aspx - 1318 - ::1 Mozilla/5.0+(Windows+NT+10.0;+Win64;+x64)+AppleWebKit/537.36+(KHTML,+like+Gecko)+Chrome/76.0.3809.132+Safari/537.36 http://localhost:1318/WebForm1.aspx 500 0 0 36735
#Software: Microsoft Internet Information Services 8.0
#Version: 1.0
#Date: 2019-09-09 02:24:48
#Fields: date time s-ip cs-method cs-uri-stem cs-uri-query s-port cs-username c-ip cs(User-Agent) cs(Referer) sc-status sc-substatus sc-win32-status time-taken
2019-09-09 02:24:48 ::1 GET /WebForm1.aspx - 1318 - ::1 Mozilla/5.0+(Windows+NT+10.0;+Win64;+x64)+AppleWebKit/537.36+(KHTML,+like+Gecko)+Chrome/76.0.3809.132+Safari/537.36 - 200 0 0 4949
2019-09-09 02:25:28 ::1 POST /WebForm1.aspx - 1318 - ::1 Mozilla/5.0+(Windows+NT+10.0;+Win64;+x64)+AppleWebKit/537.36+(KHTML,+like+Gecko)+Chrome/76.0.3809.132+Safari/537.36 http://localhost:1318/WebForm1.aspx 500 0 0 26844
