#Software: Microsoft Internet Information Services 8.0
#Version: 1.0
#Date: 2019-10-11 14:31:46
#Fields: date time s-ip cs-method cs-uri-stem cs-uri-query s-port cs-username c-ip cs(User-Agent) cs(Referer) sc-status sc-substatus sc-win32-status time-taken
2019-10-11 14:31:45 ::1 GET /WebForm1.aspx - 17730 - ::1 Mozilla/5.0+(Windows+NT+10.0;+Win64;+x64)+AppleWebKit/537.36+(KHTML,+like+Gecko)+Chrome/77.0.3865.90+Safari/537.36 - 200 0 0 2680
2019-10-11 14:31:45 ::1 GET /favicon.ico - 17730 - ::1 Mozilla/5.0+(Windows+NT+10.0;+Win64;+x64)+AppleWebKit/537.36+(KHTML,+like+Gecko)+Chrome/77.0.3865.90+Safari/537.36 http://localhost:17730/WebForm1.aspx 404 0 2 3
2019-10-11 14:32:32 ::1 POST /WebForm1.aspx - 17730 - ::1 Mozilla/5.0+(Windows+NT+10.0;+Win64;+x64)+AppleWebKit/537.36+(KHTML,+like+Gecko)+Chrome/77.0.3865.90+Safari/537.36 http://localhost:17730/WebForm1.aspx 500 0 0 34796
#Software: Microsoft Internet Information Services 8.0
#Version: 1.0
#Date: 2019-10-11 14:34:21
#Fields: date time s-ip cs-method cs-uri-stem cs-uri-query s-port cs-username c-ip cs(User-Agent) cs(Referer) sc-status sc-substatus sc-win32-status time-taken
2019-10-11 14:34:21 ::1 GET /WebForm1.aspx - 17730 - ::1 Mozilla/5.0+(Windows+NT+10.0;+Win64;+x64)+AppleWebKit/537.36+(KHTML,+like+Gecko)+Chrome/77.0.3865.90+Safari/537.36 - 200 0 0 3225
2019-10-11 14:34:30 ::1 POST /WebForm1.aspx - 17730 - ::1 Mozilla/5.0+(Windows+NT+10.0;+Win64;+x64)+AppleWebKit/537.36+(KHTML,+like+Gecko)+Chrome/77.0.3865.90+Safari/537.36 http://localhost:17730/WebForm1.aspx 200 0 0 127
#Software: Microsoft Internet Information Services 8.0
#Version: 1.0
#Date: 2019-10-11 14:36:07
#Fields: date time s-ip cs-method cs-uri-stem cs-uri-query s-port cs-username c-ip cs(User-Agent) cs(Referer) sc-status sc-substatus sc-win32-status time-taken
2019-10-11 14:36:07 ::1 GET /WebForm1.aspx - 17730 - ::1 Mozilla/5.0+(Windows+NT+10.0;+Win64;+x64)+AppleWebKit/537.36+(KHTML,+like+Gecko)+Chrome/77.0.3865.90+Safari/537.36 - 200 0 0 3055
2019-10-11 14:36:20 ::1 POST /WebForm1.aspx - 17730 - ::1 Mozilla/5.0+(Windows+NT+10.0;+Win64;+x64)+AppleWebKit/537.36+(KHTML,+like+Gecko)+Chrome/77.0.3865.90+Safari/537.36 http://localhost:17730/WebForm1.aspx 200 0 0 133
#Software: Microsoft Internet Information Services 8.0
#Version: 1.0
#Date: 2019-10-11 14:46:24
#Fields: date time s-ip cs-method cs-uri-stem cs-uri-query s-port cs-username c-ip cs(User-Agent) cs(Referer) sc-status sc-substatus sc-win32-status time-taken
2019-10-11 14:46:24 ::1 GET /WebForm1.aspx - 17730 - ::1 Mozilla/5.0+(Windows+NT+10.0;+Win64;+x64)+AppleWebKit/537.36+(KHTML,+like+Gecko)+Chrome/77.0.3865.90+Safari/537.36 - 200 0 0 2319
2019-10-11 14:46:40 ::1 POST /WebForm1.aspx - 17730 - ::1 Mozilla/5.0+(Windows+NT+10.0;+Win64;+x64)+AppleWebKit/537.36+(KHTML,+like+Gecko)+Chrome/77.0.3865.90+Safari/537.36 http://localhost:17730/WebForm1.aspx 200 0 0 86
#Software: Microsoft Internet Information Services 8.0
#Version: 1.0
#Date: 2019-10-11 14:47:31
#Fields: date time s-ip cs-method cs-uri-stem cs-uri-query s-port cs-username c-ip cs(User-Agent) cs(Referer) sc-status sc-substatus sc-win32-status time-taken
2019-10-11 14:47:31 ::1 GET /WebForm1.aspx - 17730 - ::1 Mozilla/5.0+(Windows+NT+10.0;+Win64;+x64)+AppleWebKit/537.36+(KHTML,+like+Gecko)+Chrome/77.0.3865.90+Safari/537.36 - 200 0 0 2681
2019-10-11 14:47:31 ::1 GET /favicon.ico - 17730 - ::1 Mozilla/5.0+(Windows+NT+10.0;+Win64;+x64)+AppleWebKit/537.36+(KHTML,+like+Gecko)+Chrome/77.0.3865.90+Safari/537.36 http://localhost:17730/WebForm1.aspx 404 0 2 12
2019-10-11 14:47:49 ::1 POST /WebForm1.aspx - 17730 - ::1 Mozilla/5.0+(Windows+NT+10.0;+Win64;+x64)+AppleWebKit/537.36+(KHTML,+like+Gecko)+Chrome/77.0.3865.90+Safari/537.36 http://localhost:17730/WebForm1.aspx 200 0 0 72
#Software: Microsoft Internet Information Services 8.0
#Version: 1.0
#Date: 2019-10-11 15:03:26
#Fields: date time s-ip cs-method cs-uri-stem cs-uri-query s-port cs-username c-ip cs(User-Agent) cs(Referer) sc-status sc-substatus sc-win32-status time-taken
2019-10-11 15:03:26 ::1 GET /WebForm1.aspx - 17730 - ::1 Mozilla/5.0+(Windows+NT+10.0;+Win64;+x64)+AppleWebKit/537.36+(KHTML,+like+Gecko)+Chrome/77.0.3865.90+Safari/537.36 - 200 0 0 2401
2019-10-11 15:03:30 ::1 POST /WebForm1.aspx - 17730 - ::1 Mozilla/5.0+(Windows+NT+10.0;+Win64;+x64)+AppleWebKit/537.36+(KHTML,+like+Gecko)+Chrome/77.0.3865.90+Safari/537.36 http://localhost:17730/WebForm1.aspx 200 0 0 133
2019-10-11 15:03:33 ::1 POST /WebForm1.aspx - 17730 - ::1 Mozilla/5.0+(Windows+NT+10.0;+Win64;+x64)+AppleWebKit/537.36+(KHTML,+like+Gecko)+Chrome/77.0.3865.90+Safari/537.36 http://localhost:17730/WebForm1.aspx 200 0 0 59
2019-10-11 15:03:34 ::1 POST /WebForm1.aspx - 17730 - ::1 Mozilla/5.0+(Windows+NT+10.0;+Win64;+x64)+AppleWebKit/537.36+(KHTML,+like+Gecko)+Chrome/77.0.3865.90+Safari/537.36 http://localhost:17730/WebForm1.aspx 200 0 0 59
2019-10-11 15:03:46 ::1 POST /WebForm1.aspx - 17730 - ::1 Mozilla/5.0+(Windows+NT+10.0;+Win64;+x64)+AppleWebKit/537.36+(KHTML,+like+Gecko)+Chrome/77.0.3865.90+Safari/537.36 http://localhost:17730/WebForm1.aspx 200 0 0 80
2019-10-11 15:03:46 ::1 POST /WebForm1.aspx - 17730 - ::1 Mozilla/5.0+(Windows+NT+10.0;+Win64;+x64)+AppleWebKit/537.36+(KHTML,+like+Gecko)+Chrome/77.0.3865.90+Safari/537.36 http://localhost:17730/WebForm1.aspx 200 0 0 63
2019-10-11 15:03:46 ::1 POST /WebForm1.aspx - 17730 - ::1 Mozilla/5.0+(Windows+NT+10.0;+Win64;+x64)+AppleWebKit/537.36+(KHTML,+like+Gecko)+Chrome/77.0.3865.90+Safari/537.36 http://localhost:17730/WebForm1.aspx 200 0 0 102
2019-10-11 15:03:47 ::1 POST /WebForm1.aspx - 17730 - ::1 Mozilla/5.0+(Windows+NT+10.0;+Win64;+x64)+AppleWebKit/537.36+(KHTML,+like+Gecko)+Chrome/77.0.3865.90+Safari/537.36 http://localhost:17730/WebForm1.aspx 200 0 0 68
2019-10-11 15:03:47 ::1 POST /WebForm1.aspx - 17730 - ::1 Mozilla/5.0+(Windows+NT+10.0;+Win64;+x64)+AppleWebKit/537.36+(KHTML,+like+Gecko)+Chrome/77.0.3865.90+Safari/537.36 http://localhost:17730/WebForm1.aspx 200 0 0 68
#Software: Microsoft Internet Information Services 8.0
#Version: 1.0
#Date: 2019-10-11 15:12:13
#Fields: date time s-ip cs-method cs-uri-stem cs-uri-query s-port cs-username c-ip cs(User-Agent) cs(Referer) sc-status sc-substatus sc-win32-status time-taken
2019-10-11 15:12:13 ::1 GET /WebForm1.aspx - 17730 - ::1 Mozilla/5.0+(Windows+NT+10.0;+Win64;+x64)+AppleWebKit/537.36+(KHTML,+like+Gecko)+Chrome/77.0.3865.90+Safari/537.36 - 200 0 0 2995
2019-10-11 15:12:13 ::1 GET /favicon.ico - 17730 - ::1 Mozilla/5.0+(Windows+NT+10.0;+Win64;+x64)+AppleWebKit/537.36+(KHTML,+like+Gecko)+Chrome/77.0.3865.90+Safari/537.36 http://localhost:17730/WebForm1.aspx 404 0 2 4
2019-10-11 15:12:16 ::1 POST /WebForm1.aspx - 17730 - ::1 Mozilla/5.0+(Windows+NT+10.0;+Win64;+x64)+AppleWebKit/537.36+(KHTML,+like+Gecko)+Chrome/77.0.3865.90+Safari/537.36 http://localhost:17730/WebForm1.aspx 200 0 0 107
2019-10-11 15:12:33 ::1 POST /WebForm1.aspx - 17730 - ::1 Mozilla/5.0+(Windows+NT+10.0;+Win64;+x64)+AppleWebKit/537.36+(KHTML,+like+Gecko)+Chrome/77.0.3865.90+Safari/537.36 http://localhost:17730/WebForm1.aspx 200 0 0 92
