#Software: Microsoft Internet Information Services 8.0
#Version: 1.0
#Date: 2019-10-15 11:57:55
#Fields: date time s-ip cs-method cs-uri-stem cs-uri-query s-port cs-username c-ip cs(User-Agent) cs(Referer) sc-status sc-substatus sc-win32-status time-taken
2019-10-15 11:57:55 ::1 GET /WebForm1.aspx - 18213 - ::1 Mozilla/5.0+(Windows+NT+10.0;+Win64;+x64)+AppleWebKit/537.36+(KHTML,+like+Gecko)+Chrome/77.0.3865.90+Safari/537.36 - 200 0 0 7285
2019-10-15 11:57:55 ::1 GET /favicon.ico - 18213 - ::1 Mozilla/5.0+(Windows+NT+10.0;+Win64;+x64)+AppleWebKit/537.36+(KHTML,+like+Gecko)+Chrome/77.0.3865.90+Safari/537.36 http://localhost:18213/WebForm1.aspx 404 0 2 20
#Software: Microsoft Internet Information Services 8.0
#Version: 1.0
#Date: 2019-10-15 12:07:53
#Fields: date time s-ip cs-method cs-uri-stem cs-uri-query s-port cs-username c-ip cs(User-Agent) cs(Referer) sc-status sc-substatus sc-win32-status time-taken
2019-10-15 12:07:53 ::1 GET /WebForm1.aspx - 18213 - ::1 Mozilla/5.0+(Windows+NT+10.0;+Win64;+x64)+AppleWebKit/537.36+(KHTML,+like+Gecko)+Chrome/77.0.3865.90+Safari/537.36 - 200 0 0 2807
2019-10-15 12:07:53 ::1 GET /favicon.ico - 18213 - ::1 Mozilla/5.0+(Windows+NT+10.0;+Win64;+x64)+AppleWebKit/537.36+(KHTML,+like+Gecko)+Chrome/77.0.3865.90+Safari/537.36 http://localhost:18213/WebForm1.aspx 404 0 2 0
2019-10-15 12:08:30 ::1 POST /WebForm1.aspx - 18213 - ::1 Mozilla/5.0+(Windows+NT+10.0;+Win64;+x64)+AppleWebKit/537.36+(KHTML,+like+Gecko)+Chrome/77.0.3865.90+Safari/537.36 http://localhost:18213/WebForm1.aspx 500 0 0 32830
#Software: Microsoft Internet Information Services 8.0
#Version: 1.0
#Date: 2019-10-15 12:08:39
#Fields: date time s-ip cs-method cs-uri-stem cs-uri-query s-port cs-username c-ip cs(User-Agent) cs(Referer) sc-status sc-substatus sc-win32-status time-taken
2019-10-15 12:08:39 ::1 GET /WebForm1.aspx - 18213 - ::1 Mozilla/5.0+(Windows+NT+10.0;+Win64;+x64)+AppleWebKit/537.36+(KHTML,+like+Gecko)+Chrome/77.0.3865.90+Safari/537.36 - 200 0 0 2704
2019-10-15 12:08:56 ::1 POST /WebForm1.aspx - 18213 - ::1 Mozilla/5.0+(Windows+NT+10.0;+Win64;+x64)+AppleWebKit/537.36+(KHTML,+like+Gecko)+Chrome/77.0.3865.90+Safari/537.36 http://localhost:18213/WebForm1.aspx 500 0 0 14195
#Software: Microsoft Internet Information Services 8.0
#Version: 1.0
#Date: 2019-10-15 12:09:29
#Fields: date time s-ip cs-method cs-uri-stem cs-uri-query s-port cs-username c-ip cs(User-Agent) cs(Referer) sc-status sc-substatus sc-win32-status time-taken
2019-10-15 12:09:29 ::1 GET /WebForm1.aspx - 18213 - ::1 Mozilla/5.0+(Windows+NT+10.0;+Win64;+x64)+AppleWebKit/537.36+(KHTML,+like+Gecko)+Chrome/77.0.3865.90+Safari/537.36 - 200 0 0 2207
2019-10-15 12:09:50 ::1 POST /WebForm1.aspx - 18213 - ::1 Mozilla/5.0+(Windows+NT+10.0;+Win64;+x64)+AppleWebKit/537.36+(KHTML,+like+Gecko)+Chrome/77.0.3865.90+Safari/537.36 http://localhost:18213/WebForm1.aspx 500 0 0 14866
#Software: Microsoft Internet Information Services 8.0
#Version: 1.0
#Date: 2019-10-15 12:10:07
#Fields: date time s-ip cs-method cs-uri-stem cs-uri-query s-port cs-username c-ip cs(User-Agent) cs(Referer) sc-status sc-substatus sc-win32-status time-taken
2019-10-15 12:10:07 ::1 GET /WebForm1.aspx - 18213 - ::1 Mozilla/5.0+(Windows+NT+10.0;+Win64;+x64)+AppleWebKit/537.36+(KHTML,+like+Gecko)+Chrome/77.0.3865.90+Safari/537.36 - 200 0 0 2237
2019-10-15 12:10:24 ::1 POST /WebForm1.aspx - 18213 - ::1 Mozilla/5.0+(Windows+NT+10.0;+Win64;+x64)+AppleWebKit/537.36+(KHTML,+like+Gecko)+Chrome/77.0.3865.90+Safari/537.36 http://localhost:18213/WebForm1.aspx 500 0 0 15091
#Software: Microsoft Internet Information Services 8.0
#Version: 1.0
#Date: 2019-10-15 12:11:19
#Fields: date time s-ip cs-method cs-uri-stem cs-uri-query s-port cs-username c-ip cs(User-Agent) cs(Referer) sc-status sc-substatus sc-win32-status time-taken
2019-10-15 12:11:19 ::1 GET /WebForm1.aspx - 18213 - ::1 Mozilla/5.0+(Windows+NT+10.0;+Win64;+x64)+AppleWebKit/537.36+(KHTML,+like+Gecko)+Chrome/77.0.3865.90+Safari/537.36 - 200 0 0 2253
2019-10-15 12:11:45 ::1 POST /WebForm1.aspx - 18213 - ::1 Mozilla/5.0+(Windows+NT+10.0;+Win64;+x64)+AppleWebKit/537.36+(KHTML,+like+Gecko)+Chrome/77.0.3865.90+Safari/537.36 http://localhost:18213/WebForm1.aspx 500 0 0 22189
#Software: Microsoft Internet Information Services 8.0
#Version: 1.0
#Date: 2019-10-15 12:11:59
#Fields: date time s-ip cs-method cs-uri-stem cs-uri-query s-port cs-username c-ip cs(User-Agent) cs(Referer) sc-status sc-substatus sc-win32-status time-taken
2019-10-15 12:11:59 ::1 GET /WebForm1.aspx - 18213 - ::1 Mozilla/5.0+(Windows+NT+10.0;+Win64;+x64)+AppleWebKit/537.36+(KHTML,+like+Gecko)+Chrome/77.0.3865.90+Safari/537.36 - 200 0 0 2075
2019-10-15 12:12:02 ::1 POST /WebForm1.aspx - 18213 - ::1 Mozilla/5.0+(Windows+NT+10.0;+Win64;+x64)+AppleWebKit/537.36+(KHTML,+like+Gecko)+Chrome/77.0.3865.90+Safari/537.36 http://localhost:18213/WebForm1.aspx 200 0 0 152
#Software: Microsoft Internet Information Services 8.0
#Version: 1.0
#Date: 2019-10-15 12:35:44
#Fields: date time s-ip cs-method cs-uri-stem cs-uri-query s-port cs-username c-ip cs(User-Agent) cs(Referer) sc-status sc-substatus sc-win32-status time-taken
2019-10-15 12:35:44 ::1 GET /WebForm1.aspx - 18213 - ::1 Mozilla/5.0+(Windows+NT+10.0;+Win64;+x64)+AppleWebKit/537.36+(KHTML,+like+Gecko)+Chrome/77.0.3865.90+Safari/537.36 - 200 0 0 2527
2019-10-15 12:35:44 ::1 GET /favicon.ico - 18213 - ::1 Mozilla/5.0+(Windows+NT+10.0;+Win64;+x64)+AppleWebKit/537.36+(KHTML,+like+Gecko)+Chrome/77.0.3865.90+Safari/537.36 http://localhost:18213/WebForm1.aspx 404 0 2 7
2019-10-15 12:37:44 ::1 POST /WebForm1.aspx - 18213 - ::1 Mozilla/5.0+(Windows+NT+10.0;+Win64;+x64)+AppleWebKit/537.36+(KHTML,+like+Gecko)+Chrome/77.0.3865.90+Safari/537.36 http://localhost:18213/WebForm1.aspx 500 0 0 116354
#Software: Microsoft Internet Information Services 8.0
#Version: 1.0
#Date: 2019-10-15 12:38:35
#Fields: date time s-ip cs-method cs-uri-stem cs-uri-query s-port cs-username c-ip cs(User-Agent) cs(Referer) sc-status sc-substatus sc-win32-status time-taken
2019-10-15 12:38:35 ::1 GET /WebForm1.aspx - 18213 - ::1 Mozilla/5.0+(Windows+NT+10.0;+Win64;+x64)+AppleWebKit/537.36+(KHTML,+like+Gecko)+Chrome/77.0.3865.90+Safari/537.36 - 200 0 0 1294
2019-10-15 12:39:31 ::1 POST /WebForm1.aspx - 18213 - ::1 Mozilla/5.0+(Windows+NT+10.0;+Win64;+x64)+AppleWebKit/537.36+(KHTML,+like+Gecko)+Chrome/77.0.3865.90+Safari/537.36 http://localhost:18213/WebForm1.aspx 500 0 0 53799
#Software: Microsoft Internet Information Services 8.0
#Version: 1.0
#Date: 2019-10-15 12:41:04
#Fields: date time s-ip cs-method cs-uri-stem cs-uri-query s-port cs-username c-ip cs(User-Agent) cs(Referer) sc-status sc-substatus sc-win32-status time-taken
2019-10-15 12:41:04 ::1 GET /WebForm1.aspx - 18213 - ::1 Mozilla/5.0+(Windows+NT+10.0;+Win64;+x64)+AppleWebKit/537.36+(KHTML,+like+Gecko)+Chrome/77.0.3865.90+Safari/537.36 - 200 0 0 2142
2019-10-15 12:41:45 ::1 POST /WebForm1.aspx - 18213 - ::1 Mozilla/5.0+(Windows+NT+10.0;+Win64;+x64)+AppleWebKit/537.36+(KHTML,+like+Gecko)+Chrome/77.0.3865.90+Safari/537.36 http://localhost:18213/WebForm1.aspx 500 0 0 38960
#Software: Microsoft Internet Information Services 8.0
#Version: 1.0
#Date: 2019-10-15 12:45:31
#Fields: date time s-ip cs-method cs-uri-stem cs-uri-query s-port cs-username c-ip cs(User-Agent) cs(Referer) sc-status sc-substatus sc-win32-status time-taken
2019-10-15 12:45:31 ::1 GET /WebForm1.aspx - 18213 - ::1 Mozilla/5.0+(Windows+NT+10.0;+Win64;+x64)+AppleWebKit/537.36+(KHTML,+like+Gecko)+Chrome/77.0.3865.90+Safari/537.36 - 200 0 0 2017
2019-10-15 12:45:34 ::1 POST /WebForm1.aspx - 18213 - ::1 Mozilla/5.0+(Windows+NT+10.0;+Win64;+x64)+AppleWebKit/537.36+(KHTML,+like+Gecko)+Chrome/77.0.3865.90+Safari/537.36 http://localhost:18213/WebForm1.aspx 200 0 0 66
2019-10-15 12:45:47 ::1 POST /WebForm1.aspx - 18213 - ::1 Mozilla/5.0+(Windows+NT+10.0;+Win64;+x64)+AppleWebKit/537.36+(KHTML,+like+Gecko)+Chrome/77.0.3865.90+Safari/537.36 http://localhost:18213/WebForm1.aspx 200 0 0 67
2019-10-15 12:45:49 ::1 POST /WebForm1.aspx - 18213 - ::1 Mozilla/5.0+(Windows+NT+10.0;+Win64;+x64)+AppleWebKit/537.36+(KHTML,+like+Gecko)+Chrome/77.0.3865.90+Safari/537.36 http://localhost:18213/WebForm1.aspx 200 0 0 54
2019-10-15 12:45:50 ::1 POST /WebForm1.aspx - 18213 - ::1 Mozilla/5.0+(Windows+NT+10.0;+Win64;+x64)+AppleWebKit/537.36+(KHTML,+like+Gecko)+Chrome/77.0.3865.90+Safari/537.36 http://localhost:18213/WebForm1.aspx 200 0 0 88
2019-10-15 12:45:52 ::1 POST /WebForm1.aspx - 18213 - ::1 Mozilla/5.0+(Windows+NT+10.0;+Win64;+x64)+AppleWebKit/537.36+(KHTML,+like+Gecko)+Chrome/77.0.3865.90+Safari/537.36 http://localhost:18213/WebForm1.aspx 200 0 0 61
#Software: Microsoft Internet Information Services 8.0
#Version: 1.0
#Date: 2019-10-15 12:51:03
#Fields: date time s-ip cs-method cs-uri-stem cs-uri-query s-port cs-username c-ip cs(User-Agent) cs(Referer) sc-status sc-substatus sc-win32-status time-taken
2019-10-15 12:51:03 ::1 GET /WebForm1.aspx - 18213 - ::1 Mozilla/5.0+(Windows+NT+10.0;+Win64;+x64)+AppleWebKit/537.36+(KHTML,+like+Gecko)+Chrome/77.0.3865.90+Safari/537.36 - 200 0 0 2608
2019-10-15 12:51:03 ::1 GET /favicon.ico - 18213 - ::1 Mozilla/5.0+(Windows+NT+10.0;+Win64;+x64)+AppleWebKit/537.36+(KHTML,+like+Gecko)+Chrome/77.0.3865.90+Safari/537.36 http://localhost:18213/WebForm1.aspx 404 0 2 8
2019-10-15 12:51:05 ::1 POST /WebForm1.aspx - 18213 - ::1 Mozilla/5.0+(Windows+NT+10.0;+Win64;+x64)+AppleWebKit/537.36+(KHTML,+like+Gecko)+Chrome/77.0.3865.90+Safari/537.36 http://localhost:18213/WebForm1.aspx 200 0 0 73
2019-10-15 12:51:07 ::1 POST /WebForm1.aspx - 18213 - ::1 Mozilla/5.0+(Windows+NT+10.0;+Win64;+x64)+AppleWebKit/537.36+(KHTML,+like+Gecko)+Chrome/77.0.3865.90+Safari/537.36 http://localhost:18213/WebForm1.aspx 200 0 0 72
#Software: Microsoft Internet Information Services 8.0
#Version: 1.0
#Date: 2019-10-15 12:52:16
#Fields: date time s-ip cs-method cs-uri-stem cs-uri-query s-port cs-username c-ip cs(User-Agent) cs(Referer) sc-status sc-substatus sc-win32-status time-taken
2019-10-15 12:52:16 ::1 GET /WebForm1.aspx - 18213 - ::1 Mozilla/5.0+(Windows+NT+10.0;+Win64;+x64)+AppleWebKit/537.36+(KHTML,+like+Gecko)+Chrome/77.0.3865.90+Safari/537.36 - 200 0 0 1612
2019-10-15 12:52:16 ::1 GET /favicon.ico - 18213 - ::1 Mozilla/5.0+(Windows+NT+10.0;+Win64;+x64)+AppleWebKit/537.36+(KHTML,+like+Gecko)+Chrome/77.0.3865.90+Safari/537.36 http://localhost:18213/WebForm1.aspx 404 0 2 4
2019-10-15 12:52:19 ::1 POST /WebForm1.aspx - 18213 - ::1 Mozilla/5.0+(Windows+NT+10.0;+Win64;+x64)+AppleWebKit/537.36+(KHTML,+like+Gecko)+Chrome/77.0.3865.90+Safari/537.36 http://localhost:18213/WebForm1.aspx 200 0 0 71
2019-10-15 12:52:20 ::1 POST /WebForm1.aspx - 18213 - ::1 Mozilla/5.0+(Windows+NT+10.0;+Win64;+x64)+AppleWebKit/537.36+(KHTML,+like+Gecko)+Chrome/77.0.3865.90+Safari/537.36 http://localhost:18213/WebForm1.aspx 200 0 0 96
#Software: Microsoft Internet Information Services 8.0
#Version: 1.0
#Date: 2019-10-15 12:54:56
#Fields: date time s-ip cs-method cs-uri-stem cs-uri-query s-port cs-username c-ip cs(User-Agent) cs(Referer) sc-status sc-substatus sc-win32-status time-taken
2019-10-15 12:54:56 ::1 GET /WebForm1.aspx - 18213 - ::1 Mozilla/5.0+(Windows+NT+10.0;+Win64;+x64)+AppleWebKit/537.36+(KHTML,+like+Gecko)+Chrome/77.0.3865.90+Safari/537.36 - 200 0 0 2692
2019-10-15 12:54:56 ::1 GET /favicon.ico - 18213 - ::1 Mozilla/5.0+(Windows+NT+10.0;+Win64;+x64)+AppleWebKit/537.36+(KHTML,+like+Gecko)+Chrome/77.0.3865.90+Safari/537.36 http://localhost:18213/WebForm1.aspx 404 0 2 3
2019-10-15 12:54:58 ::1 POST /WebForm1.aspx - 18213 - ::1 Mozilla/5.0+(Windows+NT+10.0;+Win64;+x64)+AppleWebKit/537.36+(KHTML,+like+Gecko)+Chrome/77.0.3865.90+Safari/537.36 http://localhost:18213/WebForm1.aspx 200 0 0 72
2019-10-15 12:55:30 ::1 POST /WebForm1.aspx - 18213 - ::1 Mozilla/5.0+(Windows+NT+10.0;+Win64;+x64)+AppleWebKit/537.36+(KHTML,+like+Gecko)+Chrome/77.0.3865.90+Safari/537.36 http://localhost:18213/WebForm1.aspx 200 0 0 71
2019-10-15 12:55:34 ::1 POST /WebForm1.aspx - 18213 - ::1 Mozilla/5.0+(Windows+NT+10.0;+Win64;+x64)+AppleWebKit/537.36+(KHTML,+like+Gecko)+Chrome/77.0.3865.90+Safari/537.36 http://localhost:18213/WebForm1.aspx 200 0 0 60
2019-10-15 12:55:51 ::1 POST /WebForm1.aspx - 18213 - ::1 Mozilla/5.0+(Windows+NT+10.0;+Win64;+x64)+AppleWebKit/537.36+(KHTML,+like+Gecko)+Chrome/77.0.3865.90+Safari/537.36 http://localhost:18213/WebForm1.aspx 200 0 0 74
2019-10-15 12:55:56 ::1 POST /WebForm1.aspx - 18213 - ::1 Mozilla/5.0+(Windows+NT+10.0;+Win64;+x64)+AppleWebKit/537.36+(KHTML,+like+Gecko)+Chrome/77.0.3865.90+Safari/537.36 http://localhost:18213/WebForm1.aspx 200 0 0 60
2019-10-15 12:55:57 ::1 POST /WebForm1.aspx - 18213 - ::1 Mozilla/5.0+(Windows+NT+10.0;+Win64;+x64)+AppleWebKit/537.36+(KHTML,+like+Gecko)+Chrome/77.0.3865.90+Safari/537.36 http://localhost:18213/WebForm1.aspx 200 0 0 61
2019-10-15 12:56:00 ::1 POST /WebForm1.aspx - 18213 - ::1 Mozilla/5.0+(Windows+NT+10.0;+Win64;+x64)+AppleWebKit/537.36+(KHTML,+like+Gecko)+Chrome/77.0.3865.90+Safari/537.36 http://localhost:18213/WebForm1.aspx 200 0 0 54
2019-10-15 12:56:02 ::1 POST /WebForm1.aspx - 18213 - ::1 Mozilla/5.0+(Windows+NT+10.0;+Win64;+x64)+AppleWebKit/537.36+(KHTML,+like+Gecko)+Chrome/77.0.3865.90+Safari/537.36 http://localhost:18213/WebForm1.aspx 200 0 0 55
2019-10-15 12:56:03 ::1 POST /WebForm1.aspx - 18213 - ::1 Mozilla/5.0+(Windows+NT+10.0;+Win64;+x64)+AppleWebKit/537.36+(KHTML,+like+Gecko)+Chrome/77.0.3865.90+Safari/537.36 http://localhost:18213/WebForm1.aspx 200 0 0 60
2019-10-15 12:56:05 ::1 POST /WebForm1.aspx - 18213 - ::1 Mozilla/5.0+(Windows+NT+10.0;+Win64;+x64)+AppleWebKit/537.36+(KHTML,+like+Gecko)+Chrome/77.0.3865.90+Safari/537.36 http://localhost:18213/WebForm1.aspx 200 0 0 56
2019-10-15 12:56:05 ::1 POST /WebForm1.aspx - 18213 - ::1 Mozilla/5.0+(Windows+NT+10.0;+Win64;+x64)+AppleWebKit/537.36+(KHTML,+like+Gecko)+Chrome/77.0.3865.90+Safari/537.36 http://localhost:18213/WebForm1.aspx 200 0 0 56
2019-10-15 12:56:05 ::1 POST /WebForm1.aspx - 18213 - ::1 Mozilla/5.0+(Windows+NT+10.0;+Win64;+x64)+AppleWebKit/537.36+(KHTML,+like+Gecko)+Chrome/77.0.3865.90+Safari/537.36 http://localhost:18213/WebForm1.aspx 200 0 0 58
#Software: Microsoft Internet Information Services 8.0
#Version: 1.0
#Date: 2019-10-15 12:56:38
#Fields: date time s-ip cs-method cs-uri-stem cs-uri-query s-port cs-username c-ip cs(User-Agent) cs(Referer) sc-status sc-substatus sc-win32-status time-taken
2019-10-15 12:56:38 ::1 GET /WebForm1.aspx - 18213 - ::1 Mozilla/5.0+(Windows+NT+10.0;+Win64;+x64)+AppleWebKit/537.36+(KHTML,+like+Gecko)+Chrome/77.0.3865.90+Safari/537.36 - 200 0 0 1261
2019-10-15 12:56:41 ::1 POST /WebForm1.aspx - 18213 - ::1 Mozilla/5.0+(Windows+NT+10.0;+Win64;+x64)+AppleWebKit/537.36+(KHTML,+like+Gecko)+Chrome/77.0.3865.90+Safari/537.36 http://localhost:18213/WebForm1.aspx 200 0 0 71
2019-10-15 12:57:01 ::1 POST /WebForm1.aspx - 18213 - ::1 Mozilla/5.0+(Windows+NT+10.0;+Win64;+x64)+AppleWebKit/537.36+(KHTML,+like+Gecko)+Chrome/77.0.3865.90+Safari/537.36 http://localhost:18213/WebForm1.aspx 200 0 0 63
2019-10-15 12:57:03 ::1 POST /WebForm1.aspx - 18213 - ::1 Mozilla/5.0+(Windows+NT+10.0;+Win64;+x64)+AppleWebKit/537.36+(KHTML,+like+Gecko)+Chrome/77.0.3865.90+Safari/537.36 http://localhost:18213/WebForm1.aspx 200 0 0 63
2019-10-15 12:57:07 ::1 POST /WebForm1.aspx - 18213 - ::1 Mozilla/5.0+(Windows+NT+10.0;+Win64;+x64)+AppleWebKit/537.36+(KHTML,+like+Gecko)+Chrome/77.0.3865.90+Safari/537.36 http://localhost:18213/WebForm1.aspx 200 0 0 50
2019-10-15 12:57:09 ::1 POST /WebForm1.aspx - 18213 - ::1 Mozilla/5.0+(Windows+NT+10.0;+Win64;+x64)+AppleWebKit/537.36+(KHTML,+like+Gecko)+Chrome/77.0.3865.90+Safari/537.36 http://localhost:18213/WebForm1.aspx 200 0 0 47
#Software: Microsoft Internet Information Services 8.0
#Version: 1.0
#Date: 2019-10-15 12:58:20
#Fields: date time s-ip cs-method cs-uri-stem cs-uri-query s-port cs-username c-ip cs(User-Agent) cs(Referer) sc-status sc-substatus sc-win32-status time-taken
2019-10-15 12:58:20 ::1 GET /WebForm1.aspx - 18213 - ::1 Mozilla/5.0+(Windows+NT+10.0;+Win64;+x64)+AppleWebKit/537.36+(KHTML,+like+Gecko)+Chrome/77.0.3865.90+Safari/537.36 - 200 0 0 2624
2019-10-15 12:58:20 ::1 GET /favicon.ico - 18213 - ::1 Mozilla/5.0+(Windows+NT+10.0;+Win64;+x64)+AppleWebKit/537.36+(KHTML,+like+Gecko)+Chrome/77.0.3865.90+Safari/537.36 http://localhost:18213/WebForm1.aspx 404 0 2 4
2019-10-15 12:58:23 ::1 POST /WebForm1.aspx - 18213 - ::1 Mozilla/5.0+(Windows+NT+10.0;+Win64;+x64)+AppleWebKit/537.36+(KHTML,+like+Gecko)+Chrome/77.0.3865.90+Safari/537.36 http://localhost:18213/WebForm1.aspx 200 0 0 90
2019-10-15 12:58:39 ::1 POST /WebForm1.aspx - 18213 - ::1 Mozilla/5.0+(Windows+NT+10.0;+Win64;+x64)+AppleWebKit/537.36+(KHTML,+like+Gecko)+Chrome/77.0.3865.90+Safari/537.36 http://localhost:18213/WebForm1.aspx 200 0 0 73
2019-10-15 12:58:43 ::1 POST /WebForm1.aspx - 18213 - ::1 Mozilla/5.0+(Windows+NT+10.0;+Win64;+x64)+AppleWebKit/537.36+(KHTML,+like+Gecko)+Chrome/77.0.3865.90+Safari/537.36 http://localhost:18213/WebForm1.aspx 200 0 0 59
2019-10-15 12:58:45 ::1 POST /WebForm1.aspx - 18213 - ::1 Mozilla/5.0+(Windows+NT+10.0;+Win64;+x64)+AppleWebKit/537.36+(KHTML,+like+Gecko)+Chrome/77.0.3865.90+Safari/537.36 http://localhost:18213/WebForm1.aspx 200 0 0 62
2019-10-15 12:58:47 ::1 POST /WebForm1.aspx - 18213 - ::1 Mozilla/5.0+(Windows+NT+10.0;+Win64;+x64)+AppleWebKit/537.36+(KHTML,+like+Gecko)+Chrome/77.0.3865.90+Safari/537.36 http://localhost:18213/WebForm1.aspx 200 0 0 62
2019-10-15 12:58:49 ::1 POST /WebForm1.aspx - 18213 - ::1 Mozilla/5.0+(Windows+NT+10.0;+Win64;+x64)+AppleWebKit/537.36+(KHTML,+like+Gecko)+Chrome/77.0.3865.90+Safari/537.36 http://localhost:18213/WebForm1.aspx 200 0 0 61
2019-10-15 12:58:51 ::1 POST /WebForm1.aspx - 18213 - ::1 Mozilla/5.0+(Windows+NT+10.0;+Win64;+x64)+AppleWebKit/537.36+(KHTML,+like+Gecko)+Chrome/77.0.3865.90+Safari/537.36 http://localhost:18213/WebForm1.aspx 200 0 0 58
2019-10-15 12:58:51 ::1 POST /WebForm1.aspx - 18213 - ::1 Mozilla/5.0+(Windows+NT+10.0;+Win64;+x64)+AppleWebKit/537.36+(KHTML,+like+Gecko)+Chrome/77.0.3865.90+Safari/537.36 http://localhost:18213/WebForm1.aspx 200 0 0 58
2019-10-15 12:58:51 ::1 POST /WebForm1.aspx - 18213 - ::1 Mozilla/5.0+(Windows+NT+10.0;+Win64;+x64)+AppleWebKit/537.36+(KHTML,+like+Gecko)+Chrome/77.0.3865.90+Safari/537.36 http://localhost:18213/WebForm1.aspx 200 0 0 56
2019-10-15 12:58:52 ::1 POST /WebForm1.aspx - 18213 - ::1 Mozilla/5.0+(Windows+NT+10.0;+Win64;+x64)+AppleWebKit/537.36+(KHTML,+like+Gecko)+Chrome/77.0.3865.90+Safari/537.36 http://localhost:18213/WebForm1.aspx 200 0 0 59
#Software: Microsoft Internet Information Services 8.0
#Version: 1.0
#Date: 2019-10-15 13:00:12
#Fields: date time s-ip cs-method cs-uri-stem cs-uri-query s-port cs-username c-ip cs(User-Agent) cs(Referer) sc-status sc-substatus sc-win32-status time-taken
2019-10-15 13:00:12 ::1 GET /WebForm1.aspx - 18213 - ::1 Mozilla/5.0+(Windows+NT+10.0;+Win64;+x64)+AppleWebKit/537.36+(KHTML,+like+Gecko)+Chrome/77.0.3865.90+Safari/537.36 - 200 0 0 2514
2019-10-15 13:00:12 ::1 GET /favicon.ico - 18213 - ::1 Mozilla/5.0+(Windows+NT+10.0;+Win64;+x64)+AppleWebKit/537.36+(KHTML,+like+Gecko)+Chrome/77.0.3865.90+Safari/537.36 http://localhost:18213/WebForm1.aspx 404 0 2 5
2019-10-15 13:00:14 ::1 POST /WebForm1.aspx - 18213 - ::1 Mozilla/5.0+(Windows+NT+10.0;+Win64;+x64)+AppleWebKit/537.36+(KHTML,+like+Gecko)+Chrome/77.0.3865.90+Safari/537.36 http://localhost:18213/WebForm1.aspx 200 0 0 77
2019-10-15 13:00:17 ::1 POST /WebForm1.aspx - 18213 - ::1 Mozilla/5.0+(Windows+NT+10.0;+Win64;+x64)+AppleWebKit/537.36+(KHTML,+like+Gecko)+Chrome/77.0.3865.90+Safari/537.36 http://localhost:18213/WebForm1.aspx 200 0 0 99
2019-10-15 13:00:30 ::1 POST /WebForm1.aspx - 18213 - ::1 Mozilla/5.0+(Windows+NT+10.0;+Win64;+x64)+AppleWebKit/537.36+(KHTML,+like+Gecko)+Chrome/77.0.3865.90+Safari/537.36 http://localhost:18213/WebForm1.aspx 200 0 0 82
2019-10-15 13:00:32 ::1 POST /WebForm1.aspx - 18213 - ::1 Mozilla/5.0+(Windows+NT+10.0;+Win64;+x64)+AppleWebKit/537.36+(KHTML,+like+Gecko)+Chrome/77.0.3865.90+Safari/537.36 http://localhost:18213/WebForm1.aspx 200 0 0 60
2019-10-15 13:00:34 ::1 POST /WebForm1.aspx - 18213 - ::1 Mozilla/5.0+(Windows+NT+10.0;+Win64;+x64)+AppleWebKit/537.36+(KHTML,+like+Gecko)+Chrome/77.0.3865.90+Safari/537.36 http://localhost:18213/WebForm1.aspx 200 0 0 60
2019-10-15 13:00:36 ::1 POST /WebForm1.aspx - 18213 - ::1 Mozilla/5.0+(Windows+NT+10.0;+Win64;+x64)+AppleWebKit/537.36+(KHTML,+like+Gecko)+Chrome/77.0.3865.90+Safari/537.36 http://localhost:18213/WebForm1.aspx 200 0 0 56
2019-10-15 13:00:36 ::1 POST /WebForm1.aspx - 18213 - ::1 Mozilla/5.0+(Windows+NT+10.0;+Win64;+x64)+AppleWebKit/537.36+(KHTML,+like+Gecko)+Chrome/77.0.3865.90+Safari/537.36 http://localhost:18213/WebForm1.aspx 200 0 0 54
2019-10-15 13:00:38 ::1 POST /WebForm1.aspx - 18213 - ::1 Mozilla/5.0+(Windows+NT+10.0;+Win64;+x64)+AppleWebKit/537.36+(KHTML,+like+Gecko)+Chrome/77.0.3865.90+Safari/537.36 http://localhost:18213/WebForm1.aspx 200 0 0 59
2019-10-15 13:00:41 ::1 POST /WebForm1.aspx - 18213 - ::1 Mozilla/5.0+(Windows+NT+10.0;+Win64;+x64)+AppleWebKit/537.36+(KHTML,+like+Gecko)+Chrome/77.0.3865.90+Safari/537.36 http://localhost:18213/WebForm1.aspx 200 0 0 60
2019-10-15 13:00:41 ::1 POST /WebForm1.aspx - 18213 - ::1 Mozilla/5.0+(Windows+NT+10.0;+Win64;+x64)+AppleWebKit/537.36+(KHTML,+like+Gecko)+Chrome/77.0.3865.90+Safari/537.36 http://localhost:18213/WebForm1.aspx 200 0 0 57
2019-10-15 13:00:41 ::1 POST /WebForm1.aspx - 18213 - ::1 Mozilla/5.0+(Windows+NT+10.0;+Win64;+x64)+AppleWebKit/537.36+(KHTML,+like+Gecko)+Chrome/77.0.3865.90+Safari/537.36 http://localhost:18213/WebForm1.aspx 200 0 0 59
2019-10-15 13:00:42 ::1 POST /WebForm1.aspx - 18213 - ::1 Mozilla/5.0+(Windows+NT+10.0;+Win64;+x64)+AppleWebKit/537.36+(KHTML,+like+Gecko)+Chrome/77.0.3865.90+Safari/537.36 http://localhost:18213/WebForm1.aspx 200 0 0 61
