#Software: Microsoft Internet Information Services 8.0
#Version: 1.0
#Date: 2019-10-18 13:46:54
#Fields: date time s-ip cs-method cs-uri-stem cs-uri-query s-port cs-username c-ip cs(User-Agent) cs(Referer) sc-status sc-substatus sc-win32-status time-taken
2019-10-18 13:46:54 ::1 GET /WebForm1.aspx - 19260 - ::1 Mozilla/5.0+(Windows+NT+10.0;+Win64;+x64)+AppleWebKit/537.36+(KHTML,+like+Gecko)+Chrome/77.0.3865.120+Safari/537.36 - 200 0 0 11945
2019-10-18 13:46:54 ::1 GET /favicon.ico - 19260 - ::1 Mozilla/5.0+(Windows+NT+10.0;+Win64;+x64)+AppleWebKit/537.36+(KHTML,+like+Gecko)+Chrome/77.0.3865.120+Safari/537.36 http://localhost:19260/WebForm1.aspx 404 0 2 31
2019-10-18 13:47:17 ::1 POST /WebForm1.aspx - 19260 - ::1 Mozilla/5.0+(Windows+NT+10.0;+Win64;+x64)+AppleWebKit/537.36+(KHTML,+like+Gecko)+Chrome/77.0.3865.120+Safari/537.36 http://localhost:19260/WebForm1.aspx 200 0 0 2025
2019-10-18 13:47:24 ::1 POST /WebForm1.aspx - 19260 - ::1 Mozilla/5.0+(Windows+NT+10.0;+Win64;+x64)+AppleWebKit/537.36+(KHTML,+like+Gecko)+Chrome/77.0.3865.120+Safari/537.36 http://localhost:19260/WebForm1.aspx 200 0 0 103
#Software: Microsoft Internet Information Services 8.0
#Version: 1.0
#Date: 2019-10-18 15:53:09
#Fields: date time s-ip cs-method cs-uri-stem cs-uri-query s-port cs-username c-ip cs(User-Agent) cs(Referer) sc-status sc-substatus sc-win32-status time-taken
2019-10-18 15:53:09 ::1 GET /WebForm2.aspx - 19260 - ::1 Mozilla/5.0+(Windows+NT+10.0;+Win64;+x64)+AppleWebKit/537.36+(KHTML,+like+Gecko)+Chrome/77.0.3865.120+Safari/537.36 - 200 0 0 3245
2019-10-18 15:53:09 ::1 GET /favicon.ico - 19260 - ::1 Mozilla/5.0+(Windows+NT+10.0;+Win64;+x64)+AppleWebKit/537.36+(KHTML,+like+Gecko)+Chrome/77.0.3865.120+Safari/537.36 http://localhost:19260/WebForm2.aspx 404 0 2 14
2019-10-18 15:53:31 ::1 POST /WebForm2.aspx - 19260 - ::1 Mozilla/5.0+(Windows+NT+10.0;+Win64;+x64)+AppleWebKit/537.36+(KHTML,+like+Gecko)+Chrome/77.0.3865.120+Safari/537.36 http://localhost:19260/WebForm2.aspx 200 0 0 185
2019-10-18 15:53:34 ::1 POST /WebForm2.aspx - 19260 - ::1 Mozilla/5.0+(Windows+NT+10.0;+Win64;+x64)+AppleWebKit/537.36+(KHTML,+like+Gecko)+Chrome/77.0.3865.120+Safari/537.36 http://localhost:19260/WebForm2.aspx 200 0 0 111
2019-10-18 15:53:37 ::1 POST /WebForm2.aspx - 19260 - ::1 Mozilla/5.0+(Windows+NT+10.0;+Win64;+x64)+AppleWebKit/537.36+(KHTML,+like+Gecko)+Chrome/77.0.3865.120+Safari/537.36 http://localhost:19260/WebForm2.aspx 200 0 0 192
2019-10-18 15:53:39 ::1 POST /WebForm2.aspx - 19260 - ::1 Mozilla/5.0+(Windows+NT+10.0;+Win64;+x64)+AppleWebKit/537.36+(KHTML,+like+Gecko)+Chrome/77.0.3865.120+Safari/537.36 http://localhost:19260/WebForm2.aspx 200 0 0 62
2019-10-18 15:54:13 ::1 POST /WebForm2.aspx - 19260 - ::1 Mozilla/5.0+(Windows+NT+10.0;+Win64;+x64)+AppleWebKit/537.36+(KHTML,+like+Gecko)+Chrome/77.0.3865.120+Safari/537.36 http://localhost:19260/WebForm2.aspx 200 0 0 68
2019-10-18 15:54:14 ::1 POST /WebForm2.aspx - 19260 - ::1 Mozilla/5.0+(Windows+NT+10.0;+Win64;+x64)+AppleWebKit/537.36+(KHTML,+like+Gecko)+Chrome/77.0.3865.120+Safari/537.36 http://localhost:19260/WebForm2.aspx 200 0 0 57
2019-10-18 15:54:18 ::1 POST /WebForm2.aspx - 19260 - ::1 Mozilla/5.0+(Windows+NT+10.0;+Win64;+x64)+AppleWebKit/537.36+(KHTML,+like+Gecko)+Chrome/77.0.3865.120+Safari/537.36 http://localhost:19260/WebForm2.aspx 200 0 0 60
#Software: Microsoft Internet Information Services 8.0
#Version: 1.0
#Date: 2019-10-18 15:54:57
#Fields: date time s-ip cs-method cs-uri-stem cs-uri-query s-port cs-username c-ip cs(User-Agent) cs(Referer) sc-status sc-substatus sc-win32-status time-taken
2019-10-18 15:54:57 ::1 GET /WebForm2.aspx - 19260 - ::1 Mozilla/5.0+(Windows+NT+10.0;+Win64;+x64)+AppleWebKit/537.36+(KHTML,+like+Gecko)+Chrome/77.0.3865.120+Safari/537.36 - 200 0 0 3170
2019-10-18 15:54:57 ::1 GET /favicon.ico - 19260 - ::1 Mozilla/5.0+(Windows+NT+10.0;+Win64;+x64)+AppleWebKit/537.36+(KHTML,+like+Gecko)+Chrome/77.0.3865.120+Safari/537.36 http://localhost:19260/WebForm2.aspx 404 0 2 7
#Software: Microsoft Internet Information Services 8.0
#Version: 1.0
#Date: 2019-10-18 16:27:40
#Fields: date time s-ip cs-method cs-uri-stem cs-uri-query s-port cs-username c-ip cs(User-Agent) cs(Referer) sc-status sc-substatus sc-win32-status time-taken
2019-10-18 16:27:40 ::1 GET /WebForm2.aspx - 19260 - ::1 Mozilla/5.0+(Windows+NT+10.0;+Win64;+x64)+AppleWebKit/537.36+(KHTML,+like+Gecko)+Chrome/77.0.3865.120+Safari/537.36 - 200 0 0 2901
2019-10-18 16:27:40 ::1 GET /favicon.ico - 19260 - ::1 Mozilla/5.0+(Windows+NT+10.0;+Win64;+x64)+AppleWebKit/537.36+(KHTML,+like+Gecko)+Chrome/77.0.3865.120+Safari/537.36 http://localhost:19260/WebForm2.aspx 404 0 2 3
2019-10-18 16:27:45 ::1 POST /WebForm2.aspx - 19260 - ::1 Mozilla/5.0+(Windows+NT+10.0;+Win64;+x64)+AppleWebKit/537.36+(KHTML,+like+Gecko)+Chrome/77.0.3865.120+Safari/537.36 http://localhost:19260/WebForm2.aspx 200 0 0 148
2019-10-18 16:27:47 ::1 POST /WebForm2.aspx - 19260 - ::1 Mozilla/5.0+(Windows+NT+10.0;+Win64;+x64)+AppleWebKit/537.36+(KHTML,+like+Gecko)+Chrome/77.0.3865.120+Safari/537.36 http://localhost:19260/WebForm2.aspx 200 0 0 56
#Software: Microsoft Internet Information Services 8.0
#Version: 1.0
#Date: 2019-10-18 16:34:56
#Fields: date time s-ip cs-method cs-uri-stem cs-uri-query s-port cs-username c-ip cs(User-Agent) cs(Referer) sc-status sc-substatus sc-win32-status time-taken
2019-10-18 16:34:56 ::1 GET /WebForm2.aspx - 19260 - ::1 Mozilla/5.0+(Windows+NT+10.0;+Win64;+x64)+AppleWebKit/537.36+(KHTML,+like+Gecko)+Chrome/77.0.3865.120+Safari/537.36 - 200 0 0 3050
2019-10-18 16:34:56 ::1 GET /favicon.ico - 19260 - ::1 Mozilla/5.0+(Windows+NT+10.0;+Win64;+x64)+AppleWebKit/537.36+(KHTML,+like+Gecko)+Chrome/77.0.3865.120+Safari/537.36 http://localhost:19260/WebForm2.aspx 404 0 2 4
2019-10-18 16:35:16 ::1 POST /WebForm2.aspx - 19260 - ::1 Mozilla/5.0+(Windows+NT+10.0;+Win64;+x64)+AppleWebKit/537.36+(KHTML,+like+Gecko)+Chrome/77.0.3865.120+Safari/537.36 http://localhost:19260/WebForm2.aspx 200 0 0 105
2019-10-18 16:35:19 ::1 POST /WebForm2.aspx - 19260 - ::1 Mozilla/5.0+(Windows+NT+10.0;+Win64;+x64)+AppleWebKit/537.36+(KHTML,+like+Gecko)+Chrome/77.0.3865.120+Safari/537.36 http://localhost:19260/WebForm2.aspx 200 0 0 215
2019-10-18 16:35:19 ::1 POST /WebForm2.aspx - 19260 - ::1 Mozilla/5.0+(Windows+NT+10.0;+Win64;+x64)+AppleWebKit/537.36+(KHTML,+like+Gecko)+Chrome/77.0.3865.120+Safari/537.36 http://localhost:19260/WebForm2.aspx 200 0 0 64
#Software: Microsoft Internet Information Services 8.0
#Version: 1.0
#Date: 2019-10-18 16:35:31
#Fields: date time s-ip cs-method cs-uri-stem cs-uri-query s-port cs-username c-ip cs(User-Agent) cs(Referer) sc-status sc-substatus sc-win32-status time-taken
2019-10-18 16:35:31 ::1 GET /WebForm2.aspx - 19260 - ::1 Mozilla/5.0+(Windows+NT+10.0;+Win64;+x64)+AppleWebKit/537.36+(KHTML,+like+Gecko)+Chrome/77.0.3865.120+Safari/537.36 - 200 0 0 1813
2019-10-18 16:35:31 ::1 GET /favicon.ico - 19260 - ::1 Mozilla/5.0+(Windows+NT+10.0;+Win64;+x64)+AppleWebKit/537.36+(KHTML,+like+Gecko)+Chrome/77.0.3865.120+Safari/537.36 http://localhost:19260/WebForm2.aspx 404 0 2 4
2019-10-18 16:36:10 ::1 POST /WebForm2.aspx - 19260 - ::1 Mozilla/5.0+(Windows+NT+10.0;+Win64;+x64)+AppleWebKit/537.36+(KHTML,+like+Gecko)+Chrome/77.0.3865.120+Safari/537.36 http://localhost:19260/WebForm2.aspx 200 0 0 52
2019-10-18 16:36:28 ::1 POST /WebForm2.aspx - 19260 - ::1 Mozilla/5.0+(Windows+NT+10.0;+Win64;+x64)+AppleWebKit/537.36+(KHTML,+like+Gecko)+Chrome/77.0.3865.120+Safari/537.36 http://localhost:19260/WebForm2.aspx 200 0 0 257
2019-10-18 16:36:43 ::1 POST /WebForm2.aspx - 19260 - ::1 Mozilla/5.0+(Windows+NT+10.0;+Win64;+x64)+AppleWebKit/537.36+(KHTML,+like+Gecko)+Chrome/77.0.3865.120+Safari/537.36 http://localhost:19260/WebForm2.aspx 200 0 0 52
2019-10-18 16:36:51 ::1 POST /WebForm2.aspx - 19260 - ::1 Mozilla/5.0+(Windows+NT+10.0;+Win64;+x64)+AppleWebKit/537.36+(KHTML,+like+Gecko)+Chrome/77.0.3865.120+Safari/537.36 http://localhost:19260/WebForm2.aspx 200 0 0 72
2019-10-18 16:37:10 ::1 POST /WebForm2.aspx - 19260 - ::1 Mozilla/5.0+(Windows+NT+10.0;+Win64;+x64)+AppleWebKit/537.36+(KHTML,+like+Gecko)+Chrome/77.0.3865.120+Safari/537.36 http://localhost:19260/WebForm2.aspx 200 0 0 57
2019-10-18 16:37:11 ::1 POST /WebForm2.aspx - 19260 - ::1 Mozilla/5.0+(Windows+NT+10.0;+Win64;+x64)+AppleWebKit/537.36+(KHTML,+like+Gecko)+Chrome/77.0.3865.120+Safari/537.36 http://localhost:19260/WebForm2.aspx 200 0 0 80
#Software: Microsoft Internet Information Services 8.0
#Version: 1.0
#Date: 2019-10-18 16:37:23
#Fields: date time s-ip cs-method cs-uri-stem cs-uri-query s-port cs-username c-ip cs(User-Agent) cs(Referer) sc-status sc-substatus sc-win32-status time-taken
2019-10-18 16:37:23 ::1 GET /WebForm2.aspx - 19260 - ::1 Mozilla/5.0+(Windows+NT+10.0;+Win64;+x64)+AppleWebKit/537.36+(KHTML,+like+Gecko)+Chrome/77.0.3865.120+Safari/537.36 - 200 0 0 2108
2019-10-18 16:37:23 ::1 GET /favicon.ico - 19260 - ::1 Mozilla/5.0+(Windows+NT+10.0;+Win64;+x64)+AppleWebKit/537.36+(KHTML,+like+Gecko)+Chrome/77.0.3865.120+Safari/537.36 http://localhost:19260/WebForm2.aspx 404 0 2 3
2019-10-18 16:37:26 ::1 POST /WebForm2.aspx - 19260 - ::1 Mozilla/5.0+(Windows+NT+10.0;+Win64;+x64)+AppleWebKit/537.36+(KHTML,+like+Gecko)+Chrome/77.0.3865.120+Safari/537.36 http://localhost:19260/WebForm2.aspx 200 0 0 155
2019-10-18 16:37:29 ::1 POST /WebForm2.aspx - 19260 - ::1 Mozilla/5.0+(Windows+NT+10.0;+Win64;+x64)+AppleWebKit/537.36+(KHTML,+like+Gecko)+Chrome/77.0.3865.120+Safari/537.36 http://localhost:19260/WebForm2.aspx 200 0 0 67
#Software: Microsoft Internet Information Services 8.0
#Version: 1.0
#Date: 2019-10-18 16:38:34
#Fields: date time s-ip cs-method cs-uri-stem cs-uri-query s-port cs-username c-ip cs(User-Agent) cs(Referer) sc-status sc-substatus sc-win32-status time-taken
2019-10-18 16:38:34 ::1 GET /WebForm2.aspx - 19260 - ::1 Mozilla/5.0+(Windows+NT+10.0;+Win64;+x64)+AppleWebKit/537.36+(KHTML,+like+Gecko)+Chrome/77.0.3865.120+Safari/537.36 - 200 0 0 2214
2019-10-18 16:38:34 ::1 GET /favicon.ico - 19260 - ::1 Mozilla/5.0+(Windows+NT+10.0;+Win64;+x64)+AppleWebKit/537.36+(KHTML,+like+Gecko)+Chrome/77.0.3865.120+Safari/537.36 http://localhost:19260/WebForm2.aspx 404 0 2 3
