#Software: Microsoft Internet Information Services 8.0
#Version: 1.0
#Date: 2019-10-05 10:24:45
#Fields: date time s-ip cs-method cs-uri-stem cs-uri-query s-port cs-username c-ip cs(User-Agent) cs(Referer) sc-status sc-substatus sc-win32-status time-taken
2019-10-05 10:24:45 ::1 GET /Login.aspx - 15091 - ::1 Mozilla/5.0+(Windows+NT+10.0;+Win64;+x64)+AppleWebKit/537.36+(KHTML,+like+Gecko)+Chrome/77.0.3865.90+Safari/537.36 - 500 0 0 3636
2019-10-05 10:24:45 ::1 GET /favicon.ico - 15091 - ::1 Mozilla/5.0+(Windows+NT+10.0;+Win64;+x64)+AppleWebKit/537.36+(KHTML,+like+Gecko)+Chrome/77.0.3865.90+Safari/537.36 http://localhost:15091/Login.aspx 404 0 2 4
#Software: Microsoft Internet Information Services 8.0
#Version: 1.0
#Date: 2019-10-05 10:25:11
#Fields: date time s-ip cs-method cs-uri-stem cs-uri-query s-port cs-username c-ip cs(User-Agent) cs(Referer) sc-status sc-substatus sc-win32-status time-taken
2019-10-05 10:25:11 ::1 GET / - 15091 - ::1 Mozilla/5.0+(Windows+NT+10.0;+Win64;+x64)+AppleWebKit/537.36+(KHTML,+like+Gecko)+Chrome/77.0.3865.90+Safari/537.36 - 403 14 0 966
2019-10-05 10:25:11 ::1 GET /favicon.ico - 15091 - ::1 Mozilla/5.0+(Windows+NT+10.0;+Win64;+x64)+AppleWebKit/537.36+(KHTML,+like+Gecko)+Chrome/77.0.3865.90+Safari/537.36 http://localhost:15091/ 404 0 2 0
#Software: Microsoft Internet Information Services 8.0
#Version: 1.0
#Date: 2019-10-05 10:25:58
#Fields: date time s-ip cs-method cs-uri-stem cs-uri-query s-port cs-username c-ip cs(User-Agent) cs(Referer) sc-status sc-substatus sc-win32-status time-taken
2019-10-05 10:25:58 ::1 GET /Login.aspx - 15091 - ::1 Mozilla/5.0+(Windows+NT+10.0;+Win64;+x64)+AppleWebKit/537.36+(KHTML,+like+Gecko)+Chrome/77.0.3865.90+Safari/537.36 - 200 0 0 3894
2019-10-05 10:25:58 ::1 GET /image/2014-10-03+10.54.58.jpg - 15091 - ::1 Mozilla/5.0+(Windows+NT+10.0;+Win64;+x64)+AppleWebKit/537.36+(KHTML,+like+Gecko)+Chrome/77.0.3865.90+Safari/537.36 http://localhost:15091/Login.aspx 200 0 0 96
2019-10-05 10:25:58 ::1 GET /WebResource.axd d=Yrovwl1rSrWrsNFKINkmhyrg_ien9mMPwS6sYu-Uu6th2RcfOg7_CYuu2Ov0diyANKU6tdBWz_2-FMDcaIz8FvF1S049J6iaqhU-e2aGLjo1&t=636480529623431523 15091 - ::1 Mozilla/5.0+(Windows+NT+10.0;+Win64;+x64)+AppleWebKit/537.36+(KHTML,+like+Gecko)+Chrome/77.0.3865.90+Safari/537.36 http://localhost:15091/Login.aspx 200 0 0 168
2019-10-05 10:25:58 ::1 GET /WebResource.axd d=cmthOovlf8TYGX8_4IBP-JBPOGeQJRND5zAqoxyMsCsHWQwq-iiwEUbXxvQdKUmcC0DO9DtCaliJceQ7V3w3B-Kw662nBsBggE0tJHRzlgw1&t=636480529623431523 15091 - ::1 Mozilla/5.0+(Windows+NT+10.0;+Win64;+x64)+AppleWebKit/537.36+(KHTML,+like+Gecko)+Chrome/77.0.3865.90+Safari/537.36 http://localhost:15091/Login.aspx 200 0 0 180
2019-10-05 10:25:58 ::1 GET /WebResource.axd d=-UOQgO3XvUDe5k_OQ4eSersVAecMFkAP19hhv9gQ7gmOpmYKEc071ejEAEKqgtG5JxBqb3GeGlZ_LuZC4H1AQmvmcdl5D3g4ebOtU1ZHG1Q1&t=636480529623431523 15091 - ::1 Mozilla/5.0+(Windows+NT+10.0;+Win64;+x64)+AppleWebKit/537.36+(KHTML,+like+Gecko)+Chrome/77.0.3865.90+Safari/537.36 http://localhost:15091/Login.aspx 200 0 0 180
2019-10-05 10:25:58 ::1 GET /WebResource.axd d=Z-8BMZXJD_iuvPEmv4XFAu6uuDFiNBG8RIlDOq8sT__WAQpc0ps9b7hXADYKOqzLKmgbwtO0hEUCBU1HaKVxF3IYH0OMedcjDCP6SVobvMw1&t=636480529623431523 15091 - ::1 Mozilla/5.0+(Windows+NT+10.0;+Win64;+x64)+AppleWebKit/537.36+(KHTML,+like+Gecko)+Chrome/77.0.3865.90+Safari/537.36 http://localhost:15091/Login.aspx 200 0 0 184
2019-10-05 10:25:58 ::1 GET /favicon.ico - 15091 - ::1 Mozilla/5.0+(Windows+NT+10.0;+Win64;+x64)+AppleWebKit/537.36+(KHTML,+like+Gecko)+Chrome/77.0.3865.90+Safari/537.36 http://localhost:15091/Login.aspx 404 0 2 7
2019-10-05 10:26:23 ::1 POST /Login.aspx - 15091 - ::1 Mozilla/5.0+(Windows+NT+10.0;+Win64;+x64)+AppleWebKit/537.36+(KHTML,+like+Gecko)+Chrome/77.0.3865.90+Safari/537.36 http://localhost:15091/Login.aspx 302 0 0 199
2019-10-05 10:26:23 ::1 GET /Rama.aspx - 15091 - ::1 Mozilla/5.0+(Windows+NT+10.0;+Win64;+x64)+AppleWebKit/537.36+(KHTML,+like+Gecko)+Chrome/77.0.3865.90+Safari/537.36 http://localhost:15091/Login.aspx 404 0 0 64
#Software: Microsoft Internet Information Services 8.0
#Version: 1.0
#Date: 2019-10-05 10:26:39
#Fields: date time s-ip cs-method cs-uri-stem cs-uri-query s-port cs-username c-ip cs(User-Agent) cs(Referer) sc-status sc-substatus sc-win32-status time-taken
2019-10-05 10:26:39 ::1 GET /Login.aspx - 15091 - ::1 Mozilla/5.0+(Windows+NT+10.0;+Win64;+x64)+AppleWebKit/537.36+(KHTML,+like+Gecko)+Chrome/77.0.3865.90+Safari/537.36 - 200 0 0 1267
2019-10-05 10:26:39 ::1 GET /favicon.ico - 15091 - ::1 Mozilla/5.0+(Windows+NT+10.0;+Win64;+x64)+AppleWebKit/537.36+(KHTML,+like+Gecko)+Chrome/77.0.3865.90+Safari/537.36 http://localhost:15091/Login.aspx 404 0 2 4
2019-10-05 10:26:53 ::1 POST /Login.aspx - 15091 - ::1 Mozilla/5.0+(Windows+NT+10.0;+Win64;+x64)+AppleWebKit/537.36+(KHTML,+like+Gecko)+Chrome/77.0.3865.90+Safari/537.36 http://localhost:15091/Login.aspx 302 0 0 88
2019-10-05 10:26:53 ::1 GET /Rama.aspx - 15091 - ::1 Mozilla/5.0+(Windows+NT+10.0;+Win64;+x64)+AppleWebKit/537.36+(KHTML,+like+Gecko)+Chrome/77.0.3865.90+Safari/537.36 http://localhost:15091/Login.aspx 404 0 0 48
#Software: Microsoft Internet Information Services 8.0
#Version: 1.0
#Date: 2019-10-05 10:27:42
#Fields: date time s-ip cs-method cs-uri-stem cs-uri-query s-port cs-username c-ip cs(User-Agent) cs(Referer) sc-status sc-substatus sc-win32-status time-taken
2019-10-05 10:27:42 ::1 GET /Login.aspx - 15091 - ::1 Mozilla/5.0+(Windows+NT+10.0;+Win64;+x64)+AppleWebKit/537.36+(KHTML,+like+Gecko)+Chrome/77.0.3865.90+Safari/537.36 - 200 0 0 2670
2019-10-05 10:27:42 ::1 GET /favicon.ico - 15091 - ::1 Mozilla/5.0+(Windows+NT+10.0;+Win64;+x64)+AppleWebKit/537.36+(KHTML,+like+Gecko)+Chrome/77.0.3865.90+Safari/537.36 http://localhost:15091/Login.aspx 404 0 2 12
2019-10-05 10:27:56 ::1 POST /Login.aspx - 15091 - ::1 Mozilla/5.0+(Windows+NT+10.0;+Win64;+x64)+AppleWebKit/537.36+(KHTML,+like+Gecko)+Chrome/77.0.3865.90+Safari/537.36 http://localhost:15091/Login.aspx 302 0 0 114
2019-10-05 10:27:56 ::1 GET /Rama.master - 15091 - ::1 Mozilla/5.0+(Windows+NT+10.0;+Win64;+x64)+AppleWebKit/537.36+(KHTML,+like+Gecko)+Chrome/77.0.3865.90+Safari/537.36 http://localhost:15091/Login.aspx 404 7 0 20
#Software: Microsoft Internet Information Services 8.0
#Version: 1.0
#Date: 2019-10-05 10:33:10
#Fields: date time s-ip cs-method cs-uri-stem cs-uri-query s-port cs-username c-ip cs(User-Agent) cs(Referer) sc-status sc-substatus sc-win32-status time-taken
2019-10-05 10:33:10 ::1 GET /Login.aspx - 15091 - ::1 Mozilla/5.0+(Windows+NT+10.0;+Win64;+x64)+AppleWebKit/537.36+(KHTML,+like+Gecko)+Chrome/77.0.3865.90+Safari/537.36 - 200 0 0 2661
2019-10-05 10:33:10 ::1 GET /image/2014-10-03+10.54.58.jpg - 15091 - ::1 Mozilla/5.0+(Windows+NT+10.0;+Win64;+x64)+AppleWebKit/537.36+(KHTML,+like+Gecko)+Chrome/77.0.3865.90+Safari/537.36 http://localhost:15091/Login.aspx 304 0 0 8
2019-10-05 10:33:10 ::1 GET /favicon.ico - 15091 - ::1 Mozilla/5.0+(Windows+NT+10.0;+Win64;+x64)+AppleWebKit/537.36+(KHTML,+like+Gecko)+Chrome/77.0.3865.90+Safari/537.36 http://localhost:15091/Login.aspx 404 0 2 4
2019-10-05 10:33:15 ::1 POST /Login.aspx - 15091 - ::1 Mozilla/5.0+(Windows+NT+10.0;+Win64;+x64)+AppleWebKit/537.36+(KHTML,+like+Gecko)+Chrome/77.0.3865.90+Safari/537.36 http://localhost:15091/Login.aspx 200 0 0 44
2019-10-05 10:33:18 ::1 POST /Login.aspx - 15091 - ::1 Mozilla/5.0+(Windows+NT+10.0;+Win64;+x64)+AppleWebKit/537.36+(KHTML,+like+Gecko)+Chrome/77.0.3865.90+Safari/537.36 http://localhost:15091/Login.aspx 200 0 0 109
2019-10-05 10:33:20 ::1 POST /Login.aspx - 15091 - ::1 Mozilla/5.0+(Windows+NT+10.0;+Win64;+x64)+AppleWebKit/537.36+(KHTML,+like+Gecko)+Chrome/77.0.3865.90+Safari/537.36 http://localhost:15091/Login.aspx 200 0 0 39
2019-10-05 10:33:28 ::1 POST /Login.aspx - 15091 - ::1 Mozilla/5.0+(Windows+NT+10.0;+Win64;+x64)+AppleWebKit/537.36+(KHTML,+like+Gecko)+Chrome/77.0.3865.90+Safari/537.36 http://localhost:15091/Login.aspx 200 0 0 39
#Software: Microsoft Internet Information Services 8.0
#Version: 1.0
#Date: 2019-10-05 10:37:27
#Fields: date time s-ip cs-method cs-uri-stem cs-uri-query s-port cs-username c-ip cs(User-Agent) cs(Referer) sc-status sc-substatus sc-win32-status time-taken
2019-10-05 10:37:27 ::1 GET / - 15091 - ::1 Mozilla/5.0+(Windows+NT+10.0;+Win64;+x64)+AppleWebKit/537.36+(KHTML,+like+Gecko)+Chrome/77.0.3865.90+Safari/537.36 - 403 14 0 898
2019-10-05 10:37:27 ::1 GET /favicon.ico - 15091 - ::1 Mozilla/5.0+(Windows+NT+10.0;+Win64;+x64)+AppleWebKit/537.36+(KHTML,+like+Gecko)+Chrome/77.0.3865.90+Safari/537.36 http://localhost:15091/ 404 0 2 8
#Software: Microsoft Internet Information Services 8.0
#Version: 1.0
#Date: 2019-10-05 10:37:37
#Fields: date time s-ip cs-method cs-uri-stem cs-uri-query s-port cs-username c-ip cs(User-Agent) cs(Referer) sc-status sc-substatus sc-win32-status time-taken
2019-10-05 10:37:37 ::1 GET / - 15091 - ::1 Mozilla/5.0+(Windows+NT+10.0;+Win64;+x64)+AppleWebKit/537.36+(KHTML,+like+Gecko)+Chrome/77.0.3865.90+Safari/537.36 - 403 14 0 874
2019-10-05 10:37:37 ::1 GET /favicon.ico - 15091 - ::1 Mozilla/5.0+(Windows+NT+10.0;+Win64;+x64)+AppleWebKit/537.36+(KHTML,+like+Gecko)+Chrome/77.0.3865.90+Safari/537.36 http://localhost:15091/ 404 0 2 3
#Software: Microsoft Internet Information Services 8.0
#Version: 1.0
#Date: 2019-10-05 10:38:14
#Fields: date time s-ip cs-method cs-uri-stem cs-uri-query s-port cs-username c-ip cs(User-Agent) cs(Referer) sc-status sc-substatus sc-win32-status time-taken
2019-10-05 10:38:14 ::1 GET / - 15091 - ::1 Mozilla/5.0+(Windows+NT+10.0;+Win64;+x64)+AppleWebKit/537.36+(KHTML,+like+Gecko)+Chrome/77.0.3865.90+Safari/537.36 - 403 14 0 1172
2019-10-05 10:38:14 ::1 GET /favicon.ico - 15091 - ::1 Mozilla/5.0+(Windows+NT+10.0;+Win64;+x64)+AppleWebKit/537.36+(KHTML,+like+Gecko)+Chrome/77.0.3865.90+Safari/537.36 http://localhost:15091/ 404 0 2 3
#Software: Microsoft Internet Information Services 8.0
#Version: 1.0
#Date: 2019-10-05 10:39:52
#Fields: date time s-ip cs-method cs-uri-stem cs-uri-query s-port cs-username c-ip cs(User-Agent) cs(Referer) sc-status sc-substatus sc-win32-status time-taken
2019-10-05 10:39:52 ::1 GET / - 15091 - ::1 Mozilla/5.0+(Windows+NT+10.0;+Win64;+x64)+AppleWebKit/537.36+(KHTML,+like+Gecko)+Chrome/77.0.3865.90+Safari/537.36 - 403 14 0 827
2019-10-05 10:39:52 ::1 GET /favicon.ico - 15091 - ::1 Mozilla/5.0+(Windows+NT+10.0;+Win64;+x64)+AppleWebKit/537.36+(KHTML,+like+Gecko)+Chrome/77.0.3865.90+Safari/537.36 http://localhost:15091/ 404 0 2 3
#Software: Microsoft Internet Information Services 8.0
#Version: 1.0
#Date: 2019-10-05 10:40:23
#Fields: date time s-ip cs-method cs-uri-stem cs-uri-query s-port cs-username c-ip cs(User-Agent) cs(Referer) sc-status sc-substatus sc-win32-status time-taken
2019-10-05 10:40:23 ::1 GET /Login.aspx - 15091 - ::1 Mozilla/5.0+(Windows+NT+10.0;+Win64;+x64)+AppleWebKit/537.36+(KHTML,+like+Gecko)+Chrome/77.0.3865.90+Safari/537.36 - 200 0 0 2654
2019-10-05 10:40:23 ::1 GET /image/2014-10-03+10.54.58.jpg - 15091 - ::1 Mozilla/5.0+(Windows+NT+10.0;+Win64;+x64)+AppleWebKit/537.36+(KHTML,+like+Gecko)+Chrome/77.0.3865.90+Safari/537.36 http://localhost:15091/Login.aspx 304 0 0 8
2019-10-05 10:40:23 ::1 GET /favicon.ico - 15091 - ::1 Mozilla/5.0+(Windows+NT+10.0;+Win64;+x64)+AppleWebKit/537.36+(KHTML,+like+Gecko)+Chrome/77.0.3865.90+Safari/537.36 http://localhost:15091/Login.aspx 404 0 2 0
#Software: Microsoft Internet Information Services 8.0
#Version: 1.0
#Date: 2019-10-05 10:40:53
#Fields: date time s-ip cs-method cs-uri-stem cs-uri-query s-port cs-username c-ip cs(User-Agent) cs(Referer) sc-status sc-substatus sc-win32-status time-taken
2019-10-05 10:40:53 ::1 GET /Login.aspx - 15091 - ::1 Mozilla/5.0+(Windows+NT+10.0;+Win64;+x64)+AppleWebKit/537.36+(KHTML,+like+Gecko)+Chrome/77.0.3865.90+Safari/537.36 - 200 0 0 1353
2019-10-05 10:40:53 ::1 GET /favicon.ico - 15091 - ::1 Mozilla/5.0+(Windows+NT+10.0;+Win64;+x64)+AppleWebKit/537.36+(KHTML,+like+Gecko)+Chrome/77.0.3865.90+Safari/537.36 http://localhost:15091/Login.aspx 404 0 2 4
2019-10-05 10:40:57 ::1 GET /Home.aspx - 15091 - ::1 Mozilla/5.0+(Windows+NT+10.0;+Win64;+x64)+AppleWebKit/537.36+(KHTML,+like+Gecko)+Chrome/77.0.3865.90+Safari/537.36 http://localhost:15091/Login.aspx 200 0 0 49
2019-10-05 10:41:00 ::1 GET /Aboutus.aspx - 15091 - ::1 Mozilla/5.0+(Windows+NT+10.0;+Win64;+x64)+AppleWebKit/537.36+(KHTML,+like+Gecko)+Chrome/77.0.3865.90+Safari/537.36 http://localhost:15091/Home.aspx 200 0 0 160
2019-10-05 10:41:05 ::1 GET /Login.aspx - 15091 - ::1 Mozilla/5.0+(Windows+NT+10.0;+Win64;+x64)+AppleWebKit/537.36+(KHTML,+like+Gecko)+Chrome/77.0.3865.90+Safari/537.36 http://localhost:15091/Aboutus.aspx 200 0 0 20
2019-10-05 10:41:18 ::1 POST /Login.aspx - 15091 - ::1 Mozilla/5.0+(Windows+NT+10.0;+Win64;+x64)+AppleWebKit/537.36+(KHTML,+like+Gecko)+Chrome/77.0.3865.90+Safari/537.36 http://localhost:15091/Login.aspx 200 0 0 54
#Software: Microsoft Internet Information Services 8.0
#Version: 1.0
#Date: 2019-10-05 10:44:03
#Fields: date time s-ip cs-method cs-uri-stem cs-uri-query s-port cs-username c-ip cs(User-Agent) cs(Referer) sc-status sc-substatus sc-win32-status time-taken
2019-10-05 10:44:03 ::1 GET /Login.aspx - 15091 - ::1 Mozilla/5.0+(Windows+NT+10.0;+Win64;+x64)+AppleWebKit/537.36+(KHTML,+like+Gecko)+Chrome/77.0.3865.90+Safari/537.36 - 200 0 0 2821
2019-10-05 10:44:03 ::1 GET /image/2014-10-03+10.54.58.jpg - 15091 - ::1 Mozilla/5.0+(Windows+NT+10.0;+Win64;+x64)+AppleWebKit/537.36+(KHTML,+like+Gecko)+Chrome/77.0.3865.90+Safari/537.36 http://localhost:15091/Login.aspx 304 0 0 12
2019-10-05 10:44:03 ::1 GET /favicon.ico - 15091 - ::1 Mozilla/5.0+(Windows+NT+10.0;+Win64;+x64)+AppleWebKit/537.36+(KHTML,+like+Gecko)+Chrome/77.0.3865.90+Safari/537.36 http://localhost:15091/Login.aspx 404 0 2 0
2019-10-05 10:44:08 ::1 GET /Aboutus.aspx - 15091 - ::1 Mozilla/5.0+(Windows+NT+10.0;+Win64;+x64)+AppleWebKit/537.36+(KHTML,+like+Gecko)+Chrome/77.0.3865.90+Safari/537.36 http://localhost:15091/Login.aspx 200 0 0 34
2019-10-05 10:44:14 ::1 GET /Login.aspx - 15091 - ::1 Mozilla/5.0+(Windows+NT+10.0;+Win64;+x64)+AppleWebKit/537.36+(KHTML,+like+Gecko)+Chrome/77.0.3865.90+Safari/537.36 http://localhost:15091/Aboutus.aspx 200 0 0 37
2019-10-05 10:44:27 ::1 POST /Login.aspx - 15091 - ::1 Mozilla/5.0+(Windows+NT+10.0;+Win64;+x64)+AppleWebKit/537.36+(KHTML,+like+Gecko)+Chrome/77.0.3865.90+Safari/537.36 http://localhost:15091/Login.aspx 302 0 0 105
2019-10-05 10:44:27 ::1 GET /Rama.Master - 15091 - ::1 Mozilla/5.0+(Windows+NT+10.0;+Win64;+x64)+AppleWebKit/537.36+(KHTML,+like+Gecko)+Chrome/77.0.3865.90+Safari/537.36 http://localhost:15091/Login.aspx 404 7 0 0
#Software: Microsoft Internet Information Services 8.0
#Version: 1.0
#Date: 2019-10-05 10:50:15
#Fields: date time s-ip cs-method cs-uri-stem cs-uri-query s-port cs-username c-ip cs(User-Agent) cs(Referer) sc-status sc-substatus sc-win32-status time-taken
2019-10-05 10:50:15 ::1 GET /Login.aspx - 15091 - ::1 Mozilla/5.0+(Windows+NT+10.0;+Win64;+x64)+AppleWebKit/537.36+(KHTML,+like+Gecko)+Chrome/77.0.3865.90+Safari/537.36 - 200 0 0 2714
2019-10-05 10:50:15 ::1 GET /image/2014-10-03+10.54.58.jpg - 15091 - ::1 Mozilla/5.0+(Windows+NT+10.0;+Win64;+x64)+AppleWebKit/537.36+(KHTML,+like+Gecko)+Chrome/77.0.3865.90+Safari/537.36 http://localhost:15091/Login.aspx 304 0 0 12
2019-10-05 10:50:15 ::1 GET /favicon.ico - 15091 - ::1 Mozilla/5.0+(Windows+NT+10.0;+Win64;+x64)+AppleWebKit/537.36+(KHTML,+like+Gecko)+Chrome/77.0.3865.90+Safari/537.36 http://localhost:15091/Login.aspx 404 0 2 3
2019-10-05 10:50:30 ::1 POST /Login.aspx - 15091 - ::1 Mozilla/5.0+(Windows+NT+10.0;+Win64;+x64)+AppleWebKit/537.36+(KHTML,+like+Gecko)+Chrome/77.0.3865.90+Safari/537.36 http://localhost:15091/Login.aspx 302 0 0 113
2019-10-05 10:50:30 ::1 GET /GetEmployee.aspx - 15091 - ::1 Mozilla/5.0+(Windows+NT+10.0;+Win64;+x64)+AppleWebKit/537.36+(KHTML,+like+Gecko)+Chrome/77.0.3865.90+Safari/537.36 http://localhost:15091/Login.aspx 200 0 0 46
#Software: Microsoft Internet Information Services 8.0
#Version: 1.0
#Date: 2019-10-05 10:51:30
#Fields: date time s-ip cs-method cs-uri-stem cs-uri-query s-port cs-username c-ip cs(User-Agent) cs(Referer) sc-status sc-substatus sc-win32-status time-taken
2019-10-05 10:51:30 ::1 GET /Login.aspx - 15091 - ::1 Mozilla/5.0+(Windows+NT+10.0;+Win64;+x64)+AppleWebKit/537.36+(KHTML,+like+Gecko)+Chrome/77.0.3865.90+Safari/537.36 - 200 0 0 1309
2019-10-05 10:51:30 ::1 GET /favicon.ico - 15091 - ::1 Mozilla/5.0+(Windows+NT+10.0;+Win64;+x64)+AppleWebKit/537.36+(KHTML,+like+Gecko)+Chrome/77.0.3865.90+Safari/537.36 http://localhost:15091/Login.aspx 404 0 2 0
2019-10-05 10:51:50 ::1 POST /Login.aspx - 15091 - ::1 Mozilla/5.0+(Windows+NT+10.0;+Win64;+x64)+AppleWebKit/537.36+(KHTML,+like+Gecko)+Chrome/77.0.3865.90+Safari/537.36 http://localhost:15091/Login.aspx 302 0 0 183
2019-10-05 10:51:50 ::1 GET /GetEmployee.aspx - 15091 - ::1 Mozilla/5.0+(Windows+NT+10.0;+Win64;+x64)+AppleWebKit/537.36+(KHTML,+like+Gecko)+Chrome/77.0.3865.90+Safari/537.36 http://localhost:15091/Login.aspx 200 0 0 76
#Software: Microsoft Internet Information Services 8.0
#Version: 1.0
#Date: 2019-10-05 10:56:04
#Fields: date time s-ip cs-method cs-uri-stem cs-uri-query s-port cs-username c-ip cs(User-Agent) cs(Referer) sc-status sc-substatus sc-win32-status time-taken
2019-10-05 10:56:04 ::1 GET /Login.aspx - 15091 - ::1 Mozilla/5.0+(Windows+NT+10.0;+Win64;+x64)+AppleWebKit/537.36+(KHTML,+like+Gecko)+Chrome/77.0.3865.90+Safari/537.36 - 200 0 0 2612
2019-10-05 10:56:04 ::1 GET /image/2014-10-03+10.54.58.jpg - 15091 - ::1 Mozilla/5.0+(Windows+NT+10.0;+Win64;+x64)+AppleWebKit/537.36+(KHTML,+like+Gecko)+Chrome/77.0.3865.90+Safari/537.36 http://localhost:15091/Login.aspx 304 0 0 8
2019-10-05 10:56:04 ::1 GET /favicon.ico - 15091 - ::1 Mozilla/5.0+(Windows+NT+10.0;+Win64;+x64)+AppleWebKit/537.36+(KHTML,+like+Gecko)+Chrome/77.0.3865.90+Safari/537.36 http://localhost:15091/Login.aspx 404 0 2 4
2019-10-05 10:56:22 ::1 POST /Login.aspx - 15091 - ::1 Mozilla/5.0+(Windows+NT+10.0;+Win64;+x64)+AppleWebKit/537.36+(KHTML,+like+Gecko)+Chrome/77.0.3865.90+Safari/537.36 http://localhost:15091/Login.aspx 302 0 0 126
2019-10-05 10:56:22 ::1 GET /GetEmployee.aspx - 15091 - ::1 Mozilla/5.0+(Windows+NT+10.0;+Win64;+x64)+AppleWebKit/537.36+(KHTML,+like+Gecko)+Chrome/77.0.3865.90+Safari/537.36 http://localhost:15091/Login.aspx 200 0 0 113
#Software: Microsoft Internet Information Services 8.0
#Version: 1.0
#Date: 2019-10-05 10:56:40
#Fields: date time s-ip cs-method cs-uri-stem cs-uri-query s-port cs-username c-ip cs(User-Agent) cs(Referer) sc-status sc-substatus sc-win32-status time-taken
2019-10-05 10:56:40 ::1 GET /Login.aspx - 15091 - ::1 Mozilla/5.0+(Windows+NT+10.0;+Win64;+x64)+AppleWebKit/537.36+(KHTML,+like+Gecko)+Chrome/77.0.3865.90+Safari/537.36 - 200 0 0 1268
2019-10-05 10:56:40 ::1 GET /favicon.ico - 15091 - ::1 Mozilla/5.0+(Windows+NT+10.0;+Win64;+x64)+AppleWebKit/537.36+(KHTML,+like+Gecko)+Chrome/77.0.3865.90+Safari/537.36 http://localhost:15091/Login.aspx 404 0 2 0
2019-10-05 10:57:24 ::1 POST /Login.aspx - 15091 - ::1 Mozilla/5.0+(Windows+NT+10.0;+Win64;+x64)+AppleWebKit/537.36+(KHTML,+like+Gecko)+Chrome/77.0.3865.90+Safari/537.36 http://localhost:15091/Login.aspx 302 0 0 146
2019-10-05 10:57:24 ::1 GET /GetEmployee.aspx - 15091 - ::1 Mozilla/5.0+(Windows+NT+10.0;+Win64;+x64)+AppleWebKit/537.36+(KHTML,+like+Gecko)+Chrome/77.0.3865.90+Safari/537.36 http://localhost:15091/Login.aspx 200 0 0 92
#Software: Microsoft Internet Information Services 8.0
#Version: 1.0
#Date: 2019-10-05 10:59:41
#Fields: date time s-ip cs-method cs-uri-stem cs-uri-query s-port cs-username c-ip cs(User-Agent) cs(Referer) sc-status sc-substatus sc-win32-status time-taken
2019-10-05 10:59:41 ::1 GET /Login.aspx - 15091 - ::1 Mozilla/5.0+(Windows+NT+10.0;+Win64;+x64)+AppleWebKit/537.36+(KHTML,+like+Gecko)+Chrome/77.0.3865.90+Safari/537.36 - 200 0 0 2597
2019-10-05 10:59:41 ::1 GET /favicon.ico - 15091 - ::1 Mozilla/5.0+(Windows+NT+10.0;+Win64;+x64)+AppleWebKit/537.36+(KHTML,+like+Gecko)+Chrome/77.0.3865.90+Safari/537.36 http://localhost:15091/Login.aspx 404 0 2 0
2019-10-05 10:59:55 ::1 POST /Login.aspx - 15091 - ::1 Mozilla/5.0+(Windows+NT+10.0;+Win64;+x64)+AppleWebKit/537.36+(KHTML,+like+Gecko)+Chrome/77.0.3865.90+Safari/537.36 http://localhost:15091/Login.aspx 302 0 0 128
2019-10-05 10:59:55 ::1 GET /GetEmployee.aspx - 15091 - ::1 Mozilla/5.0+(Windows+NT+10.0;+Win64;+x64)+AppleWebKit/537.36+(KHTML,+like+Gecko)+Chrome/77.0.3865.90+Safari/537.36 http://localhost:15091/Login.aspx 200 0 0 52
