#Software: Microsoft Internet Information Services 8.0
#Version: 1.0
#Date: 2017-11-19 08:36:25
#Fields: date time s-ip cs-method cs-uri-stem cs-uri-query s-port cs-username c-ip cs(User-Agent) cs(Referer) sc-status sc-substatus sc-win32-status time-taken
2017-11-19 08:36:25 ::1 GET / - 2444 - ::1 Mozilla/5.0+(Windows+NT+10.0;+Win64;+x64)+AppleWebKit/537.36+(KHTML,+like+Gecko)+Chrome/62.0.3202.94+Safari/537.36 - 404 0 0 4614
2017-11-19 08:36:25 ::1 GET /favicon.ico - 2444 - ::1 Mozilla/5.0+(Windows+NT+10.0;+Win64;+x64)+AppleWebKit/537.36+(KHTML,+like+Gecko)+Chrome/62.0.3202.94+Safari/537.36 http://localhost:2444/ 404 0 2 55
2017-11-19 08:36:55 ::1 GET /emp/Index - 2444 - ::1 Mozilla/5.0+(Windows+NT+10.0;+Win64;+x64)+AppleWebKit/537.36+(KHTML,+like+Gecko)+Chrome/62.0.3202.94+Safari/537.36 - 500 0 0 19643
2017-11-19 08:37:33 ::1 GET /emp/Index - 2444 - ::1 Mozilla/5.0+(Windows+NT+10.0;+Win64;+x64)+AppleWebKit/537.36+(KHTML,+like+Gecko)+Chrome/62.0.3202.94+Safari/537.36 - 500 0 0 33862
2017-11-19 08:37:42 ::1 GET /emp/Details - 2444 - ::1 Mozilla/5.0+(Windows+NT+10.0;+Win64;+x64)+AppleWebKit/537.36+(KHTML,+like+Gecko)+Chrome/62.0.3202.94+Safari/537.36 - 500 0 0 675
2017-11-19 08:37:45 ::1 GET /emp/Details - 2444 - ::1 Mozilla/5.0+(Windows+NT+10.0;+Win64;+x64)+AppleWebKit/537.36+(KHTML,+like+Gecko)+Chrome/62.0.3202.94+Safari/537.36 - 500 0 0 157
2017-11-19 08:38:18 ::1 GET /emp/Details - 2444 - ::1 Mozilla/5.0+(Windows+NT+10.0;+Win64;+x64)+AppleWebKit/537.36+(KHTML,+like+Gecko)+Chrome/62.0.3202.94+Safari/537.36 - 500 0 0 191
2017-11-19 08:38:39 ::1 GET /emp/Details - 2444 - ::1 Mozilla/5.0+(Windows+NT+10.0;+Win64;+x64)+AppleWebKit/537.36+(KHTML,+like+Gecko)+Chrome/62.0.3202.94+Safari/537.36 - 500 0 0 147
2017-11-19 08:39:22 ::1 GET /emp/Index - 2444 - ::1 Mozilla/5.0+(Windows+NT+10.0;+Win64;+x64)+AppleWebKit/537.36+(KHTML,+like+Gecko)+Chrome/62.0.3202.94+Safari/537.36 - 500 0 0 10833
#Software: Microsoft Internet Information Services 8.0
#Version: 1.0
#Date: 2017-11-19 14:25:31
#Fields: date time s-ip cs-method cs-uri-stem cs-uri-query s-port cs-username c-ip cs(User-Agent) cs(Referer) sc-status sc-substatus sc-win32-status time-taken
2017-11-19 14:25:31 ::1 GET / - 2444 - ::1 Mozilla/5.0+(Windows+NT+10.0;+Win64;+x64)+AppleWebKit/537.36+(KHTML,+like+Gecko)+Chrome/62.0.3202.94+Safari/537.36 - 404 0 0 10607
2017-11-19 14:25:31 ::1 GET /favicon.ico - 2444 - ::1 Mozilla/5.0+(Windows+NT+10.0;+Win64;+x64)+AppleWebKit/537.36+(KHTML,+like+Gecko)+Chrome/62.0.3202.94+Safari/537.36 http://localhost:2444/ 404 0 2 23
2017-11-19 14:36:32 ::1 GET /emp/Details - 2444 - ::1 Mozilla/5.0+(Windows+NT+10.0;+Win64;+x64)+AppleWebKit/537.36+(KHTML,+like+Gecko)+Chrome/62.0.3202.94+Safari/537.36 - 500 0 0 1010
2017-11-19 14:36:52 ::1 GET /emp/Index - 2444 - ::1 Mozilla/5.0+(Windows+NT+10.0;+Win64;+x64)+AppleWebKit/537.36+(KHTML,+like+Gecko)+Chrome/62.0.3202.94+Safari/537.36 - 500 0 0 15361
