#Software: Microsoft Internet Information Services 8.0
#Version: 1.0
#Date: 2019-10-19 02:37:02
#Fields: date time s-ip cs-method cs-uri-stem cs-uri-query s-port cs-username c-ip cs(User-Agent) cs(Referer) sc-status sc-substatus sc-win32-status time-taken
2019-10-19 02:37:02 ::1 GET /WebForm1.aspx - 19334 - ::1 Mozilla/5.0+(Windows+NT+10.0;+Win64;+x64)+AppleWebKit/537.36+(KHTML,+like+Gecko)+Chrome/77.0.3865.120+Safari/537.36 - 200 0 0 3542
2019-10-19 02:37:02 ::1 GET /favicon.ico - 19334 - ::1 Mozilla/5.0+(Windows+NT+10.0;+Win64;+x64)+AppleWebKit/537.36+(KHTML,+like+Gecko)+Chrome/77.0.3865.120+Safari/537.36 http://localhost:19334/WebForm1.aspx 404 0 2 3
2019-10-19 02:38:09 ::1 POST /WebForm1.aspx - 19334 - ::1 Mozilla/5.0+(Windows+NT+10.0;+Win64;+x64)+AppleWebKit/537.36+(KHTML,+like+Gecko)+Chrome/77.0.3865.120+Safari/537.36 http://localhost:19334/WebForm1.aspx 500 0 64 57024
2019-10-19 02:38:09 ::1 POST /WebForm1.aspx - 19334 - ::1 Mozilla/5.0+(Windows+NT+10.0;+Win64;+x64)+AppleWebKit/537.36+(KHTML,+like+Gecko)+Chrome/77.0.3865.120+Safari/537.36 http://localhost:19334/WebForm1.aspx 500 0 0 55736
#Software: Microsoft Internet Information Services 8.0
#Version: 1.0
#Date: 2019-10-19 02:39:06
#Fields: date time s-ip cs-method cs-uri-stem cs-uri-query s-port cs-username c-ip cs(User-Agent) cs(Referer) sc-status sc-substatus sc-win32-status time-taken
2019-10-19 02:39:06 ::1 GET /WebForm1.aspx - 19334 - ::1 Mozilla/5.0+(Windows+NT+10.0;+Win64;+x64)+AppleWebKit/537.36+(KHTML,+like+Gecko)+Chrome/77.0.3865.120+Safari/537.36 - 200 0 0 1214
#Software: Microsoft Internet Information Services 8.0
#Version: 1.0
#Date: 2019-10-19 02:44:30
#Fields: date time s-ip cs-method cs-uri-stem cs-uri-query s-port cs-username c-ip cs(User-Agent) cs(Referer) sc-status sc-substatus sc-win32-status time-taken
2019-10-19 02:44:30 ::1 GET /WebForm1.aspx - 19334 - ::1 Mozilla/5.0+(Windows+NT+10.0;+Win64;+x64)+AppleWebKit/537.36+(KHTML,+like+Gecko)+Chrome/77.0.3865.120+Safari/537.36 - 200 0 0 2788
2019-10-19 02:44:30 ::1 GET /favicon.ico - 19334 - ::1 Mozilla/5.0+(Windows+NT+10.0;+Win64;+x64)+AppleWebKit/537.36+(KHTML,+like+Gecko)+Chrome/77.0.3865.120+Safari/537.36 http://localhost:19334/WebForm1.aspx 404 0 2 3
2019-10-19 02:44:46 ::1 POST /WebForm1.aspx - 19334 - ::1 Mozilla/5.0+(Windows+NT+10.0;+Win64;+x64)+AppleWebKit/537.36+(KHTML,+like+Gecko)+Chrome/77.0.3865.120+Safari/537.36 http://localhost:19334/WebForm1.aspx 500 0 0 9551
2019-10-19 02:44:46 ::1 POST /WebForm1.aspx - 19334 - ::1 Mozilla/5.0+(Windows+NT+10.0;+Win64;+x64)+AppleWebKit/537.36+(KHTML,+like+Gecko)+Chrome/77.0.3865.120+Safari/537.36 http://localhost:19334/WebForm1.aspx 500 0 64 10064
2019-10-19 02:44:46 ::1 POST /WebForm1.aspx - 19334 - ::1 Mozilla/5.0+(Windows+NT+10.0;+Win64;+x64)+AppleWebKit/537.36+(KHTML,+like+Gecko)+Chrome/77.0.3865.120+Safari/537.36 http://localhost:19334/WebForm1.aspx 500 0 64 9752
#Software: Microsoft Internet Information Services 8.0
#Version: 1.0
#Date: 2019-10-19 02:56:11
#Fields: date time s-ip cs-method cs-uri-stem cs-uri-query s-port cs-username c-ip cs(User-Agent) cs(Referer) sc-status sc-substatus sc-win32-status time-taken
2019-10-19 02:56:11 ::1 GET /WebForm1.aspx - 19334 - ::1 Mozilla/5.0+(Windows+NT+10.0;+Win64;+x64)+AppleWebKit/537.36+(KHTML,+like+Gecko)+Chrome/77.0.3865.120+Safari/537.36 - 200 0 0 2230
2019-10-19 02:56:22 ::1 POST /WebForm1.aspx - 19334 - ::1 Mozilla/5.0+(Windows+NT+10.0;+Win64;+x64)+AppleWebKit/537.36+(KHTML,+like+Gecko)+Chrome/77.0.3865.120+Safari/537.36 http://localhost:19334/WebForm1.aspx 200 0 0 142
2019-10-19 02:56:23 ::1 POST /WebForm1.aspx - 19334 - ::1 Mozilla/5.0+(Windows+NT+10.0;+Win64;+x64)+AppleWebKit/537.36+(KHTML,+like+Gecko)+Chrome/77.0.3865.120+Safari/537.36 http://localhost:19334/WebForm1.aspx 200 0 0 170
2019-10-19 02:56:23 ::1 POST /WebForm1.aspx - 19334 - ::1 Mozilla/5.0+(Windows+NT+10.0;+Win64;+x64)+AppleWebKit/537.36+(KHTML,+like+Gecko)+Chrome/77.0.3865.120+Safari/537.36 http://localhost:19334/WebForm1.aspx 200 0 0 107
#Software: Microsoft Internet Information Services 8.0
#Version: 1.0
#Date: 2019-10-19 02:57:25
#Fields: date time s-ip cs-method cs-uri-stem cs-uri-query s-port cs-username c-ip cs(User-Agent) cs(Referer) sc-status sc-substatus sc-win32-status time-taken
2019-10-19 02:57:25 ::1 GET /WebForm1.aspx - 19334 - ::1 Mozilla/5.0+(Windows+NT+10.0;+Win64;+x64)+AppleWebKit/537.36+(KHTML,+like+Gecko)+Chrome/77.0.3865.120+Safari/537.36 - 200 0 0 2543
2019-10-19 02:57:25 ::1 GET /favicon.ico - 19334 - ::1 Mozilla/5.0+(Windows+NT+10.0;+Win64;+x64)+AppleWebKit/537.36+(KHTML,+like+Gecko)+Chrome/77.0.3865.120+Safari/537.36 http://localhost:19334/WebForm1.aspx 404 0 2 12
2019-10-19 02:57:28 ::1 POST /WebForm1.aspx - 19334 - ::1 Mozilla/5.0+(Windows+NT+10.0;+Win64;+x64)+AppleWebKit/537.36+(KHTML,+like+Gecko)+Chrome/77.0.3865.120+Safari/537.36 http://localhost:19334/WebForm1.aspx 200 0 0 111
2019-10-19 02:57:28 ::1 POST /WebForm1.aspx - 19334 - ::1 Mozilla/5.0+(Windows+NT+10.0;+Win64;+x64)+AppleWebKit/537.36+(KHTML,+like+Gecko)+Chrome/77.0.3865.120+Safari/537.36 http://localhost:19334/WebForm1.aspx 200 0 0 74
