#Software: Microsoft Internet Information Services 8.0
#Version: 1.0
#Date: 2019-09-23 14:00:26
#Fields: date time s-ip cs-method cs-uri-stem cs-uri-query s-port cs-username c-ip cs(User-Agent) cs(Referer) sc-status sc-substatus sc-win32-status time-taken
2019-09-23 14:00:26 ::1 GET /WebForm1.aspx - 1175 - ::1 Mozilla/5.0+(Windows+NT+10.0;+Win64;+x64)+AppleWebKit/537.36+(KHTML,+like+Gecko)+Chrome/76.0.3809.132+Safari/537.36 - 200 0 0 7685
2019-09-23 14:00:26 ::1 GET /favicon.ico - 1175 - ::1 Mozilla/5.0+(Windows+NT+10.0;+Win64;+x64)+AppleWebKit/537.36+(KHTML,+like+Gecko)+Chrome/76.0.3809.132+Safari/537.36 http://localhost:1175/WebForm1.aspx 404 0 2 28
#Software: Microsoft Internet Information Services 8.0
#Version: 1.0
#Date: 2019-09-23 14:01:18
#Fields: date time s-ip cs-method cs-uri-stem cs-uri-query s-port cs-username c-ip cs(User-Agent) cs(Referer) sc-status sc-substatus sc-win32-status time-taken
2019-09-23 14:01:18 ::1 GET /WebForm1.aspx - 1175 - ::1 Mozilla/5.0+(Windows+NT+10.0;+Win64;+x64)+AppleWebKit/537.36+(KHTML,+like+Gecko)+Chrome/76.0.3809.132+Safari/537.36 - 200 0 0 1601
2019-09-23 14:01:18 ::1 GET /favicon.ico - 1175 - ::1 Mozilla/5.0+(Windows+NT+10.0;+Win64;+x64)+AppleWebKit/537.36+(KHTML,+like+Gecko)+Chrome/76.0.3809.132+Safari/537.36 http://localhost:1175/WebForm1.aspx 404 0 2 3
#Software: Microsoft Internet Information Services 8.0
#Version: 1.0
#Date: 2019-09-23 14:13:50
#Fields: date time s-ip cs-method cs-uri-stem cs-uri-query s-port cs-username c-ip cs(User-Agent) cs(Referer) sc-status sc-substatus sc-win32-status time-taken
2019-09-23 14:13:50 ::1 GET /WebForm1.aspx - 1175 - ::1 Mozilla/5.0+(Windows+NT+10.0;+Win64;+x64)+AppleWebKit/537.36+(KHTML,+like+Gecko)+Chrome/76.0.3809.132+Safari/537.36 - 200 0 0 2646
2019-09-23 14:13:50 ::1 GET /favicon.ico - 1175 - ::1 Mozilla/5.0+(Windows+NT+10.0;+Win64;+x64)+AppleWebKit/537.36+(KHTML,+like+Gecko)+Chrome/76.0.3809.132+Safari/537.36 http://localhost:1175/WebForm1.aspx 404 0 2 3
2019-09-23 14:14:04 ::1 POST /WebForm1.aspx - 1175 - ::1 Mozilla/5.0+(Windows+NT+10.0;+Win64;+x64)+AppleWebKit/537.36+(KHTML,+like+Gecko)+Chrome/76.0.3809.132+Safari/537.36 http://localhost:1175/WebForm1.aspx 200 0 0 574
2019-09-23 14:14:24 ::1 POST /WebForm1.aspx - 1175 - ::1 Mozilla/5.0+(Windows+NT+10.0;+Win64;+x64)+AppleWebKit/537.36+(KHTML,+like+Gecko)+Chrome/76.0.3809.132+Safari/537.36 http://localhost:1175/WebForm1.aspx 200 0 0 73
