#Software: Microsoft Internet Information Services 8.0
#Version: 1.0
#Date: 2019-10-03 12:06:04
#Fields: date time s-ip cs-method cs-uri-stem cs-uri-query s-port cs-username c-ip cs(User-Agent) cs(Referer) sc-status sc-substatus sc-win32-status time-taken
2019-10-03 12:06:04 ::1 GET /WebForm1.aspx - 1725 - ::1 Mozilla/5.0+(Windows+NT+10.0;+Win64;+x64)+AppleWebKit/537.36+(KHTML,+like+Gecko)+Chrome/77.0.3865.90+Safari/537.36 - 500 0 0 103343
2019-10-03 12:06:04 ::1 GET /favicon.ico - 1725 - ::1 Mozilla/5.0+(Windows+NT+10.0;+Win64;+x64)+AppleWebKit/537.36+(KHTML,+like+Gecko)+Chrome/77.0.3865.90+Safari/537.36 http://localhost:1725/WebForm1.aspx 404 0 2 3
#Software: Microsoft Internet Information Services 8.0
#Version: 1.0
#Date: 2019-10-03 12:06:25
#Fields: date time s-ip cs-method cs-uri-stem cs-uri-query s-port cs-username c-ip cs(User-Agent) cs(Referer) sc-status sc-substatus sc-win32-status time-taken
2019-10-03 12:06:25 ::1 GET /WebForm1.aspx - 1725 - ::1 Mozilla/5.0+(Windows+NT+10.0;+Win64;+x64)+AppleWebKit/537.36+(KHTML,+like+Gecko)+Chrome/77.0.3865.90+Safari/537.36 - 500 0 0 10471
#Software: Microsoft Internet Information Services 8.0
#Version: 1.0
#Date: 2019-10-03 12:10:55
#Fields: date time s-ip cs-method cs-uri-stem cs-uri-query s-port cs-username c-ip cs(User-Agent) cs(Referer) sc-status sc-substatus sc-win32-status time-taken
2019-10-03 12:10:55 ::1 GET /WebForm1.aspx - 1725 - ::1 Mozilla/5.0+(Windows+NT+10.0;+Win64;+x64)+AppleWebKit/537.36+(KHTML,+like+Gecko)+Chrome/77.0.3865.90+Safari/537.36 - 500 0 0 39016
2019-10-03 12:10:55 ::1 GET /favicon.ico - 1725 - ::1 Mozilla/5.0+(Windows+NT+10.0;+Win64;+x64)+AppleWebKit/537.36+(KHTML,+like+Gecko)+Chrome/77.0.3865.90+Safari/537.36 http://localhost:1725/WebForm1.aspx 404 0 2 0
#Software: Microsoft Internet Information Services 8.0
#Version: 1.0
#Date: 2019-10-03 12:12:26
#Fields: date time s-ip cs-method cs-uri-stem cs-uri-query s-port cs-username c-ip cs(User-Agent) cs(Referer) sc-status sc-substatus sc-win32-status time-taken
2019-10-03 12:12:26 ::1 GET / - 1725 - ::1 Mozilla/5.0+(Windows+NT+10.0;+Win64;+x64)+AppleWebKit/537.36+(KHTML,+like+Gecko)+Chrome/77.0.3865.90+Safari/537.36 - 403 14 0 1042
#Software: Microsoft Internet Information Services 8.0
#Version: 1.0
#Date: 2019-10-03 12:12:46
#Fields: date time s-ip cs-method cs-uri-stem cs-uri-query s-port cs-username c-ip cs(User-Agent) cs(Referer) sc-status sc-substatus sc-win32-status time-taken
2019-10-03 12:12:46 ::1 GET /WebForm1.aspx - 1725 - ::1 Mozilla/5.0+(Windows+NT+10.0;+Win64;+x64)+AppleWebKit/537.36+(KHTML,+like+Gecko)+Chrome/77.0.3865.90+Safari/537.36 - 200 0 0 1656
2019-10-03 12:12:46 ::1 GET /favicon.ico - 1725 - ::1 Mozilla/5.0+(Windows+NT+10.0;+Win64;+x64)+AppleWebKit/537.36+(KHTML,+like+Gecko)+Chrome/77.0.3865.90+Safari/537.36 http://localhost:1725/WebForm1.aspx 404 0 2 4
2019-10-03 12:13:06 ::1 POST /WebForm1.aspx - 1725 - ::1 Mozilla/5.0+(Windows+NT+10.0;+Win64;+x64)+AppleWebKit/537.36+(KHTML,+like+Gecko)+Chrome/77.0.3865.90+Safari/537.36 http://localhost:1725/WebForm1.aspx 200 0 0 54
2019-10-03 12:13:40 ::1 POST /WebForm1.aspx - 1725 - ::1 Mozilla/5.0+(Windows+NT+10.0;+Win64;+x64)+AppleWebKit/537.36+(KHTML,+like+Gecko)+Chrome/77.0.3865.90+Safari/537.36 http://localhost:1725/WebForm1.aspx 200 0 0 49
#Software: Microsoft Internet Information Services 8.0
#Version: 1.0
#Date: 2019-10-03 13:00:10
#Fields: date time s-ip cs-method cs-uri-stem cs-uri-query s-port cs-username c-ip cs(User-Agent) cs(Referer) sc-status sc-substatus sc-win32-status time-taken
2019-10-03 13:00:10 ::1 GET /WebForm1.aspx - 1725 - ::1 Mozilla/5.0+(Windows+NT+10.0;+Win64;+x64)+AppleWebKit/537.36+(KHTML,+like+Gecko)+Chrome/77.0.3865.90+Safari/537.36 - 500 0 0 2001
#Software: Microsoft Internet Information Services 8.0
#Version: 1.0
#Date: 2019-10-03 13:00:27
#Fields: date time s-ip cs-method cs-uri-stem cs-uri-query s-port cs-username c-ip cs(User-Agent) cs(Referer) sc-status sc-substatus sc-win32-status time-taken
2019-10-03 13:00:27 ::1 GET /WebForm1.aspx - 1725 - ::1 Mozilla/5.0+(Windows+NT+10.0;+Win64;+x64)+AppleWebKit/537.36+(KHTML,+like+Gecko)+Chrome/77.0.3865.90+Safari/537.36 - 500 0 0 2145
2019-10-03 13:00:27 ::1 GET /favicon.ico - 1725 - ::1 Mozilla/5.0+(Windows+NT+10.0;+Win64;+x64)+AppleWebKit/537.36+(KHTML,+like+Gecko)+Chrome/77.0.3865.90+Safari/537.36 http://localhost:1725/WebForm1.aspx 404 0 2 3
#Software: Microsoft Internet Information Services 8.0
#Version: 1.0
#Date: 2019-10-03 13:00:52
#Fields: date time s-ip cs-method cs-uri-stem cs-uri-query s-port cs-username c-ip cs(User-Agent) cs(Referer) sc-status sc-substatus sc-win32-status time-taken
2019-10-03 13:00:52 ::1 GET / - 1725 - ::1 Mozilla/5.0+(Windows+NT+10.0;+Win64;+x64)+AppleWebKit/537.36+(KHTML,+like+Gecko)+Chrome/77.0.3865.90+Safari/537.36 - 403 14 0 1101
2019-10-03 13:00:52 ::1 GET /favicon.ico - 1725 - ::1 Mozilla/5.0+(Windows+NT+10.0;+Win64;+x64)+AppleWebKit/537.36+(KHTML,+like+Gecko)+Chrome/77.0.3865.90+Safari/537.36 http://localhost:1725/ 404 0 2 0
#Software: Microsoft Internet Information Services 8.0
#Version: 1.0
#Date: 2019-10-03 13:01:45
#Fields: date time s-ip cs-method cs-uri-stem cs-uri-query s-port cs-username c-ip cs(User-Agent) cs(Referer) sc-status sc-substatus sc-win32-status time-taken
2019-10-03 13:01:45 ::1 GET / - 1725 - ::1 Mozilla/5.0+(Windows+NT+10.0;+Win64;+x64)+AppleWebKit/537.36+(KHTML,+like+Gecko)+Chrome/77.0.3865.90+Safari/537.36 - 403 14 0 1676
2019-10-03 13:01:45 ::1 GET /favicon.ico - 1725 - ::1 Mozilla/5.0+(Windows+NT+10.0;+Win64;+x64)+AppleWebKit/537.36+(KHTML,+like+Gecko)+Chrome/77.0.3865.90+Safari/537.36 http://localhost:1725/ 404 0 2 2
#Software: Microsoft Internet Information Services 8.0
#Version: 1.0
#Date: 2019-10-03 13:02:41
#Fields: date time s-ip cs-method cs-uri-stem cs-uri-query s-port cs-username c-ip cs(User-Agent) cs(Referer) sc-status sc-substatus sc-win32-status time-taken
2019-10-03 13:02:41 ::1 GET / - 1725 - ::1 Mozilla/5.0+(Windows+NT+10.0;+Win64;+x64)+AppleWebKit/537.36+(KHTML,+like+Gecko)+Chrome/77.0.3865.90+Safari/537.36 - 403 14 0 1517
2019-10-03 13:02:41 ::1 GET /favicon.ico - 1725 - ::1 Mozilla/5.0+(Windows+NT+10.0;+Win64;+x64)+AppleWebKit/537.36+(KHTML,+like+Gecko)+Chrome/77.0.3865.90+Safari/537.36 http://localhost:1725/ 404 0 2 11
#Software: Microsoft Internet Information Services 8.0
#Version: 1.0
#Date: 2019-10-03 13:02:54
#Fields: date time s-ip cs-method cs-uri-stem cs-uri-query s-port cs-username c-ip cs(User-Agent) cs(Referer) sc-status sc-substatus sc-win32-status time-taken
2019-10-03 13:02:54 ::1 GET / - 1725 - ::1 Mozilla/5.0+(Windows+NT+10.0;+Win64;+x64)+AppleWebKit/537.36+(KHTML,+like+Gecko)+Chrome/77.0.3865.90+Safari/537.36 - 403 14 0 937
2019-10-03 13:02:54 ::1 GET /favicon.ico - 1725 - ::1 Mozilla/5.0+(Windows+NT+10.0;+Win64;+x64)+AppleWebKit/537.36+(KHTML,+like+Gecko)+Chrome/77.0.3865.90+Safari/537.36 http://localhost:1725/ 404 0 2 10
#Software: Microsoft Internet Information Services 8.0
#Version: 1.0
#Date: 2019-10-03 13:03:14
#Fields: date time s-ip cs-method cs-uri-stem cs-uri-query s-port cs-username c-ip cs(User-Agent) cs(Referer) sc-status sc-substatus sc-win32-status time-taken
2019-10-03 13:03:14 ::1 GET / - 1725 - ::1 Mozilla/5.0+(Windows+NT+10.0;+Win64;+x64)+AppleWebKit/537.36+(KHTML,+like+Gecko)+Chrome/77.0.3865.90+Safari/537.36 - 403 14 0 1213
2019-10-03 13:03:14 ::1 GET /favicon.ico - 1725 - ::1 Mozilla/5.0+(Windows+NT+10.0;+Win64;+x64)+AppleWebKit/537.36+(KHTML,+like+Gecko)+Chrome/77.0.3865.90+Safari/537.36 http://localhost:1725/ 404 0 2 3
#Software: Microsoft Internet Information Services 8.0
#Version: 1.0
#Date: 2019-10-03 13:03:57
#Fields: date time s-ip cs-method cs-uri-stem cs-uri-query s-port cs-username c-ip cs(User-Agent) cs(Referer) sc-status sc-substatus sc-win32-status time-taken
2019-10-03 13:03:57 ::1 GET /WebForm1.aspx - 1725 - ::1 Mozilla/5.0+(Windows+NT+10.0;+Win64;+x64)+AppleWebKit/537.36+(KHTML,+like+Gecko)+Chrome/77.0.3865.90+Safari/537.36 - 500 0 0 2345
2019-10-03 13:03:57 ::1 GET /favicon.ico - 1725 - ::1 Mozilla/5.0+(Windows+NT+10.0;+Win64;+x64)+AppleWebKit/537.36+(KHTML,+like+Gecko)+Chrome/77.0.3865.90+Safari/537.36 http://localhost:1725/WebForm1.aspx 404 0 2 7
#Software: Microsoft Internet Information Services 8.0
#Version: 1.0
#Date: 2019-10-03 13:09:53
#Fields: date time s-ip cs-method cs-uri-stem cs-uri-query s-port cs-username c-ip cs(User-Agent) cs(Referer) sc-status sc-substatus sc-win32-status time-taken
2019-10-03 13:09:53 ::1 GET /WebForm1.aspx - 1725 - ::1 Mozilla/5.0+(Windows+NT+10.0;+Win64;+x64)+AppleWebKit/537.36+(KHTML,+like+Gecko)+Chrome/77.0.3865.90+Safari/537.36 - 200 0 0 2318
2019-10-03 13:09:53 ::1 GET /favicon.ico - 1725 - ::1 Mozilla/5.0+(Windows+NT+10.0;+Win64;+x64)+AppleWebKit/537.36+(KHTML,+like+Gecko)+Chrome/77.0.3865.90+Safari/537.36 http://localhost:1725/WebForm1.aspx 404 0 2 3
2019-10-03 13:10:07 ::1 POST /WebForm1.aspx - 1725 - ::1 Mozilla/5.0+(Windows+NT+10.0;+Win64;+x64)+AppleWebKit/537.36+(KHTML,+like+Gecko)+Chrome/77.0.3865.90+Safari/537.36 http://localhost:1725/WebForm1.aspx 200 0 0 52
2019-10-03 13:10:08 ::1 POST /WebForm1.aspx - 1725 - ::1 Mozilla/5.0+(Windows+NT+10.0;+Win64;+x64)+AppleWebKit/537.36+(KHTML,+like+Gecko)+Chrome/77.0.3865.90+Safari/537.36 http://localhost:1725/WebForm1.aspx 200 0 0 55
2019-10-03 13:10:08 ::1 POST /WebForm1.aspx - 1725 - ::1 Mozilla/5.0+(Windows+NT+10.0;+Win64;+x64)+AppleWebKit/537.36+(KHTML,+like+Gecko)+Chrome/77.0.3865.90+Safari/537.36 http://localhost:1725/WebForm1.aspx 200 0 0 49
2019-10-03 13:10:08 ::1 POST /WebForm1.aspx - 1725 - ::1 Mozilla/5.0+(Windows+NT+10.0;+Win64;+x64)+AppleWebKit/537.36+(KHTML,+like+Gecko)+Chrome/77.0.3865.90+Safari/537.36 http://localhost:1725/WebForm1.aspx 200 0 0 49
2019-10-03 13:10:09 ::1 POST /WebForm1.aspx - 1725 - ::1 Mozilla/5.0+(Windows+NT+10.0;+Win64;+x64)+AppleWebKit/537.36+(KHTML,+like+Gecko)+Chrome/77.0.3865.90+Safari/537.36 http://localhost:1725/WebForm1.aspx 200 0 0 51
2019-10-03 13:10:09 ::1 POST /WebForm1.aspx - 1725 - ::1 Mozilla/5.0+(Windows+NT+10.0;+Win64;+x64)+AppleWebKit/537.36+(KHTML,+like+Gecko)+Chrome/77.0.3865.90+Safari/537.36 http://localhost:1725/WebForm1.aspx 200 0 0 53
#Software: Microsoft Internet Information Services 8.0
#Version: 1.0
#Date: 2019-10-03 13:13:37
#Fields: date time s-ip cs-method cs-uri-stem cs-uri-query s-port cs-username c-ip cs(User-Agent) cs(Referer) sc-status sc-substatus sc-win32-status time-taken
2019-10-03 13:13:37 ::1 GET /WebForm1.aspx - 1725 - ::1 Mozilla/5.0+(Windows+NT+10.0;+Win64;+x64)+AppleWebKit/537.36+(KHTML,+like+Gecko)+Chrome/77.0.3865.90+Safari/537.36 - 200 0 0 928
2019-10-03 13:13:52 ::1 POST /WebForm1.aspx - 1725 - ::1 Mozilla/5.0+(Windows+NT+10.0;+Win64;+x64)+AppleWebKit/537.36+(KHTML,+like+Gecko)+Chrome/77.0.3865.90+Safari/537.36 http://localhost:1725/WebForm1.aspx 200 0 0 48
2019-10-03 13:13:52 ::1 POST /WebForm1.aspx - 1725 - ::1 Mozilla/5.0+(Windows+NT+10.0;+Win64;+x64)+AppleWebKit/537.36+(KHTML,+like+Gecko)+Chrome/77.0.3865.90+Safari/537.36 http://localhost:1725/WebForm1.aspx 200 0 0 49
2019-10-03 13:13:52 ::1 POST /WebForm1.aspx - 1725 - ::1 Mozilla/5.0+(Windows+NT+10.0;+Win64;+x64)+AppleWebKit/537.36+(KHTML,+like+Gecko)+Chrome/77.0.3865.90+Safari/537.36 http://localhost:1725/WebForm1.aspx 200 0 0 40
2019-10-03 13:13:52 ::1 POST /WebForm1.aspx - 1725 - ::1 Mozilla/5.0+(Windows+NT+10.0;+Win64;+x64)+AppleWebKit/537.36+(KHTML,+like+Gecko)+Chrome/77.0.3865.90+Safari/537.36 http://localhost:1725/WebForm1.aspx 200 0 0 44
2019-10-03 13:13:52 ::1 POST /WebForm1.aspx - 1725 - ::1 Mozilla/5.0+(Windows+NT+10.0;+Win64;+x64)+AppleWebKit/537.36+(KHTML,+like+Gecko)+Chrome/77.0.3865.90+Safari/537.36 http://localhost:1725/WebForm1.aspx 200 0 0 38
2019-10-03 13:13:53 ::1 POST /WebForm1.aspx - 1725 - ::1 Mozilla/5.0+(Windows+NT+10.0;+Win64;+x64)+AppleWebKit/537.36+(KHTML,+like+Gecko)+Chrome/77.0.3865.90+Safari/537.36 http://localhost:1725/WebForm1.aspx 200 0 0 64
2019-10-03 13:13:53 ::1 POST /WebForm1.aspx - 1725 - ::1 Mozilla/5.0+(Windows+NT+10.0;+Win64;+x64)+AppleWebKit/537.36+(KHTML,+like+Gecko)+Chrome/77.0.3865.90+Safari/537.36 http://localhost:1725/WebForm1.aspx 200 0 0 40
2019-10-03 13:13:53 ::1 POST /WebForm1.aspx - 1725 - ::1 Mozilla/5.0+(Windows+NT+10.0;+Win64;+x64)+AppleWebKit/537.36+(KHTML,+like+Gecko)+Chrome/77.0.3865.90+Safari/537.36 http://localhost:1725/WebForm1.aspx 200 0 0 38
2019-10-03 13:13:54 ::1 POST /WebForm1.aspx - 1725 - ::1 Mozilla/5.0+(Windows+NT+10.0;+Win64;+x64)+AppleWebKit/537.36+(KHTML,+like+Gecko)+Chrome/77.0.3865.90+Safari/537.36 http://localhost:1725/WebForm1.aspx 200 0 0 47
2019-10-03 13:13:56 ::1 POST /WebForm1.aspx - 1725 - ::1 Mozilla/5.0+(Windows+NT+10.0;+Win64;+x64)+AppleWebKit/537.36+(KHTML,+like+Gecko)+Chrome/77.0.3865.90+Safari/537.36 http://localhost:1725/WebForm1.aspx 200 0 0 44
2019-10-03 13:13:56 ::1 POST /WebForm1.aspx - 1725 - ::1 Mozilla/5.0+(Windows+NT+10.0;+Win64;+x64)+AppleWebKit/537.36+(KHTML,+like+Gecko)+Chrome/77.0.3865.90+Safari/537.36 http://localhost:1725/WebForm1.aspx 200 0 0 43
#Software: Microsoft Internet Information Services 8.0
#Version: 1.0
#Date: 2019-10-03 13:14:39
#Fields: date time s-ip cs-method cs-uri-stem cs-uri-query s-port cs-username c-ip cs(User-Agent) cs(Referer) sc-status sc-substatus sc-win32-status time-taken
2019-10-03 13:14:39 ::1 GET /WebForm1.aspx - 1725 - ::1 Mozilla/5.0+(Windows+NT+10.0;+Win64;+x64)+AppleWebKit/537.36+(KHTML,+like+Gecko)+Chrome/77.0.3865.90+Safari/537.36 - 200 0 0 754
2019-10-03 13:14:57 ::1 POST /WebForm1.aspx - 1725 - ::1 Mozilla/5.0+(Windows+NT+10.0;+Win64;+x64)+AppleWebKit/537.36+(KHTML,+like+Gecko)+Chrome/77.0.3865.90+Safari/537.36 http://localhost:1725/WebForm1.aspx 200 0 0 48
2019-10-03 13:14:57 ::1 POST /WebForm1.aspx - 1725 - ::1 Mozilla/5.0+(Windows+NT+10.0;+Win64;+x64)+AppleWebKit/537.36+(KHTML,+like+Gecko)+Chrome/77.0.3865.90+Safari/537.36 http://localhost:1725/WebForm1.aspx 200 0 0 198
#Software: Microsoft Internet Information Services 8.0
#Version: 1.0
#Date: 2019-10-03 13:32:44
#Fields: date time s-ip cs-method cs-uri-stem cs-uri-query s-port cs-username c-ip cs(User-Agent) cs(Referer) sc-status sc-substatus sc-win32-status time-taken
2019-10-03 13:32:44 ::1 GET /WebForm1.aspx - 1725 - ::1 Mozilla/5.0+(Windows+NT+10.0;+Win64;+x64)+AppleWebKit/537.36+(KHTML,+like+Gecko)+Chrome/77.0.3865.90+Safari/537.36 - 200 0 0 1502
2019-10-03 13:32:56 ::1 POST /WebForm1.aspx - 1725 - ::1 Mozilla/5.0+(Windows+NT+10.0;+Win64;+x64)+AppleWebKit/537.36+(KHTML,+like+Gecko)+Chrome/77.0.3865.90+Safari/537.36 http://localhost:1725/WebForm1.aspx 200 0 0 56
2019-10-03 13:32:56 ::1 POST /WebForm1.aspx - 1725 - ::1 Mozilla/5.0+(Windows+NT+10.0;+Win64;+x64)+AppleWebKit/537.36+(KHTML,+like+Gecko)+Chrome/77.0.3865.90+Safari/537.36 http://localhost:1725/WebForm1.aspx 200 0 0 47
2019-10-03 13:32:56 ::1 POST /WebForm1.aspx - 1725 - ::1 Mozilla/5.0+(Windows+NT+10.0;+Win64;+x64)+AppleWebKit/537.36+(KHTML,+like+Gecko)+Chrome/77.0.3865.90+Safari/537.36 http://localhost:1725/WebForm1.aspx 200 0 0 70
2019-10-03 13:32:56 ::1 POST /WebForm1.aspx - 1725 - ::1 Mozilla/5.0+(Windows+NT+10.0;+Win64;+x64)+AppleWebKit/537.36+(KHTML,+like+Gecko)+Chrome/77.0.3865.90+Safari/537.36 http://localhost:1725/WebForm1.aspx 200 0 0 48
2019-10-03 13:32:57 ::1 POST /WebForm1.aspx - 1725 - ::1 Mozilla/5.0+(Windows+NT+10.0;+Win64;+x64)+AppleWebKit/537.36+(KHTML,+like+Gecko)+Chrome/77.0.3865.90+Safari/537.36 http://localhost:1725/WebForm1.aspx 200 0 0 48
2019-10-03 13:32:57 ::1 POST /WebForm1.aspx - 1725 - ::1 Mozilla/5.0+(Windows+NT+10.0;+Win64;+x64)+AppleWebKit/537.36+(KHTML,+like+Gecko)+Chrome/77.0.3865.90+Safari/537.36 http://localhost:1725/WebForm1.aspx 200 0 0 52
